0.377
1.188
0.592
2.114
0.966
1.000
1.252
1.114
0.746
0.384
1.150
1.416
0.674
0.603
1.013
0.769
1.117
1.205
4.398
1.480
0.697
0.697
0.808
0.744
0.744
0.849
0.849
1.000
1.000
1.000
1.000
3.595
3.595
3.595
0.820
1.155
1.155
1.155
1.155
0.629
0.736
0.736
1.076
0.608
2.025
0.636
0.794
1.351
0.745
1.083
0.860
1.130
0.593
1.151
0.767
0.790
0.950
0.786
1.190
0.843
3.251
0.597
0.819
0.832
1.022
0.314
0.314
0.314
0.465
0.522
0.727
0.848
1.000
0.712
4.229
1.085
0.419
2.741
1.235
1.000
1.000
1.177
1.027
1.148
0.638
0.469
2.118
0.880
