/home/user/thesis/scripts/BlastOut_datasetTMB/BlastOut_datasetTMB_swissprot/top10BlastSplit/fasta/muscle/BlastOut_datasetTMB_swissprot_A1JUB7.csv.fasta.aln
/home/user/thesis/scripts/BlastOut_datasetTMB/BlastOut_datasetTMB_swissprot/top10BlastSplit/fasta/muscle/BlastOut_datasetTMB_swissprot_A5F934.csv.fasta.aln
/home/user/thesis/scripts/BlastOut_datasetTMB/BlastOut_datasetTMB_swissprot/top10BlastSplit/fasta/muscle/BlastOut_datasetTMB_swissprot_E3PJ86.csv.fasta.aln
/home/user/thesis/scripts/BlastOut_datasetTMB/BlastOut_datasetTMB_swissprot/top10BlastSplit/fasta/muscle/BlastOut_datasetTMB_swissprot_E6MXW0.csv.fasta.aln
/home/user/thesis/scripts/BlastOut_datasetTMB/BlastOut_datasetTMB_swissprot/top10BlastSplit/fasta/muscle/BlastOut_datasetTMB_swissprot_O18423.csv.fasta.aln
/home/user/thesis/scripts/BlastOut_datasetTMB/BlastOut_datasetTMB_swissprot/top10BlastSplit/fasta/muscle/BlastOut_datasetTMB_swissprot_O33407.csv.fasta.aln
/home/user/thesis/scripts/BlastOut_datasetTMB/BlastOut_datasetTMB_swissprot/top10BlastSplit/fasta/muscle/BlastOut_datasetTMB_swissprot_O88093.csv.fasta.aln
/home/user/thesis/scripts/BlastOut_datasetTMB/BlastOut_datasetTMB_swissprot/top10BlastSplit/fasta/muscle/BlastOut_datasetTMB_swissprot_P00646.csv.fasta.aln
/home/user/thesis/scripts/BlastOut_datasetTMB/BlastOut_datasetTMB_swissprot/top10BlastSplit/fasta/muscle/BlastOut_datasetTMB_swissprot_P00747.csv.fasta.aln
/home/user/thesis/scripts/BlastOut_datasetTMB/BlastOut_datasetTMB_swissprot/top10BlastSplit/fasta/muscle/BlastOut_datasetTMB_swissprot_P01031.csv.fasta.aln
/home/user/thesis/scripts/BlastOut_datasetTMB/BlastOut_datasetTMB_swissprot/top10BlastSplit/fasta/muscle/BlastOut_datasetTMB_swissprot_P02748.csv.fasta.aln
/home/user/thesis/scripts/BlastOut_datasetTMB/BlastOut_datasetTMB_swissprot/top10BlastSplit/fasta/muscle/BlastOut_datasetTMB_swissprot_P02787.csv.fasta.aln
/home/user/thesis/scripts/BlastOut_datasetTMB/BlastOut_datasetTMB_swissprot/top10BlastSplit/fasta/muscle/BlastOut_datasetTMB_swissprot_P02929.csv.fasta.aln
/home/user/thesis/scripts/BlastOut_datasetTMB/BlastOut_datasetTMB_swissprot/top10BlastSplit/fasta/muscle/BlastOut_datasetTMB_swissprot_P02930.csv.fasta.aln
/home/user/thesis/scripts/BlastOut_datasetTMB/BlastOut_datasetTMB_swissprot/top10BlastSplit/fasta/muscle/BlastOut_datasetTMB_swissprot_P02931.csv.fasta.aln
/home/user/thesis/scripts/BlastOut_datasetTMB/BlastOut_datasetTMB_swissprot/top10BlastSplit/fasta/muscle/BlastOut_datasetTMB_swissprot_P02932.csv.fasta.aln
/home/user/thesis/scripts/BlastOut_datasetTMB/BlastOut_datasetTMB_swissprot/top10BlastSplit/fasta/muscle/BlastOut_datasetTMB_swissprot_P02943.csv.fasta.aln
/home/user/thesis/scripts/BlastOut_datasetTMB/BlastOut_datasetTMB_swissprot/top10BlastSplit/fasta/muscle/BlastOut_datasetTMB_swissprot_P04419.csv.fasta.aln
/home/user/thesis/scripts/BlastOut_datasetTMB/BlastOut_datasetTMB_swissprot/top10BlastSplit/fasta/muscle/BlastOut_datasetTMB_swissprot_P05430.csv.fasta.aln
/home/user/thesis/scripts/BlastOut_datasetTMB/BlastOut_datasetTMB_swissprot/top10BlastSplit/fasta/muscle/BlastOut_datasetTMB_swissprot_P05825.csv.fasta.aln
/home/user/thesis/scripts/BlastOut_datasetTMB/BlastOut_datasetTMB_swissprot/top10BlastSplit/fasta/muscle/BlastOut_datasetTMB_swissprot_P06129.csv.fasta.aln
/home/user/thesis/scripts/BlastOut_datasetTMB/BlastOut_datasetTMB_swissprot/top10BlastSplit/fasta/muscle/BlastOut_datasetTMB_swissprot_P06716.csv.fasta.aln
/home/user/thesis/scripts/BlastOut_datasetTMB/BlastOut_datasetTMB_swissprot/top10BlastSplit/fasta/muscle/BlastOut_datasetTMB_swissprot_P06970.csv.fasta.aln
/home/user/thesis/scripts/BlastOut_datasetTMB/BlastOut_datasetTMB_swissprot/top10BlastSplit/fasta/muscle/BlastOut_datasetTMB_swissprot_P06971.csv.fasta.aln
/home/user/thesis/scripts/BlastOut_datasetTMB/BlastOut_datasetTMB_swissprot/top10BlastSplit/fasta/muscle/BlastOut_datasetTMB_swissprot_P06996.csv.fasta.aln
/home/user/thesis/scripts/BlastOut_datasetTMB/BlastOut_datasetTMB_swissprot/top10BlastSplit/fasta/muscle/BlastOut_datasetTMB_swissprot_P07110.csv.fasta.aln
/home/user/thesis/scripts/BlastOut_datasetTMB/BlastOut_datasetTMB_swissprot/top10BlastSplit/fasta/muscle/BlastOut_datasetTMB_swissprot_P07357.csv.fasta.aln
/home/user/thesis/scripts/BlastOut_datasetTMB/BlastOut_datasetTMB_swissprot/top10BlastSplit/fasta/muscle/BlastOut_datasetTMB_swissprot_P07358.csv.fasta.aln
/home/user/thesis/scripts/BlastOut_datasetTMB/BlastOut_datasetTMB_swissprot/top10BlastSplit/fasta/muscle/BlastOut_datasetTMB_swissprot_P07360.csv.fasta.aln
/home/user/thesis/scripts/BlastOut_datasetTMB/BlastOut_datasetTMB_swissprot/top10BlastSplit/fasta/muscle/BlastOut_datasetTMB_swissprot_P08189.csv.fasta.aln
/home/user/thesis/scripts/BlastOut_datasetTMB/BlastOut_datasetTMB_swissprot/top10BlastSplit/fasta/muscle/BlastOut_datasetTMB_swissprot_P08190.csv.fasta.aln
/home/user/thesis/scripts/BlastOut_datasetTMB/BlastOut_datasetTMB_swissprot/top10BlastSplit/fasta/muscle/BlastOut_datasetTMB_swissprot_P09167.csv.fasta.aln
/home/user/thesis/scripts/BlastOut_datasetTMB/BlastOut_datasetTMB_swissprot/top10BlastSplit/fasta/muscle/BlastOut_datasetTMB_swissprot_P09169.csv.fasta.aln
/home/user/thesis/scripts/BlastOut_datasetTMB/BlastOut_datasetTMB_swissprot/top10BlastSplit/fasta/muscle/BlastOut_datasetTMB_swissprot_P09616.csv.fasta.aln
/home/user/thesis/scripts/BlastOut_datasetTMB/BlastOut_datasetTMB_swissprot/top10BlastSplit/fasta/muscle/BlastOut_datasetTMB_swissprot_P09883.csv.fasta.aln
/home/user/thesis/scripts/BlastOut_datasetTMB/BlastOut_datasetTMB_swissprot/top10BlastSplit/fasta/muscle/BlastOut_datasetTMB_swissprot_P0A071.csv.fasta.aln
/home/user/thesis/scripts/BlastOut_datasetTMB/BlastOut_datasetTMB_swissprot/top10BlastSplit/fasta/muscle/BlastOut_datasetTMB_swissprot_P0A074.csv.fasta.aln
/home/user/thesis/scripts/BlastOut_datasetTMB/BlastOut_datasetTMB_swissprot/top10BlastSplit/fasta/muscle/BlastOut_datasetTMB_swissprot_P0A077.csv.fasta.aln
/home/user/thesis/scripts/BlastOut_datasetTMB/BlastOut_datasetTMB_swissprot/top10BlastSplit/fasta/muscle/BlastOut_datasetTMB_swissprot_P0A263.csv.fasta.aln
/home/user/thesis/scripts/BlastOut_datasetTMB/BlastOut_datasetTMB_swissprot/top10BlastSplit/fasta/muscle/BlastOut_datasetTMB_swissprot_P0A264.csv.fasta.aln
/home/user/thesis/scripts/BlastOut_datasetTMB/BlastOut_datasetTMB_swissprot/top10BlastSplit/fasta/muscle/BlastOut_datasetTMB_swissprot_P0A903.csv.fasta.aln
/home/user/thesis/scripts/BlastOut_datasetTMB/BlastOut_datasetTMB_swissprot/top10BlastSplit/fasta/muscle/BlastOut_datasetTMB_swissprot_P0A910.csv.fasta.aln
/home/user/thesis/scripts/BlastOut_datasetTMB/BlastOut_datasetTMB_swissprot/top10BlastSplit/fasta/muscle/BlastOut_datasetTMB_swissprot_P0A911.csv.fasta.aln
/home/user/thesis/scripts/BlastOut_datasetTMB/BlastOut_datasetTMB_swissprot/top10BlastSplit/fasta/muscle/BlastOut_datasetTMB_swissprot_P0A915.csv.fasta.aln
/home/user/thesis/scripts/BlastOut_datasetTMB/BlastOut_datasetTMB_swissprot/top10BlastSplit/fasta/muscle/BlastOut_datasetTMB_swissprot_P0A916.csv.fasta.aln
/home/user/thesis/scripts/BlastOut_datasetTMB/BlastOut_datasetTMB_swissprot/top10BlastSplit/fasta/muscle/BlastOut_datasetTMB_swissprot_P0A917.csv.fasta.aln
/home/user/thesis/scripts/BlastOut_datasetTMB/BlastOut_datasetTMB_swissprot/top10BlastSplit/fasta/muscle/BlastOut_datasetTMB_swissprot_P0A918.csv.fasta.aln
/home/user/thesis/scripts/BlastOut_datasetTMB/BlastOut_datasetTMB_swissprot/top10BlastSplit/fasta/muscle/BlastOut_datasetTMB_swissprot_P0A919.csv.fasta.aln
/home/user/thesis/scripts/BlastOut_datasetTMB/BlastOut_datasetTMB_swissprot/top10BlastSplit/fasta/muscle/BlastOut_datasetTMB_swissprot_P0A920.csv.fasta.aln
/home/user/thesis/scripts/BlastOut_datasetTMB/BlastOut_datasetTMB_swissprot/top10BlastSplit/fasta/muscle/BlastOut_datasetTMB_swissprot_P0A927.csv.fasta.aln
/home/user/thesis/scripts/BlastOut_datasetTMB/BlastOut_datasetTMB_swissprot/top10BlastSplit/fasta/muscle/BlastOut_datasetTMB_swissprot_P0A928.csv.fasta.aln
/home/user/thesis/scripts/BlastOut_datasetTMB/BlastOut_datasetTMB_swissprot/top10BlastSplit/fasta/muscle/BlastOut_datasetTMB_swissprot_P0A929.csv.fasta.aln
/home/user/thesis/scripts/BlastOut_datasetTMB/BlastOut_datasetTMB_swissprot/top10BlastSplit/fasta/muscle/BlastOut_datasetTMB_swissprot_P0A937.csv.fasta.aln
/home/user/thesis/scripts/BlastOut_datasetTMB/BlastOut_datasetTMB_swissprot/top10BlastSplit/fasta/muscle/BlastOut_datasetTMB_swissprot_P0A940.csv.fasta.aln
/home/user/thesis/scripts/BlastOut_datasetTMB/BlastOut_datasetTMB_swissprot/top10BlastSplit/fasta/muscle/BlastOut_datasetTMB_swissprot_P0A941.csv.fasta.aln
/home/user/thesis/scripts/BlastOut_datasetTMB/BlastOut_datasetTMB_swissprot/top10BlastSplit/fasta/muscle/BlastOut_datasetTMB_swissprot_P0A942.csv.fasta.aln
/home/user/thesis/scripts/BlastOut_datasetTMB/BlastOut_datasetTMB_swissprot/top10BlastSplit/fasta/muscle/BlastOut_datasetTMB_swissprot_P0A943.csv.fasta.aln
/home/user/thesis/scripts/BlastOut_datasetTMB/BlastOut_datasetTMB_swissprot/top10BlastSplit/fasta/muscle/BlastOut_datasetTMB_swissprot_P0AC02.csv.fasta.aln
/home/user/thesis/scripts/BlastOut_datasetTMB/BlastOut_datasetTMB_swissprot/top10BlastSplit/fasta/muscle/BlastOut_datasetTMB_swissprot_P0ADC1.csv.fasta.aln
/home/user/thesis/scripts/BlastOut_datasetTMB/BlastOut_datasetTMB_swissprot/top10BlastSplit/fasta/muscle/BlastOut_datasetTMB_swissprot_P0ADE4.csv.fasta.aln
/home/user/thesis/scripts/BlastOut_datasetTMB/BlastOut_datasetTMB_swissprot/top10BlastSplit/fasta/muscle/BlastOut_datasetTMB_swissprot_P0ADE5.csv.fasta.aln
/home/user/thesis/scripts/BlastOut_datasetTMB/BlastOut_datasetTMB_swissprot/top10BlastSplit/fasta/muscle/BlastOut_datasetTMB_swissprot_P0AEA2.csv.fasta.aln
/home/user/thesis/scripts/BlastOut_datasetTMB/BlastOut_datasetTMB_swissprot/top10BlastSplit/fasta/muscle/BlastOut_datasetTMB_swissprot_P0C2W0.csv.fasta.aln
/home/user/thesis/scripts/BlastOut_datasetTMB/BlastOut_datasetTMB_swissprot/top10BlastSplit/fasta/muscle/BlastOut_datasetTMB_swissprot_P0C6Q6.csv.fasta.aln
/home/user/thesis/scripts/BlastOut_datasetTMB/BlastOut_datasetTMB_swissprot/top10BlastSplit/fasta/muscle/BlastOut_datasetTMB_swissprot_P0DH58.csv.fasta.aln
/home/user/thesis/scripts/BlastOut_datasetTMB/BlastOut_datasetTMB_swissprot/top10BlastSplit/fasta/muscle/BlastOut_datasetTMB_swissprot_P10384.csv.fasta.aln
/home/user/thesis/scripts/BlastOut_datasetTMB/BlastOut_datasetTMB_swissprot/top10BlastSplit/fasta/muscle/BlastOut_datasetTMB_swissprot_P10643.csv.fasta.aln
/home/user/thesis/scripts/BlastOut_datasetTMB/BlastOut_datasetTMB_swissprot/top10BlastSplit/fasta/muscle/BlastOut_datasetTMB_swissprot_P11922.csv.fasta.aln
/home/user/thesis/scripts/BlastOut_datasetTMB/BlastOut_datasetTMB_swissprot/top10BlastSplit/fasta/muscle/BlastOut_datasetTMB_swissprot_P12643.csv.fasta.aln
/home/user/thesis/scripts/BlastOut_datasetTMB/BlastOut_datasetTMB_swissprot/top10BlastSplit/fasta/muscle/BlastOut_datasetTMB_swissprot_P13036.csv.fasta.aln
/home/user/thesis/scripts/BlastOut_datasetTMB/BlastOut_datasetTMB_swissprot/top10BlastSplit/fasta/muscle/BlastOut_datasetTMB_swissprot_P13423.csv.fasta.aln
/home/user/thesis/scripts/BlastOut_datasetTMB/BlastOut_datasetTMB_swissprot/top10BlastSplit/fasta/muscle/BlastOut_datasetTMB_swissprot_P13671.csv.fasta.aln
/home/user/thesis/scripts/BlastOut_datasetTMB/BlastOut_datasetTMB_swissprot/top10BlastSplit/fasta/muscle/BlastOut_datasetTMB_swissprot_P13794.csv.fasta.aln
/home/user/thesis/scripts/BlastOut_datasetTMB/BlastOut_datasetTMB_swissprot/top10BlastSplit/fasta/muscle/BlastOut_datasetTMB_swissprot_P15319.csv.fasta.aln
/home/user/thesis/scripts/BlastOut_datasetTMB/BlastOut_datasetTMB_swissprot/top10BlastSplit/fasta/muscle/BlastOut_datasetTMB_swissprot_P16869.csv.fasta.aln
/home/user/thesis/scripts/BlastOut_datasetTMB/BlastOut_datasetTMB_swissprot/top10BlastSplit/fasta/muscle/BlastOut_datasetTMB_swissprot_P17315.csv.fasta.aln
/home/user/thesis/scripts/BlastOut_datasetTMB/BlastOut_datasetTMB_swissprot/top10BlastSplit/fasta/muscle/BlastOut_datasetTMB_swissprot_P18195.csv.fasta.aln
/home/user/thesis/scripts/BlastOut_datasetTMB/BlastOut_datasetTMB_swissprot/top10BlastSplit/fasta/muscle/BlastOut_datasetTMB_swissprot_P18895.csv.fasta.aln
/home/user/thesis/scripts/BlastOut_datasetTMB/BlastOut_datasetTMB_swissprot/top10BlastSplit/fasta/muscle/BlastOut_datasetTMB_swissprot_P19809.csv.fasta.aln
/home/user/thesis/scripts/BlastOut_datasetTMB/BlastOut_datasetTMB_swissprot/top10BlastSplit/fasta/muscle/BlastOut_datasetTMB_swissprot_P21796.csv.fasta.aln
/home/user/thesis/scripts/BlastOut_datasetTMB/BlastOut_datasetTMB_swissprot/top10BlastSplit/fasta/muscle/BlastOut_datasetTMB_swissprot_P22340.csv.fasta.aln
/home/user/thesis/scripts/BlastOut_datasetTMB/BlastOut_datasetTMB_swissprot/top10BlastSplit/fasta/muscle/BlastOut_datasetTMB_swissprot_P24017.csv.fasta.aln
/home/user/thesis/scripts/BlastOut_datasetTMB/BlastOut_datasetTMB_swissprot/top10BlastSplit/fasta/muscle/BlastOut_datasetTMB_swissprot_P24305.csv.fasta.aln
/home/user/thesis/scripts/BlastOut_datasetTMB/BlastOut_datasetTMB_swissprot/top10BlastSplit/fasta/muscle/BlastOut_datasetTMB_swissprot_P24391.csv.fasta.aln
/home/user/thesis/scripts/BlastOut_datasetTMB/BlastOut_datasetTMB_swissprot/top10BlastSplit/fasta/muscle/BlastOut_datasetTMB_swissprot_P26466.csv.fasta.aln
/home/user/thesis/scripts/BlastOut_datasetTMB/BlastOut_datasetTMB_swissprot/top10BlastSplit/fasta/muscle/BlastOut_datasetTMB_swissprot_P30130.csv.fasta.aln
/home/user/thesis/scripts/BlastOut_datasetTMB/BlastOut_datasetTMB_swissprot/top10BlastSplit/fasta/muscle/BlastOut_datasetTMB_swissprot_P30690.csv.fasta.aln
/home/user/thesis/scripts/BlastOut_datasetTMB/BlastOut_datasetTMB_swissprot/top10BlastSplit/fasta/muscle/BlastOut_datasetTMB_swissprot_P31243.csv.fasta.aln
/home/user/thesis/scripts/BlastOut_datasetTMB/BlastOut_datasetTMB_swissprot/top10BlastSplit/fasta/muscle/BlastOut_datasetTMB_swissprot_P31554.csv.fasta.aln
/home/user/thesis/scripts/BlastOut_datasetTMB/BlastOut_datasetTMB_swissprot/top10BlastSplit/fasta/muscle/BlastOut_datasetTMB_swissprot_P31697.csv.fasta.aln
/home/user/thesis/scripts/BlastOut_datasetTMB/BlastOut_datasetTMB_swissprot/top10BlastSplit/fasta/muscle/BlastOut_datasetTMB_swissprot_P31780.csv.fasta.aln
/home/user/thesis/scripts/BlastOut_datasetTMB/BlastOut_datasetTMB_swissprot/top10BlastSplit/fasta/muscle/BlastOut_datasetTMB_swissprot_P32722.csv.fasta.aln
/home/user/thesis/scripts/BlastOut_datasetTMB/BlastOut_datasetTMB_swissprot/top10BlastSplit/fasta/muscle/BlastOut_datasetTMB_swissprot_P35077.csv.fasta.aln
/home/user/thesis/scripts/BlastOut_datasetTMB/BlastOut_datasetTMB_swissprot/top10BlastSplit/fasta/muscle/BlastOut_datasetTMB_swissprot_P35672.csv.fasta.aln
/home/user/thesis/scripts/BlastOut_datasetTMB/BlastOut_datasetTMB_swissprot/top10BlastSplit/fasta/muscle/BlastOut_datasetTMB_swissprot_P35818.csv.fasta.aln
/home/user/thesis/scripts/BlastOut_datasetTMB/BlastOut_datasetTMB_swissprot/top10BlastSplit/fasta/muscle/BlastOut_datasetTMB_swissprot_P35916.csv.fasta.aln
/home/user/thesis/scripts/BlastOut_datasetTMB/BlastOut_datasetTMB_swissprot/top10BlastSplit/fasta/muscle/BlastOut_datasetTMB_swissprot_P37001.csv.fasta.aln
/home/user/thesis/scripts/BlastOut_datasetTMB/BlastOut_datasetTMB_swissprot/top10BlastSplit/fasta/muscle/BlastOut_datasetTMB_swissprot_P37432.csv.fasta.aln
/home/user/thesis/scripts/BlastOut_datasetTMB/BlastOut_datasetTMB_swissprot/top10BlastSplit/fasta/muscle/BlastOut_datasetTMB_swissprot_P42512.csv.fasta.aln
/home/user/thesis/scripts/BlastOut_datasetTMB/BlastOut_datasetTMB_swissprot/top10BlastSplit/fasta/muscle/BlastOut_datasetTMB_swissprot_P43261.csv.fasta.aln
/home/user/thesis/scripts/BlastOut_datasetTMB/BlastOut_datasetTMB_swissprot/top10BlastSplit/fasta/muscle/BlastOut_datasetTMB_swissprot_P45758.csv.fasta.aln
/home/user/thesis/scripts/BlastOut_datasetTMB/BlastOut_datasetTMB_swissprot/top10BlastSplit/fasta/muscle/BlastOut_datasetTMB_swissprot_P45779.csv.fasta.aln
/home/user/thesis/scripts/BlastOut_datasetTMB/BlastOut_datasetTMB_swissprot/top10BlastSplit/fasta/muscle/BlastOut_datasetTMB_swissprot_P46359.csv.fasta.aln
/home/user/thesis/scripts/BlastOut_datasetTMB/BlastOut_datasetTMB_swissprot/top10BlastSplit/fasta/muscle/BlastOut_datasetTMB_swissprot_P48632.csv.fasta.aln
/home/user/thesis/scripts/BlastOut_datasetTMB/BlastOut_datasetTMB_swissprot/top10BlastSplit/fasta/muscle/BlastOut_datasetTMB_swissprot_P49767.csv.fasta.aln
/home/user/thesis/scripts/BlastOut_datasetTMB/BlastOut_datasetTMB_swissprot/top10BlastSplit/fasta/muscle/BlastOut_datasetTMB_swissprot_P69856.csv.fasta.aln
/home/user/thesis/scripts/BlastOut_datasetTMB/BlastOut_datasetTMB_swissprot/top10BlastSplit/fasta/muscle/BlastOut_datasetTMB_swissprot_P69857.csv.fasta.aln
/home/user/thesis/scripts/BlastOut_datasetTMB/BlastOut_datasetTMB_swissprot/top10BlastSplit/fasta/muscle/BlastOut_datasetTMB_swissprot_P69858.csv.fasta.aln
/home/user/thesis/scripts/BlastOut_datasetTMB/BlastOut_datasetTMB_swissprot/top10BlastSplit/fasta/muscle/BlastOut_datasetTMB_swissprot_P75780.csv.fasta.aln
/home/user/thesis/scripts/BlastOut_datasetTMB/BlastOut_datasetTMB_swissprot/top10BlastSplit/fasta/muscle/BlastOut_datasetTMB_swissprot_P77211.csv.fasta.aln
/home/user/thesis/scripts/BlastOut_datasetTMB/BlastOut_datasetTMB_swissprot/top10BlastSplit/fasta/muscle/BlastOut_datasetTMB_swissprot_P77774.csv.fasta.aln
/home/user/thesis/scripts/BlastOut_datasetTMB/BlastOut_datasetTMB_swissprot/top10BlastSplit/fasta/muscle/BlastOut_datasetTMB_swissprot_Q03155.csv.fasta.aln
/home/user/thesis/scripts/BlastOut_datasetTMB/BlastOut_datasetTMB_swissprot/top10BlastSplit/fasta/muscle/BlastOut_datasetTMB_swissprot_Q04884.csv.fasta.aln
/home/user/thesis/scripts/BlastOut_datasetTMB/BlastOut_datasetTMB_swissprot/top10BlastSplit/fasta/muscle/BlastOut_datasetTMB_swissprot_Q05098.csv.fasta.aln
/home/user/thesis/scripts/BlastOut_datasetTMB/BlastOut_datasetTMB_swissprot/top10BlastSplit/fasta/muscle/BlastOut_datasetTMB_swissprot_Q06584.csv.fasta.aln
/home/user/thesis/scripts/BlastOut_datasetTMB/BlastOut_datasetTMB_swissprot/top10BlastSplit/fasta/muscle/BlastOut_datasetTMB_swissprot_Q16853.csv.fasta.aln
/home/user/thesis/scripts/BlastOut_datasetTMB/BlastOut_datasetTMB_swissprot/top10BlastSplit/fasta/muscle/BlastOut_datasetTMB_swissprot_Q2FFA2.csv.fasta.aln
/home/user/thesis/scripts/BlastOut_datasetTMB/BlastOut_datasetTMB_swissprot/top10BlastSplit/fasta/muscle/BlastOut_datasetTMB_swissprot_Q2FFA3.csv.fasta.aln
/home/user/thesis/scripts/BlastOut_datasetTMB/BlastOut_datasetTMB_swissprot/top10BlastSplit/fasta/muscle/BlastOut_datasetTMB_swissprot_Q45340.csv.fasta.aln
/home/user/thesis/scripts/BlastOut_datasetTMB/BlastOut_datasetTMB_swissprot/top10BlastSplit/fasta/muscle/BlastOut_datasetTMB_swissprot_Q48473.csv.fasta.aln
/home/user/thesis/scripts/BlastOut_datasetTMB/BlastOut_datasetTMB_swissprot/top10BlastSplit/fasta/muscle/BlastOut_datasetTMB_swissprot_Q51397.csv.fasta.aln
/home/user/thesis/scripts/BlastOut_datasetTMB/BlastOut_datasetTMB_swissprot/top10BlastSplit/fasta/muscle/BlastOut_datasetTMB_swissprot_Q51487.csv.fasta.aln
/home/user/thesis/scripts/BlastOut_datasetTMB/BlastOut_datasetTMB_swissprot/top10BlastSplit/fasta/muscle/BlastOut_datasetTMB_swissprot_Q54450.csv.fasta.aln
/home/user/thesis/scripts/BlastOut_datasetTMB/BlastOut_datasetTMB_swissprot/top10BlastSplit/fasta/muscle/BlastOut_datasetTMB_swissprot_Q5Y4Y6.csv.fasta.aln
/home/user/thesis/scripts/BlastOut_datasetTMB/BlastOut_datasetTMB_swissprot/top10BlastSplit/fasta/muscle/BlastOut_datasetTMB_swissprot_Q60932.csv.fasta.aln
/home/user/thesis/scripts/BlastOut_datasetTMB/BlastOut_datasetTMB_swissprot/top10BlastSplit/fasta/muscle/BlastOut_datasetTMB_swissprot_Q7BCK4.csv.fasta.aln
/home/user/thesis/scripts/BlastOut_datasetTMB/BlastOut_datasetTMB_swissprot/top10BlastSplit/fasta/muscle/BlastOut_datasetTMB_swissprot_Q7BSW5.csv.fasta.aln
/home/user/thesis/scripts/BlastOut_datasetTMB/BlastOut_datasetTMB_swissprot/top10BlastSplit/fasta/muscle/BlastOut_datasetTMB_swissprot_Q7CJV2.csv.fasta.aln
/home/user/thesis/scripts/BlastOut_datasetTMB/BlastOut_datasetTMB_swissprot/top10BlastSplit/fasta/muscle/BlastOut_datasetTMB_swissprot_Q83LX4.csv.fasta.aln
/home/user/thesis/scripts/BlastOut_datasetTMB/BlastOut_datasetTMB_swissprot/top10BlastSplit/fasta/muscle/BlastOut_datasetTMB_swissprot_Q83SQ0.csv.fasta.aln
/home/user/thesis/scripts/BlastOut_datasetTMB/BlastOut_datasetTMB_swissprot/top10BlastSplit/fasta/muscle/BlastOut_datasetTMB_swissprot_Q8CVI4.csv.fasta.aln
/home/user/thesis/scripts/BlastOut_datasetTMB/BlastOut_datasetTMB_swissprot/top10BlastSplit/fasta/muscle/BlastOut_datasetTMB_swissprot_Q8CVW1.csv.fasta.aln
/home/user/thesis/scripts/BlastOut_datasetTMB/BlastOut_datasetTMB_swissprot/top10BlastSplit/fasta/muscle/BlastOut_datasetTMB_swissprot_Q8ZIK3.csv.fasta.aln
/home/user/thesis/scripts/BlastOut_datasetTMB/BlastOut_datasetTMB_swissprot/top10BlastSplit/fasta/muscle/BlastOut_datasetTMB_swissprot_Q8ZPC9.csv.fasta.aln
/home/user/thesis/scripts/BlastOut_datasetTMB/BlastOut_datasetTMB_swissprot/top10BlastSplit/fasta/muscle/BlastOut_datasetTMB_swissprot_Q8ZQZ7.csv.fasta.aln
/home/user/thesis/scripts/BlastOut_datasetTMB/BlastOut_datasetTMB_swissprot/top10BlastSplit/fasta/muscle/BlastOut_datasetTMB_swissprot_Q8ZRP0.csv.fasta.aln
/home/user/thesis/scripts/BlastOut_datasetTMB/BlastOut_datasetTMB_swissprot/top10BlastSplit/fasta/muscle/BlastOut_datasetTMB_swissprot_Q8ZRW0.csv.fasta.aln
/home/user/thesis/scripts/BlastOut_datasetTMB/BlastOut_datasetTMB_swissprot/top10BlastSplit/fasta/muscle/BlastOut_datasetTMB_swissprot_Q99RL1.csv.fasta.aln
/home/user/thesis/scripts/BlastOut_datasetTMB/BlastOut_datasetTMB_swissprot/top10BlastSplit/fasta/muscle/BlastOut_datasetTMB_swissprot_Q9I5U2.csv.fasta.aln
/home/user/thesis/scripts/BlastOut_datasetTMB/BlastOut_datasetTMB_swissprot/top10BlastSplit/fasta/muscle/BlastOut_datasetTMB_swissprot_Q9JZN9.csv.fasta.aln
/home/user/thesis/scripts/BlastOut_datasetTMB/BlastOut_datasetTMB_swissprot/top10BlastSplit/fasta/muscle/BlastOut_datasetTMB_swissprot_Q9K0U9.csv.fasta.aln
/home/user/thesis/scripts/BlastOut_datasetTMB/BlastOut_datasetTMB_swissprot/top10BlastSplit/fasta/muscle/BlastOut_datasetTMB_swissprot_Q9TUM0.csv.fasta.aln
