2.619
1.313
1.000
1.059
1.448
1.026
0.946
1.627
1.830
1.311
0.972
0.850
0.488
0.545
0.777
0.884
1.000
1.466
1.026
1.248
1.000
0.840
0.755
0.759
1.124
0.750
0.979
1.018
1.031
0.714
0.680
0.891
0.687
1.021
1.166
1.000
1.000
1.179
0.965
0.965
0.835
1.000
1.000
0.647
0.647
0.513
0.513
0.513
0.513
2.203
2.203
2.203
0.782
160.551
160.551
160.551
160.551
0.572
49.556
1.622
1.622
0.967
2.790
1.428
1.059
1.062
1.088
1.000
1.055
0.953
1.254
1.091
0.782
0.765
0.774
1.267
1.026
0.495
1.496
1.000
1.886
1.000
1.549
1.039
1.000
0.609
1.025
0.179
1.000
0.747
0.884
0.319
0.435
0.701
0.968
0.874
1.000
0.797
0.864
1.005
0.857
0.891
0.827
0.797
1.504
0.568
0.568
0.568
0.807
0.931
0.649
0.630
1.000
1.171
0.604
1.025
1.384
1.179
0.626
1.022
0.770
0.769
1.520
0.757
1.000
0.485
0.890
0.903
49.556
1.000
1.000
0.948
0.886
1.000
49.556
1.000
1.000
1.000
0.950
1.121
1.094
1.058
