0.227
1.397
0.384
0.979
0.966
1.000
1.010
0.686
0.347
0.332
0.651
1.068
0.364
0.326
0.598
0.516
0.672
1.184
3.375
0.745
0.295
0.295
0.722
0.753
0.753
0.828
0.828
1.000
1.000
1.000
1.000
3.040
3.040
3.040
0.824
1.159
1.159
1.159
1.159
0.631
0.707
0.707
1.224
0.268
0.949
0.634
0.441
0.919
0.656
0.377
0.648
1.121
0.289
0.713
0.423
0.643
0.669
0.389
0.613
0.562
0.580
0.322
0.551
0.553
0.480
0.247
0.247
0.247
0.301
0.335
0.735
0.761
1.000
0.465
3.105
1.020
0.209
2.596
1.015
1.000
1.000
0.477
0.482
1.143
0.335
0.366
0.938
0.400
