/home/user/thesis/scripts/BlastOut_datasetTMB/BlastOut_datasetTMB_unirefOMBB100/top25BlastSplit/fasta/mafft/BlastOut_datasetTMB_unirefOMBB100_O33407.csv.fasta.aln
0.842
/home/user/thesis/scripts/BlastOut_datasetTMB/BlastOut_datasetTMB_unirefOMBB100/top25BlastSplit/fasta/mafft/BlastOut_datasetTMB_unirefOMBB100_O88093.csv.fasta.aln
1.000
/home/user/thesis/scripts/BlastOut_datasetTMB/BlastOut_datasetTMB_unirefOMBB100/top25BlastSplit/fasta/mafft/BlastOut_datasetTMB_unirefOMBB100_P00747.csv.fasta.aln
0.840
/home/user/thesis/scripts/BlastOut_datasetTMB/BlastOut_datasetTMB_unirefOMBB100/top25BlastSplit/fasta/mafft/BlastOut_datasetTMB_unirefOMBB100_P02929.csv.fasta.aln
0.957
/home/user/thesis/scripts/BlastOut_datasetTMB/BlastOut_datasetTMB_unirefOMBB100/top25BlastSplit/fasta/mafft/BlastOut_datasetTMB_unirefOMBB100_P05430.csv.fasta.aln
1.655
/home/user/thesis/scripts/BlastOut_datasetTMB/BlastOut_datasetTMB_unirefOMBB100/top25BlastSplit/fasta/mafft/BlastOut_datasetTMB_unirefOMBB100_P05825.csv.fasta.aln
0.515
/home/user/thesis/scripts/BlastOut_datasetTMB/BlastOut_datasetTMB_unirefOMBB100/top25BlastSplit/fasta/mafft/BlastOut_datasetTMB_unirefOMBB100_P06129.csv.fasta.aln
0.386
/home/user/thesis/scripts/BlastOut_datasetTMB/BlastOut_datasetTMB_unirefOMBB100/top25BlastSplit/fasta/mafft/BlastOut_datasetTMB_unirefOMBB100_P09169.csv.fasta.aln
0.699
/home/user/thesis/scripts/BlastOut_datasetTMB/BlastOut_datasetTMB_unirefOMBB100/top25BlastSplit/fasta/mafft/BlastOut_datasetTMB_unirefOMBB100_P09616.csv.fasta.aln
4.490
/home/user/thesis/scripts/BlastOut_datasetTMB/BlastOut_datasetTMB_unirefOMBB100/top25BlastSplit/fasta/mafft/BlastOut_datasetTMB_unirefOMBB100_P0A903.csv.fasta.aln
0.795
/home/user/thesis/scripts/BlastOut_datasetTMB/BlastOut_datasetTMB_unirefOMBB100/top25BlastSplit/fasta/mafft/BlastOut_datasetTMB_unirefOMBB100_P0A910.csv.fasta.aln
0.773
/home/user/thesis/scripts/BlastOut_datasetTMB/BlastOut_datasetTMB_unirefOMBB100/top25BlastSplit/fasta/mafft/BlastOut_datasetTMB_unirefOMBB100_P0A911.csv.fasta.aln
0.773
/home/user/thesis/scripts/BlastOut_datasetTMB/BlastOut_datasetTMB_unirefOMBB100/top25BlastSplit/fasta/mafft/BlastOut_datasetTMB_unirefOMBB100_P0A915.csv.fasta.aln
0.457
/home/user/thesis/scripts/BlastOut_datasetTMB/BlastOut_datasetTMB_unirefOMBB100/top25BlastSplit/fasta/mafft/BlastOut_datasetTMB_unirefOMBB100_P0A916.csv.fasta.aln
0.457
/home/user/thesis/scripts/BlastOut_datasetTMB/BlastOut_datasetTMB_unirefOMBB100/top25BlastSplit/fasta/mafft/BlastOut_datasetTMB_unirefOMBB100_P0A917.csv.fasta.aln
0.813
/home/user/thesis/scripts/BlastOut_datasetTMB/BlastOut_datasetTMB_unirefOMBB100/top25BlastSplit/fasta/mafft/BlastOut_datasetTMB_unirefOMBB100_P0A918.csv.fasta.aln
0.813
/home/user/thesis/scripts/BlastOut_datasetTMB/BlastOut_datasetTMB_unirefOMBB100/top25BlastSplit/fasta/mafft/BlastOut_datasetTMB_unirefOMBB100_P0A919.csv.fasta.aln
0.813
/home/user/thesis/scripts/BlastOut_datasetTMB/BlastOut_datasetTMB_unirefOMBB100/top25BlastSplit/fasta/mafft/BlastOut_datasetTMB_unirefOMBB100_P0A920.csv.fasta.aln
0.813
/home/user/thesis/scripts/BlastOut_datasetTMB/BlastOut_datasetTMB_unirefOMBB100/top25BlastSplit/fasta/mafft/BlastOut_datasetTMB_unirefOMBB100_P0A937.csv.fasta.aln
1.145
/home/user/thesis/scripts/BlastOut_datasetTMB/BlastOut_datasetTMB_unirefOMBB100/top25BlastSplit/fasta/mafft/BlastOut_datasetTMB_unirefOMBB100_P0A940.csv.fasta.aln
0.803
/home/user/thesis/scripts/BlastOut_datasetTMB/BlastOut_datasetTMB_unirefOMBB100/top25BlastSplit/fasta/mafft/BlastOut_datasetTMB_unirefOMBB100_P0A941.csv.fasta.aln
0.803
/home/user/thesis/scripts/BlastOut_datasetTMB/BlastOut_datasetTMB_unirefOMBB100/top25BlastSplit/fasta/mafft/BlastOut_datasetTMB_unirefOMBB100_P0A942.csv.fasta.aln
0.803
/home/user/thesis/scripts/BlastOut_datasetTMB/BlastOut_datasetTMB_unirefOMBB100/top25BlastSplit/fasta/mafft/BlastOut_datasetTMB_unirefOMBB100_P0A943.csv.fasta.aln
0.803
/home/user/thesis/scripts/BlastOut_datasetTMB/BlastOut_datasetTMB_unirefOMBB100/top25BlastSplit/fasta/mafft/BlastOut_datasetTMB_unirefOMBB100_P0AC02.csv.fasta.aln
0.659
/home/user/thesis/scripts/BlastOut_datasetTMB/BlastOut_datasetTMB_unirefOMBB100/top25BlastSplit/fasta/mafft/BlastOut_datasetTMB_unirefOMBB100_P0ADE4.csv.fasta.aln
0.914
/home/user/thesis/scripts/BlastOut_datasetTMB/BlastOut_datasetTMB_unirefOMBB100/top25BlastSplit/fasta/mafft/BlastOut_datasetTMB_unirefOMBB100_P0ADE5.csv.fasta.aln
0.914
/home/user/thesis/scripts/BlastOut_datasetTMB/BlastOut_datasetTMB_unirefOMBB100/top25BlastSplit/fasta/mafft/BlastOut_datasetTMB_unirefOMBB100_P10384.csv.fasta.aln
0.738
/home/user/thesis/scripts/BlastOut_datasetTMB/BlastOut_datasetTMB_unirefOMBB100/top25BlastSplit/fasta/mafft/BlastOut_datasetTMB_unirefOMBB100_P13036.csv.fasta.aln
0.795
/home/user/thesis/scripts/BlastOut_datasetTMB/BlastOut_datasetTMB_unirefOMBB100/top25BlastSplit/fasta/mafft/BlastOut_datasetTMB_unirefOMBB100_P13794.csv.fasta.aln
0.643
/home/user/thesis/scripts/BlastOut_datasetTMB/BlastOut_datasetTMB_unirefOMBB100/top25BlastSplit/fasta/mafft/BlastOut_datasetTMB_unirefOMBB100_P17315.csv.fasta.aln
0.509
/home/user/thesis/scripts/BlastOut_datasetTMB/BlastOut_datasetTMB_unirefOMBB100/top25BlastSplit/fasta/mafft/BlastOut_datasetTMB_unirefOMBB100_P17811.csv.fasta.aln
0.525
/home/user/thesis/scripts/BlastOut_datasetTMB/BlastOut_datasetTMB_unirefOMBB100/top25BlastSplit/fasta/mafft/BlastOut_datasetTMB_unirefOMBB100_P24017.csv.fasta.aln
0.869
/home/user/thesis/scripts/BlastOut_datasetTMB/BlastOut_datasetTMB_unirefOMBB100/top25BlastSplit/fasta/mafft/BlastOut_datasetTMB_unirefOMBB100_P24305.csv.fasta.aln
0.383
/home/user/thesis/scripts/BlastOut_datasetTMB/BlastOut_datasetTMB_unirefOMBB100/top25BlastSplit/fasta/mafft/BlastOut_datasetTMB_unirefOMBB100_P30690.csv.fasta.aln
0.596
/home/user/thesis/scripts/BlastOut_datasetTMB/BlastOut_datasetTMB_unirefOMBB100/top25BlastSplit/fasta/mafft/BlastOut_datasetTMB_unirefOMBB100_P35818.csv.fasta.aln
2.793
/home/user/thesis/scripts/BlastOut_datasetTMB/BlastOut_datasetTMB_unirefOMBB100/top25BlastSplit/fasta/mafft/BlastOut_datasetTMB_unirefOMBB100_P46359.csv.fasta.aln
0.549
/home/user/thesis/scripts/BlastOut_datasetTMB/BlastOut_datasetTMB_unirefOMBB100/top25BlastSplit/fasta/mafft/BlastOut_datasetTMB_unirefOMBB100_P69434.csv.fasta.aln
0.430
/home/user/thesis/scripts/BlastOut_datasetTMB/BlastOut_datasetTMB_unirefOMBB100/top25BlastSplit/fasta/mafft/BlastOut_datasetTMB_unirefOMBB100_P69856.csv.fasta.aln
0.272
/home/user/thesis/scripts/BlastOut_datasetTMB/BlastOut_datasetTMB_unirefOMBB100/top25BlastSplit/fasta/mafft/BlastOut_datasetTMB_unirefOMBB100_P69857.csv.fasta.aln
0.272
/home/user/thesis/scripts/BlastOut_datasetTMB/BlastOut_datasetTMB_unirefOMBB100/top25BlastSplit/fasta/mafft/BlastOut_datasetTMB_unirefOMBB100_P69858.csv.fasta.aln
0.272
/home/user/thesis/scripts/BlastOut_datasetTMB/BlastOut_datasetTMB_unirefOMBB100/top25BlastSplit/fasta/mafft/BlastOut_datasetTMB_unirefOMBB100_P76045.csv.fasta.aln
0.438
/home/user/thesis/scripts/BlastOut_datasetTMB/BlastOut_datasetTMB_unirefOMBB100/top25BlastSplit/fasta/mafft/BlastOut_datasetTMB_unirefOMBB100_P77774.csv.fasta.aln
0.583
/home/user/thesis/scripts/BlastOut_datasetTMB/BlastOut_datasetTMB_unirefOMBB100/top25BlastSplit/fasta/mafft/BlastOut_datasetTMB_unirefOMBB100_Q03155.csv.fasta.aln
0.875
/home/user/thesis/scripts/BlastOut_datasetTMB/BlastOut_datasetTMB_unirefOMBB100/top25BlastSplit/fasta/mafft/BlastOut_datasetTMB_unirefOMBB100_Q04884.csv.fasta.aln
1.000
/home/user/thesis/scripts/BlastOut_datasetTMB/BlastOut_datasetTMB_unirefOMBB100/top25BlastSplit/fasta/mafft/BlastOut_datasetTMB_unirefOMBB100_Q05098.csv.fasta.aln
0.504
/home/user/thesis/scripts/BlastOut_datasetTMB/BlastOut_datasetTMB_unirefOMBB100/top25BlastSplit/fasta/mafft/BlastOut_datasetTMB_unirefOMBB100_Q45340.csv.fasta.aln
1.008
/home/user/thesis/scripts/BlastOut_datasetTMB/BlastOut_datasetTMB_unirefOMBB100/top25BlastSplit/fasta/mafft/BlastOut_datasetTMB_unirefOMBB100_Q7BCK4.csv.fasta.aln
1.000
/home/user/thesis/scripts/BlastOut_datasetTMB/BlastOut_datasetTMB_unirefOMBB100/top25BlastSplit/fasta/mafft/BlastOut_datasetTMB_unirefOMBB100_Q7BSW5.csv.fasta.aln
1.000
/home/user/thesis/scripts/BlastOut_datasetTMB/BlastOut_datasetTMB_unirefOMBB100/top25BlastSplit/fasta/mafft/BlastOut_datasetTMB_unirefOMBB100_Q8ZRP0.csv.fasta.aln
0.806
/home/user/thesis/scripts/BlastOut_datasetTMB/BlastOut_datasetTMB_unirefOMBB100/top25BlastSplit/fasta/mafft/BlastOut_datasetTMB_unirefOMBB100_Q9HVD1.csv.fasta.aln
0.418
/home/user/thesis/scripts/BlastOut_datasetTMB/BlastOut_datasetTMB_unirefOMBB100/top25BlastSplit/fasta/mafft/BlastOut_datasetTMB_unirefOMBB100_Q9I5U2.csv.fasta.aln
2.188
/home/user/thesis/scripts/BlastOut_datasetTMB/BlastOut_datasetTMB_unirefOMBB100/top25BlastSplit/fasta/mafft/BlastOut_datasetTMB_unirefOMBB100_Q9JZN9.csv.fasta.aln
1.001
