/home/user/thesis/scripts/BlastOut_datasetTMB/BlastOut_datasetTMB_swissprot/top50BlastSplit/fasta/tcoffee/BlastOut_datasetTMB_swissprot_A5F934.csv.aln
0.797
/home/user/thesis/scripts/BlastOut_datasetTMB/BlastOut_datasetTMB_swissprot/top50BlastSplit/fasta/tcoffee/BlastOut_datasetTMB_swissprot_E3PJ86.csv.aln
0.594
/home/user/thesis/scripts/BlastOut_datasetTMB/BlastOut_datasetTMB_swissprot/top50BlastSplit/fasta/tcoffee/BlastOut_datasetTMB_swissprot_P01031.csv.aln
1.152
/home/user/thesis/scripts/BlastOut_datasetTMB/BlastOut_datasetTMB_swissprot/top50BlastSplit/fasta/tcoffee/BlastOut_datasetTMB_swissprot_P02748.csv.aln
0.656
/home/user/thesis/scripts/BlastOut_datasetTMB/BlastOut_datasetTMB_swissprot/top50BlastSplit/fasta/tcoffee/BlastOut_datasetTMB_swissprot_P02787.csv.aln
1.171
/home/user/thesis/scripts/BlastOut_datasetTMB/BlastOut_datasetTMB_swissprot/top50BlastSplit/fasta/tcoffee/BlastOut_datasetTMB_swissprot_P02931.csv.aln
0.406
/home/user/thesis/scripts/BlastOut_datasetTMB/BlastOut_datasetTMB_swissprot/top50BlastSplit/fasta/tcoffee/BlastOut_datasetTMB_swissprot_P02932.csv.aln
0.340
/home/user/thesis/scripts/BlastOut_datasetTMB/BlastOut_datasetTMB_swissprot/top50BlastSplit/fasta/tcoffee/BlastOut_datasetTMB_swissprot_P06971.csv.aln
0.689
/home/user/thesis/scripts/BlastOut_datasetTMB/BlastOut_datasetTMB_swissprot/top50BlastSplit/fasta/tcoffee/BlastOut_datasetTMB_swissprot_P07358.csv.aln
0.520
/home/user/thesis/scripts/BlastOut_datasetTMB/BlastOut_datasetTMB_swissprot/top50BlastSplit/fasta/tcoffee/BlastOut_datasetTMB_swissprot_P07360.csv.aln
0.435
/home/user/thesis/scripts/BlastOut_datasetTMB/BlastOut_datasetTMB_swissprot/top50BlastSplit/fasta/tcoffee/BlastOut_datasetTMB_swissprot_P08189.csv.aln
0.629
/home/user/thesis/scripts/BlastOut_datasetTMB/BlastOut_datasetTMB_swissprot/top50BlastSplit/fasta/tcoffee/BlastOut_datasetTMB_swissprot_P0A910.csv.aln
0.819
/home/user/thesis/scripts/BlastOut_datasetTMB/BlastOut_datasetTMB_swissprot/top50BlastSplit/fasta/tcoffee/BlastOut_datasetTMB_swissprot_P0A911.csv.aln
0.819
/home/user/thesis/scripts/BlastOut_datasetTMB/BlastOut_datasetTMB_swissprot/top50BlastSplit/fasta/tcoffee/BlastOut_datasetTMB_swissprot_P10643.csv.aln
0.224
/home/user/thesis/scripts/BlastOut_datasetTMB/BlastOut_datasetTMB_swissprot/top50BlastSplit/fasta/tcoffee/BlastOut_datasetTMB_swissprot_P12643.csv.aln
0.769
/home/user/thesis/scripts/BlastOut_datasetTMB/BlastOut_datasetTMB_swissprot/top50BlastSplit/fasta/tcoffee/BlastOut_datasetTMB_swissprot_P13671.csv.aln
0.295
/home/user/thesis/scripts/BlastOut_datasetTMB/BlastOut_datasetTMB_swissprot/top50BlastSplit/fasta/tcoffee/BlastOut_datasetTMB_swissprot_P16869.csv.aln
0.778
/home/user/thesis/scripts/BlastOut_datasetTMB/BlastOut_datasetTMB_swissprot/top50BlastSplit/fasta/tcoffee/BlastOut_datasetTMB_swissprot_P24017.csv.aln
0.829
/home/user/thesis/scripts/BlastOut_datasetTMB/BlastOut_datasetTMB_swissprot/top50BlastSplit/fasta/tcoffee/BlastOut_datasetTMB_swissprot_P26466.csv.aln
0.917
/home/user/thesis/scripts/BlastOut_datasetTMB/BlastOut_datasetTMB_swissprot/top50BlastSplit/fasta/tcoffee/BlastOut_datasetTMB_swissprot_P31554.csv.aln
0.749
/home/user/thesis/scripts/BlastOut_datasetTMB/BlastOut_datasetTMB_swissprot/top50BlastSplit/fasta/tcoffee/BlastOut_datasetTMB_swissprot_P37001.csv.aln
0.792
/home/user/thesis/scripts/BlastOut_datasetTMB/BlastOut_datasetTMB_swissprot/top50BlastSplit/fasta/tcoffee/BlastOut_datasetTMB_swissprot_P45758.csv.aln
0.731
/home/user/thesis/scripts/BlastOut_datasetTMB/BlastOut_datasetTMB_swissprot/top50BlastSplit/fasta/tcoffee/BlastOut_datasetTMB_swissprot_P45779.csv.aln
0.591
/home/user/thesis/scripts/BlastOut_datasetTMB/BlastOut_datasetTMB_swissprot/top50BlastSplit/fasta/tcoffee/BlastOut_datasetTMB_swissprot_P48632.csv.aln
0.703
/home/user/thesis/scripts/BlastOut_datasetTMB/BlastOut_datasetTMB_swissprot/top50BlastSplit/fasta/tcoffee/BlastOut_datasetTMB_swissprot_P49767.csv.aln
0.876
/home/user/thesis/scripts/BlastOut_datasetTMB/BlastOut_datasetTMB_swissprot/top50BlastSplit/fasta/tcoffee/BlastOut_datasetTMB_swissprot_P75780.csv.aln
0.867
/home/user/thesis/scripts/BlastOut_datasetTMB/BlastOut_datasetTMB_swissprot/top50BlastSplit/fasta/tcoffee/BlastOut_datasetTMB_swissprot_P77774.csv.aln
0.595
/home/user/thesis/scripts/BlastOut_datasetTMB/BlastOut_datasetTMB_swissprot/top50BlastSplit/fasta/tcoffee/BlastOut_datasetTMB_swissprot_Q7BSW5.csv.aln
0.453
/home/user/thesis/scripts/BlastOut_datasetTMB/BlastOut_datasetTMB_swissprot/top50BlastSplit/fasta/tcoffee/BlastOut_datasetTMB_swissprot_Q83SQ0.csv.aln
0.747
/home/user/thesis/scripts/BlastOut_datasetTMB/BlastOut_datasetTMB_swissprot/top50BlastSplit/fasta/tcoffee/BlastOut_datasetTMB_swissprot_Q8ZIK3.csv.aln
0.762
/home/user/thesis/scripts/BlastOut_datasetTMB/BlastOut_datasetTMB_swissprot/top50BlastSplit/fasta/tcoffee/BlastOut_datasetTMB_swissprot_Q8ZPC9.csv.aln
0.737
/home/user/thesis/scripts/BlastOut_datasetTMB/BlastOut_datasetTMB_swissprot/top50BlastSplit/fasta/tcoffee/BlastOut_datasetTMB_swissprot_Q8ZRW0.csv.aln
0.752
/home/user/thesis/scripts/BlastOut_datasetTMB/BlastOut_datasetTMB_swissprot/top50BlastSplit/fasta/tcoffee/BlastOut_datasetTMB_swissprot_Q9I5U2.csv.aln
0.656
/home/user/thesis/scripts/BlastOut_datasetTMB/BlastOut_datasetTMB_swissprot/top50BlastSplit/fasta/tcoffee/BlastOut_datasetTMB_swissprot_Q9K0U9.csv.aln
1.048
/home/user/thesis/scripts/BlastOut_datasetTMB/BlastOut_datasetTMB_swissprot/top50BlastSplit/fasta/tcoffee/BlastOut_datasetTMB_swissprot_Q9TUM0.csv.aln
1.076
