0.443
0.601
1.000
0.722
0.913
0.185
0.668
0.704
0.254
0.778
0.199
0.564
0.652
0.961
0.714
0.416
0.834
0.838
0.733
0.670
0.173
0.689
0.667
0.771
0.698
0.328
0.427
0.219
0.355
0.563
0.294
0.162
0.162
0.232
0.702
0.902
0.902
0.239
0.795
0.795
0.733
0.733
0.768
0.768
0.768
0.768
0.703
0.703
0.703
0.715
0.715
0.715
1.174
0.746
0.746
0.746
0.746
0.229
0.611
0.611
0.712
0.641
1.000
0.849
0.957
0.963
0.761
0.197
0.778
0.665
0.821
0.666
0.828
0.726
0.744
0.236
0.796
0.746
0.831
0.220
0.426
0.695
0.787
0.776
0.735
0.162
0.735
0.652
0.988
0.645
0.778
0.817
0.519
0.857
0.728
0.649
0.950
0.782
0.747
0.719
0.747
0.297
0.622
0.622
0.622
0.656
0.796
0.642
0.150
1.004
1.146
0.775
0.227
0.176
0.753
0.959
0.727
0.725
0.239
0.240
0.262
0.805
0.733
0.177
0.731
0.416
0.757
0.741
0.398
0.763
0.733
0.740
0.277
0.697
0.871
0.719
0.791
