/home/user/thesis/scripts/BlastOut_datasetTMB/BlastOut_datasetTMB_swissprot/top10BlastSplit/fasta/aln/BlastOut_datasetTMB_swissprot_A1JUB7.csv.aln
/home/user/thesis/scripts/BlastOut_datasetTMB/BlastOut_datasetTMB_swissprot/top10BlastSplit/fasta/aln/BlastOut_datasetTMB_swissprot_A5F934.csv.aln
/home/user/thesis/scripts/BlastOut_datasetTMB/BlastOut_datasetTMB_swissprot/top10BlastSplit/fasta/aln/BlastOut_datasetTMB_swissprot_E3PJ86.csv.aln
/home/user/thesis/scripts/BlastOut_datasetTMB/BlastOut_datasetTMB_swissprot/top10BlastSplit/fasta/aln/BlastOut_datasetTMB_swissprot_E6MXW0.csv.aln
/home/user/thesis/scripts/BlastOut_datasetTMB/BlastOut_datasetTMB_swissprot/top10BlastSplit/fasta/aln/BlastOut_datasetTMB_swissprot_A1JUB7.csv.aln
2.388
/home/user/thesis/scripts/BlastOut_datasetTMB/BlastOut_datasetTMB_swissprot/top10BlastSplit/fasta/aln/BlastOut_datasetTMB_swissprot_A5F934.csv.aln
1.187
/home/user/thesis/scripts/BlastOut_datasetTMB/BlastOut_datasetTMB_swissprot/top10BlastSplit/fasta/aln/BlastOut_datasetTMB_swissprot_E3PJ86.csv.aln
1.004
/home/user/thesis/scripts/BlastOut_datasetTMB/BlastOut_datasetTMB_swissprot/top10BlastSplit/fasta/aln/BlastOut_datasetTMB_swissprot_E6MXW0.csv.aln
1.077
/home/user/thesis/scripts/BlastOut_datasetTMB/BlastOut_datasetTMB_swissprot/top10BlastSplit/fasta/aln/BlastOut_datasetTMB_swissprot_O18423.csv.aln
0.941
/home/user/thesis/scripts/BlastOut_datasetTMB/BlastOut_datasetTMB_swissprot/top10BlastSplit/fasta/aln/BlastOut_datasetTMB_swissprot_O33407.csv.aln
1.002
/home/user/thesis/scripts/BlastOut_datasetTMB/BlastOut_datasetTMB_swissprot/top10BlastSplit/fasta/aln/BlastOut_datasetTMB_swissprot_O88093.csv.aln
0.934
/home/user/thesis/scripts/BlastOut_datasetTMB/BlastOut_datasetTMB_swissprot/top10BlastSplit/fasta/aln/BlastOut_datasetTMB_swissprot_P00646.csv.aln
1.842
/home/user/thesis/scripts/BlastOut_datasetTMB/BlastOut_datasetTMB_swissprot/top10BlastSplit/fasta/aln/BlastOut_datasetTMB_swissprot_P00747.csv.aln
0.164
/home/user/thesis/scripts/BlastOut_datasetTMB/BlastOut_datasetTMB_swissprot/top10BlastSplit/fasta/aln/BlastOut_datasetTMB_swissprot_P01031.csv.aln
1.143
/home/user/thesis/scripts/BlastOut_datasetTMB/BlastOut_datasetTMB_swissprot/top10BlastSplit/fasta/aln/BlastOut_datasetTMB_swissprot_P02748.csv.aln
0.980
/home/user/thesis/scripts/BlastOut_datasetTMB/BlastOut_datasetTMB_swissprot/top10BlastSplit/fasta/aln/BlastOut_datasetTMB_swissprot_P02787.csv.aln
0.832
/home/user/thesis/scripts/BlastOut_datasetTMB/BlastOut_datasetTMB_swissprot/top10BlastSplit/fasta/aln/BlastOut_datasetTMB_swissprot_P02929.csv.aln
0.455
/home/user/thesis/scripts/BlastOut_datasetTMB/BlastOut_datasetTMB_swissprot/top10BlastSplit/fasta/aln/BlastOut_datasetTMB_swissprot_P02930.csv.aln
0.591
/home/user/thesis/scripts/BlastOut_datasetTMB/BlastOut_datasetTMB_swissprot/top10BlastSplit/fasta/aln/BlastOut_datasetTMB_swissprot_P02931.csv.aln
0.784
/home/user/thesis/scripts/BlastOut_datasetTMB/BlastOut_datasetTMB_swissprot/top10BlastSplit/fasta/aln/BlastOut_datasetTMB_swissprot_P02932.csv.aln
0.889
/home/user/thesis/scripts/BlastOut_datasetTMB/BlastOut_datasetTMB_swissprot/top10BlastSplit/fasta/aln/BlastOut_datasetTMB_swissprot_P04419.csv.aln
2.158
/home/user/thesis/scripts/BlastOut_datasetTMB/BlastOut_datasetTMB_swissprot/top10BlastSplit/fasta/aln/BlastOut_datasetTMB_swissprot_P05430.csv.aln
1.149
/home/user/thesis/scripts/BlastOut_datasetTMB/BlastOut_datasetTMB_swissprot/top10BlastSplit/fasta/aln/BlastOut_datasetTMB_swissprot_P05825.csv.aln
1.329
/home/user/thesis/scripts/BlastOut_datasetTMB/BlastOut_datasetTMB_swissprot/top10BlastSplit/fasta/aln/BlastOut_datasetTMB_swissprot_P06716.csv.aln
0.795
/home/user/thesis/scripts/BlastOut_datasetTMB/BlastOut_datasetTMB_swissprot/top10BlastSplit/fasta/aln/BlastOut_datasetTMB_swissprot_P06970.csv.aln
0.753
/home/user/thesis/scripts/BlastOut_datasetTMB/BlastOut_datasetTMB_swissprot/top10BlastSplit/fasta/aln/BlastOut_datasetTMB_swissprot_P06971.csv.aln
0.743
/home/user/thesis/scripts/BlastOut_datasetTMB/BlastOut_datasetTMB_swissprot/top10BlastSplit/fasta/aln/BlastOut_datasetTMB_swissprot_P06996.csv.aln
1.269
/home/user/thesis/scripts/BlastOut_datasetTMB/BlastOut_datasetTMB_swissprot/top10BlastSplit/fasta/aln/BlastOut_datasetTMB_swissprot_P07110.csv.aln
0.754
/home/user/thesis/scripts/BlastOut_datasetTMB/BlastOut_datasetTMB_swissprot/top10BlastSplit/fasta/aln/BlastOut_datasetTMB_swissprot_P07357.csv.aln
0.985
/home/user/thesis/scripts/BlastOut_datasetTMB/BlastOut_datasetTMB_swissprot/top10BlastSplit/fasta/aln/BlastOut_datasetTMB_swissprot_P07358.csv.aln
1.087
/home/user/thesis/scripts/BlastOut_datasetTMB/BlastOut_datasetTMB_swissprot/top10BlastSplit/fasta/aln/BlastOut_datasetTMB_swissprot_P07360.csv.aln
0.962
/home/user/thesis/scripts/BlastOut_datasetTMB/BlastOut_datasetTMB_swissprot/top10BlastSplit/fasta/aln/BlastOut_datasetTMB_swissprot_P08189.csv.aln
0.749
/home/user/thesis/scripts/BlastOut_datasetTMB/BlastOut_datasetTMB_swissprot/top10BlastSplit/fasta/aln/BlastOut_datasetTMB_swissprot_P08190.csv.aln
0.685
/home/user/thesis/scripts/BlastOut_datasetTMB/BlastOut_datasetTMB_swissprot/top10BlastSplit/fasta/aln/BlastOut_datasetTMB_swissprot_P09167.csv.aln
0.634
/home/user/thesis/scripts/BlastOut_datasetTMB/BlastOut_datasetTMB_swissprot/top10BlastSplit/fasta/aln/BlastOut_datasetTMB_swissprot_P09169.csv.aln
0.513
/home/user/thesis/scripts/BlastOut_datasetTMB/BlastOut_datasetTMB_swissprot/top10BlastSplit/fasta/aln/BlastOut_datasetTMB_swissprot_P09883.csv.aln
1.759
/home/user/thesis/scripts/BlastOut_datasetTMB/BlastOut_datasetTMB_swissprot/top10BlastSplit/fasta/aln/BlastOut_datasetTMB_swissprot_P0A071.csv.aln
1.000
/home/user/thesis/scripts/BlastOut_datasetTMB/BlastOut_datasetTMB_swissprot/top10BlastSplit/fasta/aln/BlastOut_datasetTMB_swissprot_P0A074.csv.aln
1.000
/home/user/thesis/scripts/BlastOut_datasetTMB/BlastOut_datasetTMB_swissprot/top10BlastSplit/fasta/aln/BlastOut_datasetTMB_swissprot_P0A077.csv.aln
1.187
/home/user/thesis/scripts/BlastOut_datasetTMB/BlastOut_datasetTMB_swissprot/top10BlastSplit/fasta/aln/BlastOut_datasetTMB_swissprot_P0A263.csv.aln
0.962
/home/user/thesis/scripts/BlastOut_datasetTMB/BlastOut_datasetTMB_swissprot/top10BlastSplit/fasta/aln/BlastOut_datasetTMB_swissprot_P0A264.csv.aln
0.962
/home/user/thesis/scripts/BlastOut_datasetTMB/BlastOut_datasetTMB_swissprot/top10BlastSplit/fasta/aln/BlastOut_datasetTMB_swissprot_P0A903.csv.aln
0.812
/home/user/thesis/scripts/BlastOut_datasetTMB/BlastOut_datasetTMB_swissprot/top10BlastSplit/fasta/aln/BlastOut_datasetTMB_swissprot_P0A910.csv.aln
1.000
/home/user/thesis/scripts/BlastOut_datasetTMB/BlastOut_datasetTMB_swissprot/top10BlastSplit/fasta/aln/BlastOut_datasetTMB_swissprot_P0A911.csv.aln
1.000
/home/user/thesis/scripts/BlastOut_datasetTMB/BlastOut_datasetTMB_swissprot/top10BlastSplit/fasta/aln/BlastOut_datasetTMB_swissprot_P0A915.csv.aln
0.701
/home/user/thesis/scripts/BlastOut_datasetTMB/BlastOut_datasetTMB_swissprot/top10BlastSplit/fasta/aln/BlastOut_datasetTMB_swissprot_P0A916.csv.aln
0.701
/home/user/thesis/scripts/BlastOut_datasetTMB/BlastOut_datasetTMB_swissprot/top10BlastSplit/fasta/aln/BlastOut_datasetTMB_swissprot_P0A917.csv.aln
0.597
/home/user/thesis/scripts/BlastOut_datasetTMB/BlastOut_datasetTMB_swissprot/top10BlastSplit/fasta/aln/BlastOut_datasetTMB_swissprot_P0A918.csv.aln
0.597
/home/user/thesis/scripts/BlastOut_datasetTMB/BlastOut_datasetTMB_swissprot/top10BlastSplit/fasta/aln/BlastOut_datasetTMB_swissprot_P0A919.csv.aln
0.597
/home/user/thesis/scripts/BlastOut_datasetTMB/BlastOut_datasetTMB_swissprot/top10BlastSplit/fasta/aln/BlastOut_datasetTMB_swissprot_P0A920.csv.aln
0.597
/home/user/thesis/scripts/BlastOut_datasetTMB/BlastOut_datasetTMB_swissprot/top10BlastSplit/fasta/aln/BlastOut_datasetTMB_swissprot_P0A927.csv.aln
2.730
/home/user/thesis/scripts/BlastOut_datasetTMB/BlastOut_datasetTMB_swissprot/top10BlastSplit/fasta/aln/BlastOut_datasetTMB_swissprot_P0A928.csv.aln
2.730
/home/user/thesis/scripts/BlastOut_datasetTMB/BlastOut_datasetTMB_swissprot/top10BlastSplit/fasta/aln/BlastOut_datasetTMB_swissprot_P0A929.csv.aln
2.730
/home/user/thesis/scripts/BlastOut_datasetTMB/BlastOut_datasetTMB_swissprot/top10BlastSplit/fasta/aln/BlastOut_datasetTMB_swissprot_P0A937.csv.aln
0.836
/home/user/thesis/scripts/BlastOut_datasetTMB/BlastOut_datasetTMB_swissprot/top10BlastSplit/fasta/aln/BlastOut_datasetTMB_swissprot_P0AC02.csv.aln
0.591
/home/user/thesis/scripts/BlastOut_datasetTMB/BlastOut_datasetTMB_swissprot/top10BlastSplit/fasta/aln/BlastOut_datasetTMB_swissprot_P0AEA2.csv.aln
0.456
/home/user/thesis/scripts/BlastOut_datasetTMB/BlastOut_datasetTMB_swissprot/top10BlastSplit/fasta/aln/BlastOut_datasetTMB_swissprot_P0C2W0.csv.aln
2.534
/home/user/thesis/scripts/BlastOut_datasetTMB/BlastOut_datasetTMB_swissprot/top10BlastSplit/fasta/aln/BlastOut_datasetTMB_swissprot_P0C6Q6.csv.aln
1.522
/home/user/thesis/scripts/BlastOut_datasetTMB/BlastOut_datasetTMB_swissprot/top10BlastSplit/fasta/aln/BlastOut_datasetTMB_swissprot_P0DH58.csv.aln
1.077
/home/user/thesis/scripts/BlastOut_datasetTMB/BlastOut_datasetTMB_swissprot/top10BlastSplit/fasta/aln/BlastOut_datasetTMB_swissprot_P10384.csv.aln
1.036
/home/user/thesis/scripts/BlastOut_datasetTMB/BlastOut_datasetTMB_swissprot/top10BlastSplit/fasta/aln/BlastOut_datasetTMB_swissprot_P10643.csv.aln
1.068
/home/user/thesis/scripts/BlastOut_datasetTMB/BlastOut_datasetTMB_swissprot/top10BlastSplit/fasta/aln/BlastOut_datasetTMB_swissprot_P11922.csv.aln
1.042
/home/user/thesis/scripts/BlastOut_datasetTMB/BlastOut_datasetTMB_swissprot/top10BlastSplit/fasta/aln/BlastOut_datasetTMB_swissprot_P12643.csv.aln
1.092
/home/user/thesis/scripts/BlastOut_datasetTMB/BlastOut_datasetTMB_swissprot/top10BlastSplit/fasta/aln/BlastOut_datasetTMB_swissprot_P13036.csv.aln
0.938
/home/user/thesis/scripts/BlastOut_datasetTMB/BlastOut_datasetTMB_swissprot/top10BlastSplit/fasta/aln/BlastOut_datasetTMB_swissprot_P13671.csv.aln
1.046
/home/user/thesis/scripts/BlastOut_datasetTMB/BlastOut_datasetTMB_swissprot/top10BlastSplit/fasta/aln/BlastOut_datasetTMB_swissprot_P15319.csv.aln
0.782
/home/user/thesis/scripts/BlastOut_datasetTMB/BlastOut_datasetTMB_swissprot/top10BlastSplit/fasta/aln/BlastOut_datasetTMB_swissprot_P16869.csv.aln
0.783
/home/user/thesis/scripts/BlastOut_datasetTMB/BlastOut_datasetTMB_swissprot/top10BlastSplit/fasta/aln/BlastOut_datasetTMB_swissprot_P17315.csv.aln
1.369
/home/user/thesis/scripts/BlastOut_datasetTMB/BlastOut_datasetTMB_swissprot/top10BlastSplit/fasta/aln/BlastOut_datasetTMB_swissprot_P18195.csv.aln
1.054
/home/user/thesis/scripts/BlastOut_datasetTMB/BlastOut_datasetTMB_swissprot/top10BlastSplit/fasta/aln/BlastOut_datasetTMB_swissprot_P18895.csv.aln
0.601
/home/user/thesis/scripts/BlastOut_datasetTMB/BlastOut_datasetTMB_swissprot/top10BlastSplit/fasta/aln/BlastOut_datasetTMB_swissprot_P19809.csv.aln
1.513
/home/user/thesis/scripts/BlastOut_datasetTMB/BlastOut_datasetTMB_swissprot/top10BlastSplit/fasta/aln/BlastOut_datasetTMB_swissprot_P21796.csv.aln
1.000
/home/user/thesis/scripts/BlastOut_datasetTMB/BlastOut_datasetTMB_swissprot/top10BlastSplit/fasta/aln/BlastOut_datasetTMB_swissprot_P22340.csv.aln
1.328
/home/user/thesis/scripts/BlastOut_datasetTMB/BlastOut_datasetTMB_swissprot/top10BlastSplit/fasta/aln/BlastOut_datasetTMB_swissprot_P24017.csv.aln
1.000
/home/user/thesis/scripts/BlastOut_datasetTMB/BlastOut_datasetTMB_swissprot/top10BlastSplit/fasta/aln/BlastOut_datasetTMB_swissprot_P24305.csv.aln
1.483
/home/user/thesis/scripts/BlastOut_datasetTMB/BlastOut_datasetTMB_swissprot/top10BlastSplit/fasta/aln/BlastOut_datasetTMB_swissprot_P24391.csv.aln
1.028
/home/user/thesis/scripts/BlastOut_datasetTMB/BlastOut_datasetTMB_swissprot/top10BlastSplit/fasta/aln/BlastOut_datasetTMB_swissprot_P26466.csv.aln
1.000
/home/user/thesis/scripts/BlastOut_datasetTMB/BlastOut_datasetTMB_swissprot/top10BlastSplit/fasta/aln/BlastOut_datasetTMB_swissprot_P30130.csv.aln
0.776
/home/user/thesis/scripts/BlastOut_datasetTMB/BlastOut_datasetTMB_swissprot/top10BlastSplit/fasta/aln/BlastOut_datasetTMB_swissprot_P30690.csv.aln
1.059
/home/user/thesis/scripts/BlastOut_datasetTMB/BlastOut_datasetTMB_swissprot/top10BlastSplit/fasta/aln/BlastOut_datasetTMB_swissprot_P31243.csv.aln
0.098
/home/user/thesis/scripts/BlastOut_datasetTMB/BlastOut_datasetTMB_swissprot/top10BlastSplit/fasta/aln/BlastOut_datasetTMB_swissprot_P31554.csv.aln
1.000
/home/user/thesis/scripts/BlastOut_datasetTMB/BlastOut_datasetTMB_swissprot/top10BlastSplit/fasta/aln/BlastOut_datasetTMB_swissprot_P31697.csv.aln
0.757
/home/user/thesis/scripts/BlastOut_datasetTMB/BlastOut_datasetTMB_swissprot/top10BlastSplit/fasta/aln/BlastOut_datasetTMB_swissprot_P31780.csv.aln
0.978
/home/user/thesis/scripts/BlastOut_datasetTMB/BlastOut_datasetTMB_swissprot/top10BlastSplit/fasta/aln/BlastOut_datasetTMB_swissprot_P32722.csv.aln
0.328
/home/user/thesis/scripts/BlastOut_datasetTMB/BlastOut_datasetTMB_swissprot/top10BlastSplit/fasta/aln/BlastOut_datasetTMB_swissprot_P35077.csv.aln
0.417
/home/user/thesis/scripts/BlastOut_datasetTMB/BlastOut_datasetTMB_swissprot/top10BlastSplit/fasta/aln/BlastOut_datasetTMB_swissprot_P35672.csv.aln
0.725
/home/user/thesis/scripts/BlastOut_datasetTMB/BlastOut_datasetTMB_swissprot/top10BlastSplit/fasta/aln/BlastOut_datasetTMB_swissprot_P35818.csv.aln
0.978
/home/user/thesis/scripts/BlastOut_datasetTMB/BlastOut_datasetTMB_swissprot/top10BlastSplit/fasta/aln/BlastOut_datasetTMB_swissprot_P35916.csv.aln
0.873
/home/user/thesis/scripts/BlastOut_datasetTMB/BlastOut_datasetTMB_swissprot/top10BlastSplit/fasta/aln/BlastOut_datasetTMB_swissprot_P37001.csv.aln
1.000
/home/user/thesis/scripts/BlastOut_datasetTMB/BlastOut_datasetTMB_swissprot/top10BlastSplit/fasta/aln/BlastOut_datasetTMB_swissprot_P37432.csv.aln
0.809
/home/user/thesis/scripts/BlastOut_datasetTMB/BlastOut_datasetTMB_swissprot/top10BlastSplit/fasta/aln/BlastOut_datasetTMB_swissprot_P42512.csv.aln
0.858
/home/user/thesis/scripts/BlastOut_datasetTMB/BlastOut_datasetTMB_swissprot/top10BlastSplit/fasta/aln/BlastOut_datasetTMB_swissprot_P43261.csv.aln
1.043
/home/user/thesis/scripts/BlastOut_datasetTMB/BlastOut_datasetTMB_swissprot/top10BlastSplit/fasta/aln/BlastOut_datasetTMB_swissprot_P45758.csv.aln
0.878
/home/user/thesis/scripts/BlastOut_datasetTMB/BlastOut_datasetTMB_swissprot/top10BlastSplit/fasta/aln/BlastOut_datasetTMB_swissprot_P45779.csv.aln
1.005
/home/user/thesis/scripts/BlastOut_datasetTMB/BlastOut_datasetTMB_swissprot/top10BlastSplit/fasta/aln/BlastOut_datasetTMB_swissprot_P46359.csv.aln
0.917
/home/user/thesis/scripts/BlastOut_datasetTMB/BlastOut_datasetTMB_swissprot/top10BlastSplit/fasta/aln/BlastOut_datasetTMB_swissprot_P48632.csv.aln
0.820
/home/user/thesis/scripts/BlastOut_datasetTMB/BlastOut_datasetTMB_swissprot/top10BlastSplit/fasta/aln/BlastOut_datasetTMB_swissprot_P49767.csv.aln
1.241
/home/user/thesis/scripts/BlastOut_datasetTMB/BlastOut_datasetTMB_swissprot/top10BlastSplit/fasta/aln/BlastOut_datasetTMB_swissprot_P69856.csv.aln
0.660
/home/user/thesis/scripts/BlastOut_datasetTMB/BlastOut_datasetTMB_swissprot/top10BlastSplit/fasta/aln/BlastOut_datasetTMB_swissprot_P69857.csv.aln
0.660
/home/user/thesis/scripts/BlastOut_datasetTMB/BlastOut_datasetTMB_swissprot/top10BlastSplit/fasta/aln/BlastOut_datasetTMB_swissprot_P69858.csv.aln
0.660
/home/user/thesis/scripts/BlastOut_datasetTMB/BlastOut_datasetTMB_swissprot/top10BlastSplit/fasta/aln/BlastOut_datasetTMB_swissprot_P75780.csv.aln
0.819
/home/user/thesis/scripts/BlastOut_datasetTMB/BlastOut_datasetTMB_swissprot/top10BlastSplit/fasta/aln/BlastOut_datasetTMB_swissprot_P77211.csv.aln
0.846
/home/user/thesis/scripts/BlastOut_datasetTMB/BlastOut_datasetTMB_swissprot/top10BlastSplit/fasta/aln/BlastOut_datasetTMB_swissprot_P77774.csv.aln
0.671
/home/user/thesis/scripts/BlastOut_datasetTMB/BlastOut_datasetTMB_swissprot/top10BlastSplit/fasta/aln/BlastOut_datasetTMB_swissprot_Q03155.csv.aln
0.595
/home/user/thesis/scripts/BlastOut_datasetTMB/BlastOut_datasetTMB_swissprot/top10BlastSplit/fasta/aln/BlastOut_datasetTMB_swissprot_Q04884.csv.aln
1.000
/home/user/thesis/scripts/BlastOut_datasetTMB/BlastOut_datasetTMB_swissprot/top10BlastSplit/fasta/aln/BlastOut_datasetTMB_swissprot_Q05098.csv.aln
1.188
/home/user/thesis/scripts/BlastOut_datasetTMB/BlastOut_datasetTMB_swissprot/top10BlastSplit/fasta/aln/BlastOut_datasetTMB_swissprot_Q06584.csv.aln
0.789
/home/user/thesis/scripts/BlastOut_datasetTMB/BlastOut_datasetTMB_swissprot/top10BlastSplit/fasta/aln/BlastOut_datasetTMB_swissprot_Q16853.csv.aln
1.012
/home/user/thesis/scripts/BlastOut_datasetTMB/BlastOut_datasetTMB_swissprot/top10BlastSplit/fasta/aln/BlastOut_datasetTMB_swissprot_Q2FFA2.csv.aln
1.416
/home/user/thesis/scripts/BlastOut_datasetTMB/BlastOut_datasetTMB_swissprot/top10BlastSplit/fasta/aln/BlastOut_datasetTMB_swissprot_Q2FFA3.csv.aln
1.230
/home/user/thesis/scripts/BlastOut_datasetTMB/BlastOut_datasetTMB_swissprot/top10BlastSplit/fasta/aln/BlastOut_datasetTMB_swissprot_Q45340.csv.aln
0.615
/home/user/thesis/scripts/BlastOut_datasetTMB/BlastOut_datasetTMB_swissprot/top10BlastSplit/fasta/aln/BlastOut_datasetTMB_swissprot_Q48473.csv.aln
1.023
/home/user/thesis/scripts/BlastOut_datasetTMB/BlastOut_datasetTMB_swissprot/top10BlastSplit/fasta/aln/BlastOut_datasetTMB_swissprot_Q51397.csv.aln
0.757
/home/user/thesis/scripts/BlastOut_datasetTMB/BlastOut_datasetTMB_swissprot/top10BlastSplit/fasta/aln/BlastOut_datasetTMB_swissprot_Q51487.csv.aln
0.762
/home/user/thesis/scripts/BlastOut_datasetTMB/BlastOut_datasetTMB_swissprot/top10BlastSplit/fasta/aln/BlastOut_datasetTMB_swissprot_Q54450.csv.aln
1.103
/home/user/thesis/scripts/BlastOut_datasetTMB/BlastOut_datasetTMB_swissprot/top10BlastSplit/fasta/aln/BlastOut_datasetTMB_swissprot_Q5Y4Y6.csv.aln
0.755
/home/user/thesis/scripts/BlastOut_datasetTMB/BlastOut_datasetTMB_swissprot/top10BlastSplit/fasta/aln/BlastOut_datasetTMB_swissprot_Q60932.csv.aln
1.000
/home/user/thesis/scripts/BlastOut_datasetTMB/BlastOut_datasetTMB_swissprot/top10BlastSplit/fasta/aln/BlastOut_datasetTMB_swissprot_Q7BSW5.csv.aln
0.921
/home/user/thesis/scripts/BlastOut_datasetTMB/BlastOut_datasetTMB_swissprot/top10BlastSplit/fasta/aln/BlastOut_datasetTMB_swissprot_Q7CJV2.csv.aln
0.891
/home/user/thesis/scripts/BlastOut_datasetTMB/BlastOut_datasetTMB_swissprot/top10BlastSplit/fasta/aln/BlastOut_datasetTMB_swissprot_Q8CVW1.csv.aln
1.026
/home/user/thesis/scripts/BlastOut_datasetTMB/BlastOut_datasetTMB_swissprot/top10BlastSplit/fasta/aln/BlastOut_datasetTMB_swissprot_Q8ZIK3.csv.aln
0.883
/home/user/thesis/scripts/BlastOut_datasetTMB/BlastOut_datasetTMB_swissprot/top10BlastSplit/fasta/aln/BlastOut_datasetTMB_swissprot_Q8ZPC9.csv.aln
1.000
/home/user/thesis/scripts/BlastOut_datasetTMB/BlastOut_datasetTMB_swissprot/top10BlastSplit/fasta/aln/BlastOut_datasetTMB_swissprot_Q8ZRP0.csv.aln
1.000
/home/user/thesis/scripts/BlastOut_datasetTMB/BlastOut_datasetTMB_swissprot/top10BlastSplit/fasta/aln/BlastOut_datasetTMB_swissprot_Q8ZRW0.csv.aln
1.000
/home/user/thesis/scripts/BlastOut_datasetTMB/BlastOut_datasetTMB_swissprot/top10BlastSplit/fasta/aln/BlastOut_datasetTMB_swissprot_Q99RL1.csv.aln
1.000
/home/user/thesis/scripts/BlastOut_datasetTMB/BlastOut_datasetTMB_swissprot/top10BlastSplit/fasta/aln/BlastOut_datasetTMB_swissprot_Q9I5U2.csv.aln
0.951
/home/user/thesis/scripts/BlastOut_datasetTMB/BlastOut_datasetTMB_swissprot/top10BlastSplit/fasta/aln/BlastOut_datasetTMB_swissprot_Q9K0U9.csv.aln
1.144
/home/user/thesis/scripts/BlastOut_datasetTMB/BlastOut_datasetTMB_swissprot/top10BlastSplit/fasta/aln/BlastOut_datasetTMB_swissprot_Q9TUM0.csv.aln
0.972
