/home/user/thesis/scripts/BlastOut_datasetTMB/BlastOut_datasetTMB_unirefOMBB100/top25BlastSplit/fasta/clustalO/BlastOut_datasetTMB_unirefOMBB100_O33407.csv.fasta.aln
0.842
/home/user/thesis/scripts/BlastOut_datasetTMB/BlastOut_datasetTMB_unirefOMBB100/top25BlastSplit/fasta/clustalO/BlastOut_datasetTMB_unirefOMBB100_O88093.csv.fasta.aln
1.000
/home/user/thesis/scripts/BlastOut_datasetTMB/BlastOut_datasetTMB_unirefOMBB100/top25BlastSplit/fasta/clustalO/BlastOut_datasetTMB_unirefOMBB100_P00747.csv.fasta.aln
0.422
/home/user/thesis/scripts/BlastOut_datasetTMB/BlastOut_datasetTMB_unirefOMBB100/top25BlastSplit/fasta/clustalO/BlastOut_datasetTMB_unirefOMBB100_P02929.csv.fasta.aln
0.563
/home/user/thesis/scripts/BlastOut_datasetTMB/BlastOut_datasetTMB_unirefOMBB100/top25BlastSplit/fasta/clustalO/BlastOut_datasetTMB_unirefOMBB100_P05430.csv.fasta.aln
1.485
/home/user/thesis/scripts/BlastOut_datasetTMB/BlastOut_datasetTMB_unirefOMBB100/top25BlastSplit/fasta/clustalO/BlastOut_datasetTMB_unirefOMBB100_P05825.csv.fasta.aln
0.457
/home/user/thesis/scripts/BlastOut_datasetTMB/BlastOut_datasetTMB_unirefOMBB100/top25BlastSplit/fasta/clustalO/BlastOut_datasetTMB_unirefOMBB100_P06129.csv.fasta.aln
0.467
/home/user/thesis/scripts/BlastOut_datasetTMB/BlastOut_datasetTMB_unirefOMBB100/top25BlastSplit/fasta/clustalO/BlastOut_datasetTMB_unirefOMBB100_P09169.csv.fasta.aln
0.466
/home/user/thesis/scripts/BlastOut_datasetTMB/BlastOut_datasetTMB_unirefOMBB100/top25BlastSplit/fasta/clustalO/BlastOut_datasetTMB_unirefOMBB100_P09616.csv.fasta.aln
2.344
/home/user/thesis/scripts/BlastOut_datasetTMB/BlastOut_datasetTMB_unirefOMBB100/top25BlastSplit/fasta/clustalO/BlastOut_datasetTMB_unirefOMBB100_P0A903.csv.fasta.aln
0.756
/home/user/thesis/scripts/BlastOut_datasetTMB/BlastOut_datasetTMB_unirefOMBB100/top25BlastSplit/fasta/clustalO/BlastOut_datasetTMB_unirefOMBB100_P0A910.csv.fasta.aln
0.695
/home/user/thesis/scripts/BlastOut_datasetTMB/BlastOut_datasetTMB_unirefOMBB100/top25BlastSplit/fasta/clustalO/BlastOut_datasetTMB_unirefOMBB100_P0A911.csv.fasta.aln
0.695
/home/user/thesis/scripts/BlastOut_datasetTMB/BlastOut_datasetTMB_unirefOMBB100/top25BlastSplit/fasta/clustalO/BlastOut_datasetTMB_unirefOMBB100_P0A915.csv.fasta.aln
0.428
/home/user/thesis/scripts/BlastOut_datasetTMB/BlastOut_datasetTMB_unirefOMBB100/top25BlastSplit/fasta/clustalO/BlastOut_datasetTMB_unirefOMBB100_P0A916.csv.fasta.aln
0.428
/home/user/thesis/scripts/BlastOut_datasetTMB/BlastOut_datasetTMB_unirefOMBB100/top25BlastSplit/fasta/clustalO/BlastOut_datasetTMB_unirefOMBB100_P0A917.csv.fasta.aln
0.809
/home/user/thesis/scripts/BlastOut_datasetTMB/BlastOut_datasetTMB_unirefOMBB100/top25BlastSplit/fasta/clustalO/BlastOut_datasetTMB_unirefOMBB100_P0A918.csv.fasta.aln
0.809
/home/user/thesis/scripts/BlastOut_datasetTMB/BlastOut_datasetTMB_unirefOMBB100/top25BlastSplit/fasta/clustalO/BlastOut_datasetTMB_unirefOMBB100_P0A919.csv.fasta.aln
0.809
/home/user/thesis/scripts/BlastOut_datasetTMB/BlastOut_datasetTMB_unirefOMBB100/top25BlastSplit/fasta/clustalO/BlastOut_datasetTMB_unirefOMBB100_P0A920.csv.fasta.aln
0.809
/home/user/thesis/scripts/BlastOut_datasetTMB/BlastOut_datasetTMB_unirefOMBB100/top25BlastSplit/fasta/clustalO/BlastOut_datasetTMB_unirefOMBB100_P0A937.csv.fasta.aln
1.097
/home/user/thesis/scripts/BlastOut_datasetTMB/BlastOut_datasetTMB_unirefOMBB100/top25BlastSplit/fasta/clustalO/BlastOut_datasetTMB_unirefOMBB100_P0A940.csv.fasta.aln
0.792
/home/user/thesis/scripts/BlastOut_datasetTMB/BlastOut_datasetTMB_unirefOMBB100/top25BlastSplit/fasta/clustalO/BlastOut_datasetTMB_unirefOMBB100_P0A941.csv.fasta.aln
0.792
/home/user/thesis/scripts/BlastOut_datasetTMB/BlastOut_datasetTMB_unirefOMBB100/top25BlastSplit/fasta/clustalO/BlastOut_datasetTMB_unirefOMBB100_P0A942.csv.fasta.aln
0.792
/home/user/thesis/scripts/BlastOut_datasetTMB/BlastOut_datasetTMB_unirefOMBB100/top25BlastSplit/fasta/clustalO/BlastOut_datasetTMB_unirefOMBB100_P0A943.csv.fasta.aln
0.792
/home/user/thesis/scripts/BlastOut_datasetTMB/BlastOut_datasetTMB_unirefOMBB100/top25BlastSplit/fasta/clustalO/BlastOut_datasetTMB_unirefOMBB100_P0AC02.csv.fasta.aln
0.657
/home/user/thesis/scripts/BlastOut_datasetTMB/BlastOut_datasetTMB_unirefOMBB100/top25BlastSplit/fasta/clustalO/BlastOut_datasetTMB_unirefOMBB100_P0ADE4.csv.fasta.aln
0.841
/home/user/thesis/scripts/BlastOut_datasetTMB/BlastOut_datasetTMB_unirefOMBB100/top25BlastSplit/fasta/clustalO/BlastOut_datasetTMB_unirefOMBB100_P0ADE5.csv.fasta.aln
0.841
/home/user/thesis/scripts/BlastOut_datasetTMB/BlastOut_datasetTMB_unirefOMBB100/top25BlastSplit/fasta/clustalO/BlastOut_datasetTMB_unirefOMBB100_P10384.csv.fasta.aln
0.701
/home/user/thesis/scripts/BlastOut_datasetTMB/BlastOut_datasetTMB_unirefOMBB100/top25BlastSplit/fasta/clustalO/BlastOut_datasetTMB_unirefOMBB100_P13036.csv.fasta.aln
0.402
/home/user/thesis/scripts/BlastOut_datasetTMB/BlastOut_datasetTMB_unirefOMBB100/top25BlastSplit/fasta/clustalO/BlastOut_datasetTMB_unirefOMBB100_P13794.csv.fasta.aln
0.560
/home/user/thesis/scripts/BlastOut_datasetTMB/BlastOut_datasetTMB_unirefOMBB100/top25BlastSplit/fasta/clustalO/BlastOut_datasetTMB_unirefOMBB100_P17315.csv.fasta.aln
0.436
/home/user/thesis/scripts/BlastOut_datasetTMB/BlastOut_datasetTMB_unirefOMBB100/top25BlastSplit/fasta/clustalO/BlastOut_datasetTMB_unirefOMBB100_P17811.csv.fasta.aln
0.296
/home/user/thesis/scripts/BlastOut_datasetTMB/BlastOut_datasetTMB_unirefOMBB100/top25BlastSplit/fasta/clustalO/BlastOut_datasetTMB_unirefOMBB100_P24017.csv.fasta.aln
0.657
/home/user/thesis/scripts/BlastOut_datasetTMB/BlastOut_datasetTMB_unirefOMBB100/top25BlastSplit/fasta/clustalO/BlastOut_datasetTMB_unirefOMBB100_P24305.csv.fasta.aln
0.185
/home/user/thesis/scripts/BlastOut_datasetTMB/BlastOut_datasetTMB_unirefOMBB100/top25BlastSplit/fasta/clustalO/BlastOut_datasetTMB_unirefOMBB100_P30690.csv.fasta.aln
0.518
/home/user/thesis/scripts/BlastOut_datasetTMB/BlastOut_datasetTMB_unirefOMBB100/top25BlastSplit/fasta/clustalO/BlastOut_datasetTMB_unirefOMBB100_P35818.csv.fasta.aln
1.823
/home/user/thesis/scripts/BlastOut_datasetTMB/BlastOut_datasetTMB_unirefOMBB100/top25BlastSplit/fasta/clustalO/BlastOut_datasetTMB_unirefOMBB100_P46359.csv.fasta.aln
0.244
/home/user/thesis/scripts/BlastOut_datasetTMB/BlastOut_datasetTMB_unirefOMBB100/top25BlastSplit/fasta/clustalO/BlastOut_datasetTMB_unirefOMBB100_P69434.csv.fasta.aln
0.277
/home/user/thesis/scripts/BlastOut_datasetTMB/BlastOut_datasetTMB_unirefOMBB100/top25BlastSplit/fasta/clustalO/BlastOut_datasetTMB_unirefOMBB100_P69856.csv.fasta.aln
0.169
/home/user/thesis/scripts/BlastOut_datasetTMB/BlastOut_datasetTMB_unirefOMBB100/top25BlastSplit/fasta/clustalO/BlastOut_datasetTMB_unirefOMBB100_P69857.csv.fasta.aln
0.169
/home/user/thesis/scripts/BlastOut_datasetTMB/BlastOut_datasetTMB_unirefOMBB100/top25BlastSplit/fasta/clustalO/BlastOut_datasetTMB_unirefOMBB100_P69858.csv.fasta.aln
0.169
/home/user/thesis/scripts/BlastOut_datasetTMB/BlastOut_datasetTMB_unirefOMBB100/top25BlastSplit/fasta/clustalO/BlastOut_datasetTMB_unirefOMBB100_P76045.csv.fasta.aln
0.245
/home/user/thesis/scripts/BlastOut_datasetTMB/BlastOut_datasetTMB_unirefOMBB100/top25BlastSplit/fasta/clustalO/BlastOut_datasetTMB_unirefOMBB100_P77774.csv.fasta.aln
0.576
/home/user/thesis/scripts/BlastOut_datasetTMB/BlastOut_datasetTMB_unirefOMBB100/top25BlastSplit/fasta/clustalO/BlastOut_datasetTMB_unirefOMBB100_Q03155.csv.fasta.aln
1.399
/home/user/thesis/scripts/BlastOut_datasetTMB/BlastOut_datasetTMB_unirefOMBB100/top25BlastSplit/fasta/clustalO/BlastOut_datasetTMB_unirefOMBB100_Q04884.csv.fasta.aln
1.000
/home/user/thesis/scripts/BlastOut_datasetTMB/BlastOut_datasetTMB_unirefOMBB100/top25BlastSplit/fasta/clustalO/BlastOut_datasetTMB_unirefOMBB100_Q05098.csv.fasta.aln
0.454
/home/user/thesis/scripts/BlastOut_datasetTMB/BlastOut_datasetTMB_unirefOMBB100/top25BlastSplit/fasta/clustalO/BlastOut_datasetTMB_unirefOMBB100_Q45340.csv.fasta.aln
0.949
/home/user/thesis/scripts/BlastOut_datasetTMB/BlastOut_datasetTMB_unirefOMBB100/top25BlastSplit/fasta/clustalO/BlastOut_datasetTMB_unirefOMBB100_Q7BCK4.csv.fasta.aln
1.000
/home/user/thesis/scripts/BlastOut_datasetTMB/BlastOut_datasetTMB_unirefOMBB100/top25BlastSplit/fasta/clustalO/BlastOut_datasetTMB_unirefOMBB100_Q7BSW5.csv.fasta.aln
1.000
/home/user/thesis/scripts/BlastOut_datasetTMB/BlastOut_datasetTMB_unirefOMBB100/top25BlastSplit/fasta/clustalO/BlastOut_datasetTMB_unirefOMBB100_Q8ZRP0.csv.fasta.aln
0.796
/home/user/thesis/scripts/BlastOut_datasetTMB/BlastOut_datasetTMB_unirefOMBB100/top25BlastSplit/fasta/clustalO/BlastOut_datasetTMB_unirefOMBB100_Q9HVD1.csv.fasta.aln
0.178
/home/user/thesis/scripts/BlastOut_datasetTMB/BlastOut_datasetTMB_unirefOMBB100/top25BlastSplit/fasta/clustalO/BlastOut_datasetTMB_unirefOMBB100_Q9I5U2.csv.fasta.aln
1.082
/home/user/thesis/scripts/BlastOut_datasetTMB/BlastOut_datasetTMB_unirefOMBB100/top25BlastSplit/fasta/clustalO/BlastOut_datasetTMB_unirefOMBB100_Q9JZN9.csv.fasta.aln
0.541
