/home/user/thesis/scripts/BlastOut_datasetTMB/BlastOut_datasetTMB_unirefOMBB100/top50BlastSplit/fasta/tcoffee/BlastOut_datasetTMB_unirefOMBB100_O33407.csv.aln
0.842
/home/user/thesis/scripts/BlastOut_datasetTMB/BlastOut_datasetTMB_unirefOMBB100/top50BlastSplit/fasta/tcoffee/BlastOut_datasetTMB_unirefOMBB100_O88093.csv.aln
1.000
/home/user/thesis/scripts/BlastOut_datasetTMB/BlastOut_datasetTMB_unirefOMBB100/top50BlastSplit/fasta/tcoffee/BlastOut_datasetTMB_unirefOMBB100_P02929.csv.aln
0.488
/home/user/thesis/scripts/BlastOut_datasetTMB/BlastOut_datasetTMB_unirefOMBB100/top50BlastSplit/fasta/tcoffee/BlastOut_datasetTMB_unirefOMBB100_P05430.csv.aln
0.848
/home/user/thesis/scripts/BlastOut_datasetTMB/BlastOut_datasetTMB_unirefOMBB100/top50BlastSplit/fasta/tcoffee/BlastOut_datasetTMB_unirefOMBB100_P05825.csv.aln
0.354
/home/user/thesis/scripts/BlastOut_datasetTMB/BlastOut_datasetTMB_unirefOMBB100/top50BlastSplit/fasta/tcoffee/BlastOut_datasetTMB_unirefOMBB100_P06129.csv.aln
0.354
/home/user/thesis/scripts/BlastOut_datasetTMB/BlastOut_datasetTMB_unirefOMBB100/top50BlastSplit/fasta/tcoffee/BlastOut_datasetTMB_unirefOMBB100_P09169.csv.aln
0.404
/home/user/thesis/scripts/BlastOut_datasetTMB/BlastOut_datasetTMB_unirefOMBB100/top50BlastSplit/fasta/tcoffee/BlastOut_datasetTMB_unirefOMBB100_P0A903.csv.aln
0.755
/home/user/thesis/scripts/BlastOut_datasetTMB/BlastOut_datasetTMB_unirefOMBB100/top50BlastSplit/fasta/tcoffee/BlastOut_datasetTMB_unirefOMBB100_P0A910.csv.aln
0.595
/home/user/thesis/scripts/BlastOut_datasetTMB/BlastOut_datasetTMB_unirefOMBB100/top50BlastSplit/fasta/tcoffee/BlastOut_datasetTMB_unirefOMBB100_P0A911.csv.aln
0.595
/home/user/thesis/scripts/BlastOut_datasetTMB/BlastOut_datasetTMB_unirefOMBB100/top50BlastSplit/fasta/tcoffee/BlastOut_datasetTMB_unirefOMBB100_P0A915.csv.aln
0.308
/home/user/thesis/scripts/BlastOut_datasetTMB/BlastOut_datasetTMB_unirefOMBB100/top50BlastSplit/fasta/tcoffee/BlastOut_datasetTMB_unirefOMBB100_P0A916.csv.aln
0.308
/home/user/thesis/scripts/BlastOut_datasetTMB/BlastOut_datasetTMB_unirefOMBB100/top50BlastSplit/fasta/tcoffee/BlastOut_datasetTMB_unirefOMBB100_P0A917.csv.aln
0.743
/home/user/thesis/scripts/BlastOut_datasetTMB/BlastOut_datasetTMB_unirefOMBB100/top50BlastSplit/fasta/tcoffee/BlastOut_datasetTMB_unirefOMBB100_P0A918.csv.aln
0.743
/home/user/thesis/scripts/BlastOut_datasetTMB/BlastOut_datasetTMB_unirefOMBB100/top50BlastSplit/fasta/tcoffee/BlastOut_datasetTMB_unirefOMBB100_P0A919.csv.aln
0.743
/home/user/thesis/scripts/BlastOut_datasetTMB/BlastOut_datasetTMB_unirefOMBB100/top50BlastSplit/fasta/tcoffee/BlastOut_datasetTMB_unirefOMBB100_P0A920.csv.aln
0.743
/home/user/thesis/scripts/BlastOut_datasetTMB/BlastOut_datasetTMB_unirefOMBB100/top50BlastSplit/fasta/tcoffee/BlastOut_datasetTMB_unirefOMBB100_P0A937.csv.aln
0.891
/home/user/thesis/scripts/BlastOut_datasetTMB/BlastOut_datasetTMB_unirefOMBB100/top50BlastSplit/fasta/tcoffee/BlastOut_datasetTMB_unirefOMBB100_P0A940.csv.aln
0.623
/home/user/thesis/scripts/BlastOut_datasetTMB/BlastOut_datasetTMB_unirefOMBB100/top50BlastSplit/fasta/tcoffee/BlastOut_datasetTMB_unirefOMBB100_P0A941.csv.aln
0.623
/home/user/thesis/scripts/BlastOut_datasetTMB/BlastOut_datasetTMB_unirefOMBB100/top50BlastSplit/fasta/tcoffee/BlastOut_datasetTMB_unirefOMBB100_P0A942.csv.aln
0.623
/home/user/thesis/scripts/BlastOut_datasetTMB/BlastOut_datasetTMB_unirefOMBB100/top50BlastSplit/fasta/tcoffee/BlastOut_datasetTMB_unirefOMBB100_P0A943.csv.aln
0.623
/home/user/thesis/scripts/BlastOut_datasetTMB/BlastOut_datasetTMB_unirefOMBB100/top50BlastSplit/fasta/tcoffee/BlastOut_datasetTMB_unirefOMBB100_P0AC02.csv.aln
0.655
/home/user/thesis/scripts/BlastOut_datasetTMB/BlastOut_datasetTMB_unirefOMBB100/top50BlastSplit/fasta/tcoffee/BlastOut_datasetTMB_unirefOMBB100_P0ADE4.csv.aln
0.736
/home/user/thesis/scripts/BlastOut_datasetTMB/BlastOut_datasetTMB_unirefOMBB100/top50BlastSplit/fasta/tcoffee/BlastOut_datasetTMB_unirefOMBB100_P0ADE5.csv.aln
0.736
/home/user/thesis/scripts/BlastOut_datasetTMB/BlastOut_datasetTMB_unirefOMBB100/top50BlastSplit/fasta/tcoffee/BlastOut_datasetTMB_unirefOMBB100_P10384.csv.aln
0.322
/home/user/thesis/scripts/BlastOut_datasetTMB/BlastOut_datasetTMB_unirefOMBB100/top50BlastSplit/fasta/tcoffee/BlastOut_datasetTMB_unirefOMBB100_P13036.csv.aln
0.319
/home/user/thesis/scripts/BlastOut_datasetTMB/BlastOut_datasetTMB_unirefOMBB100/top50BlastSplit/fasta/tcoffee/BlastOut_datasetTMB_unirefOMBB100_P13794.csv.aln
0.527
/home/user/thesis/scripts/BlastOut_datasetTMB/BlastOut_datasetTMB_unirefOMBB100/top50BlastSplit/fasta/tcoffee/BlastOut_datasetTMB_unirefOMBB100_P17315.csv.aln
0.418
/home/user/thesis/scripts/BlastOut_datasetTMB/BlastOut_datasetTMB_unirefOMBB100/top50BlastSplit/fasta/tcoffee/BlastOut_datasetTMB_unirefOMBB100_P17811.csv.aln
0.313
/home/user/thesis/scripts/BlastOut_datasetTMB/BlastOut_datasetTMB_unirefOMBB100/top50BlastSplit/fasta/tcoffee/BlastOut_datasetTMB_unirefOMBB100_P24017.csv.aln
0.663
/home/user/thesis/scripts/BlastOut_datasetTMB/BlastOut_datasetTMB_unirefOMBB100/top50BlastSplit/fasta/tcoffee/BlastOut_datasetTMB_unirefOMBB100_P30690.csv.aln
0.156
/home/user/thesis/scripts/BlastOut_datasetTMB/BlastOut_datasetTMB_unirefOMBB100/top50BlastSplit/fasta/tcoffee/BlastOut_datasetTMB_unirefOMBB100_P35818.csv.aln
2.595
/home/user/thesis/scripts/BlastOut_datasetTMB/BlastOut_datasetTMB_unirefOMBB100/top50BlastSplit/fasta/tcoffee/BlastOut_datasetTMB_unirefOMBB100_P69856.csv.aln
0.193
/home/user/thesis/scripts/BlastOut_datasetTMB/BlastOut_datasetTMB_unirefOMBB100/top50BlastSplit/fasta/tcoffee/BlastOut_datasetTMB_unirefOMBB100_P69857.csv.aln
0.193
/home/user/thesis/scripts/BlastOut_datasetTMB/BlastOut_datasetTMB_unirefOMBB100/top50BlastSplit/fasta/tcoffee/BlastOut_datasetTMB_unirefOMBB100_P69858.csv.aln
0.193
/home/user/thesis/scripts/BlastOut_datasetTMB/BlastOut_datasetTMB_unirefOMBB100/top50BlastSplit/fasta/tcoffee/BlastOut_datasetTMB_unirefOMBB100_P76045.csv.aln
0.212
/home/user/thesis/scripts/BlastOut_datasetTMB/BlastOut_datasetTMB_unirefOMBB100/top50BlastSplit/fasta/tcoffee/BlastOut_datasetTMB_unirefOMBB100_P77774.csv.aln
0.457
/home/user/thesis/scripts/BlastOut_datasetTMB/BlastOut_datasetTMB_unirefOMBB100/top50BlastSplit/fasta/tcoffee/BlastOut_datasetTMB_unirefOMBB100_Q03155.csv.aln
0.597
/home/user/thesis/scripts/BlastOut_datasetTMB/BlastOut_datasetTMB_unirefOMBB100/top50BlastSplit/fasta/tcoffee/BlastOut_datasetTMB_unirefOMBB100_Q04884.csv.aln
1.000
/home/user/thesis/scripts/BlastOut_datasetTMB/BlastOut_datasetTMB_unirefOMBB100/top50BlastSplit/fasta/tcoffee/BlastOut_datasetTMB_unirefOMBB100_Q05098.csv.aln
0.399
/home/user/thesis/scripts/BlastOut_datasetTMB/BlastOut_datasetTMB_unirefOMBB100/top50BlastSplit/fasta/tcoffee/BlastOut_datasetTMB_unirefOMBB100_Q45340.csv.aln
0.704
/home/user/thesis/scripts/BlastOut_datasetTMB/BlastOut_datasetTMB_unirefOMBB100/top50BlastSplit/fasta/tcoffee/BlastOut_datasetTMB_unirefOMBB100_Q7BCK4.csv.aln
1.000
/home/user/thesis/scripts/BlastOut_datasetTMB/BlastOut_datasetTMB_unirefOMBB100/top50BlastSplit/fasta/tcoffee/BlastOut_datasetTMB_unirefOMBB100_Q7BSW5.csv.aln
0.868
/home/user/thesis/scripts/BlastOut_datasetTMB/BlastOut_datasetTMB_unirefOMBB100/top50BlastSplit/fasta/tcoffee/BlastOut_datasetTMB_unirefOMBB100_Q8ZRP0.csv.aln
0.666
/home/user/thesis/scripts/BlastOut_datasetTMB/BlastOut_datasetTMB_unirefOMBB100/top50BlastSplit/fasta/tcoffee/BlastOut_datasetTMB_unirefOMBB100_Q9HVD1.csv.aln
0.195
/home/user/thesis/scripts/BlastOut_datasetTMB/BlastOut_datasetTMB_unirefOMBB100/top50BlastSplit/fasta/tcoffee/BlastOut_datasetTMB_unirefOMBB100_Q9I5U2.csv.aln
1.149
