/home/user/thesis/scripts/BlastOut_datasetTMB/BlastOut_datasetTMB_swissprot/top50BlastSplit/fasta/clustalO/BlastOut_datasetTMB_swissprot_A5F934.csv.fasta.aln
0.864
/home/user/thesis/scripts/BlastOut_datasetTMB/BlastOut_datasetTMB_swissprot/top50BlastSplit/fasta/clustalO/BlastOut_datasetTMB_swissprot_E3PJ86.csv.fasta.aln
0.514
/home/user/thesis/scripts/BlastOut_datasetTMB/BlastOut_datasetTMB_swissprot/top50BlastSplit/fasta/clustalO/BlastOut_datasetTMB_swissprot_P00747.csv.fasta.aln
1.000
/home/user/thesis/scripts/BlastOut_datasetTMB/BlastOut_datasetTMB_swissprot/top50BlastSplit/fasta/clustalO/BlastOut_datasetTMB_swissprot_P01031.csv.fasta.aln
1.146
/home/user/thesis/scripts/BlastOut_datasetTMB/BlastOut_datasetTMB_swissprot/top50BlastSplit/fasta/clustalO/BlastOut_datasetTMB_swissprot_P02748.csv.fasta.aln
0.506
/home/user/thesis/scripts/BlastOut_datasetTMB/BlastOut_datasetTMB_swissprot/top50BlastSplit/fasta/clustalO/BlastOut_datasetTMB_swissprot_P02787.csv.fasta.aln
1.116
/home/user/thesis/scripts/BlastOut_datasetTMB/BlastOut_datasetTMB_swissprot/top50BlastSplit/fasta/clustalO/BlastOut_datasetTMB_swissprot_P02931.csv.fasta.aln
0.363
/home/user/thesis/scripts/BlastOut_datasetTMB/BlastOut_datasetTMB_swissprot/top50BlastSplit/fasta/clustalO/BlastOut_datasetTMB_swissprot_P02932.csv.fasta.aln
0.263
/home/user/thesis/scripts/BlastOut_datasetTMB/BlastOut_datasetTMB_swissprot/top50BlastSplit/fasta/clustalO/BlastOut_datasetTMB_swissprot_P02943.csv.fasta.aln
0.805
/home/user/thesis/scripts/BlastOut_datasetTMB/BlastOut_datasetTMB_swissprot/top50BlastSplit/fasta/clustalO/BlastOut_datasetTMB_swissprot_P05825.csv.fasta.aln
0.828
/home/user/thesis/scripts/BlastOut_datasetTMB/BlastOut_datasetTMB_swissprot/top50BlastSplit/fasta/clustalO/BlastOut_datasetTMB_swissprot_P06129.csv.fasta.aln
0.806
/home/user/thesis/scripts/BlastOut_datasetTMB/BlastOut_datasetTMB_swissprot/top50BlastSplit/fasta/clustalO/BlastOut_datasetTMB_swissprot_P06971.csv.fasta.aln
0.637
/home/user/thesis/scripts/BlastOut_datasetTMB/BlastOut_datasetTMB_swissprot/top50BlastSplit/fasta/clustalO/BlastOut_datasetTMB_swissprot_P07357.csv.fasta.aln
0.575
/home/user/thesis/scripts/BlastOut_datasetTMB/BlastOut_datasetTMB_swissprot/top50BlastSplit/fasta/clustalO/BlastOut_datasetTMB_swissprot_P07358.csv.fasta.aln
0.609
/home/user/thesis/scripts/BlastOut_datasetTMB/BlastOut_datasetTMB_swissprot/top50BlastSplit/fasta/clustalO/BlastOut_datasetTMB_swissprot_P07360.csv.fasta.aln
0.440
/home/user/thesis/scripts/BlastOut_datasetTMB/BlastOut_datasetTMB_swissprot/top50BlastSplit/fasta/clustalO/BlastOut_datasetTMB_swissprot_P08189.csv.fasta.aln
0.471
/home/user/thesis/scripts/BlastOut_datasetTMB/BlastOut_datasetTMB_swissprot/top50BlastSplit/fasta/clustalO/BlastOut_datasetTMB_swissprot_P0A910.csv.fasta.aln
0.736
/home/user/thesis/scripts/BlastOut_datasetTMB/BlastOut_datasetTMB_swissprot/top50BlastSplit/fasta/clustalO/BlastOut_datasetTMB_swissprot_P0A911.csv.fasta.aln
0.736
/home/user/thesis/scripts/BlastOut_datasetTMB/BlastOut_datasetTMB_swissprot/top50BlastSplit/fasta/clustalO/BlastOut_datasetTMB_swissprot_P0A940.csv.fasta.aln
0.887
/home/user/thesis/scripts/BlastOut_datasetTMB/BlastOut_datasetTMB_swissprot/top50BlastSplit/fasta/clustalO/BlastOut_datasetTMB_swissprot_P0A941.csv.fasta.aln
0.887
/home/user/thesis/scripts/BlastOut_datasetTMB/BlastOut_datasetTMB_swissprot/top50BlastSplit/fasta/clustalO/BlastOut_datasetTMB_swissprot_P0A942.csv.fasta.aln
0.887
/home/user/thesis/scripts/BlastOut_datasetTMB/BlastOut_datasetTMB_swissprot/top50BlastSplit/fasta/clustalO/BlastOut_datasetTMB_swissprot_P0A943.csv.fasta.aln
0.887
/home/user/thesis/scripts/BlastOut_datasetTMB/BlastOut_datasetTMB_swissprot/top50BlastSplit/fasta/clustalO/BlastOut_datasetTMB_swissprot_P0ADE4.csv.fasta.aln
0.523
/home/user/thesis/scripts/BlastOut_datasetTMB/BlastOut_datasetTMB_swissprot/top50BlastSplit/fasta/clustalO/BlastOut_datasetTMB_swissprot_P0ADE5.csv.fasta.aln
0.523
/home/user/thesis/scripts/BlastOut_datasetTMB/BlastOut_datasetTMB_swissprot/top50BlastSplit/fasta/clustalO/BlastOut_datasetTMB_swissprot_P10643.csv.fasta.aln
0.957
/home/user/thesis/scripts/BlastOut_datasetTMB/BlastOut_datasetTMB_swissprot/top50BlastSplit/fasta/clustalO/BlastOut_datasetTMB_swissprot_P12643.csv.fasta.aln
0.753
/home/user/thesis/scripts/BlastOut_datasetTMB/BlastOut_datasetTMB_swissprot/top50BlastSplit/fasta/clustalO/BlastOut_datasetTMB_swissprot_P13036.csv.fasta.aln
0.902
/home/user/thesis/scripts/BlastOut_datasetTMB/BlastOut_datasetTMB_swissprot/top50BlastSplit/fasta/clustalO/BlastOut_datasetTMB_swissprot_P13671.csv.fasta.aln
0.457
/home/user/thesis/scripts/BlastOut_datasetTMB/BlastOut_datasetTMB_swissprot/top50BlastSplit/fasta/clustalO/BlastOut_datasetTMB_swissprot_P13794.csv.fasta.aln
0.689
/home/user/thesis/scripts/BlastOut_datasetTMB/BlastOut_datasetTMB_swissprot/top50BlastSplit/fasta/clustalO/BlastOut_datasetTMB_swissprot_P16869.csv.fasta.aln
0.683
/home/user/thesis/scripts/BlastOut_datasetTMB/BlastOut_datasetTMB_swissprot/top50BlastSplit/fasta/clustalO/BlastOut_datasetTMB_swissprot_P17315.csv.fasta.aln
0.850
/home/user/thesis/scripts/BlastOut_datasetTMB/BlastOut_datasetTMB_swissprot/top50BlastSplit/fasta/clustalO/BlastOut_datasetTMB_swissprot_P22340.csv.fasta.aln
0.884
/home/user/thesis/scripts/BlastOut_datasetTMB/BlastOut_datasetTMB_swissprot/top50BlastSplit/fasta/clustalO/BlastOut_datasetTMB_swissprot_P24017.csv.fasta.aln
0.745
/home/user/thesis/scripts/BlastOut_datasetTMB/BlastOut_datasetTMB_swissprot/top50BlastSplit/fasta/clustalO/BlastOut_datasetTMB_swissprot_P26466.csv.fasta.aln
0.873
/home/user/thesis/scripts/BlastOut_datasetTMB/BlastOut_datasetTMB_swissprot/top50BlastSplit/fasta/clustalO/BlastOut_datasetTMB_swissprot_P31554.csv.fasta.aln
0.737
/home/user/thesis/scripts/BlastOut_datasetTMB/BlastOut_datasetTMB_swissprot/top50BlastSplit/fasta/clustalO/BlastOut_datasetTMB_swissprot_P35916.csv.fasta.aln
1.091
/home/user/thesis/scripts/BlastOut_datasetTMB/BlastOut_datasetTMB_swissprot/top50BlastSplit/fasta/clustalO/BlastOut_datasetTMB_swissprot_P37001.csv.fasta.aln
0.775
/home/user/thesis/scripts/BlastOut_datasetTMB/BlastOut_datasetTMB_swissprot/top50BlastSplit/fasta/clustalO/BlastOut_datasetTMB_swissprot_P37432.csv.fasta.aln
0.530
/home/user/thesis/scripts/BlastOut_datasetTMB/BlastOut_datasetTMB_swissprot/top50BlastSplit/fasta/clustalO/BlastOut_datasetTMB_swissprot_P42512.csv.fasta.aln
0.663
/home/user/thesis/scripts/BlastOut_datasetTMB/BlastOut_datasetTMB_swissprot/top50BlastSplit/fasta/clustalO/BlastOut_datasetTMB_swissprot_P45758.csv.fasta.aln
0.707
/home/user/thesis/scripts/BlastOut_datasetTMB/BlastOut_datasetTMB_swissprot/top50BlastSplit/fasta/clustalO/BlastOut_datasetTMB_swissprot_P45779.csv.fasta.aln
0.528
/home/user/thesis/scripts/BlastOut_datasetTMB/BlastOut_datasetTMB_swissprot/top50BlastSplit/fasta/clustalO/BlastOut_datasetTMB_swissprot_P46359.csv.fasta.aln
0.715
/home/user/thesis/scripts/BlastOut_datasetTMB/BlastOut_datasetTMB_swissprot/top50BlastSplit/fasta/clustalO/BlastOut_datasetTMB_swissprot_P48632.csv.fasta.aln
0.673
/home/user/thesis/scripts/BlastOut_datasetTMB/BlastOut_datasetTMB_swissprot/top50BlastSplit/fasta/clustalO/BlastOut_datasetTMB_swissprot_P49767.csv.fasta.aln
0.772
/home/user/thesis/scripts/BlastOut_datasetTMB/BlastOut_datasetTMB_swissprot/top50BlastSplit/fasta/clustalO/BlastOut_datasetTMB_swissprot_P75780.csv.fasta.aln
0.763
/home/user/thesis/scripts/BlastOut_datasetTMB/BlastOut_datasetTMB_swissprot/top50BlastSplit/fasta/clustalO/BlastOut_datasetTMB_swissprot_P77774.csv.fasta.aln
0.416
/home/user/thesis/scripts/BlastOut_datasetTMB/BlastOut_datasetTMB_swissprot/top50BlastSplit/fasta/clustalO/BlastOut_datasetTMB_swissprot_Q05098.csv.fasta.aln
0.993
/home/user/thesis/scripts/BlastOut_datasetTMB/BlastOut_datasetTMB_swissprot/top50BlastSplit/fasta/clustalO/BlastOut_datasetTMB_swissprot_Q7BSW5.csv.fasta.aln
0.313
/home/user/thesis/scripts/BlastOut_datasetTMB/BlastOut_datasetTMB_swissprot/top50BlastSplit/fasta/clustalO/BlastOut_datasetTMB_swissprot_Q83SQ0.csv.fasta.aln
0.735
/home/user/thesis/scripts/BlastOut_datasetTMB/BlastOut_datasetTMB_swissprot/top50BlastSplit/fasta/clustalO/BlastOut_datasetTMB_swissprot_Q8CVI4.csv.fasta.aln
0.805
/home/user/thesis/scripts/BlastOut_datasetTMB/BlastOut_datasetTMB_swissprot/top50BlastSplit/fasta/clustalO/BlastOut_datasetTMB_swissprot_Q8ZIK3.csv.fasta.aln
0.756
/home/user/thesis/scripts/BlastOut_datasetTMB/BlastOut_datasetTMB_swissprot/top50BlastSplit/fasta/clustalO/BlastOut_datasetTMB_swissprot_Q8ZPC9.csv.fasta.aln
0.726
/home/user/thesis/scripts/BlastOut_datasetTMB/BlastOut_datasetTMB_swissprot/top50BlastSplit/fasta/clustalO/BlastOut_datasetTMB_swissprot_Q8ZRP0.csv.fasta.aln
0.970
/home/user/thesis/scripts/BlastOut_datasetTMB/BlastOut_datasetTMB_swissprot/top50BlastSplit/fasta/clustalO/BlastOut_datasetTMB_swissprot_Q8ZRW0.csv.fasta.aln
0.747
/home/user/thesis/scripts/BlastOut_datasetTMB/BlastOut_datasetTMB_swissprot/top50BlastSplit/fasta/clustalO/BlastOut_datasetTMB_swissprot_Q9I5U2.csv.fasta.aln
0.626
/home/user/thesis/scripts/BlastOut_datasetTMB/BlastOut_datasetTMB_swissprot/top50BlastSplit/fasta/clustalO/BlastOut_datasetTMB_swissprot_Q9K0U9.csv.fasta.aln
1.002
/home/user/thesis/scripts/BlastOut_datasetTMB/BlastOut_datasetTMB_swissprot/top50BlastSplit/fasta/clustalO/BlastOut_datasetTMB_swissprot_Q9TUM0.csv.fasta.aln
1.094
