/home/user/thesis/scripts/BlastOut_datasetTMB/BlastOut_datasetTMB_swissprot/top50BlastSplit/fasta/muscle/BlastOut_datasetTMB_swissprot_A5F934.csv.fasta.aln
0.597
/home/user/thesis/scripts/BlastOut_datasetTMB/BlastOut_datasetTMB_swissprot/top50BlastSplit/fasta/muscle/BlastOut_datasetTMB_swissprot_E3PJ86.csv.fasta.aln
0.583
/home/user/thesis/scripts/BlastOut_datasetTMB/BlastOut_datasetTMB_swissprot/top50BlastSplit/fasta/muscle/BlastOut_datasetTMB_swissprot_P00747.csv.fasta.aln
1.000
/home/user/thesis/scripts/BlastOut_datasetTMB/BlastOut_datasetTMB_swissprot/top50BlastSplit/fasta/muscle/BlastOut_datasetTMB_swissprot_P01031.csv.fasta.aln
1.133
/home/user/thesis/scripts/BlastOut_datasetTMB/BlastOut_datasetTMB_swissprot/top50BlastSplit/fasta/muscle/BlastOut_datasetTMB_swissprot_P02748.csv.fasta.aln
0.854
/home/user/thesis/scripts/BlastOut_datasetTMB/BlastOut_datasetTMB_swissprot/top50BlastSplit/fasta/muscle/BlastOut_datasetTMB_swissprot_P02787.csv.fasta.aln
1.096
/home/user/thesis/scripts/BlastOut_datasetTMB/BlastOut_datasetTMB_swissprot/top50BlastSplit/fasta/muscle/BlastOut_datasetTMB_swissprot_P02931.csv.fasta.aln
0.377
/home/user/thesis/scripts/BlastOut_datasetTMB/BlastOut_datasetTMB_swissprot/top50BlastSplit/fasta/muscle/BlastOut_datasetTMB_swissprot_P02932.csv.fasta.aln
0.383
/home/user/thesis/scripts/BlastOut_datasetTMB/BlastOut_datasetTMB_swissprot/top50BlastSplit/fasta/muscle/BlastOut_datasetTMB_swissprot_P02943.csv.fasta.aln
0.817
/home/user/thesis/scripts/BlastOut_datasetTMB/BlastOut_datasetTMB_swissprot/top50BlastSplit/fasta/muscle/BlastOut_datasetTMB_swissprot_P05825.csv.fasta.aln
0.850
/home/user/thesis/scripts/BlastOut_datasetTMB/BlastOut_datasetTMB_swissprot/top50BlastSplit/fasta/muscle/BlastOut_datasetTMB_swissprot_P06129.csv.fasta.aln
0.865
/home/user/thesis/scripts/BlastOut_datasetTMB/BlastOut_datasetTMB_swissprot/top50BlastSplit/fasta/muscle/BlastOut_datasetTMB_swissprot_P06971.csv.fasta.aln
0.680
/home/user/thesis/scripts/BlastOut_datasetTMB/BlastOut_datasetTMB_swissprot/top50BlastSplit/fasta/muscle/BlastOut_datasetTMB_swissprot_P07357.csv.fasta.aln
0.433
/home/user/thesis/scripts/BlastOut_datasetTMB/BlastOut_datasetTMB_swissprot/top50BlastSplit/fasta/muscle/BlastOut_datasetTMB_swissprot_P07358.csv.fasta.aln
0.679
/home/user/thesis/scripts/BlastOut_datasetTMB/BlastOut_datasetTMB_swissprot/top50BlastSplit/fasta/muscle/BlastOut_datasetTMB_swissprot_P07360.csv.fasta.aln
0.478
/home/user/thesis/scripts/BlastOut_datasetTMB/BlastOut_datasetTMB_swissprot/top50BlastSplit/fasta/muscle/BlastOut_datasetTMB_swissprot_P08189.csv.fasta.aln
0.585
/home/user/thesis/scripts/BlastOut_datasetTMB/BlastOut_datasetTMB_swissprot/top50BlastSplit/fasta/muscle/BlastOut_datasetTMB_swissprot_P0A910.csv.fasta.aln
0.748
/home/user/thesis/scripts/BlastOut_datasetTMB/BlastOut_datasetTMB_swissprot/top50BlastSplit/fasta/muscle/BlastOut_datasetTMB_swissprot_P0A911.csv.fasta.aln
0.748
/home/user/thesis/scripts/BlastOut_datasetTMB/BlastOut_datasetTMB_swissprot/top50BlastSplit/fasta/muscle/BlastOut_datasetTMB_swissprot_P0A940.csv.fasta.aln
2.163
/home/user/thesis/scripts/BlastOut_datasetTMB/BlastOut_datasetTMB_swissprot/top50BlastSplit/fasta/muscle/BlastOut_datasetTMB_swissprot_P0A941.csv.fasta.aln
2.163
/home/user/thesis/scripts/BlastOut_datasetTMB/BlastOut_datasetTMB_swissprot/top50BlastSplit/fasta/muscle/BlastOut_datasetTMB_swissprot_P0A942.csv.fasta.aln
2.163
/home/user/thesis/scripts/BlastOut_datasetTMB/BlastOut_datasetTMB_swissprot/top50BlastSplit/fasta/muscle/BlastOut_datasetTMB_swissprot_P0A943.csv.fasta.aln
2.163
/home/user/thesis/scripts/BlastOut_datasetTMB/BlastOut_datasetTMB_swissprot/top50BlastSplit/fasta/muscle/BlastOut_datasetTMB_swissprot_P0ADE4.csv.fasta.aln
1.366
/home/user/thesis/scripts/BlastOut_datasetTMB/BlastOut_datasetTMB_swissprot/top50BlastSplit/fasta/muscle/BlastOut_datasetTMB_swissprot_P0ADE5.csv.fasta.aln
1.363
/home/user/thesis/scripts/BlastOut_datasetTMB/BlastOut_datasetTMB_swissprot/top50BlastSplit/fasta/muscle/BlastOut_datasetTMB_swissprot_P10643.csv.fasta.aln
1.073
/home/user/thesis/scripts/BlastOut_datasetTMB/BlastOut_datasetTMB_swissprot/top50BlastSplit/fasta/muscle/BlastOut_datasetTMB_swissprot_P12643.csv.fasta.aln
0.796
/home/user/thesis/scripts/BlastOut_datasetTMB/BlastOut_datasetTMB_swissprot/top50BlastSplit/fasta/muscle/BlastOut_datasetTMB_swissprot_P13036.csv.fasta.aln
0.929
/home/user/thesis/scripts/BlastOut_datasetTMB/BlastOut_datasetTMB_swissprot/top50BlastSplit/fasta/muscle/BlastOut_datasetTMB_swissprot_P13671.csv.fasta.aln
0.587
/home/user/thesis/scripts/BlastOut_datasetTMB/BlastOut_datasetTMB_swissprot/top50BlastSplit/fasta/muscle/BlastOut_datasetTMB_swissprot_P13794.csv.fasta.aln
0.691
/home/user/thesis/scripts/BlastOut_datasetTMB/BlastOut_datasetTMB_swissprot/top50BlastSplit/fasta/muscle/BlastOut_datasetTMB_swissprot_P16869.csv.fasta.aln
0.732
/home/user/thesis/scripts/BlastOut_datasetTMB/BlastOut_datasetTMB_swissprot/top50BlastSplit/fasta/muscle/BlastOut_datasetTMB_swissprot_P17315.csv.fasta.aln
0.868
/home/user/thesis/scripts/BlastOut_datasetTMB/BlastOut_datasetTMB_swissprot/top50BlastSplit/fasta/muscle/BlastOut_datasetTMB_swissprot_P22340.csv.fasta.aln
0.625
/home/user/thesis/scripts/BlastOut_datasetTMB/BlastOut_datasetTMB_swissprot/top50BlastSplit/fasta/muscle/BlastOut_datasetTMB_swissprot_P24017.csv.fasta.aln
0.750
/home/user/thesis/scripts/BlastOut_datasetTMB/BlastOut_datasetTMB_swissprot/top50BlastSplit/fasta/muscle/BlastOut_datasetTMB_swissprot_P26466.csv.fasta.aln
0.906
/home/user/thesis/scripts/BlastOut_datasetTMB/BlastOut_datasetTMB_swissprot/top50BlastSplit/fasta/muscle/BlastOut_datasetTMB_swissprot_P31554.csv.fasta.aln
0.754
/home/user/thesis/scripts/BlastOut_datasetTMB/BlastOut_datasetTMB_swissprot/top50BlastSplit/fasta/muscle/BlastOut_datasetTMB_swissprot_P35916.csv.fasta.aln
1.086
/home/user/thesis/scripts/BlastOut_datasetTMB/BlastOut_datasetTMB_swissprot/top50BlastSplit/fasta/muscle/BlastOut_datasetTMB_swissprot_P37001.csv.fasta.aln
0.750
/home/user/thesis/scripts/BlastOut_datasetTMB/BlastOut_datasetTMB_swissprot/top50BlastSplit/fasta/muscle/BlastOut_datasetTMB_swissprot_P37432.csv.fasta.aln
7.156
/home/user/thesis/scripts/BlastOut_datasetTMB/BlastOut_datasetTMB_swissprot/top50BlastSplit/fasta/muscle/BlastOut_datasetTMB_swissprot_P42512.csv.fasta.aln
0.717
/home/user/thesis/scripts/BlastOut_datasetTMB/BlastOut_datasetTMB_swissprot/top50BlastSplit/fasta/muscle/BlastOut_datasetTMB_swissprot_P45758.csv.fasta.aln
0.709
/home/user/thesis/scripts/BlastOut_datasetTMB/BlastOut_datasetTMB_swissprot/top50BlastSplit/fasta/muscle/BlastOut_datasetTMB_swissprot_P45779.csv.fasta.aln
0.563
/home/user/thesis/scripts/BlastOut_datasetTMB/BlastOut_datasetTMB_swissprot/top50BlastSplit/fasta/muscle/BlastOut_datasetTMB_swissprot_P46359.csv.fasta.aln
0.782
/home/user/thesis/scripts/BlastOut_datasetTMB/BlastOut_datasetTMB_swissprot/top50BlastSplit/fasta/muscle/BlastOut_datasetTMB_swissprot_P48632.csv.fasta.aln
0.709
/home/user/thesis/scripts/BlastOut_datasetTMB/BlastOut_datasetTMB_swissprot/top50BlastSplit/fasta/muscle/BlastOut_datasetTMB_swissprot_P49767.csv.fasta.aln
0.887
/home/user/thesis/scripts/BlastOut_datasetTMB/BlastOut_datasetTMB_swissprot/top50BlastSplit/fasta/muscle/BlastOut_datasetTMB_swissprot_P75780.csv.fasta.aln
0.849
/home/user/thesis/scripts/BlastOut_datasetTMB/BlastOut_datasetTMB_swissprot/top50BlastSplit/fasta/muscle/BlastOut_datasetTMB_swissprot_P77774.csv.fasta.aln
0.641
/home/user/thesis/scripts/BlastOut_datasetTMB/BlastOut_datasetTMB_swissprot/top50BlastSplit/fasta/muscle/BlastOut_datasetTMB_swissprot_Q05098.csv.fasta.aln
1.010
/home/user/thesis/scripts/BlastOut_datasetTMB/BlastOut_datasetTMB_swissprot/top50BlastSplit/fasta/muscle/BlastOut_datasetTMB_swissprot_Q7BSW5.csv.fasta.aln
0.504
/home/user/thesis/scripts/BlastOut_datasetTMB/BlastOut_datasetTMB_swissprot/top50BlastSplit/fasta/muscle/BlastOut_datasetTMB_swissprot_Q83SQ0.csv.fasta.aln
0.754
/home/user/thesis/scripts/BlastOut_datasetTMB/BlastOut_datasetTMB_swissprot/top50BlastSplit/fasta/muscle/BlastOut_datasetTMB_swissprot_Q8CVI4.csv.fasta.aln
0.813
/home/user/thesis/scripts/BlastOut_datasetTMB/BlastOut_datasetTMB_swissprot/top50BlastSplit/fasta/muscle/BlastOut_datasetTMB_swissprot_Q8ZIK3.csv.fasta.aln
0.758
/home/user/thesis/scripts/BlastOut_datasetTMB/BlastOut_datasetTMB_swissprot/top50BlastSplit/fasta/muscle/BlastOut_datasetTMB_swissprot_Q8ZPC9.csv.fasta.aln
0.744
/home/user/thesis/scripts/BlastOut_datasetTMB/BlastOut_datasetTMB_swissprot/top50BlastSplit/fasta/muscle/BlastOut_datasetTMB_swissprot_Q8ZRP0.csv.fasta.aln
2.168
/home/user/thesis/scripts/BlastOut_datasetTMB/BlastOut_datasetTMB_swissprot/top50BlastSplit/fasta/muscle/BlastOut_datasetTMB_swissprot_Q8ZRW0.csv.fasta.aln
0.771
/home/user/thesis/scripts/BlastOut_datasetTMB/BlastOut_datasetTMB_swissprot/top50BlastSplit/fasta/muscle/BlastOut_datasetTMB_swissprot_Q9I5U2.csv.fasta.aln
0.631
/home/user/thesis/scripts/BlastOut_datasetTMB/BlastOut_datasetTMB_swissprot/top50BlastSplit/fasta/muscle/BlastOut_datasetTMB_swissprot_Q9K0U9.csv.fasta.aln
1.004
/home/user/thesis/scripts/BlastOut_datasetTMB/BlastOut_datasetTMB_swissprot/top50BlastSplit/fasta/muscle/BlastOut_datasetTMB_swissprot_Q9TUM0.csv.fasta.aln
1.229
