/home/user/thesis/scripts/BlastOut_datasetTMB/BlastOut_datasetTMB_swissprot/top10BlastSplit/fasta/tcoffee/BlastOut_datasetTMB_swissprot_A1JUB7.csv.aln
/home/user/thesis/scripts/BlastOut_datasetTMB/BlastOut_datasetTMB_swissprot/top10BlastSplit/fasta/tcoffee/BlastOut_datasetTMB_swissprot_A5F934.csv.aln
/home/user/thesis/scripts/BlastOut_datasetTMB/BlastOut_datasetTMB_swissprot/top10BlastSplit/fasta/tcoffee/BlastOut_datasetTMB_swissprot_E3PJ86.csv.aln
/home/user/thesis/scripts/BlastOut_datasetTMB/BlastOut_datasetTMB_swissprot/top10BlastSplit/fasta/tcoffee/BlastOut_datasetTMB_swissprot_E6MXW0.csv.aln
/home/user/thesis/scripts/BlastOut_datasetTMB/BlastOut_datasetTMB_swissprot/top10BlastSplit/fasta/tcoffee/BlastOut_datasetTMB_swissprot_O18423.csv.aln
/home/user/thesis/scripts/BlastOut_datasetTMB/BlastOut_datasetTMB_swissprot/top10BlastSplit/fasta/tcoffee/BlastOut_datasetTMB_swissprot_O33407.csv.aln
/home/user/thesis/scripts/BlastOut_datasetTMB/BlastOut_datasetTMB_swissprot/top10BlastSplit/fasta/tcoffee/BlastOut_datasetTMB_swissprot_O88093.csv.aln
/home/user/thesis/scripts/BlastOut_datasetTMB/BlastOut_datasetTMB_swissprot/top10BlastSplit/fasta/tcoffee/BlastOut_datasetTMB_swissprot_P00646.csv.aln
/home/user/thesis/scripts/BlastOut_datasetTMB/BlastOut_datasetTMB_swissprot/top10BlastSplit/fasta/tcoffee/BlastOut_datasetTMB_swissprot_P00747.csv.aln
/home/user/thesis/scripts/BlastOut_datasetTMB/BlastOut_datasetTMB_swissprot/top10BlastSplit/fasta/tcoffee/BlastOut_datasetTMB_swissprot_P01031.csv.aln
/home/user/thesis/scripts/BlastOut_datasetTMB/BlastOut_datasetTMB_swissprot/top10BlastSplit/fasta/tcoffee/BlastOut_datasetTMB_swissprot_P02748.csv.aln
/home/user/thesis/scripts/BlastOut_datasetTMB/BlastOut_datasetTMB_swissprot/top10BlastSplit/fasta/tcoffee/BlastOut_datasetTMB_swissprot_P02787.csv.aln
/home/user/thesis/scripts/BlastOut_datasetTMB/BlastOut_datasetTMB_swissprot/top10BlastSplit/fasta/tcoffee/BlastOut_datasetTMB_swissprot_P02929.csv.aln
/home/user/thesis/scripts/BlastOut_datasetTMB/BlastOut_datasetTMB_swissprot/top10BlastSplit/fasta/tcoffee/BlastOut_datasetTMB_swissprot_P02930.csv.aln
/home/user/thesis/scripts/BlastOut_datasetTMB/BlastOut_datasetTMB_swissprot/top10BlastSplit/fasta/tcoffee/BlastOut_datasetTMB_swissprot_P02931.csv.aln
/home/user/thesis/scripts/BlastOut_datasetTMB/BlastOut_datasetTMB_swissprot/top10BlastSplit/fasta/tcoffee/BlastOut_datasetTMB_swissprot_P02932.csv.aln
/home/user/thesis/scripts/BlastOut_datasetTMB/BlastOut_datasetTMB_swissprot/top10BlastSplit/fasta/tcoffee/BlastOut_datasetTMB_swissprot_P04419.csv.aln
/home/user/thesis/scripts/BlastOut_datasetTMB/BlastOut_datasetTMB_swissprot/top10BlastSplit/fasta/tcoffee/BlastOut_datasetTMB_swissprot_P05430.csv.aln
/home/user/thesis/scripts/BlastOut_datasetTMB/BlastOut_datasetTMB_swissprot/top10BlastSplit/fasta/tcoffee/BlastOut_datasetTMB_swissprot_P05825.csv.aln
/home/user/thesis/scripts/BlastOut_datasetTMB/BlastOut_datasetTMB_swissprot/top10BlastSplit/fasta/tcoffee/BlastOut_datasetTMB_swissprot_P06716.csv.aln
/home/user/thesis/scripts/BlastOut_datasetTMB/BlastOut_datasetTMB_swissprot/top10BlastSplit/fasta/tcoffee/BlastOut_datasetTMB_swissprot_P06970.csv.aln
/home/user/thesis/scripts/BlastOut_datasetTMB/BlastOut_datasetTMB_swissprot/top10BlastSplit/fasta/tcoffee/BlastOut_datasetTMB_swissprot_P06971.csv.aln
/home/user/thesis/scripts/BlastOut_datasetTMB/BlastOut_datasetTMB_swissprot/top10BlastSplit/fasta/tcoffee/BlastOut_datasetTMB_swissprot_P06996.csv.aln
/home/user/thesis/scripts/BlastOut_datasetTMB/BlastOut_datasetTMB_swissprot/top10BlastSplit/fasta/tcoffee/BlastOut_datasetTMB_swissprot_P07110.csv.aln
/home/user/thesis/scripts/BlastOut_datasetTMB/BlastOut_datasetTMB_swissprot/top10BlastSplit/fasta/tcoffee/BlastOut_datasetTMB_swissprot_P07357.csv.aln
/home/user/thesis/scripts/BlastOut_datasetTMB/BlastOut_datasetTMB_swissprot/top10BlastSplit/fasta/tcoffee/BlastOut_datasetTMB_swissprot_P07358.csv.aln
/home/user/thesis/scripts/BlastOut_datasetTMB/BlastOut_datasetTMB_swissprot/top10BlastSplit/fasta/tcoffee/BlastOut_datasetTMB_swissprot_P07360.csv.aln
/home/user/thesis/scripts/BlastOut_datasetTMB/BlastOut_datasetTMB_swissprot/top10BlastSplit/fasta/tcoffee/BlastOut_datasetTMB_swissprot_P08189.csv.aln
/home/user/thesis/scripts/BlastOut_datasetTMB/BlastOut_datasetTMB_swissprot/top10BlastSplit/fasta/tcoffee/BlastOut_datasetTMB_swissprot_P08190.csv.aln
/home/user/thesis/scripts/BlastOut_datasetTMB/BlastOut_datasetTMB_swissprot/top10BlastSplit/fasta/tcoffee/BlastOut_datasetTMB_swissprot_P09167.csv.aln
/home/user/thesis/scripts/BlastOut_datasetTMB/BlastOut_datasetTMB_swissprot/top10BlastSplit/fasta/tcoffee/BlastOut_datasetTMB_swissprot_P09169.csv.aln
/home/user/thesis/scripts/BlastOut_datasetTMB/BlastOut_datasetTMB_swissprot/top10BlastSplit/fasta/tcoffee/BlastOut_datasetTMB_swissprot_P09883.csv.aln
/home/user/thesis/scripts/BlastOut_datasetTMB/BlastOut_datasetTMB_swissprot/top10BlastSplit/fasta/tcoffee/BlastOut_datasetTMB_swissprot_P0A071.csv.aln
/home/user/thesis/scripts/BlastOut_datasetTMB/BlastOut_datasetTMB_swissprot/top10BlastSplit/fasta/tcoffee/BlastOut_datasetTMB_swissprot_P0A074.csv.aln
/home/user/thesis/scripts/BlastOut_datasetTMB/BlastOut_datasetTMB_swissprot/top10BlastSplit/fasta/tcoffee/BlastOut_datasetTMB_swissprot_P0A077.csv.aln
/home/user/thesis/scripts/BlastOut_datasetTMB/BlastOut_datasetTMB_swissprot/top10BlastSplit/fasta/tcoffee/BlastOut_datasetTMB_swissprot_P0A263.csv.aln
/home/user/thesis/scripts/BlastOut_datasetTMB/BlastOut_datasetTMB_swissprot/top10BlastSplit/fasta/tcoffee/BlastOut_datasetTMB_swissprot_P0A264.csv.aln
/home/user/thesis/scripts/BlastOut_datasetTMB/BlastOut_datasetTMB_swissprot/top10BlastSplit/fasta/tcoffee/BlastOut_datasetTMB_swissprot_P0A903.csv.aln
/home/user/thesis/scripts/BlastOut_datasetTMB/BlastOut_datasetTMB_swissprot/top10BlastSplit/fasta/tcoffee/BlastOut_datasetTMB_swissprot_P0A910.csv.aln
/home/user/thesis/scripts/BlastOut_datasetTMB/BlastOut_datasetTMB_swissprot/top10BlastSplit/fasta/tcoffee/BlastOut_datasetTMB_swissprot_P0A911.csv.aln
/home/user/thesis/scripts/BlastOut_datasetTMB/BlastOut_datasetTMB_swissprot/top10BlastSplit/fasta/tcoffee/BlastOut_datasetTMB_swissprot_P0A915.csv.aln
/home/user/thesis/scripts/BlastOut_datasetTMB/BlastOut_datasetTMB_swissprot/top10BlastSplit/fasta/tcoffee/BlastOut_datasetTMB_swissprot_P0A916.csv.aln
/home/user/thesis/scripts/BlastOut_datasetTMB/BlastOut_datasetTMB_swissprot/top10BlastSplit/fasta/tcoffee/BlastOut_datasetTMB_swissprot_P0A917.csv.aln
/home/user/thesis/scripts/BlastOut_datasetTMB/BlastOut_datasetTMB_swissprot/top10BlastSplit/fasta/tcoffee/BlastOut_datasetTMB_swissprot_P0A918.csv.aln
/home/user/thesis/scripts/BlastOut_datasetTMB/BlastOut_datasetTMB_swissprot/top10BlastSplit/fasta/tcoffee/BlastOut_datasetTMB_swissprot_P0A919.csv.aln
/home/user/thesis/scripts/BlastOut_datasetTMB/BlastOut_datasetTMB_swissprot/top10BlastSplit/fasta/tcoffee/BlastOut_datasetTMB_swissprot_P0A920.csv.aln
/home/user/thesis/scripts/BlastOut_datasetTMB/BlastOut_datasetTMB_swissprot/top10BlastSplit/fasta/tcoffee/BlastOut_datasetTMB_swissprot_P0A927.csv.aln
/home/user/thesis/scripts/BlastOut_datasetTMB/BlastOut_datasetTMB_swissprot/top10BlastSplit/fasta/tcoffee/BlastOut_datasetTMB_swissprot_P0A928.csv.aln
/home/user/thesis/scripts/BlastOut_datasetTMB/BlastOut_datasetTMB_swissprot/top10BlastSplit/fasta/tcoffee/BlastOut_datasetTMB_swissprot_P0A929.csv.aln
/home/user/thesis/scripts/BlastOut_datasetTMB/BlastOut_datasetTMB_swissprot/top10BlastSplit/fasta/tcoffee/BlastOut_datasetTMB_swissprot_P0A937.csv.aln
/home/user/thesis/scripts/BlastOut_datasetTMB/BlastOut_datasetTMB_swissprot/top10BlastSplit/fasta/tcoffee/BlastOut_datasetTMB_swissprot_P0AC02.csv.aln
/home/user/thesis/scripts/BlastOut_datasetTMB/BlastOut_datasetTMB_swissprot/top10BlastSplit/fasta/tcoffee/BlastOut_datasetTMB_swissprot_P0AEA2.csv.aln
/home/user/thesis/scripts/BlastOut_datasetTMB/BlastOut_datasetTMB_swissprot/top10BlastSplit/fasta/tcoffee/BlastOut_datasetTMB_swissprot_P0C2W0.csv.aln
/home/user/thesis/scripts/BlastOut_datasetTMB/BlastOut_datasetTMB_swissprot/top10BlastSplit/fasta/tcoffee/BlastOut_datasetTMB_swissprot_P0C6Q6.csv.aln
/home/user/thesis/scripts/BlastOut_datasetTMB/BlastOut_datasetTMB_swissprot/top10BlastSplit/fasta/tcoffee/BlastOut_datasetTMB_swissprot_P0DH58.csv.aln
/home/user/thesis/scripts/BlastOut_datasetTMB/BlastOut_datasetTMB_swissprot/top10BlastSplit/fasta/tcoffee/BlastOut_datasetTMB_swissprot_P10384.csv.aln
/home/user/thesis/scripts/BlastOut_datasetTMB/BlastOut_datasetTMB_swissprot/top10BlastSplit/fasta/tcoffee/BlastOut_datasetTMB_swissprot_P10643.csv.aln
/home/user/thesis/scripts/BlastOut_datasetTMB/BlastOut_datasetTMB_swissprot/top10BlastSplit/fasta/tcoffee/BlastOut_datasetTMB_swissprot_P11922.csv.aln
/home/user/thesis/scripts/BlastOut_datasetTMB/BlastOut_datasetTMB_swissprot/top10BlastSplit/fasta/tcoffee/BlastOut_datasetTMB_swissprot_P12643.csv.aln
/home/user/thesis/scripts/BlastOut_datasetTMB/BlastOut_datasetTMB_swissprot/top10BlastSplit/fasta/tcoffee/BlastOut_datasetTMB_swissprot_P13036.csv.aln
/home/user/thesis/scripts/BlastOut_datasetTMB/BlastOut_datasetTMB_swissprot/top10BlastSplit/fasta/tcoffee/BlastOut_datasetTMB_swissprot_P13671.csv.aln
/home/user/thesis/scripts/BlastOut_datasetTMB/BlastOut_datasetTMB_swissprot/top10BlastSplit/fasta/tcoffee/BlastOut_datasetTMB_swissprot_P15319.csv.aln
/home/user/thesis/scripts/BlastOut_datasetTMB/BlastOut_datasetTMB_swissprot/top10BlastSplit/fasta/tcoffee/BlastOut_datasetTMB_swissprot_P16869.csv.aln
/home/user/thesis/scripts/BlastOut_datasetTMB/BlastOut_datasetTMB_swissprot/top10BlastSplit/fasta/tcoffee/BlastOut_datasetTMB_swissprot_P17315.csv.aln
/home/user/thesis/scripts/BlastOut_datasetTMB/BlastOut_datasetTMB_swissprot/top10BlastSplit/fasta/tcoffee/BlastOut_datasetTMB_swissprot_P18195.csv.aln
/home/user/thesis/scripts/BlastOut_datasetTMB/BlastOut_datasetTMB_swissprot/top10BlastSplit/fasta/tcoffee/BlastOut_datasetTMB_swissprot_P18895.csv.aln
/home/user/thesis/scripts/BlastOut_datasetTMB/BlastOut_datasetTMB_swissprot/top10BlastSplit/fasta/tcoffee/BlastOut_datasetTMB_swissprot_P19809.csv.aln
/home/user/thesis/scripts/BlastOut_datasetTMB/BlastOut_datasetTMB_swissprot/top10BlastSplit/fasta/tcoffee/BlastOut_datasetTMB_swissprot_P21796.csv.aln
/home/user/thesis/scripts/BlastOut_datasetTMB/BlastOut_datasetTMB_swissprot/top10BlastSplit/fasta/tcoffee/BlastOut_datasetTMB_swissprot_P22340.csv.aln
/home/user/thesis/scripts/BlastOut_datasetTMB/BlastOut_datasetTMB_swissprot/top10BlastSplit/fasta/tcoffee/BlastOut_datasetTMB_swissprot_P24017.csv.aln
/home/user/thesis/scripts/BlastOut_datasetTMB/BlastOut_datasetTMB_swissprot/top10BlastSplit/fasta/tcoffee/BlastOut_datasetTMB_swissprot_P24305.csv.aln
/home/user/thesis/scripts/BlastOut_datasetTMB/BlastOut_datasetTMB_swissprot/top10BlastSplit/fasta/tcoffee/BlastOut_datasetTMB_swissprot_P24391.csv.aln
/home/user/thesis/scripts/BlastOut_datasetTMB/BlastOut_datasetTMB_swissprot/top10BlastSplit/fasta/tcoffee/BlastOut_datasetTMB_swissprot_P26466.csv.aln
/home/user/thesis/scripts/BlastOut_datasetTMB/BlastOut_datasetTMB_swissprot/top10BlastSplit/fasta/tcoffee/BlastOut_datasetTMB_swissprot_P30130.csv.aln
/home/user/thesis/scripts/BlastOut_datasetTMB/BlastOut_datasetTMB_swissprot/top10BlastSplit/fasta/tcoffee/BlastOut_datasetTMB_swissprot_P30690.csv.aln
/home/user/thesis/scripts/BlastOut_datasetTMB/BlastOut_datasetTMB_swissprot/top10BlastSplit/fasta/tcoffee/BlastOut_datasetTMB_swissprot_P31243.csv.aln
/home/user/thesis/scripts/BlastOut_datasetTMB/BlastOut_datasetTMB_swissprot/top10BlastSplit/fasta/tcoffee/BlastOut_datasetTMB_swissprot_P31554.csv.aln
/home/user/thesis/scripts/BlastOut_datasetTMB/BlastOut_datasetTMB_swissprot/top10BlastSplit/fasta/tcoffee/BlastOut_datasetTMB_swissprot_P31697.csv.aln
/home/user/thesis/scripts/BlastOut_datasetTMB/BlastOut_datasetTMB_swissprot/top10BlastSplit/fasta/tcoffee/BlastOut_datasetTMB_swissprot_P31780.csv.aln
/home/user/thesis/scripts/BlastOut_datasetTMB/BlastOut_datasetTMB_swissprot/top10BlastSplit/fasta/tcoffee/BlastOut_datasetTMB_swissprot_P32722.csv.aln
/home/user/thesis/scripts/BlastOut_datasetTMB/BlastOut_datasetTMB_swissprot/top10BlastSplit/fasta/tcoffee/BlastOut_datasetTMB_swissprot_P35077.csv.aln
/home/user/thesis/scripts/BlastOut_datasetTMB/BlastOut_datasetTMB_swissprot/top10BlastSplit/fasta/tcoffee/BlastOut_datasetTMB_swissprot_P35672.csv.aln
/home/user/thesis/scripts/BlastOut_datasetTMB/BlastOut_datasetTMB_swissprot/top10BlastSplit/fasta/tcoffee/BlastOut_datasetTMB_swissprot_P35818.csv.aln
/home/user/thesis/scripts/BlastOut_datasetTMB/BlastOut_datasetTMB_swissprot/top10BlastSplit/fasta/tcoffee/BlastOut_datasetTMB_swissprot_P35916.csv.aln
/home/user/thesis/scripts/BlastOut_datasetTMB/BlastOut_datasetTMB_swissprot/top10BlastSplit/fasta/tcoffee/BlastOut_datasetTMB_swissprot_P37001.csv.aln
/home/user/thesis/scripts/BlastOut_datasetTMB/BlastOut_datasetTMB_swissprot/top10BlastSplit/fasta/tcoffee/BlastOut_datasetTMB_swissprot_P37432.csv.aln
/home/user/thesis/scripts/BlastOut_datasetTMB/BlastOut_datasetTMB_swissprot/top10BlastSplit/fasta/tcoffee/BlastOut_datasetTMB_swissprot_P42512.csv.aln
/home/user/thesis/scripts/BlastOut_datasetTMB/BlastOut_datasetTMB_swissprot/top10BlastSplit/fasta/tcoffee/BlastOut_datasetTMB_swissprot_P43261.csv.aln
/home/user/thesis/scripts/BlastOut_datasetTMB/BlastOut_datasetTMB_swissprot/top10BlastSplit/fasta/tcoffee/BlastOut_datasetTMB_swissprot_P45758.csv.aln
/home/user/thesis/scripts/BlastOut_datasetTMB/BlastOut_datasetTMB_swissprot/top10BlastSplit/fasta/tcoffee/BlastOut_datasetTMB_swissprot_P45779.csv.aln
/home/user/thesis/scripts/BlastOut_datasetTMB/BlastOut_datasetTMB_swissprot/top10BlastSplit/fasta/tcoffee/BlastOut_datasetTMB_swissprot_P46359.csv.aln
/home/user/thesis/scripts/BlastOut_datasetTMB/BlastOut_datasetTMB_swissprot/top10BlastSplit/fasta/tcoffee/BlastOut_datasetTMB_swissprot_P48632.csv.aln
/home/user/thesis/scripts/BlastOut_datasetTMB/BlastOut_datasetTMB_swissprot/top10BlastSplit/fasta/tcoffee/BlastOut_datasetTMB_swissprot_P49767.csv.aln
/home/user/thesis/scripts/BlastOut_datasetTMB/BlastOut_datasetTMB_swissprot/top10BlastSplit/fasta/tcoffee/BlastOut_datasetTMB_swissprot_P69856.csv.aln
/home/user/thesis/scripts/BlastOut_datasetTMB/BlastOut_datasetTMB_swissprot/top10BlastSplit/fasta/tcoffee/BlastOut_datasetTMB_swissprot_P69857.csv.aln
/home/user/thesis/scripts/BlastOut_datasetTMB/BlastOut_datasetTMB_swissprot/top10BlastSplit/fasta/tcoffee/BlastOut_datasetTMB_swissprot_P69858.csv.aln
/home/user/thesis/scripts/BlastOut_datasetTMB/BlastOut_datasetTMB_swissprot/top10BlastSplit/fasta/tcoffee/BlastOut_datasetTMB_swissprot_P75780.csv.aln
/home/user/thesis/scripts/BlastOut_datasetTMB/BlastOut_datasetTMB_swissprot/top10BlastSplit/fasta/tcoffee/BlastOut_datasetTMB_swissprot_P77211.csv.aln
/home/user/thesis/scripts/BlastOut_datasetTMB/BlastOut_datasetTMB_swissprot/top10BlastSplit/fasta/tcoffee/BlastOut_datasetTMB_swissprot_P77774.csv.aln
/home/user/thesis/scripts/BlastOut_datasetTMB/BlastOut_datasetTMB_swissprot/top10BlastSplit/fasta/tcoffee/BlastOut_datasetTMB_swissprot_Q03155.csv.aln
/home/user/thesis/scripts/BlastOut_datasetTMB/BlastOut_datasetTMB_swissprot/top10BlastSplit/fasta/tcoffee/BlastOut_datasetTMB_swissprot_Q04884.csv.aln
/home/user/thesis/scripts/BlastOut_datasetTMB/BlastOut_datasetTMB_swissprot/top10BlastSplit/fasta/tcoffee/BlastOut_datasetTMB_swissprot_Q05098.csv.aln
/home/user/thesis/scripts/BlastOut_datasetTMB/BlastOut_datasetTMB_swissprot/top10BlastSplit/fasta/tcoffee/BlastOut_datasetTMB_swissprot_Q06584.csv.aln
/home/user/thesis/scripts/BlastOut_datasetTMB/BlastOut_datasetTMB_swissprot/top10BlastSplit/fasta/tcoffee/BlastOut_datasetTMB_swissprot_Q16853.csv.aln
/home/user/thesis/scripts/BlastOut_datasetTMB/BlastOut_datasetTMB_swissprot/top10BlastSplit/fasta/tcoffee/BlastOut_datasetTMB_swissprot_Q2FFA2.csv.aln
/home/user/thesis/scripts/BlastOut_datasetTMB/BlastOut_datasetTMB_swissprot/top10BlastSplit/fasta/tcoffee/BlastOut_datasetTMB_swissprot_Q2FFA3.csv.aln
/home/user/thesis/scripts/BlastOut_datasetTMB/BlastOut_datasetTMB_swissprot/top10BlastSplit/fasta/tcoffee/BlastOut_datasetTMB_swissprot_Q45340.csv.aln
/home/user/thesis/scripts/BlastOut_datasetTMB/BlastOut_datasetTMB_swissprot/top10BlastSplit/fasta/tcoffee/BlastOut_datasetTMB_swissprot_Q48473.csv.aln
/home/user/thesis/scripts/BlastOut_datasetTMB/BlastOut_datasetTMB_swissprot/top10BlastSplit/fasta/tcoffee/BlastOut_datasetTMB_swissprot_Q51397.csv.aln
/home/user/thesis/scripts/BlastOut_datasetTMB/BlastOut_datasetTMB_swissprot/top10BlastSplit/fasta/tcoffee/BlastOut_datasetTMB_swissprot_Q51487.csv.aln
/home/user/thesis/scripts/BlastOut_datasetTMB/BlastOut_datasetTMB_swissprot/top10BlastSplit/fasta/tcoffee/BlastOut_datasetTMB_swissprot_Q54450.csv.aln
/home/user/thesis/scripts/BlastOut_datasetTMB/BlastOut_datasetTMB_swissprot/top10BlastSplit/fasta/tcoffee/BlastOut_datasetTMB_swissprot_Q5Y4Y6.csv.aln
/home/user/thesis/scripts/BlastOut_datasetTMB/BlastOut_datasetTMB_swissprot/top10BlastSplit/fasta/tcoffee/BlastOut_datasetTMB_swissprot_Q60932.csv.aln
/home/user/thesis/scripts/BlastOut_datasetTMB/BlastOut_datasetTMB_swissprot/top10BlastSplit/fasta/tcoffee/BlastOut_datasetTMB_swissprot_Q7BCK4.csv.aln
/home/user/thesis/scripts/BlastOut_datasetTMB/BlastOut_datasetTMB_swissprot/top10BlastSplit/fasta/tcoffee/BlastOut_datasetTMB_swissprot_Q7BSW5.csv.aln
/home/user/thesis/scripts/BlastOut_datasetTMB/BlastOut_datasetTMB_swissprot/top10BlastSplit/fasta/tcoffee/BlastOut_datasetTMB_swissprot_Q7CJV2.csv.aln
/home/user/thesis/scripts/BlastOut_datasetTMB/BlastOut_datasetTMB_swissprot/top10BlastSplit/fasta/tcoffee/BlastOut_datasetTMB_swissprot_Q8CVW1.csv.aln
/home/user/thesis/scripts/BlastOut_datasetTMB/BlastOut_datasetTMB_swissprot/top10BlastSplit/fasta/tcoffee/BlastOut_datasetTMB_swissprot_Q8ZIK3.csv.aln
/home/user/thesis/scripts/BlastOut_datasetTMB/BlastOut_datasetTMB_swissprot/top10BlastSplit/fasta/tcoffee/BlastOut_datasetTMB_swissprot_Q8ZPC9.csv.aln
/home/user/thesis/scripts/BlastOut_datasetTMB/BlastOut_datasetTMB_swissprot/top10BlastSplit/fasta/tcoffee/BlastOut_datasetTMB_swissprot_Q8ZRP0.csv.aln
/home/user/thesis/scripts/BlastOut_datasetTMB/BlastOut_datasetTMB_swissprot/top10BlastSplit/fasta/tcoffee/BlastOut_datasetTMB_swissprot_Q8ZRW0.csv.aln
/home/user/thesis/scripts/BlastOut_datasetTMB/BlastOut_datasetTMB_swissprot/top10BlastSplit/fasta/tcoffee/BlastOut_datasetTMB_swissprot_Q99RL1.csv.aln
/home/user/thesis/scripts/BlastOut_datasetTMB/BlastOut_datasetTMB_swissprot/top10BlastSplit/fasta/tcoffee/BlastOut_datasetTMB_swissprot_Q9I5U2.csv.aln
/home/user/thesis/scripts/BlastOut_datasetTMB/BlastOut_datasetTMB_swissprot/top10BlastSplit/fasta/tcoffee/BlastOut_datasetTMB_swissprot_Q9K0U9.csv.aln
/home/user/thesis/scripts/BlastOut_datasetTMB/BlastOut_datasetTMB_swissprot/top10BlastSplit/fasta/tcoffee/BlastOut_datasetTMB_swissprot_Q9TUM0.csv.aln
