/home/user/thesis/scripts/BlastOut_datasetTMB/BlastOut_datasetTMB_swissprot/top25BlastSplit/fasta/clustalO/BlastOut_datasetTMB_swissprot_A1JUB7.csv.fasta.aln
0.339
/home/user/thesis/scripts/BlastOut_datasetTMB/BlastOut_datasetTMB_swissprot/top25BlastSplit/fasta/clustalO/BlastOut_datasetTMB_swissprot_A5F934.csv.fasta.aln
1.356
/home/user/thesis/scripts/BlastOut_datasetTMB/BlastOut_datasetTMB_swissprot/top25BlastSplit/fasta/clustalO/BlastOut_datasetTMB_swissprot_E3PJ86.csv.fasta.aln
0.948
/home/user/thesis/scripts/BlastOut_datasetTMB/BlastOut_datasetTMB_swissprot/top25BlastSplit/fasta/clustalO/BlastOut_datasetTMB_swissprot_O33407.csv.fasta.aln
1.099
/home/user/thesis/scripts/BlastOut_datasetTMB/BlastOut_datasetTMB_swissprot/top25BlastSplit/fasta/clustalO/BlastOut_datasetTMB_swissprot_O88093.csv.fasta.aln
1.254
/home/user/thesis/scripts/BlastOut_datasetTMB/BlastOut_datasetTMB_swissprot/top25BlastSplit/fasta/clustalO/BlastOut_datasetTMB_swissprot_P00747.csv.fasta.aln
1.393
/home/user/thesis/scripts/BlastOut_datasetTMB/BlastOut_datasetTMB_swissprot/top25BlastSplit/fasta/clustalO/BlastOut_datasetTMB_swissprot_P01031.csv.fasta.aln
1.091
/home/user/thesis/scripts/BlastOut_datasetTMB/BlastOut_datasetTMB_swissprot/top25BlastSplit/fasta/clustalO/BlastOut_datasetTMB_swissprot_P02748.csv.fasta.aln
0.841
/home/user/thesis/scripts/BlastOut_datasetTMB/BlastOut_datasetTMB_swissprot/top25BlastSplit/fasta/clustalO/BlastOut_datasetTMB_swissprot_P02787.csv.fasta.aln
0.939
/home/user/thesis/scripts/BlastOut_datasetTMB/BlastOut_datasetTMB_swissprot/top25BlastSplit/fasta/clustalO/BlastOut_datasetTMB_swissprot_P02930.csv.fasta.aln
0.289
/home/user/thesis/scripts/BlastOut_datasetTMB/BlastOut_datasetTMB_swissprot/top25BlastSplit/fasta/clustalO/BlastOut_datasetTMB_swissprot_P02931.csv.fasta.aln
0.826
/home/user/thesis/scripts/BlastOut_datasetTMB/BlastOut_datasetTMB_swissprot/top25BlastSplit/fasta/clustalO/BlastOut_datasetTMB_swissprot_P02932.csv.fasta.aln
0.842
/home/user/thesis/scripts/BlastOut_datasetTMB/BlastOut_datasetTMB_swissprot/top25BlastSplit/fasta/clustalO/BlastOut_datasetTMB_swissprot_P02943.csv.fasta.aln
1.000
/home/user/thesis/scripts/BlastOut_datasetTMB/BlastOut_datasetTMB_swissprot/top25BlastSplit/fasta/clustalO/BlastOut_datasetTMB_swissprot_P05430.csv.fasta.aln
0.246
/home/user/thesis/scripts/BlastOut_datasetTMB/BlastOut_datasetTMB_swissprot/top25BlastSplit/fasta/clustalO/BlastOut_datasetTMB_swissprot_P05825.csv.fasta.aln
1.112
/home/user/thesis/scripts/BlastOut_datasetTMB/BlastOut_datasetTMB_swissprot/top25BlastSplit/fasta/clustalO/BlastOut_datasetTMB_swissprot_P06129.csv.fasta.aln
0.881
/home/user/thesis/scripts/BlastOut_datasetTMB/BlastOut_datasetTMB_swissprot/top25BlastSplit/fasta/clustalO/BlastOut_datasetTMB_swissprot_P06970.csv.fasta.aln
0.679
/home/user/thesis/scripts/BlastOut_datasetTMB/BlastOut_datasetTMB_swissprot/top25BlastSplit/fasta/clustalO/BlastOut_datasetTMB_swissprot_P06971.csv.fasta.aln
0.676
/home/user/thesis/scripts/BlastOut_datasetTMB/BlastOut_datasetTMB_swissprot/top25BlastSplit/fasta/clustalO/BlastOut_datasetTMB_swissprot_P06996.csv.fasta.aln
0.875
/home/user/thesis/scripts/BlastOut_datasetTMB/BlastOut_datasetTMB_swissprot/top25BlastSplit/fasta/clustalO/BlastOut_datasetTMB_swissprot_P07110.csv.fasta.aln
0.649
/home/user/thesis/scripts/BlastOut_datasetTMB/BlastOut_datasetTMB_swissprot/top25BlastSplit/fasta/clustalO/BlastOut_datasetTMB_swissprot_P07357.csv.fasta.aln
0.848
/home/user/thesis/scripts/BlastOut_datasetTMB/BlastOut_datasetTMB_swissprot/top25BlastSplit/fasta/clustalO/BlastOut_datasetTMB_swissprot_P07358.csv.fasta.aln
0.831
/home/user/thesis/scripts/BlastOut_datasetTMB/BlastOut_datasetTMB_swissprot/top25BlastSplit/fasta/clustalO/BlastOut_datasetTMB_swissprot_P07360.csv.fasta.aln
0.824
/home/user/thesis/scripts/BlastOut_datasetTMB/BlastOut_datasetTMB_swissprot/top25BlastSplit/fasta/clustalO/BlastOut_datasetTMB_swissprot_P08189.csv.fasta.aln
0.645
/home/user/thesis/scripts/BlastOut_datasetTMB/BlastOut_datasetTMB_swissprot/top25BlastSplit/fasta/clustalO/BlastOut_datasetTMB_swissprot_P08190.csv.fasta.aln
0.585
/home/user/thesis/scripts/BlastOut_datasetTMB/BlastOut_datasetTMB_swissprot/top25BlastSplit/fasta/clustalO/BlastOut_datasetTMB_swissprot_P09616.csv.fasta.aln
1.094
/home/user/thesis/scripts/BlastOut_datasetTMB/BlastOut_datasetTMB_swissprot/top25BlastSplit/fasta/clustalO/BlastOut_datasetTMB_swissprot_P0A071.csv.fasta.aln
1.097
/home/user/thesis/scripts/BlastOut_datasetTMB/BlastOut_datasetTMB_swissprot/top25BlastSplit/fasta/clustalO/BlastOut_datasetTMB_swissprot_P0A074.csv.fasta.aln
1.097
/home/user/thesis/scripts/BlastOut_datasetTMB/BlastOut_datasetTMB_swissprot/top25BlastSplit/fasta/clustalO/BlastOut_datasetTMB_swissprot_P0A077.csv.fasta.aln
0.941
/home/user/thesis/scripts/BlastOut_datasetTMB/BlastOut_datasetTMB_swissprot/top25BlastSplit/fasta/clustalO/BlastOut_datasetTMB_swissprot_P0A263.csv.fasta.aln
0.890
/home/user/thesis/scripts/BlastOut_datasetTMB/BlastOut_datasetTMB_swissprot/top25BlastSplit/fasta/clustalO/BlastOut_datasetTMB_swissprot_P0A264.csv.fasta.aln
0.890
/home/user/thesis/scripts/BlastOut_datasetTMB/BlastOut_datasetTMB_swissprot/top25BlastSplit/fasta/clustalO/BlastOut_datasetTMB_swissprot_P0A910.csv.fasta.aln
1.080
/home/user/thesis/scripts/BlastOut_datasetTMB/BlastOut_datasetTMB_swissprot/top25BlastSplit/fasta/clustalO/BlastOut_datasetTMB_swissprot_P0A911.csv.fasta.aln
1.080
/home/user/thesis/scripts/BlastOut_datasetTMB/BlastOut_datasetTMB_swissprot/top25BlastSplit/fasta/clustalO/BlastOut_datasetTMB_swissprot_P0A937.csv.fasta.aln
0.486
/home/user/thesis/scripts/BlastOut_datasetTMB/BlastOut_datasetTMB_swissprot/top25BlastSplit/fasta/clustalO/BlastOut_datasetTMB_swissprot_P0A940.csv.fasta.aln
1.000
/home/user/thesis/scripts/BlastOut_datasetTMB/BlastOut_datasetTMB_swissprot/top25BlastSplit/fasta/clustalO/BlastOut_datasetTMB_swissprot_P0A941.csv.fasta.aln
1.000
/home/user/thesis/scripts/BlastOut_datasetTMB/BlastOut_datasetTMB_swissprot/top25BlastSplit/fasta/clustalO/BlastOut_datasetTMB_swissprot_P0A942.csv.fasta.aln
1.000
/home/user/thesis/scripts/BlastOut_datasetTMB/BlastOut_datasetTMB_swissprot/top25BlastSplit/fasta/clustalO/BlastOut_datasetTMB_swissprot_P0A943.csv.fasta.aln
1.000
/home/user/thesis/scripts/BlastOut_datasetTMB/BlastOut_datasetTMB_swissprot/top25BlastSplit/fasta/clustalO/BlastOut_datasetTMB_swissprot_P0ADC1.csv.fasta.aln
0.396
/home/user/thesis/scripts/BlastOut_datasetTMB/BlastOut_datasetTMB_swissprot/top25BlastSplit/fasta/clustalO/BlastOut_datasetTMB_swissprot_P0ADE4.csv.fasta.aln
0.987
/home/user/thesis/scripts/BlastOut_datasetTMB/BlastOut_datasetTMB_swissprot/top25BlastSplit/fasta/clustalO/BlastOut_datasetTMB_swissprot_P0ADE5.csv.fasta.aln
0.987
/home/user/thesis/scripts/BlastOut_datasetTMB/BlastOut_datasetTMB_swissprot/top25BlastSplit/fasta/clustalO/BlastOut_datasetTMB_swissprot_P0AEA2.csv.fasta.aln
0.184
/home/user/thesis/scripts/BlastOut_datasetTMB/BlastOut_datasetTMB_swissprot/top25BlastSplit/fasta/clustalO/BlastOut_datasetTMB_swissprot_P0C2W0.csv.fasta.aln
1.308
/home/user/thesis/scripts/BlastOut_datasetTMB/BlastOut_datasetTMB_swissprot/top25BlastSplit/fasta/clustalO/BlastOut_datasetTMB_swissprot_P0C6Q6.csv.fasta.aln
1.355
/home/user/thesis/scripts/BlastOut_datasetTMB/BlastOut_datasetTMB_swissprot/top25BlastSplit/fasta/clustalO/BlastOut_datasetTMB_swissprot_P0DH58.csv.fasta.aln
0.549
/home/user/thesis/scripts/BlastOut_datasetTMB/BlastOut_datasetTMB_swissprot/top25BlastSplit/fasta/clustalO/BlastOut_datasetTMB_swissprot_P10643.csv.fasta.aln
0.828
/home/user/thesis/scripts/BlastOut_datasetTMB/BlastOut_datasetTMB_swissprot/top25BlastSplit/fasta/clustalO/BlastOut_datasetTMB_swissprot_P11922.csv.fasta.aln
1.462
/home/user/thesis/scripts/BlastOut_datasetTMB/BlastOut_datasetTMB_swissprot/top25BlastSplit/fasta/clustalO/BlastOut_datasetTMB_swissprot_P12643.csv.fasta.aln
1.045
/home/user/thesis/scripts/BlastOut_datasetTMB/BlastOut_datasetTMB_swissprot/top25BlastSplit/fasta/clustalO/BlastOut_datasetTMB_swissprot_P13036.csv.fasta.aln
1.098
/home/user/thesis/scripts/BlastOut_datasetTMB/BlastOut_datasetTMB_swissprot/top25BlastSplit/fasta/clustalO/BlastOut_datasetTMB_swissprot_P13671.csv.fasta.aln
0.839
/home/user/thesis/scripts/BlastOut_datasetTMB/BlastOut_datasetTMB_swissprot/top25BlastSplit/fasta/clustalO/BlastOut_datasetTMB_swissprot_P13794.csv.fasta.aln
0.692
/home/user/thesis/scripts/BlastOut_datasetTMB/BlastOut_datasetTMB_swissprot/top25BlastSplit/fasta/clustalO/BlastOut_datasetTMB_swissprot_P15319.csv.fasta.aln
0.785
/home/user/thesis/scripts/BlastOut_datasetTMB/BlastOut_datasetTMB_swissprot/top25BlastSplit/fasta/clustalO/BlastOut_datasetTMB_swissprot_P16869.csv.fasta.aln
0.696
/home/user/thesis/scripts/BlastOut_datasetTMB/BlastOut_datasetTMB_swissprot/top25BlastSplit/fasta/clustalO/BlastOut_datasetTMB_swissprot_P17315.csv.fasta.aln
1.258
/home/user/thesis/scripts/BlastOut_datasetTMB/BlastOut_datasetTMB_swissprot/top25BlastSplit/fasta/clustalO/BlastOut_datasetTMB_swissprot_P19809.csv.fasta.aln
1.693
/home/user/thesis/scripts/BlastOut_datasetTMB/BlastOut_datasetTMB_swissprot/top25BlastSplit/fasta/clustalO/BlastOut_datasetTMB_swissprot_P21796.csv.fasta.aln
0.777
/home/user/thesis/scripts/BlastOut_datasetTMB/BlastOut_datasetTMB_swissprot/top25BlastSplit/fasta/clustalO/BlastOut_datasetTMB_swissprot_P22340.csv.fasta.aln
1.536
/home/user/thesis/scripts/BlastOut_datasetTMB/BlastOut_datasetTMB_swissprot/top25BlastSplit/fasta/clustalO/BlastOut_datasetTMB_swissprot_P24017.csv.fasta.aln
0.797
/home/user/thesis/scripts/BlastOut_datasetTMB/BlastOut_datasetTMB_swissprot/top25BlastSplit/fasta/clustalO/BlastOut_datasetTMB_swissprot_P24391.csv.fasta.aln
0.472
/home/user/thesis/scripts/BlastOut_datasetTMB/BlastOut_datasetTMB_swissprot/top25BlastSplit/fasta/clustalO/BlastOut_datasetTMB_swissprot_P26466.csv.fasta.aln
1.000
/home/user/thesis/scripts/BlastOut_datasetTMB/BlastOut_datasetTMB_swissprot/top25BlastSplit/fasta/clustalO/BlastOut_datasetTMB_swissprot_P30130.csv.fasta.aln
0.674
/home/user/thesis/scripts/BlastOut_datasetTMB/BlastOut_datasetTMB_swissprot/top25BlastSplit/fasta/clustalO/BlastOut_datasetTMB_swissprot_P30690.csv.fasta.aln
0.636
/home/user/thesis/scripts/BlastOut_datasetTMB/BlastOut_datasetTMB_swissprot/top25BlastSplit/fasta/clustalO/BlastOut_datasetTMB_swissprot_P31554.csv.fasta.aln
0.899
/home/user/thesis/scripts/BlastOut_datasetTMB/BlastOut_datasetTMB_swissprot/top25BlastSplit/fasta/clustalO/BlastOut_datasetTMB_swissprot_P31697.csv.fasta.aln
0.725
/home/user/thesis/scripts/BlastOut_datasetTMB/BlastOut_datasetTMB_swissprot/top25BlastSplit/fasta/clustalO/BlastOut_datasetTMB_swissprot_P31780.csv.fasta.aln
1.103
/home/user/thesis/scripts/BlastOut_datasetTMB/BlastOut_datasetTMB_swissprot/top25BlastSplit/fasta/clustalO/BlastOut_datasetTMB_swissprot_P35672.csv.fasta.aln
0.622
/home/user/thesis/scripts/BlastOut_datasetTMB/BlastOut_datasetTMB_swissprot/top25BlastSplit/fasta/clustalO/BlastOut_datasetTMB_swissprot_P35818.csv.fasta.aln
0.869
/home/user/thesis/scripts/BlastOut_datasetTMB/BlastOut_datasetTMB_swissprot/top25BlastSplit/fasta/clustalO/BlastOut_datasetTMB_swissprot_P35916.csv.fasta.aln
1.123
/home/user/thesis/scripts/BlastOut_datasetTMB/BlastOut_datasetTMB_swissprot/top25BlastSplit/fasta/clustalO/BlastOut_datasetTMB_swissprot_P37001.csv.fasta.aln
0.851
/home/user/thesis/scripts/BlastOut_datasetTMB/BlastOut_datasetTMB_swissprot/top25BlastSplit/fasta/clustalO/BlastOut_datasetTMB_swissprot_P37432.csv.fasta.aln
0.835
/home/user/thesis/scripts/BlastOut_datasetTMB/BlastOut_datasetTMB_swissprot/top25BlastSplit/fasta/clustalO/BlastOut_datasetTMB_swissprot_P42512.csv.fasta.aln
0.808
/home/user/thesis/scripts/BlastOut_datasetTMB/BlastOut_datasetTMB_swissprot/top25BlastSplit/fasta/clustalO/BlastOut_datasetTMB_swissprot_P43261.csv.fasta.aln
1.710
/home/user/thesis/scripts/BlastOut_datasetTMB/BlastOut_datasetTMB_swissprot/top25BlastSplit/fasta/clustalO/BlastOut_datasetTMB_swissprot_P45758.csv.fasta.aln
0.945
/home/user/thesis/scripts/BlastOut_datasetTMB/BlastOut_datasetTMB_swissprot/top25BlastSplit/fasta/clustalO/BlastOut_datasetTMB_swissprot_P45779.csv.fasta.aln
0.989
/home/user/thesis/scripts/BlastOut_datasetTMB/BlastOut_datasetTMB_swissprot/top25BlastSplit/fasta/clustalO/BlastOut_datasetTMB_swissprot_P46359.csv.fasta.aln
0.778
/home/user/thesis/scripts/BlastOut_datasetTMB/BlastOut_datasetTMB_swissprot/top25BlastSplit/fasta/clustalO/BlastOut_datasetTMB_swissprot_P48632.csv.fasta.aln
0.761
/home/user/thesis/scripts/BlastOut_datasetTMB/BlastOut_datasetTMB_swissprot/top25BlastSplit/fasta/clustalO/BlastOut_datasetTMB_swissprot_P49767.csv.fasta.aln
0.887
/home/user/thesis/scripts/BlastOut_datasetTMB/BlastOut_datasetTMB_swissprot/top25BlastSplit/fasta/clustalO/BlastOut_datasetTMB_swissprot_P75780.csv.fasta.aln
0.721
/home/user/thesis/scripts/BlastOut_datasetTMB/BlastOut_datasetTMB_swissprot/top25BlastSplit/fasta/clustalO/BlastOut_datasetTMB_swissprot_P77211.csv.fasta.aln
0.559
/home/user/thesis/scripts/BlastOut_datasetTMB/BlastOut_datasetTMB_swissprot/top25BlastSplit/fasta/clustalO/BlastOut_datasetTMB_swissprot_P77774.csv.fasta.aln
0.497
/home/user/thesis/scripts/BlastOut_datasetTMB/BlastOut_datasetTMB_swissprot/top25BlastSplit/fasta/clustalO/BlastOut_datasetTMB_swissprot_Q03155.csv.fasta.aln
0.574
/home/user/thesis/scripts/BlastOut_datasetTMB/BlastOut_datasetTMB_swissprot/top25BlastSplit/fasta/clustalO/BlastOut_datasetTMB_swissprot_Q04884.csv.fasta.aln
1.540
/home/user/thesis/scripts/BlastOut_datasetTMB/BlastOut_datasetTMB_swissprot/top25BlastSplit/fasta/clustalO/BlastOut_datasetTMB_swissprot_Q05098.csv.fasta.aln
1.219
/home/user/thesis/scripts/BlastOut_datasetTMB/BlastOut_datasetTMB_swissprot/top25BlastSplit/fasta/clustalO/BlastOut_datasetTMB_swissprot_Q16853.csv.fasta.aln
0.878
/home/user/thesis/scripts/BlastOut_datasetTMB/BlastOut_datasetTMB_swissprot/top25BlastSplit/fasta/clustalO/BlastOut_datasetTMB_swissprot_Q2FFA2.csv.fasta.aln
1.092
/home/user/thesis/scripts/BlastOut_datasetTMB/BlastOut_datasetTMB_swissprot/top25BlastSplit/fasta/clustalO/BlastOut_datasetTMB_swissprot_Q2FFA3.csv.fasta.aln
0.870
/home/user/thesis/scripts/BlastOut_datasetTMB/BlastOut_datasetTMB_swissprot/top25BlastSplit/fasta/clustalO/BlastOut_datasetTMB_swissprot_Q45340.csv.fasta.aln
0.548
/home/user/thesis/scripts/BlastOut_datasetTMB/BlastOut_datasetTMB_swissprot/top25BlastSplit/fasta/clustalO/BlastOut_datasetTMB_swissprot_Q48473.csv.fasta.aln
0.868
/home/user/thesis/scripts/BlastOut_datasetTMB/BlastOut_datasetTMB_swissprot/top25BlastSplit/fasta/clustalO/BlastOut_datasetTMB_swissprot_Q51397.csv.fasta.aln
0.593
/home/user/thesis/scripts/BlastOut_datasetTMB/BlastOut_datasetTMB_swissprot/top25BlastSplit/fasta/clustalO/BlastOut_datasetTMB_swissprot_Q51487.csv.fasta.aln
0.585
/home/user/thesis/scripts/BlastOut_datasetTMB/BlastOut_datasetTMB_swissprot/top25BlastSplit/fasta/clustalO/BlastOut_datasetTMB_swissprot_Q60932.csv.fasta.aln
0.792
/home/user/thesis/scripts/BlastOut_datasetTMB/BlastOut_datasetTMB_swissprot/top25BlastSplit/fasta/clustalO/BlastOut_datasetTMB_swissprot_Q7BSW5.csv.fasta.aln
1.229
/home/user/thesis/scripts/BlastOut_datasetTMB/BlastOut_datasetTMB_swissprot/top25BlastSplit/fasta/clustalO/BlastOut_datasetTMB_swissprot_Q7CJV2.csv.fasta.aln
0.392
/home/user/thesis/scripts/BlastOut_datasetTMB/BlastOut_datasetTMB_swissprot/top25BlastSplit/fasta/clustalO/BlastOut_datasetTMB_swissprot_Q83LX4.csv.fasta.aln
0.397
/home/user/thesis/scripts/BlastOut_datasetTMB/BlastOut_datasetTMB_swissprot/top25BlastSplit/fasta/clustalO/BlastOut_datasetTMB_swissprot_Q83SQ0.csv.fasta.aln
0.901
/home/user/thesis/scripts/BlastOut_datasetTMB/BlastOut_datasetTMB_swissprot/top25BlastSplit/fasta/clustalO/BlastOut_datasetTMB_swissprot_Q8CVI4.csv.fasta.aln
1.000
/home/user/thesis/scripts/BlastOut_datasetTMB/BlastOut_datasetTMB_swissprot/top25BlastSplit/fasta/clustalO/BlastOut_datasetTMB_swissprot_Q8CVW1.csv.fasta.aln
0.861
/home/user/thesis/scripts/BlastOut_datasetTMB/BlastOut_datasetTMB_swissprot/top25BlastSplit/fasta/clustalO/BlastOut_datasetTMB_swissprot_Q8ZIK3.csv.fasta.aln
0.900
/home/user/thesis/scripts/BlastOut_datasetTMB/BlastOut_datasetTMB_swissprot/top25BlastSplit/fasta/clustalO/BlastOut_datasetTMB_swissprot_Q8ZPC9.csv.fasta.aln
1.000
/home/user/thesis/scripts/BlastOut_datasetTMB/BlastOut_datasetTMB_swissprot/top25BlastSplit/fasta/clustalO/BlastOut_datasetTMB_swissprot_Q8ZRP0.csv.fasta.aln
1.000
/home/user/thesis/scripts/BlastOut_datasetTMB/BlastOut_datasetTMB_swissprot/top25BlastSplit/fasta/clustalO/BlastOut_datasetTMB_swissprot_Q8ZRW0.csv.fasta.aln
0.886
/home/user/thesis/scripts/BlastOut_datasetTMB/BlastOut_datasetTMB_swissprot/top25BlastSplit/fasta/clustalO/BlastOut_datasetTMB_swissprot_Q99RL1.csv.fasta.aln
1.080
/home/user/thesis/scripts/BlastOut_datasetTMB/BlastOut_datasetTMB_swissprot/top25BlastSplit/fasta/clustalO/BlastOut_datasetTMB_swissprot_Q9I5U2.csv.fasta.aln
0.726
/home/user/thesis/scripts/BlastOut_datasetTMB/BlastOut_datasetTMB_swissprot/top25BlastSplit/fasta/clustalO/BlastOut_datasetTMB_swissprot_Q9JZN9.csv.fasta.aln
0.939
/home/user/thesis/scripts/BlastOut_datasetTMB/BlastOut_datasetTMB_swissprot/top25BlastSplit/fasta/clustalO/BlastOut_datasetTMB_swissprot_Q9K0U9.csv.fasta.aln
1.210
/home/user/thesis/scripts/BlastOut_datasetTMB/BlastOut_datasetTMB_swissprot/top25BlastSplit/fasta/clustalO/BlastOut_datasetTMB_swissprot_Q9TUM0.csv.fasta.aln
0.880
