0.171
1.403
0.407
0.430
0.966
1.000
1.054
0.595
0.514
0.210
0.531
1.138
0.295
0.417
0.859
0.525
0.586
1.175
2.767
0.843
0.300
0.300
0.668
0.693
0.693
0.779
0.779
1.000
1.000
1.000
1.000
2.438
2.438
2.438
0.822
1.147
1.147
1.147
1.147
0.621
0.716
0.716
1.260
0.217
0.416
0.612
0.347
0.805
0.712
0.381
0.754
1.113
0.195
0.567
0.365
0.657
0.725
0.377
0.424
0.370
2.023
0.273
0.465
0.605
0.293
0.233
0.233
0.233
0.284
0.201
0.713
1.374
1.000
0.602
2.464
1.017
0.127
2.345
0.990
1.000
1.000
0.425
0.623
1.133
0.389
0.173
0.853
0.332
