/home/user/thesis/scripts/BlastOut_datasetTMB/BlastOut_datasetTMB_OMPdb70/top50BlastSplit/fasta/aln/BlastOut_datasetTMB_OMPdb70_A1JUB7.csv.aln
0.217
/home/user/thesis/scripts/BlastOut_datasetTMB/BlastOut_datasetTMB_OMPdb70/top50BlastSplit/fasta/aln/BlastOut_datasetTMB_OMPdb70_A5F934.csv.aln
0.453
/home/user/thesis/scripts/BlastOut_datasetTMB/BlastOut_datasetTMB_OMPdb70/top50BlastSplit/fasta/aln/BlastOut_datasetTMB_OMPdb70_E3PJ86.csv.aln
0.437
/home/user/thesis/scripts/BlastOut_datasetTMB/BlastOut_datasetTMB_OMPdb70/top50BlastSplit/fasta/aln/BlastOut_datasetTMB_OMPdb70_E6MXW0.csv.aln
0.536
/home/user/thesis/scripts/BlastOut_datasetTMB/BlastOut_datasetTMB_OMPdb70/top50BlastSplit/fasta/aln/BlastOut_datasetTMB_OMPdb70_O33407.csv.aln
0.385
/home/user/thesis/scripts/BlastOut_datasetTMB/BlastOut_datasetTMB_OMPdb70/top50BlastSplit/fasta/aln/BlastOut_datasetTMB_OMPdb70_O88093.csv.aln
0.366
/home/user/thesis/scripts/BlastOut_datasetTMB/BlastOut_datasetTMB_OMPdb70/top50BlastSplit/fasta/aln/BlastOut_datasetTMB_OMPdb70_P02929.csv.aln
0.093
/home/user/thesis/scripts/BlastOut_datasetTMB/BlastOut_datasetTMB_OMPdb70/top50BlastSplit/fasta/aln/BlastOut_datasetTMB_OMPdb70_P02930.csv.aln
0.389
/home/user/thesis/scripts/BlastOut_datasetTMB/BlastOut_datasetTMB_OMPdb70/top50BlastSplit/fasta/aln/BlastOut_datasetTMB_OMPdb70_P02931.csv.aln
0.509
/home/user/thesis/scripts/BlastOut_datasetTMB/BlastOut_datasetTMB_OMPdb70/top50BlastSplit/fasta/aln/BlastOut_datasetTMB_OMPdb70_P02932.csv.aln
0.478
/home/user/thesis/scripts/BlastOut_datasetTMB/BlastOut_datasetTMB_OMPdb70/top50BlastSplit/fasta/aln/BlastOut_datasetTMB_OMPdb70_P02943.csv.aln
0.437
/home/user/thesis/scripts/BlastOut_datasetTMB/BlastOut_datasetTMB_OMPdb70/top50BlastSplit/fasta/aln/BlastOut_datasetTMB_OMPdb70_P05430.csv.aln
0.542
/home/user/thesis/scripts/BlastOut_datasetTMB/BlastOut_datasetTMB_OMPdb70/top50BlastSplit/fasta/aln/BlastOut_datasetTMB_OMPdb70_P05695.csv.aln
0.423
/home/user/thesis/scripts/BlastOut_datasetTMB/BlastOut_datasetTMB_OMPdb70/top50BlastSplit/fasta/aln/BlastOut_datasetTMB_OMPdb70_P05825.csv.aln
0.559
/home/user/thesis/scripts/BlastOut_datasetTMB/BlastOut_datasetTMB_OMPdb70/top50BlastSplit/fasta/aln/BlastOut_datasetTMB_OMPdb70_P06129.csv.aln
0.419
/home/user/thesis/scripts/BlastOut_datasetTMB/BlastOut_datasetTMB_OMPdb70/top50BlastSplit/fasta/aln/BlastOut_datasetTMB_OMPdb70_P06970.csv.aln
0.326
/home/user/thesis/scripts/BlastOut_datasetTMB/BlastOut_datasetTMB_OMPdb70/top50BlastSplit/fasta/aln/BlastOut_datasetTMB_OMPdb70_P06971.csv.aln
0.365
/home/user/thesis/scripts/BlastOut_datasetTMB/BlastOut_datasetTMB_OMPdb70/top50BlastSplit/fasta/aln/BlastOut_datasetTMB_OMPdb70_P06996.csv.aln
0.476
/home/user/thesis/scripts/BlastOut_datasetTMB/BlastOut_datasetTMB_OMPdb70/top50BlastSplit/fasta/aln/BlastOut_datasetTMB_OMPdb70_P07110.csv.aln
0.454
/home/user/thesis/scripts/BlastOut_datasetTMB/BlastOut_datasetTMB_OMPdb70/top50BlastSplit/fasta/aln/BlastOut_datasetTMB_OMPdb70_P09169.csv.aln
0.312
/home/user/thesis/scripts/BlastOut_datasetTMB/BlastOut_datasetTMB_OMPdb70/top50BlastSplit/fasta/aln/BlastOut_datasetTMB_OMPdb70_P0A232.csv.aln
0.481
/home/user/thesis/scripts/BlastOut_datasetTMB/BlastOut_datasetTMB_OMPdb70/top50BlastSplit/fasta/aln/BlastOut_datasetTMB_OMPdb70_P0A263.csv.aln
0.479
/home/user/thesis/scripts/BlastOut_datasetTMB/BlastOut_datasetTMB_OMPdb70/top50BlastSplit/fasta/aln/BlastOut_datasetTMB_OMPdb70_P0A264.csv.aln
0.479
/home/user/thesis/scripts/BlastOut_datasetTMB/BlastOut_datasetTMB_OMPdb70/top50BlastSplit/fasta/aln/BlastOut_datasetTMB_OMPdb70_P0A910.csv.aln
0.482
/home/user/thesis/scripts/BlastOut_datasetTMB/BlastOut_datasetTMB_OMPdb70/top50BlastSplit/fasta/aln/BlastOut_datasetTMB_OMPdb70_P0A911.csv.aln
0.482
/home/user/thesis/scripts/BlastOut_datasetTMB/BlastOut_datasetTMB_OMPdb70/top50BlastSplit/fasta/aln/BlastOut_datasetTMB_OMPdb70_P0A915.csv.aln
0.412
/home/user/thesis/scripts/BlastOut_datasetTMB/BlastOut_datasetTMB_OMPdb70/top50BlastSplit/fasta/aln/BlastOut_datasetTMB_OMPdb70_P0A916.csv.aln
0.412
/home/user/thesis/scripts/BlastOut_datasetTMB/BlastOut_datasetTMB_OMPdb70/top50BlastSplit/fasta/aln/BlastOut_datasetTMB_OMPdb70_P0A917.csv.aln
0.408
/home/user/thesis/scripts/BlastOut_datasetTMB/BlastOut_datasetTMB_OMPdb70/top50BlastSplit/fasta/aln/BlastOut_datasetTMB_OMPdb70_P0A918.csv.aln
0.408
/home/user/thesis/scripts/BlastOut_datasetTMB/BlastOut_datasetTMB_OMPdb70/top50BlastSplit/fasta/aln/BlastOut_datasetTMB_OMPdb70_P0A919.csv.aln
0.408
/home/user/thesis/scripts/BlastOut_datasetTMB/BlastOut_datasetTMB_OMPdb70/top50BlastSplit/fasta/aln/BlastOut_datasetTMB_OMPdb70_P0A920.csv.aln
0.408
/home/user/thesis/scripts/BlastOut_datasetTMB/BlastOut_datasetTMB_OMPdb70/top50BlastSplit/fasta/aln/BlastOut_datasetTMB_OMPdb70_P0A921.csv.aln
0.481
/home/user/thesis/scripts/BlastOut_datasetTMB/BlastOut_datasetTMB_OMPdb70/top50BlastSplit/fasta/aln/BlastOut_datasetTMB_OMPdb70_P0A922.csv.aln
0.481
/home/user/thesis/scripts/BlastOut_datasetTMB/BlastOut_datasetTMB_OMPdb70/top50BlastSplit/fasta/aln/BlastOut_datasetTMB_OMPdb70_P0A923.csv.aln
0.481
/home/user/thesis/scripts/BlastOut_datasetTMB/BlastOut_datasetTMB_OMPdb70/top50BlastSplit/fasta/aln/BlastOut_datasetTMB_OMPdb70_P0A927.csv.aln
0.392
/home/user/thesis/scripts/BlastOut_datasetTMB/BlastOut_datasetTMB_OMPdb70/top50BlastSplit/fasta/aln/BlastOut_datasetTMB_OMPdb70_P0A928.csv.aln
0.392
/home/user/thesis/scripts/BlastOut_datasetTMB/BlastOut_datasetTMB_OMPdb70/top50BlastSplit/fasta/aln/BlastOut_datasetTMB_OMPdb70_P0A929.csv.aln
0.392
/home/user/thesis/scripts/BlastOut_datasetTMB/BlastOut_datasetTMB_OMPdb70/top50BlastSplit/fasta/aln/BlastOut_datasetTMB_OMPdb70_P0A940.csv.aln
0.379
/home/user/thesis/scripts/BlastOut_datasetTMB/BlastOut_datasetTMB_OMPdb70/top50BlastSplit/fasta/aln/BlastOut_datasetTMB_OMPdb70_P0A941.csv.aln
0.379
/home/user/thesis/scripts/BlastOut_datasetTMB/BlastOut_datasetTMB_OMPdb70/top50BlastSplit/fasta/aln/BlastOut_datasetTMB_OMPdb70_P0A942.csv.aln
0.379
/home/user/thesis/scripts/BlastOut_datasetTMB/BlastOut_datasetTMB_OMPdb70/top50BlastSplit/fasta/aln/BlastOut_datasetTMB_OMPdb70_P0A943.csv.aln
0.379
/home/user/thesis/scripts/BlastOut_datasetTMB/BlastOut_datasetTMB_OMPdb70/top50BlastSplit/fasta/aln/BlastOut_datasetTMB_OMPdb70_P0ADE4.csv.aln
0.393
/home/user/thesis/scripts/BlastOut_datasetTMB/BlastOut_datasetTMB_OMPdb70/top50BlastSplit/fasta/aln/BlastOut_datasetTMB_OMPdb70_P0ADE5.csv.aln
0.393
/home/user/thesis/scripts/BlastOut_datasetTMB/BlastOut_datasetTMB_OMPdb70/top50BlastSplit/fasta/aln/BlastOut_datasetTMB_OMPdb70_P0AEA2.csv.aln
0.318
/home/user/thesis/scripts/BlastOut_datasetTMB/BlastOut_datasetTMB_OMPdb70/top50BlastSplit/fasta/aln/BlastOut_datasetTMB_OMPdb70_P0C2W0.csv.aln
0.223
/home/user/thesis/scripts/BlastOut_datasetTMB/BlastOut_datasetTMB_OMPdb70/top50BlastSplit/fasta/aln/BlastOut_datasetTMB_OMPdb70_P0C6Q6.csv.aln
0.453
/home/user/thesis/scripts/BlastOut_datasetTMB/BlastOut_datasetTMB_OMPdb70/top50BlastSplit/fasta/aln/BlastOut_datasetTMB_OMPdb70_P0DH58.csv.aln
0.524
/home/user/thesis/scripts/BlastOut_datasetTMB/BlastOut_datasetTMB_OMPdb70/top50BlastSplit/fasta/aln/BlastOut_datasetTMB_OMPdb70_P10384.csv.aln
0.492
/home/user/thesis/scripts/BlastOut_datasetTMB/BlastOut_datasetTMB_OMPdb70/top50BlastSplit/fasta/aln/BlastOut_datasetTMB_OMPdb70_P11922.csv.aln
0.463
/home/user/thesis/scripts/BlastOut_datasetTMB/BlastOut_datasetTMB_OMPdb70/top50BlastSplit/fasta/aln/BlastOut_datasetTMB_OMPdb70_P13036.csv.aln
0.512
/home/user/thesis/scripts/BlastOut_datasetTMB/BlastOut_datasetTMB_OMPdb70/top50BlastSplit/fasta/aln/BlastOut_datasetTMB_OMPdb70_P13794.csv.aln
0.377
/home/user/thesis/scripts/BlastOut_datasetTMB/BlastOut_datasetTMB_OMPdb70/top50BlastSplit/fasta/aln/BlastOut_datasetTMB_OMPdb70_P16869.csv.aln
0.400
/home/user/thesis/scripts/BlastOut_datasetTMB/BlastOut_datasetTMB_OMPdb70/top50BlastSplit/fasta/aln/BlastOut_datasetTMB_OMPdb70_P17315.csv.aln
0.473
/home/user/thesis/scripts/BlastOut_datasetTMB/BlastOut_datasetTMB_OMPdb70/top50BlastSplit/fasta/aln/BlastOut_datasetTMB_OMPdb70_P17811.csv.aln
0.363
/home/user/thesis/scripts/BlastOut_datasetTMB/BlastOut_datasetTMB_OMPdb70/top50BlastSplit/fasta/aln/BlastOut_datasetTMB_OMPdb70_P18195.csv.aln
0.543
/home/user/thesis/scripts/BlastOut_datasetTMB/BlastOut_datasetTMB_OMPdb70/top50BlastSplit/fasta/aln/BlastOut_datasetTMB_OMPdb70_P18895.csv.aln
0.250
/home/user/thesis/scripts/BlastOut_datasetTMB/BlastOut_datasetTMB_OMPdb70/top50BlastSplit/fasta/aln/BlastOut_datasetTMB_OMPdb70_P19809.csv.aln
0.418
/home/user/thesis/scripts/BlastOut_datasetTMB/BlastOut_datasetTMB_OMPdb70/top50BlastSplit/fasta/aln/BlastOut_datasetTMB_OMPdb70_P22340.csv.aln
0.332
/home/user/thesis/scripts/BlastOut_datasetTMB/BlastOut_datasetTMB_OMPdb70/top50BlastSplit/fasta/aln/BlastOut_datasetTMB_OMPdb70_P24017.csv.aln
0.485
/home/user/thesis/scripts/BlastOut_datasetTMB/BlastOut_datasetTMB_OMPdb70/top50BlastSplit/fasta/aln/BlastOut_datasetTMB_OMPdb70_P24305.csv.aln
0.590
/home/user/thesis/scripts/BlastOut_datasetTMB/BlastOut_datasetTMB_OMPdb70/top50BlastSplit/fasta/aln/BlastOut_datasetTMB_OMPdb70_P26466.csv.aln
0.442
/home/user/thesis/scripts/BlastOut_datasetTMB/BlastOut_datasetTMB_OMPdb70/top50BlastSplit/fasta/aln/BlastOut_datasetTMB_OMPdb70_P30130.csv.aln
0.453
/home/user/thesis/scripts/BlastOut_datasetTMB/BlastOut_datasetTMB_OMPdb70/top50BlastSplit/fasta/aln/BlastOut_datasetTMB_OMPdb70_P30690.csv.aln
0.526
/home/user/thesis/scripts/BlastOut_datasetTMB/BlastOut_datasetTMB_OMPdb70/top50BlastSplit/fasta/aln/BlastOut_datasetTMB_OMPdb70_P31243.csv.aln
0.420
/home/user/thesis/scripts/BlastOut_datasetTMB/BlastOut_datasetTMB_OMPdb70/top50BlastSplit/fasta/aln/BlastOut_datasetTMB_OMPdb70_P31554.csv.aln
0.349
/home/user/thesis/scripts/BlastOut_datasetTMB/BlastOut_datasetTMB_OMPdb70/top50BlastSplit/fasta/aln/BlastOut_datasetTMB_OMPdb70_P31780.csv.aln
0.464
/home/user/thesis/scripts/BlastOut_datasetTMB/BlastOut_datasetTMB_OMPdb70/top50BlastSplit/fasta/aln/BlastOut_datasetTMB_OMPdb70_P32722.csv.aln
0.358
/home/user/thesis/scripts/BlastOut_datasetTMB/BlastOut_datasetTMB_OMPdb70/top50BlastSplit/fasta/aln/BlastOut_datasetTMB_OMPdb70_P32977.csv.aln
0.370
/home/user/thesis/scripts/BlastOut_datasetTMB/BlastOut_datasetTMB_OMPdb70/top50BlastSplit/fasta/aln/BlastOut_datasetTMB_OMPdb70_P35077.csv.aln
0.234
/home/user/thesis/scripts/BlastOut_datasetTMB/BlastOut_datasetTMB_OMPdb70/top50BlastSplit/fasta/aln/BlastOut_datasetTMB_OMPdb70_P35672.csv.aln
0.482
/home/user/thesis/scripts/BlastOut_datasetTMB/BlastOut_datasetTMB_OMPdb70/top50BlastSplit/fasta/aln/BlastOut_datasetTMB_OMPdb70_P35818.csv.aln
0.462
/home/user/thesis/scripts/BlastOut_datasetTMB/BlastOut_datasetTMB_OMPdb70/top50BlastSplit/fasta/aln/BlastOut_datasetTMB_OMPdb70_P37001.csv.aln
0.483
/home/user/thesis/scripts/BlastOut_datasetTMB/BlastOut_datasetTMB_OMPdb70/top50BlastSplit/fasta/aln/BlastOut_datasetTMB_OMPdb70_P37432.csv.aln
0.536
/home/user/thesis/scripts/BlastOut_datasetTMB/BlastOut_datasetTMB_OMPdb70/top50BlastSplit/fasta/aln/BlastOut_datasetTMB_OMPdb70_P39767.csv.aln
0.395
/home/user/thesis/scripts/BlastOut_datasetTMB/BlastOut_datasetTMB_OMPdb70/top50BlastSplit/fasta/aln/BlastOut_datasetTMB_OMPdb70_P42512.csv.aln
0.322
/home/user/thesis/scripts/BlastOut_datasetTMB/BlastOut_datasetTMB_OMPdb70/top50BlastSplit/fasta/aln/BlastOut_datasetTMB_OMPdb70_P43261.csv.aln
0.412
/home/user/thesis/scripts/BlastOut_datasetTMB/BlastOut_datasetTMB_OMPdb70/top50BlastSplit/fasta/aln/BlastOut_datasetTMB_OMPdb70_P45758.csv.aln
0.456
/home/user/thesis/scripts/BlastOut_datasetTMB/BlastOut_datasetTMB_OMPdb70/top50BlastSplit/fasta/aln/BlastOut_datasetTMB_OMPdb70_P45779.csv.aln
0.447
/home/user/thesis/scripts/BlastOut_datasetTMB/BlastOut_datasetTMB_OMPdb70/top50BlastSplit/fasta/aln/BlastOut_datasetTMB_OMPdb70_P46359.csv.aln
0.369
/home/user/thesis/scripts/BlastOut_datasetTMB/BlastOut_datasetTMB_OMPdb70/top50BlastSplit/fasta/aln/BlastOut_datasetTMB_OMPdb70_P48632.csv.aln
0.406
/home/user/thesis/scripts/BlastOut_datasetTMB/BlastOut_datasetTMB_OMPdb70/top50BlastSplit/fasta/aln/BlastOut_datasetTMB_OMPdb70_P69856.csv.aln
0.204
/home/user/thesis/scripts/BlastOut_datasetTMB/BlastOut_datasetTMB_OMPdb70/top50BlastSplit/fasta/aln/BlastOut_datasetTMB_OMPdb70_P69857.csv.aln
0.204
/home/user/thesis/scripts/BlastOut_datasetTMB/BlastOut_datasetTMB_OMPdb70/top50BlastSplit/fasta/aln/BlastOut_datasetTMB_OMPdb70_P69858.csv.aln
0.204
/home/user/thesis/scripts/BlastOut_datasetTMB/BlastOut_datasetTMB_OMPdb70/top50BlastSplit/fasta/aln/BlastOut_datasetTMB_OMPdb70_P75780.csv.aln
0.429
/home/user/thesis/scripts/BlastOut_datasetTMB/BlastOut_datasetTMB_OMPdb70/top50BlastSplit/fasta/aln/BlastOut_datasetTMB_OMPdb70_P76045.csv.aln
0.126
/home/user/thesis/scripts/BlastOut_datasetTMB/BlastOut_datasetTMB_OMPdb70/top50BlastSplit/fasta/aln/BlastOut_datasetTMB_OMPdb70_P77211.csv.aln
0.409
/home/user/thesis/scripts/BlastOut_datasetTMB/BlastOut_datasetTMB_OMPdb70/top50BlastSplit/fasta/aln/BlastOut_datasetTMB_OMPdb70_Q03155.csv.aln
0.383
/home/user/thesis/scripts/BlastOut_datasetTMB/BlastOut_datasetTMB_OMPdb70/top50BlastSplit/fasta/aln/BlastOut_datasetTMB_OMPdb70_Q04884.csv.aln
0.458
/home/user/thesis/scripts/BlastOut_datasetTMB/BlastOut_datasetTMB_OMPdb70/top50BlastSplit/fasta/aln/BlastOut_datasetTMB_OMPdb70_Q05098.csv.aln
0.553
/home/user/thesis/scripts/BlastOut_datasetTMB/BlastOut_datasetTMB_OMPdb70/top50BlastSplit/fasta/aln/BlastOut_datasetTMB_OMPdb70_Q45340.csv.aln
0.364
/home/user/thesis/scripts/BlastOut_datasetTMB/BlastOut_datasetTMB_OMPdb70/top50BlastSplit/fasta/aln/BlastOut_datasetTMB_OMPdb70_Q48473.csv.aln
0.472
/home/user/thesis/scripts/BlastOut_datasetTMB/BlastOut_datasetTMB_OMPdb70/top50BlastSplit/fasta/aln/BlastOut_datasetTMB_OMPdb70_Q51397.csv.aln
0.404
/home/user/thesis/scripts/BlastOut_datasetTMB/BlastOut_datasetTMB_OMPdb70/top50BlastSplit/fasta/aln/BlastOut_datasetTMB_OMPdb70_Q51487.csv.aln
0.450
/home/user/thesis/scripts/BlastOut_datasetTMB/BlastOut_datasetTMB_OMPdb70/top50BlastSplit/fasta/aln/BlastOut_datasetTMB_OMPdb70_Q7BCK4.csv.aln
0.411
/home/user/thesis/scripts/BlastOut_datasetTMB/BlastOut_datasetTMB_OMPdb70/top50BlastSplit/fasta/aln/BlastOut_datasetTMB_OMPdb70_Q7BSW5.csv.aln
0.375
/home/user/thesis/scripts/BlastOut_datasetTMB/BlastOut_datasetTMB_OMPdb70/top50BlastSplit/fasta/aln/BlastOut_datasetTMB_OMPdb70_Q83SQ0.csv.aln
0.343
/home/user/thesis/scripts/BlastOut_datasetTMB/BlastOut_datasetTMB_OMPdb70/top50BlastSplit/fasta/aln/BlastOut_datasetTMB_OMPdb70_Q8CVI4.csv.aln
0.437
/home/user/thesis/scripts/BlastOut_datasetTMB/BlastOut_datasetTMB_OMPdb70/top50BlastSplit/fasta/aln/BlastOut_datasetTMB_OMPdb70_Q8CVW1.csv.aln
0.498
/home/user/thesis/scripts/BlastOut_datasetTMB/BlastOut_datasetTMB_OMPdb70/top50BlastSplit/fasta/aln/BlastOut_datasetTMB_OMPdb70_Q8ZIK3.csv.aln
0.344
/home/user/thesis/scripts/BlastOut_datasetTMB/BlastOut_datasetTMB_OMPdb70/top50BlastSplit/fasta/aln/BlastOut_datasetTMB_OMPdb70_Q8ZRP0.csv.aln
0.378
/home/user/thesis/scripts/BlastOut_datasetTMB/BlastOut_datasetTMB_OMPdb70/top50BlastSplit/fasta/aln/BlastOut_datasetTMB_OMPdb70_Q8ZRW0.csv.aln
0.351
/home/user/thesis/scripts/BlastOut_datasetTMB/BlastOut_datasetTMB_OMPdb70/top50BlastSplit/fasta/aln/BlastOut_datasetTMB_OMPdb70_Q934G3.csv.aln
0.338
/home/user/thesis/scripts/BlastOut_datasetTMB/BlastOut_datasetTMB_OMPdb70/top50BlastSplit/fasta/aln/BlastOut_datasetTMB_OMPdb70_Q9HVD1.csv.aln
0.471
/home/user/thesis/scripts/BlastOut_datasetTMB/BlastOut_datasetTMB_OMPdb70/top50BlastSplit/fasta/aln/BlastOut_datasetTMB_OMPdb70_Q9I5U2.csv.aln
0.431
/home/user/thesis/scripts/BlastOut_datasetTMB/BlastOut_datasetTMB_OMPdb70/top50BlastSplit/fasta/aln/BlastOut_datasetTMB_OMPdb70_Q9JZN9.csv.aln
0.482
/home/user/thesis/scripts/BlastOut_datasetTMB/BlastOut_datasetTMB_OMPdb70/top50BlastSplit/fasta/aln/BlastOut_datasetTMB_OMPdb70_Q9K0U9.csv.aln
0.414
