/home/user/thesis/scripts/BlastOut_datasetTMB/BlastOut_datasetTMB_swissprot/top50BlastSplit/fasta/mafft/BlastOut_datasetTMB_swissprot_A5F934.csv.fasta.aln
0.955
/home/user/thesis/scripts/BlastOut_datasetTMB/BlastOut_datasetTMB_swissprot/top50BlastSplit/fasta/mafft/BlastOut_datasetTMB_swissprot_E3PJ86.csv.fasta.aln
0.650
/home/user/thesis/scripts/BlastOut_datasetTMB/BlastOut_datasetTMB_swissprot/top50BlastSplit/fasta/mafft/BlastOut_datasetTMB_swissprot_P00747.csv.fasta.aln
1.000
/home/user/thesis/scripts/BlastOut_datasetTMB/BlastOut_datasetTMB_swissprot/top50BlastSplit/fasta/mafft/BlastOut_datasetTMB_swissprot_P01031.csv.fasta.aln
1.174
/home/user/thesis/scripts/BlastOut_datasetTMB/BlastOut_datasetTMB_swissprot/top50BlastSplit/fasta/mafft/BlastOut_datasetTMB_swissprot_P02748.csv.fasta.aln
1.053
/home/user/thesis/scripts/BlastOut_datasetTMB/BlastOut_datasetTMB_swissprot/top50BlastSplit/fasta/mafft/BlastOut_datasetTMB_swissprot_P02787.csv.fasta.aln
1.133
/home/user/thesis/scripts/BlastOut_datasetTMB/BlastOut_datasetTMB_swissprot/top50BlastSplit/fasta/mafft/BlastOut_datasetTMB_swissprot_P02931.csv.fasta.aln
0.498
/home/user/thesis/scripts/BlastOut_datasetTMB/BlastOut_datasetTMB_swissprot/top50BlastSplit/fasta/mafft/BlastOut_datasetTMB_swissprot_P02932.csv.fasta.aln
0.516
/home/user/thesis/scripts/BlastOut_datasetTMB/BlastOut_datasetTMB_swissprot/top50BlastSplit/fasta/mafft/BlastOut_datasetTMB_swissprot_P02943.csv.fasta.aln
0.840
/home/user/thesis/scripts/BlastOut_datasetTMB/BlastOut_datasetTMB_swissprot/top50BlastSplit/fasta/mafft/BlastOut_datasetTMB_swissprot_P05825.csv.fasta.aln
0.888
/home/user/thesis/scripts/BlastOut_datasetTMB/BlastOut_datasetTMB_swissprot/top50BlastSplit/fasta/mafft/BlastOut_datasetTMB_swissprot_P06129.csv.fasta.aln
0.865
/home/user/thesis/scripts/BlastOut_datasetTMB/BlastOut_datasetTMB_swissprot/top50BlastSplit/fasta/mafft/BlastOut_datasetTMB_swissprot_P06971.csv.fasta.aln
0.693
/home/user/thesis/scripts/BlastOut_datasetTMB/BlastOut_datasetTMB_swissprot/top50BlastSplit/fasta/mafft/BlastOut_datasetTMB_swissprot_P07357.csv.fasta.aln
0.768
/home/user/thesis/scripts/BlastOut_datasetTMB/BlastOut_datasetTMB_swissprot/top50BlastSplit/fasta/mafft/BlastOut_datasetTMB_swissprot_P07358.csv.fasta.aln
1.039
/home/user/thesis/scripts/BlastOut_datasetTMB/BlastOut_datasetTMB_swissprot/top50BlastSplit/fasta/mafft/BlastOut_datasetTMB_swissprot_P07360.csv.fasta.aln
0.501
/home/user/thesis/scripts/BlastOut_datasetTMB/BlastOut_datasetTMB_swissprot/top50BlastSplit/fasta/mafft/BlastOut_datasetTMB_swissprot_P08189.csv.fasta.aln
0.581
/home/user/thesis/scripts/BlastOut_datasetTMB/BlastOut_datasetTMB_swissprot/top50BlastSplit/fasta/mafft/BlastOut_datasetTMB_swissprot_P0A910.csv.fasta.aln
0.768
/home/user/thesis/scripts/BlastOut_datasetTMB/BlastOut_datasetTMB_swissprot/top50BlastSplit/fasta/mafft/BlastOut_datasetTMB_swissprot_P0A911.csv.fasta.aln
0.768
/home/user/thesis/scripts/BlastOut_datasetTMB/BlastOut_datasetTMB_swissprot/top50BlastSplit/fasta/mafft/BlastOut_datasetTMB_swissprot_P0A940.csv.fasta.aln
0.771
/home/user/thesis/scripts/BlastOut_datasetTMB/BlastOut_datasetTMB_swissprot/top50BlastSplit/fasta/mafft/BlastOut_datasetTMB_swissprot_P0A941.csv.fasta.aln
0.771
/home/user/thesis/scripts/BlastOut_datasetTMB/BlastOut_datasetTMB_swissprot/top50BlastSplit/fasta/mafft/BlastOut_datasetTMB_swissprot_P0A942.csv.fasta.aln
0.771
/home/user/thesis/scripts/BlastOut_datasetTMB/BlastOut_datasetTMB_swissprot/top50BlastSplit/fasta/mafft/BlastOut_datasetTMB_swissprot_P0A943.csv.fasta.aln
0.771
/home/user/thesis/scripts/BlastOut_datasetTMB/BlastOut_datasetTMB_swissprot/top50BlastSplit/fasta/mafft/BlastOut_datasetTMB_swissprot_P0ADE4.csv.fasta.aln
0.605
/home/user/thesis/scripts/BlastOut_datasetTMB/BlastOut_datasetTMB_swissprot/top50BlastSplit/fasta/mafft/BlastOut_datasetTMB_swissprot_P0ADE5.csv.fasta.aln
0.605
/home/user/thesis/scripts/BlastOut_datasetTMB/BlastOut_datasetTMB_swissprot/top50BlastSplit/fasta/mafft/BlastOut_datasetTMB_swissprot_P10643.csv.fasta.aln
1.370
/home/user/thesis/scripts/BlastOut_datasetTMB/BlastOut_datasetTMB_swissprot/top50BlastSplit/fasta/mafft/BlastOut_datasetTMB_swissprot_P12643.csv.fasta.aln
0.806
/home/user/thesis/scripts/BlastOut_datasetTMB/BlastOut_datasetTMB_swissprot/top50BlastSplit/fasta/mafft/BlastOut_datasetTMB_swissprot_P13036.csv.fasta.aln
0.951
/home/user/thesis/scripts/BlastOut_datasetTMB/BlastOut_datasetTMB_swissprot/top50BlastSplit/fasta/mafft/BlastOut_datasetTMB_swissprot_P13671.csv.fasta.aln
1.017
/home/user/thesis/scripts/BlastOut_datasetTMB/BlastOut_datasetTMB_swissprot/top50BlastSplit/fasta/mafft/BlastOut_datasetTMB_swissprot_P13794.csv.fasta.aln
0.725
/home/user/thesis/scripts/BlastOut_datasetTMB/BlastOut_datasetTMB_swissprot/top50BlastSplit/fasta/mafft/BlastOut_datasetTMB_swissprot_P16869.csv.fasta.aln
0.721
/home/user/thesis/scripts/BlastOut_datasetTMB/BlastOut_datasetTMB_swissprot/top50BlastSplit/fasta/mafft/BlastOut_datasetTMB_swissprot_P17315.csv.fasta.aln
0.934
/home/user/thesis/scripts/BlastOut_datasetTMB/BlastOut_datasetTMB_swissprot/top50BlastSplit/fasta/mafft/BlastOut_datasetTMB_swissprot_P22340.csv.fasta.aln
1.020
/home/user/thesis/scripts/BlastOut_datasetTMB/BlastOut_datasetTMB_swissprot/top50BlastSplit/fasta/mafft/BlastOut_datasetTMB_swissprot_P24017.csv.fasta.aln
0.772
/home/user/thesis/scripts/BlastOut_datasetTMB/BlastOut_datasetTMB_swissprot/top50BlastSplit/fasta/mafft/BlastOut_datasetTMB_swissprot_P26466.csv.fasta.aln
1.077
/home/user/thesis/scripts/BlastOut_datasetTMB/BlastOut_datasetTMB_swissprot/top50BlastSplit/fasta/mafft/BlastOut_datasetTMB_swissprot_P31554.csv.fasta.aln
0.752
/home/user/thesis/scripts/BlastOut_datasetTMB/BlastOut_datasetTMB_swissprot/top50BlastSplit/fasta/mafft/BlastOut_datasetTMB_swissprot_P35916.csv.fasta.aln
1.121
/home/user/thesis/scripts/BlastOut_datasetTMB/BlastOut_datasetTMB_swissprot/top50BlastSplit/fasta/mafft/BlastOut_datasetTMB_swissprot_P37001.csv.fasta.aln
0.766
/home/user/thesis/scripts/BlastOut_datasetTMB/BlastOut_datasetTMB_swissprot/top50BlastSplit/fasta/mafft/BlastOut_datasetTMB_swissprot_P37432.csv.fasta.aln
0.632
/home/user/thesis/scripts/BlastOut_datasetTMB/BlastOut_datasetTMB_swissprot/top50BlastSplit/fasta/mafft/BlastOut_datasetTMB_swissprot_P42512.csv.fasta.aln
0.726
/home/user/thesis/scripts/BlastOut_datasetTMB/BlastOut_datasetTMB_swissprot/top50BlastSplit/fasta/mafft/BlastOut_datasetTMB_swissprot_P45758.csv.fasta.aln
0.731
/home/user/thesis/scripts/BlastOut_datasetTMB/BlastOut_datasetTMB_swissprot/top50BlastSplit/fasta/mafft/BlastOut_datasetTMB_swissprot_P45779.csv.fasta.aln
0.679
/home/user/thesis/scripts/BlastOut_datasetTMB/BlastOut_datasetTMB_swissprot/top50BlastSplit/fasta/mafft/BlastOut_datasetTMB_swissprot_P46359.csv.fasta.aln
0.786
/home/user/thesis/scripts/BlastOut_datasetTMB/BlastOut_datasetTMB_swissprot/top50BlastSplit/fasta/mafft/BlastOut_datasetTMB_swissprot_P48632.csv.fasta.aln
0.683
/home/user/thesis/scripts/BlastOut_datasetTMB/BlastOut_datasetTMB_swissprot/top50BlastSplit/fasta/mafft/BlastOut_datasetTMB_swissprot_P49767.csv.fasta.aln
1.127
/home/user/thesis/scripts/BlastOut_datasetTMB/BlastOut_datasetTMB_swissprot/top50BlastSplit/fasta/mafft/BlastOut_datasetTMB_swissprot_P75780.csv.fasta.aln
0.878
/home/user/thesis/scripts/BlastOut_datasetTMB/BlastOut_datasetTMB_swissprot/top50BlastSplit/fasta/mafft/BlastOut_datasetTMB_swissprot_P77774.csv.fasta.aln
0.677
/home/user/thesis/scripts/BlastOut_datasetTMB/BlastOut_datasetTMB_swissprot/top50BlastSplit/fasta/mafft/BlastOut_datasetTMB_swissprot_Q05098.csv.fasta.aln
1.054
/home/user/thesis/scripts/BlastOut_datasetTMB/BlastOut_datasetTMB_swissprot/top50BlastSplit/fasta/mafft/BlastOut_datasetTMB_swissprot_Q7BSW5.csv.fasta.aln
0.622
/home/user/thesis/scripts/BlastOut_datasetTMB/BlastOut_datasetTMB_swissprot/top50BlastSplit/fasta/mafft/BlastOut_datasetTMB_swissprot_Q83SQ0.csv.fasta.aln
0.750
/home/user/thesis/scripts/BlastOut_datasetTMB/BlastOut_datasetTMB_swissprot/top50BlastSplit/fasta/mafft/BlastOut_datasetTMB_swissprot_Q8CVI4.csv.fasta.aln
0.840
/home/user/thesis/scripts/BlastOut_datasetTMB/BlastOut_datasetTMB_swissprot/top50BlastSplit/fasta/mafft/BlastOut_datasetTMB_swissprot_Q8ZIK3.csv.fasta.aln
0.766
/home/user/thesis/scripts/BlastOut_datasetTMB/BlastOut_datasetTMB_swissprot/top50BlastSplit/fasta/mafft/BlastOut_datasetTMB_swissprot_Q8ZPC9.csv.fasta.aln
0.730
/home/user/thesis/scripts/BlastOut_datasetTMB/BlastOut_datasetTMB_swissprot/top50BlastSplit/fasta/mafft/BlastOut_datasetTMB_swissprot_Q8ZRP0.csv.fasta.aln
0.876
/home/user/thesis/scripts/BlastOut_datasetTMB/BlastOut_datasetTMB_swissprot/top50BlastSplit/fasta/mafft/BlastOut_datasetTMB_swissprot_Q8ZRW0.csv.fasta.aln
0.756
/home/user/thesis/scripts/BlastOut_datasetTMB/BlastOut_datasetTMB_swissprot/top50BlastSplit/fasta/mafft/BlastOut_datasetTMB_swissprot_Q9I5U2.csv.fasta.aln
0.636
/home/user/thesis/scripts/BlastOut_datasetTMB/BlastOut_datasetTMB_swissprot/top50BlastSplit/fasta/mafft/BlastOut_datasetTMB_swissprot_Q9K0U9.csv.fasta.aln
1.064
/home/user/thesis/scripts/BlastOut_datasetTMB/BlastOut_datasetTMB_swissprot/top50BlastSplit/fasta/mafft/BlastOut_datasetTMB_swissprot_Q9TUM0.csv.fasta.aln
1.114
