/home/user/thesis/scripts/BlastOut_datasetTMB/BlastOut_datasetTMB_OMPdb70/top50BlastSplit/fasta/mafft/BlastOut_datasetTMB_OMPdb70_A1JUB7.csv.fasta.aln
0.539
/home/user/thesis/scripts/BlastOut_datasetTMB/BlastOut_datasetTMB_OMPdb70/top50BlastSplit/fasta/mafft/BlastOut_datasetTMB_OMPdb70_A5F934.csv.fasta.aln
0.830
/home/user/thesis/scripts/BlastOut_datasetTMB/BlastOut_datasetTMB_OMPdb70/top50BlastSplit/fasta/mafft/BlastOut_datasetTMB_OMPdb70_E3PJ86.csv.fasta.aln
0.724
/home/user/thesis/scripts/BlastOut_datasetTMB/BlastOut_datasetTMB_OMPdb70/top50BlastSplit/fasta/mafft/BlastOut_datasetTMB_OMPdb70_E6MXW0.csv.fasta.aln
0.831
/home/user/thesis/scripts/BlastOut_datasetTMB/BlastOut_datasetTMB_OMPdb70/top50BlastSplit/fasta/mafft/BlastOut_datasetTMB_OMPdb70_O33407.csv.fasta.aln
0.692
/home/user/thesis/scripts/BlastOut_datasetTMB/BlastOut_datasetTMB_OMPdb70/top50BlastSplit/fasta/mafft/BlastOut_datasetTMB_OMPdb70_O88093.csv.fasta.aln
0.747
/home/user/thesis/scripts/BlastOut_datasetTMB/BlastOut_datasetTMB_OMPdb70/top50BlastSplit/fasta/mafft/BlastOut_datasetTMB_OMPdb70_P02929.csv.fasta.aln
0.465
/home/user/thesis/scripts/BlastOut_datasetTMB/BlastOut_datasetTMB_OMPdb70/top50BlastSplit/fasta/mafft/BlastOut_datasetTMB_OMPdb70_P02930.csv.fasta.aln
0.661
/home/user/thesis/scripts/BlastOut_datasetTMB/BlastOut_datasetTMB_OMPdb70/top50BlastSplit/fasta/mafft/BlastOut_datasetTMB_OMPdb70_P02931.csv.fasta.aln
0.731
/home/user/thesis/scripts/BlastOut_datasetTMB/BlastOut_datasetTMB_OMPdb70/top50BlastSplit/fasta/mafft/BlastOut_datasetTMB_OMPdb70_P02932.csv.fasta.aln
0.716
/home/user/thesis/scripts/BlastOut_datasetTMB/BlastOut_datasetTMB_OMPdb70/top50BlastSplit/fasta/mafft/BlastOut_datasetTMB_OMPdb70_P02943.csv.fasta.aln
0.735
/home/user/thesis/scripts/BlastOut_datasetTMB/BlastOut_datasetTMB_OMPdb70/top50BlastSplit/fasta/mafft/BlastOut_datasetTMB_OMPdb70_P05430.csv.fasta.aln
0.816
/home/user/thesis/scripts/BlastOut_datasetTMB/BlastOut_datasetTMB_OMPdb70/top50BlastSplit/fasta/mafft/BlastOut_datasetTMB_OMPdb70_P05695.csv.fasta.aln
0.713
/home/user/thesis/scripts/BlastOut_datasetTMB/BlastOut_datasetTMB_OMPdb70/top50BlastSplit/fasta/mafft/BlastOut_datasetTMB_OMPdb70_P05825.csv.fasta.aln
0.765
/home/user/thesis/scripts/BlastOut_datasetTMB/BlastOut_datasetTMB_OMPdb70/top50BlastSplit/fasta/mafft/BlastOut_datasetTMB_OMPdb70_P06129.csv.fasta.aln
0.731
/home/user/thesis/scripts/BlastOut_datasetTMB/BlastOut_datasetTMB_OMPdb70/top50BlastSplit/fasta/mafft/BlastOut_datasetTMB_OMPdb70_P06970.csv.fasta.aln
0.693
/home/user/thesis/scripts/BlastOut_datasetTMB/BlastOut_datasetTMB_OMPdb70/top50BlastSplit/fasta/mafft/BlastOut_datasetTMB_OMPdb70_P06971.csv.fasta.aln
0.615
/home/user/thesis/scripts/BlastOut_datasetTMB/BlastOut_datasetTMB_OMPdb70/top50BlastSplit/fasta/mafft/BlastOut_datasetTMB_OMPdb70_P06996.csv.fasta.aln
0.740
/home/user/thesis/scripts/BlastOut_datasetTMB/BlastOut_datasetTMB_OMPdb70/top50BlastSplit/fasta/mafft/BlastOut_datasetTMB_OMPdb70_P07110.csv.fasta.aln
0.713
/home/user/thesis/scripts/BlastOut_datasetTMB/BlastOut_datasetTMB_OMPdb70/top50BlastSplit/fasta/mafft/BlastOut_datasetTMB_OMPdb70_P09169.csv.fasta.aln
0.565
/home/user/thesis/scripts/BlastOut_datasetTMB/BlastOut_datasetTMB_OMPdb70/top50BlastSplit/fasta/mafft/BlastOut_datasetTMB_OMPdb70_P0A232.csv.fasta.aln
0.717
/home/user/thesis/scripts/BlastOut_datasetTMB/BlastOut_datasetTMB_OMPdb70/top50BlastSplit/fasta/mafft/BlastOut_datasetTMB_OMPdb70_P0A263.csv.fasta.aln
0.731
/home/user/thesis/scripts/BlastOut_datasetTMB/BlastOut_datasetTMB_OMPdb70/top50BlastSplit/fasta/mafft/BlastOut_datasetTMB_OMPdb70_P0A264.csv.fasta.aln
0.731
/home/user/thesis/scripts/BlastOut_datasetTMB/BlastOut_datasetTMB_OMPdb70/top50BlastSplit/fasta/mafft/BlastOut_datasetTMB_OMPdb70_P0A910.csv.fasta.aln
0.735
/home/user/thesis/scripts/BlastOut_datasetTMB/BlastOut_datasetTMB_OMPdb70/top50BlastSplit/fasta/mafft/BlastOut_datasetTMB_OMPdb70_P0A911.csv.fasta.aln
0.735
/home/user/thesis/scripts/BlastOut_datasetTMB/BlastOut_datasetTMB_OMPdb70/top50BlastSplit/fasta/mafft/BlastOut_datasetTMB_OMPdb70_P0A915.csv.fasta.aln
0.637
/home/user/thesis/scripts/BlastOut_datasetTMB/BlastOut_datasetTMB_OMPdb70/top50BlastSplit/fasta/mafft/BlastOut_datasetTMB_OMPdb70_P0A916.csv.fasta.aln
0.637
/home/user/thesis/scripts/BlastOut_datasetTMB/BlastOut_datasetTMB_OMPdb70/top50BlastSplit/fasta/mafft/BlastOut_datasetTMB_OMPdb70_P0A917.csv.fasta.aln
0.671
/home/user/thesis/scripts/BlastOut_datasetTMB/BlastOut_datasetTMB_OMPdb70/top50BlastSplit/fasta/mafft/BlastOut_datasetTMB_OMPdb70_P0A918.csv.fasta.aln
0.671
/home/user/thesis/scripts/BlastOut_datasetTMB/BlastOut_datasetTMB_OMPdb70/top50BlastSplit/fasta/mafft/BlastOut_datasetTMB_OMPdb70_P0A919.csv.fasta.aln
0.671
/home/user/thesis/scripts/BlastOut_datasetTMB/BlastOut_datasetTMB_OMPdb70/top50BlastSplit/fasta/mafft/BlastOut_datasetTMB_OMPdb70_P0A920.csv.fasta.aln
0.671
/home/user/thesis/scripts/BlastOut_datasetTMB/BlastOut_datasetTMB_OMPdb70/top50BlastSplit/fasta/mafft/BlastOut_datasetTMB_OMPdb70_P0A921.csv.fasta.aln
0.721
/home/user/thesis/scripts/BlastOut_datasetTMB/BlastOut_datasetTMB_OMPdb70/top50BlastSplit/fasta/mafft/BlastOut_datasetTMB_OMPdb70_P0A922.csv.fasta.aln
0.721
/home/user/thesis/scripts/BlastOut_datasetTMB/BlastOut_datasetTMB_OMPdb70/top50BlastSplit/fasta/mafft/BlastOut_datasetTMB_OMPdb70_P0A923.csv.fasta.aln
0.721
/home/user/thesis/scripts/BlastOut_datasetTMB/BlastOut_datasetTMB_OMPdb70/top50BlastSplit/fasta/mafft/BlastOut_datasetTMB_OMPdb70_P0A927.csv.fasta.aln
0.731
/home/user/thesis/scripts/BlastOut_datasetTMB/BlastOut_datasetTMB_OMPdb70/top50BlastSplit/fasta/mafft/BlastOut_datasetTMB_OMPdb70_P0A928.csv.fasta.aln
0.731
/home/user/thesis/scripts/BlastOut_datasetTMB/BlastOut_datasetTMB_OMPdb70/top50BlastSplit/fasta/mafft/BlastOut_datasetTMB_OMPdb70_P0A929.csv.fasta.aln
0.731
/home/user/thesis/scripts/BlastOut_datasetTMB/BlastOut_datasetTMB_OMPdb70/top50BlastSplit/fasta/mafft/BlastOut_datasetTMB_OMPdb70_P0A940.csv.fasta.aln
0.644
/home/user/thesis/scripts/BlastOut_datasetTMB/BlastOut_datasetTMB_OMPdb70/top50BlastSplit/fasta/mafft/BlastOut_datasetTMB_OMPdb70_P0A941.csv.fasta.aln
0.644
/home/user/thesis/scripts/BlastOut_datasetTMB/BlastOut_datasetTMB_OMPdb70/top50BlastSplit/fasta/mafft/BlastOut_datasetTMB_OMPdb70_P0A942.csv.fasta.aln
0.644
/home/user/thesis/scripts/BlastOut_datasetTMB/BlastOut_datasetTMB_OMPdb70/top50BlastSplit/fasta/mafft/BlastOut_datasetTMB_OMPdb70_P0A943.csv.fasta.aln
0.644
/home/user/thesis/scripts/BlastOut_datasetTMB/BlastOut_datasetTMB_OMPdb70/top50BlastSplit/fasta/mafft/BlastOut_datasetTMB_OMPdb70_P0ADE4.csv.fasta.aln
0.645
/home/user/thesis/scripts/BlastOut_datasetTMB/BlastOut_datasetTMB_OMPdb70/top50BlastSplit/fasta/mafft/BlastOut_datasetTMB_OMPdb70_P0ADE5.csv.fasta.aln
0.645
/home/user/thesis/scripts/BlastOut_datasetTMB/BlastOut_datasetTMB_OMPdb70/top50BlastSplit/fasta/mafft/BlastOut_datasetTMB_OMPdb70_P0AEA2.csv.fasta.aln
1.158
/home/user/thesis/scripts/BlastOut_datasetTMB/BlastOut_datasetTMB_OMPdb70/top50BlastSplit/fasta/mafft/BlastOut_datasetTMB_OMPdb70_P0C2W0.csv.fasta.aln
0.520
/home/user/thesis/scripts/BlastOut_datasetTMB/BlastOut_datasetTMB_OMPdb70/top50BlastSplit/fasta/mafft/BlastOut_datasetTMB_OMPdb70_P0C6Q6.csv.fasta.aln
0.823
/home/user/thesis/scripts/BlastOut_datasetTMB/BlastOut_datasetTMB_OMPdb70/top50BlastSplit/fasta/mafft/BlastOut_datasetTMB_OMPdb70_P0DH58.csv.fasta.aln
0.818
/home/user/thesis/scripts/BlastOut_datasetTMB/BlastOut_datasetTMB_OMPdb70/top50BlastSplit/fasta/mafft/BlastOut_datasetTMB_OMPdb70_P10384.csv.fasta.aln
0.731
/home/user/thesis/scripts/BlastOut_datasetTMB/BlastOut_datasetTMB_OMPdb70/top50BlastSplit/fasta/mafft/BlastOut_datasetTMB_OMPdb70_P11922.csv.fasta.aln
0.669
/home/user/thesis/scripts/BlastOut_datasetTMB/BlastOut_datasetTMB_OMPdb70/top50BlastSplit/fasta/mafft/BlastOut_datasetTMB_OMPdb70_P13036.csv.fasta.aln
0.751
/home/user/thesis/scripts/BlastOut_datasetTMB/BlastOut_datasetTMB_OMPdb70/top50BlastSplit/fasta/mafft/BlastOut_datasetTMB_OMPdb70_P13794.csv.fasta.aln
0.614
/home/user/thesis/scripts/BlastOut_datasetTMB/BlastOut_datasetTMB_OMPdb70/top50BlastSplit/fasta/mafft/BlastOut_datasetTMB_OMPdb70_P16869.csv.fasta.aln
0.665
/home/user/thesis/scripts/BlastOut_datasetTMB/BlastOut_datasetTMB_OMPdb70/top50BlastSplit/fasta/mafft/BlastOut_datasetTMB_OMPdb70_P17315.csv.fasta.aln
0.759
/home/user/thesis/scripts/BlastOut_datasetTMB/BlastOut_datasetTMB_OMPdb70/top50BlastSplit/fasta/mafft/BlastOut_datasetTMB_OMPdb70_P17811.csv.fasta.aln
0.594
/home/user/thesis/scripts/BlastOut_datasetTMB/BlastOut_datasetTMB_OMPdb70/top50BlastSplit/fasta/mafft/BlastOut_datasetTMB_OMPdb70_P18195.csv.fasta.aln
0.826
/home/user/thesis/scripts/BlastOut_datasetTMB/BlastOut_datasetTMB_OMPdb70/top50BlastSplit/fasta/mafft/BlastOut_datasetTMB_OMPdb70_P18895.csv.fasta.aln
0.577
/home/user/thesis/scripts/BlastOut_datasetTMB/BlastOut_datasetTMB_OMPdb70/top50BlastSplit/fasta/mafft/BlastOut_datasetTMB_OMPdb70_P19809.csv.fasta.aln
0.633
/home/user/thesis/scripts/BlastOut_datasetTMB/BlastOut_datasetTMB_OMPdb70/top50BlastSplit/fasta/mafft/BlastOut_datasetTMB_OMPdb70_P22340.csv.fasta.aln
0.601
/home/user/thesis/scripts/BlastOut_datasetTMB/BlastOut_datasetTMB_OMPdb70/top50BlastSplit/fasta/mafft/BlastOut_datasetTMB_OMPdb70_P24017.csv.fasta.aln
0.732
/home/user/thesis/scripts/BlastOut_datasetTMB/BlastOut_datasetTMB_OMPdb70/top50BlastSplit/fasta/mafft/BlastOut_datasetTMB_OMPdb70_P24305.csv.fasta.aln
0.845
/home/user/thesis/scripts/BlastOut_datasetTMB/BlastOut_datasetTMB_OMPdb70/top50BlastSplit/fasta/mafft/BlastOut_datasetTMB_OMPdb70_P26466.csv.fasta.aln
0.735
/home/user/thesis/scripts/BlastOut_datasetTMB/BlastOut_datasetTMB_OMPdb70/top50BlastSplit/fasta/mafft/BlastOut_datasetTMB_OMPdb70_P30130.csv.fasta.aln
0.698
/home/user/thesis/scripts/BlastOut_datasetTMB/BlastOut_datasetTMB_OMPdb70/top50BlastSplit/fasta/mafft/BlastOut_datasetTMB_OMPdb70_P30690.csv.fasta.aln
0.800
/home/user/thesis/scripts/BlastOut_datasetTMB/BlastOut_datasetTMB_OMPdb70/top50BlastSplit/fasta/mafft/BlastOut_datasetTMB_OMPdb70_P31243.csv.fasta.aln
0.741
/home/user/thesis/scripts/BlastOut_datasetTMB/BlastOut_datasetTMB_OMPdb70/top50BlastSplit/fasta/mafft/BlastOut_datasetTMB_OMPdb70_P31554.csv.fasta.aln
0.655
/home/user/thesis/scripts/BlastOut_datasetTMB/BlastOut_datasetTMB_OMPdb70/top50BlastSplit/fasta/mafft/BlastOut_datasetTMB_OMPdb70_P31780.csv.fasta.aln
0.752
/home/user/thesis/scripts/BlastOut_datasetTMB/BlastOut_datasetTMB_OMPdb70/top50BlastSplit/fasta/mafft/BlastOut_datasetTMB_OMPdb70_P32722.csv.fasta.aln
0.604
/home/user/thesis/scripts/BlastOut_datasetTMB/BlastOut_datasetTMB_OMPdb70/top50BlastSplit/fasta/mafft/BlastOut_datasetTMB_OMPdb70_P32977.csv.fasta.aln
0.675
/home/user/thesis/scripts/BlastOut_datasetTMB/BlastOut_datasetTMB_OMPdb70/top50BlastSplit/fasta/mafft/BlastOut_datasetTMB_OMPdb70_P35077.csv.fasta.aln
0.540
/home/user/thesis/scripts/BlastOut_datasetTMB/BlastOut_datasetTMB_OMPdb70/top50BlastSplit/fasta/mafft/BlastOut_datasetTMB_OMPdb70_P35672.csv.fasta.aln
0.753
/home/user/thesis/scripts/BlastOut_datasetTMB/BlastOut_datasetTMB_OMPdb70/top50BlastSplit/fasta/mafft/BlastOut_datasetTMB_OMPdb70_P35818.csv.fasta.aln
0.776
/home/user/thesis/scripts/BlastOut_datasetTMB/BlastOut_datasetTMB_OMPdb70/top50BlastSplit/fasta/mafft/BlastOut_datasetTMB_OMPdb70_P37001.csv.fasta.aln
0.660
/home/user/thesis/scripts/BlastOut_datasetTMB/BlastOut_datasetTMB_OMPdb70/top50BlastSplit/fasta/mafft/BlastOut_datasetTMB_OMPdb70_P37432.csv.fasta.aln
0.758
/home/user/thesis/scripts/BlastOut_datasetTMB/BlastOut_datasetTMB_OMPdb70/top50BlastSplit/fasta/mafft/BlastOut_datasetTMB_OMPdb70_P39767.csv.fasta.aln
0.699
/home/user/thesis/scripts/BlastOut_datasetTMB/BlastOut_datasetTMB_OMPdb70/top50BlastSplit/fasta/mafft/BlastOut_datasetTMB_OMPdb70_P42512.csv.fasta.aln
0.592
/home/user/thesis/scripts/BlastOut_datasetTMB/BlastOut_datasetTMB_OMPdb70/top50BlastSplit/fasta/mafft/BlastOut_datasetTMB_OMPdb70_P43261.csv.fasta.aln
0.624
/home/user/thesis/scripts/BlastOut_datasetTMB/BlastOut_datasetTMB_OMPdb70/top50BlastSplit/fasta/mafft/BlastOut_datasetTMB_OMPdb70_P45758.csv.fasta.aln
0.743
/home/user/thesis/scripts/BlastOut_datasetTMB/BlastOut_datasetTMB_OMPdb70/top50BlastSplit/fasta/mafft/BlastOut_datasetTMB_OMPdb70_P45779.csv.fasta.aln
0.734
/home/user/thesis/scripts/BlastOut_datasetTMB/BlastOut_datasetTMB_OMPdb70/top50BlastSplit/fasta/mafft/BlastOut_datasetTMB_OMPdb70_P46359.csv.fasta.aln
0.662
/home/user/thesis/scripts/BlastOut_datasetTMB/BlastOut_datasetTMB_OMPdb70/top50BlastSplit/fasta/mafft/BlastOut_datasetTMB_OMPdb70_P48632.csv.fasta.aln
0.674
/home/user/thesis/scripts/BlastOut_datasetTMB/BlastOut_datasetTMB_OMPdb70/top50BlastSplit/fasta/mafft/BlastOut_datasetTMB_OMPdb70_P69856.csv.fasta.aln
0.514
/home/user/thesis/scripts/BlastOut_datasetTMB/BlastOut_datasetTMB_OMPdb70/top50BlastSplit/fasta/mafft/BlastOut_datasetTMB_OMPdb70_P69857.csv.fasta.aln
0.514
/home/user/thesis/scripts/BlastOut_datasetTMB/BlastOut_datasetTMB_OMPdb70/top50BlastSplit/fasta/mafft/BlastOut_datasetTMB_OMPdb70_P69858.csv.fasta.aln
0.514
/home/user/thesis/scripts/BlastOut_datasetTMB/BlastOut_datasetTMB_OMPdb70/top50BlastSplit/fasta/mafft/BlastOut_datasetTMB_OMPdb70_P75780.csv.fasta.aln
0.664
/home/user/thesis/scripts/BlastOut_datasetTMB/BlastOut_datasetTMB_OMPdb70/top50BlastSplit/fasta/mafft/BlastOut_datasetTMB_OMPdb70_P76045.csv.fasta.aln
0.270
/home/user/thesis/scripts/BlastOut_datasetTMB/BlastOut_datasetTMB_OMPdb70/top50BlastSplit/fasta/mafft/BlastOut_datasetTMB_OMPdb70_P77211.csv.fasta.aln
0.679
/home/user/thesis/scripts/BlastOut_datasetTMB/BlastOut_datasetTMB_OMPdb70/top50BlastSplit/fasta/mafft/BlastOut_datasetTMB_OMPdb70_Q03155.csv.fasta.aln
0.675
/home/user/thesis/scripts/BlastOut_datasetTMB/BlastOut_datasetTMB_OMPdb70/top50BlastSplit/fasta/mafft/BlastOut_datasetTMB_OMPdb70_Q04884.csv.fasta.aln
0.766
/home/user/thesis/scripts/BlastOut_datasetTMB/BlastOut_datasetTMB_OMPdb70/top50BlastSplit/fasta/mafft/BlastOut_datasetTMB_OMPdb70_Q05098.csv.fasta.aln
0.756
/home/user/thesis/scripts/BlastOut_datasetTMB/BlastOut_datasetTMB_OMPdb70/top50BlastSplit/fasta/mafft/BlastOut_datasetTMB_OMPdb70_Q45340.csv.fasta.aln
0.620
/home/user/thesis/scripts/BlastOut_datasetTMB/BlastOut_datasetTMB_OMPdb70/top50BlastSplit/fasta/mafft/BlastOut_datasetTMB_OMPdb70_Q48473.csv.fasta.aln
0.721
/home/user/thesis/scripts/BlastOut_datasetTMB/BlastOut_datasetTMB_OMPdb70/top50BlastSplit/fasta/mafft/BlastOut_datasetTMB_OMPdb70_Q51397.csv.fasta.aln
0.645
/home/user/thesis/scripts/BlastOut_datasetTMB/BlastOut_datasetTMB_OMPdb70/top50BlastSplit/fasta/mafft/BlastOut_datasetTMB_OMPdb70_Q51487.csv.fasta.aln
0.679
/home/user/thesis/scripts/BlastOut_datasetTMB/BlastOut_datasetTMB_OMPdb70/top50BlastSplit/fasta/mafft/BlastOut_datasetTMB_OMPdb70_Q7BCK4.csv.fasta.aln
0.663
/home/user/thesis/scripts/BlastOut_datasetTMB/BlastOut_datasetTMB_OMPdb70/top50BlastSplit/fasta/mafft/BlastOut_datasetTMB_OMPdb70_Q7BSW5.csv.fasta.aln
0.719
/home/user/thesis/scripts/BlastOut_datasetTMB/BlastOut_datasetTMB_OMPdb70/top50BlastSplit/fasta/mafft/BlastOut_datasetTMB_OMPdb70_Q83SQ0.csv.fasta.aln
0.645
/home/user/thesis/scripts/BlastOut_datasetTMB/BlastOut_datasetTMB_OMPdb70/top50BlastSplit/fasta/mafft/BlastOut_datasetTMB_OMPdb70_Q8CVI4.csv.fasta.aln
0.733
/home/user/thesis/scripts/BlastOut_datasetTMB/BlastOut_datasetTMB_OMPdb70/top50BlastSplit/fasta/mafft/BlastOut_datasetTMB_OMPdb70_Q8CVW1.csv.fasta.aln
0.746
/home/user/thesis/scripts/BlastOut_datasetTMB/BlastOut_datasetTMB_OMPdb70/top50BlastSplit/fasta/mafft/BlastOut_datasetTMB_OMPdb70_Q8ZIK3.csv.fasta.aln
0.644
/home/user/thesis/scripts/BlastOut_datasetTMB/BlastOut_datasetTMB_OMPdb70/top50BlastSplit/fasta/mafft/BlastOut_datasetTMB_OMPdb70_Q8ZRP0.csv.fasta.aln
0.644
/home/user/thesis/scripts/BlastOut_datasetTMB/BlastOut_datasetTMB_OMPdb70/top50BlastSplit/fasta/mafft/BlastOut_datasetTMB_OMPdb70_Q8ZRW0.csv.fasta.aln
0.657
/home/user/thesis/scripts/BlastOut_datasetTMB/BlastOut_datasetTMB_OMPdb70/top50BlastSplit/fasta/mafft/BlastOut_datasetTMB_OMPdb70_Q934G3.csv.fasta.aln
0.616
/home/user/thesis/scripts/BlastOut_datasetTMB/BlastOut_datasetTMB_OMPdb70/top50BlastSplit/fasta/mafft/BlastOut_datasetTMB_OMPdb70_Q9HVD1.csv.fasta.aln
0.731
/home/user/thesis/scripts/BlastOut_datasetTMB/BlastOut_datasetTMB_OMPdb70/top50BlastSplit/fasta/mafft/BlastOut_datasetTMB_OMPdb70_Q9I5U2.csv.fasta.aln
0.716
/home/user/thesis/scripts/BlastOut_datasetTMB/BlastOut_datasetTMB_OMPdb70/top50BlastSplit/fasta/mafft/BlastOut_datasetTMB_OMPdb70_Q9JZN9.csv.fasta.aln
0.805
/home/user/thesis/scripts/BlastOut_datasetTMB/BlastOut_datasetTMB_OMPdb70/top50BlastSplit/fasta/mafft/BlastOut_datasetTMB_OMPdb70_Q9K0U9.csv.fasta.aln
0.847
