/home/user/thesis/scripts/BlastOut_datasetTMB/BlastOut_datasetTMB_swissprot/top25BlastSplit/fasta/mafft/BlastOut_datasetTMB_swissprot_A1JUB7.csv.fasta.aln
1.083
/home/user/thesis/scripts/BlastOut_datasetTMB/BlastOut_datasetTMB_swissprot/top25BlastSplit/fasta/mafft/BlastOut_datasetTMB_swissprot_A5F934.csv.fasta.aln
1.421
/home/user/thesis/scripts/BlastOut_datasetTMB/BlastOut_datasetTMB_swissprot/top25BlastSplit/fasta/mafft/BlastOut_datasetTMB_swissprot_E3PJ86.csv.fasta.aln
1.014
/home/user/thesis/scripts/BlastOut_datasetTMB/BlastOut_datasetTMB_swissprot/top25BlastSplit/fasta/mafft/BlastOut_datasetTMB_swissprot_O33407.csv.fasta.aln
1.161
/home/user/thesis/scripts/BlastOut_datasetTMB/BlastOut_datasetTMB_swissprot/top25BlastSplit/fasta/mafft/BlastOut_datasetTMB_swissprot_O88093.csv.fasta.aln
1.454
/home/user/thesis/scripts/BlastOut_datasetTMB/BlastOut_datasetTMB_swissprot/top25BlastSplit/fasta/mafft/BlastOut_datasetTMB_swissprot_P00747.csv.fasta.aln
0.180
/home/user/thesis/scripts/BlastOut_datasetTMB/BlastOut_datasetTMB_swissprot/top25BlastSplit/fasta/mafft/BlastOut_datasetTMB_swissprot_P01031.csv.fasta.aln
1.139
/home/user/thesis/scripts/BlastOut_datasetTMB/BlastOut_datasetTMB_swissprot/top25BlastSplit/fasta/mafft/BlastOut_datasetTMB_swissprot_P02748.csv.fasta.aln
0.860
/home/user/thesis/scripts/BlastOut_datasetTMB/BlastOut_datasetTMB_swissprot/top25BlastSplit/fasta/mafft/BlastOut_datasetTMB_swissprot_P02787.csv.fasta.aln
0.941
/home/user/thesis/scripts/BlastOut_datasetTMB/BlastOut_datasetTMB_swissprot/top25BlastSplit/fasta/mafft/BlastOut_datasetTMB_swissprot_P02930.csv.fasta.aln
0.639
/home/user/thesis/scripts/BlastOut_datasetTMB/BlastOut_datasetTMB_swissprot/top25BlastSplit/fasta/mafft/BlastOut_datasetTMB_swissprot_P02931.csv.fasta.aln
0.829
/home/user/thesis/scripts/BlastOut_datasetTMB/BlastOut_datasetTMB_swissprot/top25BlastSplit/fasta/mafft/BlastOut_datasetTMB_swissprot_P02932.csv.fasta.aln
0.844
/home/user/thesis/scripts/BlastOut_datasetTMB/BlastOut_datasetTMB_swissprot/top25BlastSplit/fasta/mafft/BlastOut_datasetTMB_swissprot_P02943.csv.fasta.aln
1.000
/home/user/thesis/scripts/BlastOut_datasetTMB/BlastOut_datasetTMB_swissprot/top25BlastSplit/fasta/mafft/BlastOut_datasetTMB_swissprot_P05430.csv.fasta.aln
0.623
/home/user/thesis/scripts/BlastOut_datasetTMB/BlastOut_datasetTMB_swissprot/top25BlastSplit/fasta/mafft/BlastOut_datasetTMB_swissprot_P05825.csv.fasta.aln
1.208
/home/user/thesis/scripts/BlastOut_datasetTMB/BlastOut_datasetTMB_swissprot/top25BlastSplit/fasta/mafft/BlastOut_datasetTMB_swissprot_P06129.csv.fasta.aln
0.888
/home/user/thesis/scripts/BlastOut_datasetTMB/BlastOut_datasetTMB_swissprot/top25BlastSplit/fasta/mafft/BlastOut_datasetTMB_swissprot_P06970.csv.fasta.aln
0.709
/home/user/thesis/scripts/BlastOut_datasetTMB/BlastOut_datasetTMB_swissprot/top25BlastSplit/fasta/mafft/BlastOut_datasetTMB_swissprot_P06971.csv.fasta.aln
0.717
/home/user/thesis/scripts/BlastOut_datasetTMB/BlastOut_datasetTMB_swissprot/top25BlastSplit/fasta/mafft/BlastOut_datasetTMB_swissprot_P06996.csv.fasta.aln
0.908
/home/user/thesis/scripts/BlastOut_datasetTMB/BlastOut_datasetTMB_swissprot/top25BlastSplit/fasta/mafft/BlastOut_datasetTMB_swissprot_P07110.csv.fasta.aln
0.656
/home/user/thesis/scripts/BlastOut_datasetTMB/BlastOut_datasetTMB_swissprot/top25BlastSplit/fasta/mafft/BlastOut_datasetTMB_swissprot_P07357.csv.fasta.aln
0.886
/home/user/thesis/scripts/BlastOut_datasetTMB/BlastOut_datasetTMB_swissprot/top25BlastSplit/fasta/mafft/BlastOut_datasetTMB_swissprot_P07358.csv.fasta.aln
0.854
/home/user/thesis/scripts/BlastOut_datasetTMB/BlastOut_datasetTMB_swissprot/top25BlastSplit/fasta/mafft/BlastOut_datasetTMB_swissprot_P07360.csv.fasta.aln
0.832
/home/user/thesis/scripts/BlastOut_datasetTMB/BlastOut_datasetTMB_swissprot/top25BlastSplit/fasta/mafft/BlastOut_datasetTMB_swissprot_P08189.csv.fasta.aln
0.671
/home/user/thesis/scripts/BlastOut_datasetTMB/BlastOut_datasetTMB_swissprot/top25BlastSplit/fasta/mafft/BlastOut_datasetTMB_swissprot_P08190.csv.fasta.aln
0.553
/home/user/thesis/scripts/BlastOut_datasetTMB/BlastOut_datasetTMB_swissprot/top25BlastSplit/fasta/mafft/BlastOut_datasetTMB_swissprot_P09616.csv.fasta.aln
1.133
/home/user/thesis/scripts/BlastOut_datasetTMB/BlastOut_datasetTMB_swissprot/top25BlastSplit/fasta/mafft/BlastOut_datasetTMB_swissprot_P0A071.csv.fasta.aln
1.161
/home/user/thesis/scripts/BlastOut_datasetTMB/BlastOut_datasetTMB_swissprot/top25BlastSplit/fasta/mafft/BlastOut_datasetTMB_swissprot_P0A074.csv.fasta.aln
1.161
/home/user/thesis/scripts/BlastOut_datasetTMB/BlastOut_datasetTMB_swissprot/top25BlastSplit/fasta/mafft/BlastOut_datasetTMB_swissprot_P0A077.csv.fasta.aln
0.970
/home/user/thesis/scripts/BlastOut_datasetTMB/BlastOut_datasetTMB_swissprot/top25BlastSplit/fasta/mafft/BlastOut_datasetTMB_swissprot_P0A263.csv.fasta.aln
0.897
/home/user/thesis/scripts/BlastOut_datasetTMB/BlastOut_datasetTMB_swissprot/top25BlastSplit/fasta/mafft/BlastOut_datasetTMB_swissprot_P0A264.csv.fasta.aln
0.897
/home/user/thesis/scripts/BlastOut_datasetTMB/BlastOut_datasetTMB_swissprot/top25BlastSplit/fasta/mafft/BlastOut_datasetTMB_swissprot_P0A910.csv.fasta.aln
1.270
/home/user/thesis/scripts/BlastOut_datasetTMB/BlastOut_datasetTMB_swissprot/top25BlastSplit/fasta/mafft/BlastOut_datasetTMB_swissprot_P0A911.csv.fasta.aln
1.270
/home/user/thesis/scripts/BlastOut_datasetTMB/BlastOut_datasetTMB_swissprot/top25BlastSplit/fasta/mafft/BlastOut_datasetTMB_swissprot_P0A937.csv.fasta.aln
0.680
/home/user/thesis/scripts/BlastOut_datasetTMB/BlastOut_datasetTMB_swissprot/top25BlastSplit/fasta/mafft/BlastOut_datasetTMB_swissprot_P0A940.csv.fasta.aln
1.000
/home/user/thesis/scripts/BlastOut_datasetTMB/BlastOut_datasetTMB_swissprot/top25BlastSplit/fasta/mafft/BlastOut_datasetTMB_swissprot_P0A941.csv.fasta.aln
1.000
/home/user/thesis/scripts/BlastOut_datasetTMB/BlastOut_datasetTMB_swissprot/top25BlastSplit/fasta/mafft/BlastOut_datasetTMB_swissprot_P0A942.csv.fasta.aln
1.000
/home/user/thesis/scripts/BlastOut_datasetTMB/BlastOut_datasetTMB_swissprot/top25BlastSplit/fasta/mafft/BlastOut_datasetTMB_swissprot_P0A943.csv.fasta.aln
1.000
/home/user/thesis/scripts/BlastOut_datasetTMB/BlastOut_datasetTMB_swissprot/top25BlastSplit/fasta/mafft/BlastOut_datasetTMB_swissprot_P0ADC1.csv.fasta.aln
0.751
/home/user/thesis/scripts/BlastOut_datasetTMB/BlastOut_datasetTMB_swissprot/top25BlastSplit/fasta/mafft/BlastOut_datasetTMB_swissprot_P0ADE4.csv.fasta.aln
1.058
/home/user/thesis/scripts/BlastOut_datasetTMB/BlastOut_datasetTMB_swissprot/top25BlastSplit/fasta/mafft/BlastOut_datasetTMB_swissprot_P0ADE5.csv.fasta.aln
1.058
/home/user/thesis/scripts/BlastOut_datasetTMB/BlastOut_datasetTMB_swissprot/top25BlastSplit/fasta/mafft/BlastOut_datasetTMB_swissprot_P0AEA2.csv.fasta.aln
0.504
/home/user/thesis/scripts/BlastOut_datasetTMB/BlastOut_datasetTMB_swissprot/top25BlastSplit/fasta/mafft/BlastOut_datasetTMB_swissprot_P0C2W0.csv.fasta.aln
1.707
/home/user/thesis/scripts/BlastOut_datasetTMB/BlastOut_datasetTMB_swissprot/top25BlastSplit/fasta/mafft/BlastOut_datasetTMB_swissprot_P0C6Q6.csv.fasta.aln
1.421
/home/user/thesis/scripts/BlastOut_datasetTMB/BlastOut_datasetTMB_swissprot/top25BlastSplit/fasta/mafft/BlastOut_datasetTMB_swissprot_P0DH58.csv.fasta.aln
0.744
/home/user/thesis/scripts/BlastOut_datasetTMB/BlastOut_datasetTMB_swissprot/top25BlastSplit/fasta/mafft/BlastOut_datasetTMB_swissprot_P10643.csv.fasta.aln
0.859
/home/user/thesis/scripts/BlastOut_datasetTMB/BlastOut_datasetTMB_swissprot/top25BlastSplit/fasta/mafft/BlastOut_datasetTMB_swissprot_P11922.csv.fasta.aln
1.027
/home/user/thesis/scripts/BlastOut_datasetTMB/BlastOut_datasetTMB_swissprot/top25BlastSplit/fasta/mafft/BlastOut_datasetTMB_swissprot_P12643.csv.fasta.aln
1.084
/home/user/thesis/scripts/BlastOut_datasetTMB/BlastOut_datasetTMB_swissprot/top25BlastSplit/fasta/mafft/BlastOut_datasetTMB_swissprot_P13036.csv.fasta.aln
1.229
/home/user/thesis/scripts/BlastOut_datasetTMB/BlastOut_datasetTMB_swissprot/top25BlastSplit/fasta/mafft/BlastOut_datasetTMB_swissprot_P13671.csv.fasta.aln
0.873
/home/user/thesis/scripts/BlastOut_datasetTMB/BlastOut_datasetTMB_swissprot/top25BlastSplit/fasta/mafft/BlastOut_datasetTMB_swissprot_P13794.csv.fasta.aln
0.730
/home/user/thesis/scripts/BlastOut_datasetTMB/BlastOut_datasetTMB_swissprot/top25BlastSplit/fasta/mafft/BlastOut_datasetTMB_swissprot_P15319.csv.fasta.aln
0.788
/home/user/thesis/scripts/BlastOut_datasetTMB/BlastOut_datasetTMB_swissprot/top25BlastSplit/fasta/mafft/BlastOut_datasetTMB_swissprot_P16869.csv.fasta.aln
0.740
/home/user/thesis/scripts/BlastOut_datasetTMB/BlastOut_datasetTMB_swissprot/top25BlastSplit/fasta/mafft/BlastOut_datasetTMB_swissprot_P17315.csv.fasta.aln
1.328
/home/user/thesis/scripts/BlastOut_datasetTMB/BlastOut_datasetTMB_swissprot/top25BlastSplit/fasta/mafft/BlastOut_datasetTMB_swissprot_P19809.csv.fasta.aln
1.286
/home/user/thesis/scripts/BlastOut_datasetTMB/BlastOut_datasetTMB_swissprot/top25BlastSplit/fasta/mafft/BlastOut_datasetTMB_swissprot_P21796.csv.fasta.aln
0.782
/home/user/thesis/scripts/BlastOut_datasetTMB/BlastOut_datasetTMB_swissprot/top25BlastSplit/fasta/mafft/BlastOut_datasetTMB_swissprot_P22340.csv.fasta.aln
1.797
/home/user/thesis/scripts/BlastOut_datasetTMB/BlastOut_datasetTMB_swissprot/top25BlastSplit/fasta/mafft/BlastOut_datasetTMB_swissprot_P24017.csv.fasta.aln
0.944
/home/user/thesis/scripts/BlastOut_datasetTMB/BlastOut_datasetTMB_swissprot/top25BlastSplit/fasta/mafft/BlastOut_datasetTMB_swissprot_P24391.csv.fasta.aln
0.636
/home/user/thesis/scripts/BlastOut_datasetTMB/BlastOut_datasetTMB_swissprot/top25BlastSplit/fasta/mafft/BlastOut_datasetTMB_swissprot_P26466.csv.fasta.aln
1.000
/home/user/thesis/scripts/BlastOut_datasetTMB/BlastOut_datasetTMB_swissprot/top25BlastSplit/fasta/mafft/BlastOut_datasetTMB_swissprot_P30130.csv.fasta.aln
0.626
/home/user/thesis/scripts/BlastOut_datasetTMB/BlastOut_datasetTMB_swissprot/top25BlastSplit/fasta/mafft/BlastOut_datasetTMB_swissprot_P30690.csv.fasta.aln
0.574
/home/user/thesis/scripts/BlastOut_datasetTMB/BlastOut_datasetTMB_swissprot/top25BlastSplit/fasta/mafft/BlastOut_datasetTMB_swissprot_P31554.csv.fasta.aln
0.905
/home/user/thesis/scripts/BlastOut_datasetTMB/BlastOut_datasetTMB_swissprot/top25BlastSplit/fasta/mafft/BlastOut_datasetTMB_swissprot_P31697.csv.fasta.aln
0.722
/home/user/thesis/scripts/BlastOut_datasetTMB/BlastOut_datasetTMB_swissprot/top25BlastSplit/fasta/mafft/BlastOut_datasetTMB_swissprot_P31780.csv.fasta.aln
1.175
/home/user/thesis/scripts/BlastOut_datasetTMB/BlastOut_datasetTMB_swissprot/top25BlastSplit/fasta/mafft/BlastOut_datasetTMB_swissprot_P35672.csv.fasta.aln
0.679
/home/user/thesis/scripts/BlastOut_datasetTMB/BlastOut_datasetTMB_swissprot/top25BlastSplit/fasta/mafft/BlastOut_datasetTMB_swissprot_P35818.csv.fasta.aln
0.892
/home/user/thesis/scripts/BlastOut_datasetTMB/BlastOut_datasetTMB_swissprot/top25BlastSplit/fasta/mafft/BlastOut_datasetTMB_swissprot_P35916.csv.fasta.aln
1.129
/home/user/thesis/scripts/BlastOut_datasetTMB/BlastOut_datasetTMB_swissprot/top25BlastSplit/fasta/mafft/BlastOut_datasetTMB_swissprot_P37001.csv.fasta.aln
0.828
/home/user/thesis/scripts/BlastOut_datasetTMB/BlastOut_datasetTMB_swissprot/top25BlastSplit/fasta/mafft/BlastOut_datasetTMB_swissprot_P37432.csv.fasta.aln
0.839
/home/user/thesis/scripts/BlastOut_datasetTMB/BlastOut_datasetTMB_swissprot/top25BlastSplit/fasta/mafft/BlastOut_datasetTMB_swissprot_P42512.csv.fasta.aln
0.857
/home/user/thesis/scripts/BlastOut_datasetTMB/BlastOut_datasetTMB_swissprot/top25BlastSplit/fasta/mafft/BlastOut_datasetTMB_swissprot_P43261.csv.fasta.aln
1.282
/home/user/thesis/scripts/BlastOut_datasetTMB/BlastOut_datasetTMB_swissprot/top25BlastSplit/fasta/mafft/BlastOut_datasetTMB_swissprot_P45758.csv.fasta.aln
0.978
/home/user/thesis/scripts/BlastOut_datasetTMB/BlastOut_datasetTMB_swissprot/top25BlastSplit/fasta/mafft/BlastOut_datasetTMB_swissprot_P45779.csv.fasta.aln
1.018
/home/user/thesis/scripts/BlastOut_datasetTMB/BlastOut_datasetTMB_swissprot/top25BlastSplit/fasta/mafft/BlastOut_datasetTMB_swissprot_P46359.csv.fasta.aln
0.806
/home/user/thesis/scripts/BlastOut_datasetTMB/BlastOut_datasetTMB_swissprot/top25BlastSplit/fasta/mafft/BlastOut_datasetTMB_swissprot_P48632.csv.fasta.aln
0.820
/home/user/thesis/scripts/BlastOut_datasetTMB/BlastOut_datasetTMB_swissprot/top25BlastSplit/fasta/mafft/BlastOut_datasetTMB_swissprot_P49767.csv.fasta.aln
1.010
/home/user/thesis/scripts/BlastOut_datasetTMB/BlastOut_datasetTMB_swissprot/top25BlastSplit/fasta/mafft/BlastOut_datasetTMB_swissprot_P75780.csv.fasta.aln
0.789
/home/user/thesis/scripts/BlastOut_datasetTMB/BlastOut_datasetTMB_swissprot/top25BlastSplit/fasta/mafft/BlastOut_datasetTMB_swissprot_P77211.csv.fasta.aln
0.610
/home/user/thesis/scripts/BlastOut_datasetTMB/BlastOut_datasetTMB_swissprot/top25BlastSplit/fasta/mafft/BlastOut_datasetTMB_swissprot_P77774.csv.fasta.aln
0.544
/home/user/thesis/scripts/BlastOut_datasetTMB/BlastOut_datasetTMB_swissprot/top25BlastSplit/fasta/mafft/BlastOut_datasetTMB_swissprot_Q03155.csv.fasta.aln
0.678
/home/user/thesis/scripts/BlastOut_datasetTMB/BlastOut_datasetTMB_swissprot/top25BlastSplit/fasta/mafft/BlastOut_datasetTMB_swissprot_Q04884.csv.fasta.aln
0.850
/home/user/thesis/scripts/BlastOut_datasetTMB/BlastOut_datasetTMB_swissprot/top25BlastSplit/fasta/mafft/BlastOut_datasetTMB_swissprot_Q05098.csv.fasta.aln
1.319
/home/user/thesis/scripts/BlastOut_datasetTMB/BlastOut_datasetTMB_swissprot/top25BlastSplit/fasta/mafft/BlastOut_datasetTMB_swissprot_Q16853.csv.fasta.aln
0.908
/home/user/thesis/scripts/BlastOut_datasetTMB/BlastOut_datasetTMB_swissprot/top25BlastSplit/fasta/mafft/BlastOut_datasetTMB_swissprot_Q2FFA2.csv.fasta.aln
1.172
/home/user/thesis/scripts/BlastOut_datasetTMB/BlastOut_datasetTMB_swissprot/top25BlastSplit/fasta/mafft/BlastOut_datasetTMB_swissprot_Q2FFA3.csv.fasta.aln
0.932
/home/user/thesis/scripts/BlastOut_datasetTMB/BlastOut_datasetTMB_swissprot/top25BlastSplit/fasta/mafft/BlastOut_datasetTMB_swissprot_Q45340.csv.fasta.aln
0.688
/home/user/thesis/scripts/BlastOut_datasetTMB/BlastOut_datasetTMB_swissprot/top25BlastSplit/fasta/mafft/BlastOut_datasetTMB_swissprot_Q48473.csv.fasta.aln
0.869
/home/user/thesis/scripts/BlastOut_datasetTMB/BlastOut_datasetTMB_swissprot/top25BlastSplit/fasta/mafft/BlastOut_datasetTMB_swissprot_Q51397.csv.fasta.aln
0.609
/home/user/thesis/scripts/BlastOut_datasetTMB/BlastOut_datasetTMB_swissprot/top25BlastSplit/fasta/mafft/BlastOut_datasetTMB_swissprot_Q51487.csv.fasta.aln
0.593
/home/user/thesis/scripts/BlastOut_datasetTMB/BlastOut_datasetTMB_swissprot/top25BlastSplit/fasta/mafft/BlastOut_datasetTMB_swissprot_Q60932.csv.fasta.aln
0.794
/home/user/thesis/scripts/BlastOut_datasetTMB/BlastOut_datasetTMB_swissprot/top25BlastSplit/fasta/mafft/BlastOut_datasetTMB_swissprot_Q7BSW5.csv.fasta.aln
1.345
/home/user/thesis/scripts/BlastOut_datasetTMB/BlastOut_datasetTMB_swissprot/top25BlastSplit/fasta/mafft/BlastOut_datasetTMB_swissprot_Q7CJV2.csv.fasta.aln
0.969
/home/user/thesis/scripts/BlastOut_datasetTMB/BlastOut_datasetTMB_swissprot/top25BlastSplit/fasta/mafft/BlastOut_datasetTMB_swissprot_Q83LX4.csv.fasta.aln
0.751
/home/user/thesis/scripts/BlastOut_datasetTMB/BlastOut_datasetTMB_swissprot/top25BlastSplit/fasta/mafft/BlastOut_datasetTMB_swissprot_Q83SQ0.csv.fasta.aln
0.907
/home/user/thesis/scripts/BlastOut_datasetTMB/BlastOut_datasetTMB_swissprot/top25BlastSplit/fasta/mafft/BlastOut_datasetTMB_swissprot_Q8CVI4.csv.fasta.aln
1.000
/home/user/thesis/scripts/BlastOut_datasetTMB/BlastOut_datasetTMB_swissprot/top25BlastSplit/fasta/mafft/BlastOut_datasetTMB_swissprot_Q8CVW1.csv.fasta.aln
0.862
/home/user/thesis/scripts/BlastOut_datasetTMB/BlastOut_datasetTMB_swissprot/top25BlastSplit/fasta/mafft/BlastOut_datasetTMB_swissprot_Q8ZIK3.csv.fasta.aln
0.907
/home/user/thesis/scripts/BlastOut_datasetTMB/BlastOut_datasetTMB_swissprot/top25BlastSplit/fasta/mafft/BlastOut_datasetTMB_swissprot_Q8ZPC9.csv.fasta.aln
1.000
/home/user/thesis/scripts/BlastOut_datasetTMB/BlastOut_datasetTMB_swissprot/top25BlastSplit/fasta/mafft/BlastOut_datasetTMB_swissprot_Q8ZRP0.csv.fasta.aln
1.000
/home/user/thesis/scripts/BlastOut_datasetTMB/BlastOut_datasetTMB_swissprot/top25BlastSplit/fasta/mafft/BlastOut_datasetTMB_swissprot_Q8ZRW0.csv.fasta.aln
0.893
/home/user/thesis/scripts/BlastOut_datasetTMB/BlastOut_datasetTMB_swissprot/top25BlastSplit/fasta/mafft/BlastOut_datasetTMB_swissprot_Q99RL1.csv.fasta.aln
1.147
/home/user/thesis/scripts/BlastOut_datasetTMB/BlastOut_datasetTMB_swissprot/top25BlastSplit/fasta/mafft/BlastOut_datasetTMB_swissprot_Q9I5U2.csv.fasta.aln
0.749
/home/user/thesis/scripts/BlastOut_datasetTMB/BlastOut_datasetTMB_swissprot/top25BlastSplit/fasta/mafft/BlastOut_datasetTMB_swissprot_Q9JZN9.csv.fasta.aln
1.045
/home/user/thesis/scripts/BlastOut_datasetTMB/BlastOut_datasetTMB_swissprot/top25BlastSplit/fasta/mafft/BlastOut_datasetTMB_swissprot_Q9K0U9.csv.fasta.aln
1.278
/home/user/thesis/scripts/BlastOut_datasetTMB/BlastOut_datasetTMB_swissprot/top25BlastSplit/fasta/mafft/BlastOut_datasetTMB_swissprot_Q9TUM0.csv.fasta.aln
0.889
