0.190
1.363
0.348
0.954
0.966
1.000
0.987
0.620
0.330
0.338
0.571
1.111
0.314
0.428
0.599
0.465
0.580
1.184
3.197
0.418
0.327
0.327
0.669
0.712
0.712
0.810
0.810
1.000
1.000
1.000
1.000
2.777
2.777
2.777
0.839
1.148
1.148
1.148
1.148
0.631
0.745
0.745
1.224
0.198
0.925
0.633
0.440
0.724
0.612
0.419
0.627
1.121
0.282
0.637
0.409
0.647
0.499
0.353
0.470
0.444
0.355
0.307
0.546
0.553
0.623
0.255
0.255
0.255
0.369
0.234
0.735
1.266
1.000
0.470
3.041
0.956
0.240
2.019
1.022
1.000
1.000
0.420
0.475
1.144
0.310
0.373
0.944
0.338
