/home/user/thesis/scripts/BlastOut_datasetTMB/BlastOut_datasetTMB_unirefOMBB100/top50BlastSplit/fasta/aln/BlastOut_datasetTMB_unirefOMBB100_O33407.csv.aln
0.804
/home/user/thesis/scripts/BlastOut_datasetTMB/BlastOut_datasetTMB_unirefOMBB100/top50BlastSplit/fasta/aln/BlastOut_datasetTMB_unirefOMBB100_O88093.csv.aln
1.000
/home/user/thesis/scripts/BlastOut_datasetTMB/BlastOut_datasetTMB_unirefOMBB100/top50BlastSplit/fasta/aln/BlastOut_datasetTMB_unirefOMBB100_P02929.csv.aln
0.397
/home/user/thesis/scripts/BlastOut_datasetTMB/BlastOut_datasetTMB_unirefOMBB100/top50BlastSplit/fasta/aln/BlastOut_datasetTMB_unirefOMBB100_P05430.csv.aln
0.697
/home/user/thesis/scripts/BlastOut_datasetTMB/BlastOut_datasetTMB_unirefOMBB100/top50BlastSplit/fasta/aln/BlastOut_datasetTMB_unirefOMBB100_P05825.csv.aln
0.312
/home/user/thesis/scripts/BlastOut_datasetTMB/BlastOut_datasetTMB_unirefOMBB100/top50BlastSplit/fasta/aln/BlastOut_datasetTMB_unirefOMBB100_P06129.csv.aln
0.295
/home/user/thesis/scripts/BlastOut_datasetTMB/BlastOut_datasetTMB_unirefOMBB100/top50BlastSplit/fasta/aln/BlastOut_datasetTMB_unirefOMBB100_P09169.csv.aln
0.489
/home/user/thesis/scripts/BlastOut_datasetTMB/BlastOut_datasetTMB_unirefOMBB100/top50BlastSplit/fasta/aln/BlastOut_datasetTMB_unirefOMBB100_P0A903.csv.aln
0.611
/home/user/thesis/scripts/BlastOut_datasetTMB/BlastOut_datasetTMB_unirefOMBB100/top50BlastSplit/fasta/aln/BlastOut_datasetTMB_unirefOMBB100_P0A910.csv.aln
0.520
/home/user/thesis/scripts/BlastOut_datasetTMB/BlastOut_datasetTMB_unirefOMBB100/top50BlastSplit/fasta/aln/BlastOut_datasetTMB_unirefOMBB100_P0A911.csv.aln
0.520
/home/user/thesis/scripts/BlastOut_datasetTMB/BlastOut_datasetTMB_unirefOMBB100/top50BlastSplit/fasta/aln/BlastOut_datasetTMB_unirefOMBB100_P0A915.csv.aln
0.270
/home/user/thesis/scripts/BlastOut_datasetTMB/BlastOut_datasetTMB_unirefOMBB100/top50BlastSplit/fasta/aln/BlastOut_datasetTMB_unirefOMBB100_P0A916.csv.aln
0.270
/home/user/thesis/scripts/BlastOut_datasetTMB/BlastOut_datasetTMB_unirefOMBB100/top50BlastSplit/fasta/aln/BlastOut_datasetTMB_unirefOMBB100_P0A917.csv.aln
0.664
/home/user/thesis/scripts/BlastOut_datasetTMB/BlastOut_datasetTMB_unirefOMBB100/top50BlastSplit/fasta/aln/BlastOut_datasetTMB_unirefOMBB100_P0A918.csv.aln
0.664
/home/user/thesis/scripts/BlastOut_datasetTMB/BlastOut_datasetTMB_unirefOMBB100/top50BlastSplit/fasta/aln/BlastOut_datasetTMB_unirefOMBB100_P0A919.csv.aln
0.664
/home/user/thesis/scripts/BlastOut_datasetTMB/BlastOut_datasetTMB_unirefOMBB100/top50BlastSplit/fasta/aln/BlastOut_datasetTMB_unirefOMBB100_P0A920.csv.aln
0.664
/home/user/thesis/scripts/BlastOut_datasetTMB/BlastOut_datasetTMB_unirefOMBB100/top50BlastSplit/fasta/aln/BlastOut_datasetTMB_unirefOMBB100_P0A937.csv.aln
0.866
/home/user/thesis/scripts/BlastOut_datasetTMB/BlastOut_datasetTMB_unirefOMBB100/top50BlastSplit/fasta/aln/BlastOut_datasetTMB_unirefOMBB100_P0A940.csv.aln
0.544
/home/user/thesis/scripts/BlastOut_datasetTMB/BlastOut_datasetTMB_unirefOMBB100/top50BlastSplit/fasta/aln/BlastOut_datasetTMB_unirefOMBB100_P0A941.csv.aln
0.544
/home/user/thesis/scripts/BlastOut_datasetTMB/BlastOut_datasetTMB_unirefOMBB100/top50BlastSplit/fasta/aln/BlastOut_datasetTMB_unirefOMBB100_P0A942.csv.aln
0.544
/home/user/thesis/scripts/BlastOut_datasetTMB/BlastOut_datasetTMB_unirefOMBB100/top50BlastSplit/fasta/aln/BlastOut_datasetTMB_unirefOMBB100_P0A943.csv.aln
0.544
/home/user/thesis/scripts/BlastOut_datasetTMB/BlastOut_datasetTMB_unirefOMBB100/top50BlastSplit/fasta/aln/BlastOut_datasetTMB_unirefOMBB100_P0AC02.csv.aln
0.514
/home/user/thesis/scripts/BlastOut_datasetTMB/BlastOut_datasetTMB_unirefOMBB100/top50BlastSplit/fasta/aln/BlastOut_datasetTMB_unirefOMBB100_P0ADE4.csv.aln
0.657
/home/user/thesis/scripts/BlastOut_datasetTMB/BlastOut_datasetTMB_unirefOMBB100/top50BlastSplit/fasta/aln/BlastOut_datasetTMB_unirefOMBB100_P0ADE5.csv.aln
0.657
/home/user/thesis/scripts/BlastOut_datasetTMB/BlastOut_datasetTMB_unirefOMBB100/top50BlastSplit/fasta/aln/BlastOut_datasetTMB_unirefOMBB100_P10384.csv.aln
0.252
/home/user/thesis/scripts/BlastOut_datasetTMB/BlastOut_datasetTMB_unirefOMBB100/top50BlastSplit/fasta/aln/BlastOut_datasetTMB_unirefOMBB100_P13036.csv.aln
0.276
/home/user/thesis/scripts/BlastOut_datasetTMB/BlastOut_datasetTMB_unirefOMBB100/top50BlastSplit/fasta/aln/BlastOut_datasetTMB_unirefOMBB100_P13794.csv.aln
0.495
/home/user/thesis/scripts/BlastOut_datasetTMB/BlastOut_datasetTMB_unirefOMBB100/top50BlastSplit/fasta/aln/BlastOut_datasetTMB_unirefOMBB100_P17315.csv.aln
0.343
/home/user/thesis/scripts/BlastOut_datasetTMB/BlastOut_datasetTMB_unirefOMBB100/top50BlastSplit/fasta/aln/BlastOut_datasetTMB_unirefOMBB100_P17811.csv.aln
0.255
/home/user/thesis/scripts/BlastOut_datasetTMB/BlastOut_datasetTMB_unirefOMBB100/top50BlastSplit/fasta/aln/BlastOut_datasetTMB_unirefOMBB100_P24017.csv.aln
0.564
/home/user/thesis/scripts/BlastOut_datasetTMB/BlastOut_datasetTMB_unirefOMBB100/top50BlastSplit/fasta/aln/BlastOut_datasetTMB_unirefOMBB100_P30690.csv.aln
0.146
/home/user/thesis/scripts/BlastOut_datasetTMB/BlastOut_datasetTMB_unirefOMBB100/top50BlastSplit/fasta/aln/BlastOut_datasetTMB_unirefOMBB100_P35818.csv.aln
0.355
/home/user/thesis/scripts/BlastOut_datasetTMB/BlastOut_datasetTMB_unirefOMBB100/top50BlastSplit/fasta/aln/BlastOut_datasetTMB_unirefOMBB100_P69856.csv.aln
0.190
/home/user/thesis/scripts/BlastOut_datasetTMB/BlastOut_datasetTMB_unirefOMBB100/top50BlastSplit/fasta/aln/BlastOut_datasetTMB_unirefOMBB100_P69857.csv.aln
0.190
/home/user/thesis/scripts/BlastOut_datasetTMB/BlastOut_datasetTMB_unirefOMBB100/top50BlastSplit/fasta/aln/BlastOut_datasetTMB_unirefOMBB100_P69858.csv.aln
0.190
/home/user/thesis/scripts/BlastOut_datasetTMB/BlastOut_datasetTMB_unirefOMBB100/top50BlastSplit/fasta/aln/BlastOut_datasetTMB_unirefOMBB100_P76045.csv.aln
0.224
/home/user/thesis/scripts/BlastOut_datasetTMB/BlastOut_datasetTMB_unirefOMBB100/top50BlastSplit/fasta/aln/BlastOut_datasetTMB_unirefOMBB100_P77774.csv.aln
0.433
/home/user/thesis/scripts/BlastOut_datasetTMB/BlastOut_datasetTMB_unirefOMBB100/top50BlastSplit/fasta/aln/BlastOut_datasetTMB_unirefOMBB100_Q03155.csv.aln
0.504
/home/user/thesis/scripts/BlastOut_datasetTMB/BlastOut_datasetTMB_unirefOMBB100/top50BlastSplit/fasta/aln/BlastOut_datasetTMB_unirefOMBB100_Q04884.csv.aln
1.000
/home/user/thesis/scripts/BlastOut_datasetTMB/BlastOut_datasetTMB_unirefOMBB100/top50BlastSplit/fasta/aln/BlastOut_datasetTMB_unirefOMBB100_Q05098.csv.aln
0.333
/home/user/thesis/scripts/BlastOut_datasetTMB/BlastOut_datasetTMB_unirefOMBB100/top50BlastSplit/fasta/aln/BlastOut_datasetTMB_unirefOMBB100_Q45340.csv.aln
0.609
/home/user/thesis/scripts/BlastOut_datasetTMB/BlastOut_datasetTMB_unirefOMBB100/top50BlastSplit/fasta/aln/BlastOut_datasetTMB_unirefOMBB100_Q7BCK4.csv.aln
1.000
/home/user/thesis/scripts/BlastOut_datasetTMB/BlastOut_datasetTMB_unirefOMBB100/top50BlastSplit/fasta/aln/BlastOut_datasetTMB_unirefOMBB100_Q7BSW5.csv.aln
0.799
/home/user/thesis/scripts/BlastOut_datasetTMB/BlastOut_datasetTMB_unirefOMBB100/top50BlastSplit/fasta/aln/BlastOut_datasetTMB_unirefOMBB100_Q8ZRP0.csv.aln
0.566
/home/user/thesis/scripts/BlastOut_datasetTMB/BlastOut_datasetTMB_unirefOMBB100/top50BlastSplit/fasta/aln/BlastOut_datasetTMB_unirefOMBB100_Q9HVD1.csv.aln
0.190
/home/user/thesis/scripts/BlastOut_datasetTMB/BlastOut_datasetTMB_unirefOMBB100/top50BlastSplit/fasta/aln/BlastOut_datasetTMB_unirefOMBB100_Q9I5U2.csv.aln
0.881
