/home/user/thesis/scripts/BlastOut_datasetTMB/BlastOut_datasetTMB_swissprot/top50BlastSplit/fasta/aln/BlastOut_datasetTMB_swissprot_A5F934.csv.aln
0.175
/home/user/thesis/scripts/BlastOut_datasetTMB/BlastOut_datasetTMB_swissprot/top50BlastSplit/fasta/aln/BlastOut_datasetTMB_swissprot_E3PJ86.csv.aln
0.153
/home/user/thesis/scripts/BlastOut_datasetTMB/BlastOut_datasetTMB_swissprot/top50BlastSplit/fasta/aln/BlastOut_datasetTMB_swissprot_P01031.csv.aln
0.629
/home/user/thesis/scripts/BlastOut_datasetTMB/BlastOut_datasetTMB_swissprot/top50BlastSplit/fasta/aln/BlastOut_datasetTMB_swissprot_P02787.csv.aln
0.716
/home/user/thesis/scripts/BlastOut_datasetTMB/BlastOut_datasetTMB_swissprot/top50BlastSplit/fasta/aln/BlastOut_datasetTMB_swissprot_P02931.csv.aln
0.113
/home/user/thesis/scripts/BlastOut_datasetTMB/BlastOut_datasetTMB_swissprot/top50BlastSplit/fasta/aln/BlastOut_datasetTMB_swissprot_P02932.csv.aln
0.101
/home/user/thesis/scripts/BlastOut_datasetTMB/BlastOut_datasetTMB_swissprot/top50BlastSplit/fasta/aln/BlastOut_datasetTMB_swissprot_P06971.csv.aln
0.298
/home/user/thesis/scripts/BlastOut_datasetTMB/BlastOut_datasetTMB_swissprot/top50BlastSplit/fasta/aln/BlastOut_datasetTMB_swissprot_P07360.csv.aln
0.085
/home/user/thesis/scripts/BlastOut_datasetTMB/BlastOut_datasetTMB_swissprot/top50BlastSplit/fasta/aln/BlastOut_datasetTMB_swissprot_P08189.csv.aln
0.256
/home/user/thesis/scripts/BlastOut_datasetTMB/BlastOut_datasetTMB_swissprot/top50BlastSplit/fasta/aln/BlastOut_datasetTMB_swissprot_P0A910.csv.aln
0.472
/home/user/thesis/scripts/BlastOut_datasetTMB/BlastOut_datasetTMB_swissprot/top50BlastSplit/fasta/aln/BlastOut_datasetTMB_swissprot_P0A911.csv.aln
0.472
/home/user/thesis/scripts/BlastOut_datasetTMB/BlastOut_datasetTMB_swissprot/top50BlastSplit/fasta/aln/BlastOut_datasetTMB_swissprot_P10643.csv.aln
0.122
/home/user/thesis/scripts/BlastOut_datasetTMB/BlastOut_datasetTMB_swissprot/top50BlastSplit/fasta/aln/BlastOut_datasetTMB_swissprot_P12643.csv.aln
0.459
/home/user/thesis/scripts/BlastOut_datasetTMB/BlastOut_datasetTMB_swissprot/top50BlastSplit/fasta/aln/BlastOut_datasetTMB_swissprot_P16869.csv.aln
0.313
/home/user/thesis/scripts/BlastOut_datasetTMB/BlastOut_datasetTMB_swissprot/top50BlastSplit/fasta/aln/BlastOut_datasetTMB_swissprot_P24017.csv.aln
0.478
/home/user/thesis/scripts/BlastOut_datasetTMB/BlastOut_datasetTMB_swissprot/top50BlastSplit/fasta/aln/BlastOut_datasetTMB_swissprot_P26466.csv.aln
0.531
/home/user/thesis/scripts/BlastOut_datasetTMB/BlastOut_datasetTMB_swissprot/top50BlastSplit/fasta/aln/BlastOut_datasetTMB_swissprot_P31554.csv.aln
0.441
/home/user/thesis/scripts/BlastOut_datasetTMB/BlastOut_datasetTMB_swissprot/top50BlastSplit/fasta/aln/BlastOut_datasetTMB_swissprot_P37001.csv.aln
0.599
/home/user/thesis/scripts/BlastOut_datasetTMB/BlastOut_datasetTMB_swissprot/top50BlastSplit/fasta/aln/BlastOut_datasetTMB_swissprot_P45758.csv.aln
0.304
/home/user/thesis/scripts/BlastOut_datasetTMB/BlastOut_datasetTMB_swissprot/top50BlastSplit/fasta/aln/BlastOut_datasetTMB_swissprot_P45779.csv.aln
0.159
/home/user/thesis/scripts/BlastOut_datasetTMB/BlastOut_datasetTMB_swissprot/top50BlastSplit/fasta/aln/BlastOut_datasetTMB_swissprot_P48632.csv.aln
0.298
/home/user/thesis/scripts/BlastOut_datasetTMB/BlastOut_datasetTMB_swissprot/top50BlastSplit/fasta/aln/BlastOut_datasetTMB_swissprot_P49767.csv.aln
0.603
/home/user/thesis/scripts/BlastOut_datasetTMB/BlastOut_datasetTMB_swissprot/top50BlastSplit/fasta/aln/BlastOut_datasetTMB_swissprot_P75780.csv.aln
0.372
/home/user/thesis/scripts/BlastOut_datasetTMB/BlastOut_datasetTMB_swissprot/top50BlastSplit/fasta/aln/BlastOut_datasetTMB_swissprot_P77774.csv.aln
0.261
/home/user/thesis/scripts/BlastOut_datasetTMB/BlastOut_datasetTMB_swissprot/top50BlastSplit/fasta/aln/BlastOut_datasetTMB_swissprot_Q7BSW5.csv.aln
0.139
/home/user/thesis/scripts/BlastOut_datasetTMB/BlastOut_datasetTMB_swissprot/top50BlastSplit/fasta/aln/BlastOut_datasetTMB_swissprot_Q83SQ0.csv.aln
0.437
/home/user/thesis/scripts/BlastOut_datasetTMB/BlastOut_datasetTMB_swissprot/top50BlastSplit/fasta/aln/BlastOut_datasetTMB_swissprot_Q8ZIK3.csv.aln
0.454
/home/user/thesis/scripts/BlastOut_datasetTMB/BlastOut_datasetTMB_swissprot/top50BlastSplit/fasta/aln/BlastOut_datasetTMB_swissprot_Q8ZPC9.csv.aln
0.518
/home/user/thesis/scripts/BlastOut_datasetTMB/BlastOut_datasetTMB_swissprot/top50BlastSplit/fasta/aln/BlastOut_datasetTMB_swissprot_Q8ZRW0.csv.aln
0.443
/home/user/thesis/scripts/BlastOut_datasetTMB/BlastOut_datasetTMB_swissprot/top50BlastSplit/fasta/aln/BlastOut_datasetTMB_swissprot_Q9I5U2.csv.aln
0.375
/home/user/thesis/scripts/BlastOut_datasetTMB/BlastOut_datasetTMB_swissprot/top50BlastSplit/fasta/aln/BlastOut_datasetTMB_swissprot_Q9K0U9.csv.aln
0.476
/home/user/thesis/scripts/BlastOut_datasetTMB/BlastOut_datasetTMB_swissprot/top50BlastSplit/fasta/aln/BlastOut_datasetTMB_swissprot_Q9TUM0.csv.aln
0.656
