/home/user/thesis/scripts/BlastOut_datasetTMB/BlastOut_datasetTMB_OMPdb70/top25BlastSplit/fasta/mafft/BlastOut_datasetTMB_OMPdb70_A0QR29.csv.fasta.aln
0.368
/home/user/thesis/scripts/BlastOut_datasetTMB/BlastOut_datasetTMB_OMPdb70/top25BlastSplit/fasta/mafft/BlastOut_datasetTMB_OMPdb70_A1JUB7.csv.fasta.aln
0.460
/home/user/thesis/scripts/BlastOut_datasetTMB/BlastOut_datasetTMB_OMPdb70/top25BlastSplit/fasta/mafft/BlastOut_datasetTMB_OMPdb70_A5F934.csv.fasta.aln
0.830
/home/user/thesis/scripts/BlastOut_datasetTMB/BlastOut_datasetTMB_OMPdb70/top25BlastSplit/fasta/mafft/BlastOut_datasetTMB_OMPdb70_E3PJ86.csv.fasta.aln
0.721
/home/user/thesis/scripts/BlastOut_datasetTMB/BlastOut_datasetTMB_OMPdb70/top25BlastSplit/fasta/mafft/BlastOut_datasetTMB_OMPdb70_E6MXW0.csv.fasta.aln
0.981
/home/user/thesis/scripts/BlastOut_datasetTMB/BlastOut_datasetTMB_OMPdb70/top25BlastSplit/fasta/mafft/BlastOut_datasetTMB_OMPdb70_O33407.csv.fasta.aln
0.661
/home/user/thesis/scripts/BlastOut_datasetTMB/BlastOut_datasetTMB_OMPdb70/top25BlastSplit/fasta/mafft/BlastOut_datasetTMB_OMPdb70_O88093.csv.fasta.aln
0.743
/home/user/thesis/scripts/BlastOut_datasetTMB/BlastOut_datasetTMB_OMPdb70/top25BlastSplit/fasta/mafft/BlastOut_datasetTMB_OMPdb70_P02929.csv.fasta.aln
0.645
/home/user/thesis/scripts/BlastOut_datasetTMB/BlastOut_datasetTMB_OMPdb70/top25BlastSplit/fasta/mafft/BlastOut_datasetTMB_OMPdb70_P02930.csv.fasta.aln
0.671
/home/user/thesis/scripts/BlastOut_datasetTMB/BlastOut_datasetTMB_OMPdb70/top25BlastSplit/fasta/mafft/BlastOut_datasetTMB_OMPdb70_P02931.csv.fasta.aln
0.768
/home/user/thesis/scripts/BlastOut_datasetTMB/BlastOut_datasetTMB_OMPdb70/top25BlastSplit/fasta/mafft/BlastOut_datasetTMB_OMPdb70_P02932.csv.fasta.aln
0.752
/home/user/thesis/scripts/BlastOut_datasetTMB/BlastOut_datasetTMB_OMPdb70/top25BlastSplit/fasta/mafft/BlastOut_datasetTMB_OMPdb70_P02943.csv.fasta.aln
0.805
/home/user/thesis/scripts/BlastOut_datasetTMB/BlastOut_datasetTMB_OMPdb70/top25BlastSplit/fasta/mafft/BlastOut_datasetTMB_OMPdb70_P05430.csv.fasta.aln
0.939
/home/user/thesis/scripts/BlastOut_datasetTMB/BlastOut_datasetTMB_OMPdb70/top25BlastSplit/fasta/mafft/BlastOut_datasetTMB_OMPdb70_P05695.csv.fasta.aln
0.893
/home/user/thesis/scripts/BlastOut_datasetTMB/BlastOut_datasetTMB_OMPdb70/top25BlastSplit/fasta/mafft/BlastOut_datasetTMB_OMPdb70_P05825.csv.fasta.aln
0.768
/home/user/thesis/scripts/BlastOut_datasetTMB/BlastOut_datasetTMB_OMPdb70/top25BlastSplit/fasta/mafft/BlastOut_datasetTMB_OMPdb70_P06129.csv.fasta.aln
0.723
/home/user/thesis/scripts/BlastOut_datasetTMB/BlastOut_datasetTMB_OMPdb70/top25BlastSplit/fasta/mafft/BlastOut_datasetTMB_OMPdb70_P06970.csv.fasta.aln
0.773
/home/user/thesis/scripts/BlastOut_datasetTMB/BlastOut_datasetTMB_OMPdb70/top25BlastSplit/fasta/mafft/BlastOut_datasetTMB_OMPdb70_P06971.csv.fasta.aln
0.675
/home/user/thesis/scripts/BlastOut_datasetTMB/BlastOut_datasetTMB_OMPdb70/top25BlastSplit/fasta/mafft/BlastOut_datasetTMB_OMPdb70_P06996.csv.fasta.aln
0.786
/home/user/thesis/scripts/BlastOut_datasetTMB/BlastOut_datasetTMB_OMPdb70/top25BlastSplit/fasta/mafft/BlastOut_datasetTMB_OMPdb70_P07110.csv.fasta.aln
0.706
/home/user/thesis/scripts/BlastOut_datasetTMB/BlastOut_datasetTMB_OMPdb70/top25BlastSplit/fasta/mafft/BlastOut_datasetTMB_OMPdb70_P09169.csv.fasta.aln
0.602
/home/user/thesis/scripts/BlastOut_datasetTMB/BlastOut_datasetTMB_OMPdb70/top25BlastSplit/fasta/mafft/BlastOut_datasetTMB_OMPdb70_P0A232.csv.fasta.aln
0.718
/home/user/thesis/scripts/BlastOut_datasetTMB/BlastOut_datasetTMB_OMPdb70/top25BlastSplit/fasta/mafft/BlastOut_datasetTMB_OMPdb70_P0A263.csv.fasta.aln
0.764
/home/user/thesis/scripts/BlastOut_datasetTMB/BlastOut_datasetTMB_OMPdb70/top25BlastSplit/fasta/mafft/BlastOut_datasetTMB_OMPdb70_P0A264.csv.fasta.aln
0.764
/home/user/thesis/scripts/BlastOut_datasetTMB/BlastOut_datasetTMB_OMPdb70/top25BlastSplit/fasta/mafft/BlastOut_datasetTMB_OMPdb70_P0A910.csv.fasta.aln
0.723
/home/user/thesis/scripts/BlastOut_datasetTMB/BlastOut_datasetTMB_OMPdb70/top25BlastSplit/fasta/mafft/BlastOut_datasetTMB_OMPdb70_P0A911.csv.fasta.aln
0.723
/home/user/thesis/scripts/BlastOut_datasetTMB/BlastOut_datasetTMB_OMPdb70/top25BlastSplit/fasta/mafft/BlastOut_datasetTMB_OMPdb70_P0A915.csv.fasta.aln
0.823
/home/user/thesis/scripts/BlastOut_datasetTMB/BlastOut_datasetTMB_OMPdb70/top25BlastSplit/fasta/mafft/BlastOut_datasetTMB_OMPdb70_P0A916.csv.fasta.aln
0.823
/home/user/thesis/scripts/BlastOut_datasetTMB/BlastOut_datasetTMB_OMPdb70/top25BlastSplit/fasta/mafft/BlastOut_datasetTMB_OMPdb70_P0A917.csv.fasta.aln
0.672
/home/user/thesis/scripts/BlastOut_datasetTMB/BlastOut_datasetTMB_OMPdb70/top25BlastSplit/fasta/mafft/BlastOut_datasetTMB_OMPdb70_P0A918.csv.fasta.aln
0.672
/home/user/thesis/scripts/BlastOut_datasetTMB/BlastOut_datasetTMB_OMPdb70/top25BlastSplit/fasta/mafft/BlastOut_datasetTMB_OMPdb70_P0A919.csv.fasta.aln
0.672
/home/user/thesis/scripts/BlastOut_datasetTMB/BlastOut_datasetTMB_OMPdb70/top25BlastSplit/fasta/mafft/BlastOut_datasetTMB_OMPdb70_P0A920.csv.fasta.aln
0.672
/home/user/thesis/scripts/BlastOut_datasetTMB/BlastOut_datasetTMB_OMPdb70/top25BlastSplit/fasta/mafft/BlastOut_datasetTMB_OMPdb70_P0A921.csv.fasta.aln
0.734
/home/user/thesis/scripts/BlastOut_datasetTMB/BlastOut_datasetTMB_OMPdb70/top25BlastSplit/fasta/mafft/BlastOut_datasetTMB_OMPdb70_P0A922.csv.fasta.aln
0.734
/home/user/thesis/scripts/BlastOut_datasetTMB/BlastOut_datasetTMB_OMPdb70/top25BlastSplit/fasta/mafft/BlastOut_datasetTMB_OMPdb70_P0A923.csv.fasta.aln
0.734
/home/user/thesis/scripts/BlastOut_datasetTMB/BlastOut_datasetTMB_OMPdb70/top25BlastSplit/fasta/mafft/BlastOut_datasetTMB_OMPdb70_P0A927.csv.fasta.aln
0.711
/home/user/thesis/scripts/BlastOut_datasetTMB/BlastOut_datasetTMB_OMPdb70/top25BlastSplit/fasta/mafft/BlastOut_datasetTMB_OMPdb70_P0A928.csv.fasta.aln
0.711
/home/user/thesis/scripts/BlastOut_datasetTMB/BlastOut_datasetTMB_OMPdb70/top25BlastSplit/fasta/mafft/BlastOut_datasetTMB_OMPdb70_P0A929.csv.fasta.aln
0.711
/home/user/thesis/scripts/BlastOut_datasetTMB/BlastOut_datasetTMB_OMPdb70/top25BlastSplit/fasta/mafft/BlastOut_datasetTMB_OMPdb70_P0A940.csv.fasta.aln
0.652
/home/user/thesis/scripts/BlastOut_datasetTMB/BlastOut_datasetTMB_OMPdb70/top25BlastSplit/fasta/mafft/BlastOut_datasetTMB_OMPdb70_P0A941.csv.fasta.aln
0.652
/home/user/thesis/scripts/BlastOut_datasetTMB/BlastOut_datasetTMB_OMPdb70/top25BlastSplit/fasta/mafft/BlastOut_datasetTMB_OMPdb70_P0A942.csv.fasta.aln
0.652
/home/user/thesis/scripts/BlastOut_datasetTMB/BlastOut_datasetTMB_OMPdb70/top25BlastSplit/fasta/mafft/BlastOut_datasetTMB_OMPdb70_P0A943.csv.fasta.aln
0.652
/home/user/thesis/scripts/BlastOut_datasetTMB/BlastOut_datasetTMB_OMPdb70/top25BlastSplit/fasta/mafft/BlastOut_datasetTMB_OMPdb70_P0ADE4.csv.fasta.aln
0.625
/home/user/thesis/scripts/BlastOut_datasetTMB/BlastOut_datasetTMB_OMPdb70/top25BlastSplit/fasta/mafft/BlastOut_datasetTMB_OMPdb70_P0ADE5.csv.fasta.aln
0.625
/home/user/thesis/scripts/BlastOut_datasetTMB/BlastOut_datasetTMB_OMPdb70/top25BlastSplit/fasta/mafft/BlastOut_datasetTMB_OMPdb70_P0AEA2.csv.fasta.aln
0.731
/home/user/thesis/scripts/BlastOut_datasetTMB/BlastOut_datasetTMB_OMPdb70/top25BlastSplit/fasta/mafft/BlastOut_datasetTMB_OMPdb70_P0C2W0.csv.fasta.aln
0.497
/home/user/thesis/scripts/BlastOut_datasetTMB/BlastOut_datasetTMB_OMPdb70/top25BlastSplit/fasta/mafft/BlastOut_datasetTMB_OMPdb70_P0C6Q6.csv.fasta.aln
0.849
/home/user/thesis/scripts/BlastOut_datasetTMB/BlastOut_datasetTMB_OMPdb70/top25BlastSplit/fasta/mafft/BlastOut_datasetTMB_OMPdb70_P0DH58.csv.fasta.aln
0.981
/home/user/thesis/scripts/BlastOut_datasetTMB/BlastOut_datasetTMB_OMPdb70/top25BlastSplit/fasta/mafft/BlastOut_datasetTMB_OMPdb70_P10384.csv.fasta.aln
0.800
/home/user/thesis/scripts/BlastOut_datasetTMB/BlastOut_datasetTMB_OMPdb70/top25BlastSplit/fasta/mafft/BlastOut_datasetTMB_OMPdb70_P11922.csv.fasta.aln
0.741
/home/user/thesis/scripts/BlastOut_datasetTMB/BlastOut_datasetTMB_OMPdb70/top25BlastSplit/fasta/mafft/BlastOut_datasetTMB_OMPdb70_P13036.csv.fasta.aln
0.821
/home/user/thesis/scripts/BlastOut_datasetTMB/BlastOut_datasetTMB_OMPdb70/top25BlastSplit/fasta/mafft/BlastOut_datasetTMB_OMPdb70_P13794.csv.fasta.aln
0.745
/home/user/thesis/scripts/BlastOut_datasetTMB/BlastOut_datasetTMB_OMPdb70/top25BlastSplit/fasta/mafft/BlastOut_datasetTMB_OMPdb70_P16869.csv.fasta.aln
0.685
/home/user/thesis/scripts/BlastOut_datasetTMB/BlastOut_datasetTMB_OMPdb70/top25BlastSplit/fasta/mafft/BlastOut_datasetTMB_OMPdb70_P17315.csv.fasta.aln
0.788
/home/user/thesis/scripts/BlastOut_datasetTMB/BlastOut_datasetTMB_OMPdb70/top25BlastSplit/fasta/mafft/BlastOut_datasetTMB_OMPdb70_P17811.csv.fasta.aln
0.651
/home/user/thesis/scripts/BlastOut_datasetTMB/BlastOut_datasetTMB_OMPdb70/top25BlastSplit/fasta/mafft/BlastOut_datasetTMB_OMPdb70_P18195.csv.fasta.aln
0.939
/home/user/thesis/scripts/BlastOut_datasetTMB/BlastOut_datasetTMB_OMPdb70/top25BlastSplit/fasta/mafft/BlastOut_datasetTMB_OMPdb70_P18895.csv.fasta.aln
0.748
/home/user/thesis/scripts/BlastOut_datasetTMB/BlastOut_datasetTMB_OMPdb70/top25BlastSplit/fasta/mafft/BlastOut_datasetTMB_OMPdb70_P19809.csv.fasta.aln
0.608
/home/user/thesis/scripts/BlastOut_datasetTMB/BlastOut_datasetTMB_OMPdb70/top25BlastSplit/fasta/mafft/BlastOut_datasetTMB_OMPdb70_P21796.csv.fasta.aln
0.372
/home/user/thesis/scripts/BlastOut_datasetTMB/BlastOut_datasetTMB_OMPdb70/top25BlastSplit/fasta/mafft/BlastOut_datasetTMB_OMPdb70_P22340.csv.fasta.aln
0.747
/home/user/thesis/scripts/BlastOut_datasetTMB/BlastOut_datasetTMB_OMPdb70/top25BlastSplit/fasta/mafft/BlastOut_datasetTMB_OMPdb70_P24017.csv.fasta.aln
0.709
/home/user/thesis/scripts/BlastOut_datasetTMB/BlastOut_datasetTMB_OMPdb70/top25BlastSplit/fasta/mafft/BlastOut_datasetTMB_OMPdb70_P24305.csv.fasta.aln
0.837
/home/user/thesis/scripts/BlastOut_datasetTMB/BlastOut_datasetTMB_OMPdb70/top25BlastSplit/fasta/mafft/BlastOut_datasetTMB_OMPdb70_P26466.csv.fasta.aln
0.821
/home/user/thesis/scripts/BlastOut_datasetTMB/BlastOut_datasetTMB_OMPdb70/top25BlastSplit/fasta/mafft/BlastOut_datasetTMB_OMPdb70_P30130.csv.fasta.aln
0.725
/home/user/thesis/scripts/BlastOut_datasetTMB/BlastOut_datasetTMB_OMPdb70/top25BlastSplit/fasta/mafft/BlastOut_datasetTMB_OMPdb70_P30690.csv.fasta.aln
0.955
/home/user/thesis/scripts/BlastOut_datasetTMB/BlastOut_datasetTMB_OMPdb70/top25BlastSplit/fasta/mafft/BlastOut_datasetTMB_OMPdb70_P31243.csv.fasta.aln
0.849
/home/user/thesis/scripts/BlastOut_datasetTMB/BlastOut_datasetTMB_OMPdb70/top25BlastSplit/fasta/mafft/BlastOut_datasetTMB_OMPdb70_P31554.csv.fasta.aln
0.635
/home/user/thesis/scripts/BlastOut_datasetTMB/BlastOut_datasetTMB_OMPdb70/top25BlastSplit/fasta/mafft/BlastOut_datasetTMB_OMPdb70_P31780.csv.fasta.aln
0.806
/home/user/thesis/scripts/BlastOut_datasetTMB/BlastOut_datasetTMB_OMPdb70/top25BlastSplit/fasta/mafft/BlastOut_datasetTMB_OMPdb70_P32722.csv.fasta.aln
0.707
/home/user/thesis/scripts/BlastOut_datasetTMB/BlastOut_datasetTMB_OMPdb70/top25BlastSplit/fasta/mafft/BlastOut_datasetTMB_OMPdb70_P32977.csv.fasta.aln
0.841
/home/user/thesis/scripts/BlastOut_datasetTMB/BlastOut_datasetTMB_OMPdb70/top25BlastSplit/fasta/mafft/BlastOut_datasetTMB_OMPdb70_P35077.csv.fasta.aln
0.637
/home/user/thesis/scripts/BlastOut_datasetTMB/BlastOut_datasetTMB_OMPdb70/top25BlastSplit/fasta/mafft/BlastOut_datasetTMB_OMPdb70_P35672.csv.fasta.aln
0.796
/home/user/thesis/scripts/BlastOut_datasetTMB/BlastOut_datasetTMB_OMPdb70/top25BlastSplit/fasta/mafft/BlastOut_datasetTMB_OMPdb70_P35818.csv.fasta.aln
0.834
/home/user/thesis/scripts/BlastOut_datasetTMB/BlastOut_datasetTMB_OMPdb70/top25BlastSplit/fasta/mafft/BlastOut_datasetTMB_OMPdb70_P37001.csv.fasta.aln
0.683
/home/user/thesis/scripts/BlastOut_datasetTMB/BlastOut_datasetTMB_OMPdb70/top25BlastSplit/fasta/mafft/BlastOut_datasetTMB_OMPdb70_P37432.csv.fasta.aln
0.764
/home/user/thesis/scripts/BlastOut_datasetTMB/BlastOut_datasetTMB_OMPdb70/top25BlastSplit/fasta/mafft/BlastOut_datasetTMB_OMPdb70_P39767.csv.fasta.aln
0.796
/home/user/thesis/scripts/BlastOut_datasetTMB/BlastOut_datasetTMB_OMPdb70/top25BlastSplit/fasta/mafft/BlastOut_datasetTMB_OMPdb70_P42512.csv.fasta.aln
0.607
/home/user/thesis/scripts/BlastOut_datasetTMB/BlastOut_datasetTMB_OMPdb70/top25BlastSplit/fasta/mafft/BlastOut_datasetTMB_OMPdb70_P43261.csv.fasta.aln
0.631
/home/user/thesis/scripts/BlastOut_datasetTMB/BlastOut_datasetTMB_OMPdb70/top25BlastSplit/fasta/mafft/BlastOut_datasetTMB_OMPdb70_P45758.csv.fasta.aln
0.766
/home/user/thesis/scripts/BlastOut_datasetTMB/BlastOut_datasetTMB_OMPdb70/top25BlastSplit/fasta/mafft/BlastOut_datasetTMB_OMPdb70_P45779.csv.fasta.aln
0.782
/home/user/thesis/scripts/BlastOut_datasetTMB/BlastOut_datasetTMB_OMPdb70/top25BlastSplit/fasta/mafft/BlastOut_datasetTMB_OMPdb70_P46359.csv.fasta.aln
0.715
/home/user/thesis/scripts/BlastOut_datasetTMB/BlastOut_datasetTMB_OMPdb70/top25BlastSplit/fasta/mafft/BlastOut_datasetTMB_OMPdb70_P48632.csv.fasta.aln
0.758
/home/user/thesis/scripts/BlastOut_datasetTMB/BlastOut_datasetTMB_OMPdb70/top25BlastSplit/fasta/mafft/BlastOut_datasetTMB_OMPdb70_P69434.csv.fasta.aln
0.255
/home/user/thesis/scripts/BlastOut_datasetTMB/BlastOut_datasetTMB_OMPdb70/top25BlastSplit/fasta/mafft/BlastOut_datasetTMB_OMPdb70_P69856.csv.fasta.aln
0.538
/home/user/thesis/scripts/BlastOut_datasetTMB/BlastOut_datasetTMB_OMPdb70/top25BlastSplit/fasta/mafft/BlastOut_datasetTMB_OMPdb70_P69857.csv.fasta.aln
0.538
/home/user/thesis/scripts/BlastOut_datasetTMB/BlastOut_datasetTMB_OMPdb70/top25BlastSplit/fasta/mafft/BlastOut_datasetTMB_OMPdb70_P69858.csv.fasta.aln
0.538
/home/user/thesis/scripts/BlastOut_datasetTMB/BlastOut_datasetTMB_OMPdb70/top25BlastSplit/fasta/mafft/BlastOut_datasetTMB_OMPdb70_P75780.csv.fasta.aln
0.691
/home/user/thesis/scripts/BlastOut_datasetTMB/BlastOut_datasetTMB_OMPdb70/top25BlastSplit/fasta/mafft/BlastOut_datasetTMB_OMPdb70_P76045.csv.fasta.aln
0.446
/home/user/thesis/scripts/BlastOut_datasetTMB/BlastOut_datasetTMB_OMPdb70/top25BlastSplit/fasta/mafft/BlastOut_datasetTMB_OMPdb70_P77211.csv.fasta.aln
0.695
/home/user/thesis/scripts/BlastOut_datasetTMB/BlastOut_datasetTMB_OMPdb70/top25BlastSplit/fasta/mafft/BlastOut_datasetTMB_OMPdb70_Q03155.csv.fasta.aln
0.761
/home/user/thesis/scripts/BlastOut_datasetTMB/BlastOut_datasetTMB_OMPdb70/top25BlastSplit/fasta/mafft/BlastOut_datasetTMB_OMPdb70_Q04884.csv.fasta.aln
0.865
/home/user/thesis/scripts/BlastOut_datasetTMB/BlastOut_datasetTMB_OMPdb70/top25BlastSplit/fasta/mafft/BlastOut_datasetTMB_OMPdb70_Q05098.csv.fasta.aln
0.781
/home/user/thesis/scripts/BlastOut_datasetTMB/BlastOut_datasetTMB_OMPdb70/top25BlastSplit/fasta/mafft/BlastOut_datasetTMB_OMPdb70_Q45340.csv.fasta.aln
0.601
/home/user/thesis/scripts/BlastOut_datasetTMB/BlastOut_datasetTMB_OMPdb70/top25BlastSplit/fasta/mafft/BlastOut_datasetTMB_OMPdb70_Q48473.csv.fasta.aln
0.784
/home/user/thesis/scripts/BlastOut_datasetTMB/BlastOut_datasetTMB_OMPdb70/top25BlastSplit/fasta/mafft/BlastOut_datasetTMB_OMPdb70_Q51397.csv.fasta.aln
0.711
/home/user/thesis/scripts/BlastOut_datasetTMB/BlastOut_datasetTMB_OMPdb70/top25BlastSplit/fasta/mafft/BlastOut_datasetTMB_OMPdb70_Q51487.csv.fasta.aln
0.714
/home/user/thesis/scripts/BlastOut_datasetTMB/BlastOut_datasetTMB_OMPdb70/top25BlastSplit/fasta/mafft/BlastOut_datasetTMB_OMPdb70_Q60932.csv.fasta.aln
0.308
/home/user/thesis/scripts/BlastOut_datasetTMB/BlastOut_datasetTMB_OMPdb70/top25BlastSplit/fasta/mafft/BlastOut_datasetTMB_OMPdb70_Q7BCK4.csv.fasta.aln
0.676
/home/user/thesis/scripts/BlastOut_datasetTMB/BlastOut_datasetTMB_OMPdb70/top25BlastSplit/fasta/mafft/BlastOut_datasetTMB_OMPdb70_Q7BSW5.csv.fasta.aln
0.837
/home/user/thesis/scripts/BlastOut_datasetTMB/BlastOut_datasetTMB_OMPdb70/top25BlastSplit/fasta/mafft/BlastOut_datasetTMB_OMPdb70_Q83SQ0.csv.fasta.aln
0.634
/home/user/thesis/scripts/BlastOut_datasetTMB/BlastOut_datasetTMB_OMPdb70/top25BlastSplit/fasta/mafft/BlastOut_datasetTMB_OMPdb70_Q8CVI4.csv.fasta.aln
0.807
/home/user/thesis/scripts/BlastOut_datasetTMB/BlastOut_datasetTMB_OMPdb70/top25BlastSplit/fasta/mafft/BlastOut_datasetTMB_OMPdb70_Q8CVW1.csv.fasta.aln
0.809
/home/user/thesis/scripts/BlastOut_datasetTMB/BlastOut_datasetTMB_OMPdb70/top25BlastSplit/fasta/mafft/BlastOut_datasetTMB_OMPdb70_Q8ZIK3.csv.fasta.aln
0.637
/home/user/thesis/scripts/BlastOut_datasetTMB/BlastOut_datasetTMB_OMPdb70/top25BlastSplit/fasta/mafft/BlastOut_datasetTMB_OMPdb70_Q8ZRP0.csv.fasta.aln
0.654
/home/user/thesis/scripts/BlastOut_datasetTMB/BlastOut_datasetTMB_OMPdb70/top25BlastSplit/fasta/mafft/BlastOut_datasetTMB_OMPdb70_Q8ZRW0.csv.fasta.aln
0.638
/home/user/thesis/scripts/BlastOut_datasetTMB/BlastOut_datasetTMB_OMPdb70/top25BlastSplit/fasta/mafft/BlastOut_datasetTMB_OMPdb70_Q934G3.csv.fasta.aln
0.707
/home/user/thesis/scripts/BlastOut_datasetTMB/BlastOut_datasetTMB_OMPdb70/top25BlastSplit/fasta/mafft/BlastOut_datasetTMB_OMPdb70_Q9HVD1.csv.fasta.aln
0.687
/home/user/thesis/scripts/BlastOut_datasetTMB/BlastOut_datasetTMB_OMPdb70/top25BlastSplit/fasta/mafft/BlastOut_datasetTMB_OMPdb70_Q9I5U2.csv.fasta.aln
0.943
/home/user/thesis/scripts/BlastOut_datasetTMB/BlastOut_datasetTMB_OMPdb70/top25BlastSplit/fasta/mafft/BlastOut_datasetTMB_OMPdb70_Q9JZN9.csv.fasta.aln
0.818
/home/user/thesis/scripts/BlastOut_datasetTMB/BlastOut_datasetTMB_OMPdb70/top25BlastSplit/fasta/mafft/BlastOut_datasetTMB_OMPdb70_Q9K0U9.csv.fasta.aln
0.696
