/home/user/thesis/scripts/BlastOut_datasetTMB/BlastOut_datasetTMB_unirefOMBB100/top50BlastSplit/fasta/aln/BlastOut_datasetTMB_unirefOMBB100_O33407.csv.aln
0.932
/home/user/thesis/scripts/BlastOut_datasetTMB/BlastOut_datasetTMB_unirefOMBB100/top50BlastSplit/fasta/aln/BlastOut_datasetTMB_unirefOMBB100_O88093.csv.aln
1.000
/home/user/thesis/scripts/BlastOut_datasetTMB/BlastOut_datasetTMB_unirefOMBB100/top50BlastSplit/fasta/aln/BlastOut_datasetTMB_unirefOMBB100_P02929.csv.aln
0.920
/home/user/thesis/scripts/BlastOut_datasetTMB/BlastOut_datasetTMB_unirefOMBB100/top50BlastSplit/fasta/aln/BlastOut_datasetTMB_unirefOMBB100_P05430.csv.aln
1.228
/home/user/thesis/scripts/BlastOut_datasetTMB/BlastOut_datasetTMB_unirefOMBB100/top50BlastSplit/fasta/aln/BlastOut_datasetTMB_unirefOMBB100_P05825.csv.aln
0.796
/home/user/thesis/scripts/BlastOut_datasetTMB/BlastOut_datasetTMB_unirefOMBB100/top50BlastSplit/fasta/aln/BlastOut_datasetTMB_unirefOMBB100_P06129.csv.aln
0.796
/home/user/thesis/scripts/BlastOut_datasetTMB/BlastOut_datasetTMB_unirefOMBB100/top50BlastSplit/fasta/aln/BlastOut_datasetTMB_unirefOMBB100_P09169.csv.aln
0.747
/home/user/thesis/scripts/BlastOut_datasetTMB/BlastOut_datasetTMB_unirefOMBB100/top50BlastSplit/fasta/aln/BlastOut_datasetTMB_unirefOMBB100_P0A903.csv.aln
1.418
/home/user/thesis/scripts/BlastOut_datasetTMB/BlastOut_datasetTMB_unirefOMBB100/top50BlastSplit/fasta/aln/BlastOut_datasetTMB_unirefOMBB100_P0A910.csv.aln
0.973
/home/user/thesis/scripts/BlastOut_datasetTMB/BlastOut_datasetTMB_unirefOMBB100/top50BlastSplit/fasta/aln/BlastOut_datasetTMB_unirefOMBB100_P0A911.csv.aln
0.973
/home/user/thesis/scripts/BlastOut_datasetTMB/BlastOut_datasetTMB_unirefOMBB100/top50BlastSplit/fasta/aln/BlastOut_datasetTMB_unirefOMBB100_P0A915.csv.aln
0.516
/home/user/thesis/scripts/BlastOut_datasetTMB/BlastOut_datasetTMB_unirefOMBB100/top50BlastSplit/fasta/aln/BlastOut_datasetTMB_unirefOMBB100_P0A916.csv.aln
0.516
/home/user/thesis/scripts/BlastOut_datasetTMB/BlastOut_datasetTMB_unirefOMBB100/top50BlastSplit/fasta/aln/BlastOut_datasetTMB_unirefOMBB100_P0A917.csv.aln
1.061
/home/user/thesis/scripts/BlastOut_datasetTMB/BlastOut_datasetTMB_unirefOMBB100/top50BlastSplit/fasta/aln/BlastOut_datasetTMB_unirefOMBB100_P0A918.csv.aln
1.061
/home/user/thesis/scripts/BlastOut_datasetTMB/BlastOut_datasetTMB_unirefOMBB100/top50BlastSplit/fasta/aln/BlastOut_datasetTMB_unirefOMBB100_P0A919.csv.aln
1.061
/home/user/thesis/scripts/BlastOut_datasetTMB/BlastOut_datasetTMB_unirefOMBB100/top50BlastSplit/fasta/aln/BlastOut_datasetTMB_unirefOMBB100_P0A920.csv.aln
1.061
/home/user/thesis/scripts/BlastOut_datasetTMB/BlastOut_datasetTMB_unirefOMBB100/top50BlastSplit/fasta/aln/BlastOut_datasetTMB_unirefOMBB100_P0A937.csv.aln
1.519
/home/user/thesis/scripts/BlastOut_datasetTMB/BlastOut_datasetTMB_unirefOMBB100/top50BlastSplit/fasta/aln/BlastOut_datasetTMB_unirefOMBB100_P0A940.csv.aln
1.132
/home/user/thesis/scripts/BlastOut_datasetTMB/BlastOut_datasetTMB_unirefOMBB100/top50BlastSplit/fasta/aln/BlastOut_datasetTMB_unirefOMBB100_P0A941.csv.aln
1.132
/home/user/thesis/scripts/BlastOut_datasetTMB/BlastOut_datasetTMB_unirefOMBB100/top50BlastSplit/fasta/aln/BlastOut_datasetTMB_unirefOMBB100_P0A942.csv.aln
1.132
/home/user/thesis/scripts/BlastOut_datasetTMB/BlastOut_datasetTMB_unirefOMBB100/top50BlastSplit/fasta/aln/BlastOut_datasetTMB_unirefOMBB100_P0A943.csv.aln
1.132
/home/user/thesis/scripts/BlastOut_datasetTMB/BlastOut_datasetTMB_unirefOMBB100/top50BlastSplit/fasta/aln/BlastOut_datasetTMB_unirefOMBB100_P0AC02.csv.aln
1.261
/home/user/thesis/scripts/BlastOut_datasetTMB/BlastOut_datasetTMB_unirefOMBB100/top50BlastSplit/fasta/aln/BlastOut_datasetTMB_unirefOMBB100_P0ADE4.csv.aln
1.315
/home/user/thesis/scripts/BlastOut_datasetTMB/BlastOut_datasetTMB_unirefOMBB100/top50BlastSplit/fasta/aln/BlastOut_datasetTMB_unirefOMBB100_P0ADE5.csv.aln
1.315
/home/user/thesis/scripts/BlastOut_datasetTMB/BlastOut_datasetTMB_unirefOMBB100/top50BlastSplit/fasta/aln/BlastOut_datasetTMB_unirefOMBB100_P10384.csv.aln
0.673
/home/user/thesis/scripts/BlastOut_datasetTMB/BlastOut_datasetTMB_unirefOMBB100/top50BlastSplit/fasta/aln/BlastOut_datasetTMB_unirefOMBB100_P13036.csv.aln
0.630
/home/user/thesis/scripts/BlastOut_datasetTMB/BlastOut_datasetTMB_unirefOMBB100/top50BlastSplit/fasta/aln/BlastOut_datasetTMB_unirefOMBB100_P13794.csv.aln
0.872
/home/user/thesis/scripts/BlastOut_datasetTMB/BlastOut_datasetTMB_unirefOMBB100/top50BlastSplit/fasta/aln/BlastOut_datasetTMB_unirefOMBB100_P17315.csv.aln
0.930
/home/user/thesis/scripts/BlastOut_datasetTMB/BlastOut_datasetTMB_unirefOMBB100/top50BlastSplit/fasta/aln/BlastOut_datasetTMB_unirefOMBB100_P17811.csv.aln
0.571
/home/user/thesis/scripts/BlastOut_datasetTMB/BlastOut_datasetTMB_unirefOMBB100/top50BlastSplit/fasta/aln/BlastOut_datasetTMB_unirefOMBB100_P24017.csv.aln
1.054
/home/user/thesis/scripts/BlastOut_datasetTMB/BlastOut_datasetTMB_unirefOMBB100/top50BlastSplit/fasta/aln/BlastOut_datasetTMB_unirefOMBB100_P30690.csv.aln
0.287
/home/user/thesis/scripts/BlastOut_datasetTMB/BlastOut_datasetTMB_unirefOMBB100/top50BlastSplit/fasta/aln/BlastOut_datasetTMB_unirefOMBB100_P35818.csv.aln
0.780
/home/user/thesis/scripts/BlastOut_datasetTMB/BlastOut_datasetTMB_unirefOMBB100/top50BlastSplit/fasta/aln/BlastOut_datasetTMB_unirefOMBB100_P69856.csv.aln
0.338
/home/user/thesis/scripts/BlastOut_datasetTMB/BlastOut_datasetTMB_unirefOMBB100/top50BlastSplit/fasta/aln/BlastOut_datasetTMB_unirefOMBB100_P69857.csv.aln
0.338
/home/user/thesis/scripts/BlastOut_datasetTMB/BlastOut_datasetTMB_unirefOMBB100/top50BlastSplit/fasta/aln/BlastOut_datasetTMB_unirefOMBB100_P69858.csv.aln
0.338
/home/user/thesis/scripts/BlastOut_datasetTMB/BlastOut_datasetTMB_unirefOMBB100/top50BlastSplit/fasta/aln/BlastOut_datasetTMB_unirefOMBB100_P76045.csv.aln
0.424
/home/user/thesis/scripts/BlastOut_datasetTMB/BlastOut_datasetTMB_unirefOMBB100/top50BlastSplit/fasta/aln/BlastOut_datasetTMB_unirefOMBB100_P77774.csv.aln
0.979
/home/user/thesis/scripts/BlastOut_datasetTMB/BlastOut_datasetTMB_unirefOMBB100/top50BlastSplit/fasta/aln/BlastOut_datasetTMB_unirefOMBB100_Q03155.csv.aln
0.773
/home/user/thesis/scripts/BlastOut_datasetTMB/BlastOut_datasetTMB_unirefOMBB100/top50BlastSplit/fasta/aln/BlastOut_datasetTMB_unirefOMBB100_Q04884.csv.aln
1.000
/home/user/thesis/scripts/BlastOut_datasetTMB/BlastOut_datasetTMB_unirefOMBB100/top50BlastSplit/fasta/aln/BlastOut_datasetTMB_unirefOMBB100_Q05098.csv.aln
0.891
/home/user/thesis/scripts/BlastOut_datasetTMB/BlastOut_datasetTMB_unirefOMBB100/top50BlastSplit/fasta/aln/BlastOut_datasetTMB_unirefOMBB100_Q45340.csv.aln
0.899
/home/user/thesis/scripts/BlastOut_datasetTMB/BlastOut_datasetTMB_unirefOMBB100/top50BlastSplit/fasta/aln/BlastOut_datasetTMB_unirefOMBB100_Q7BCK4.csv.aln
1.000
/home/user/thesis/scripts/BlastOut_datasetTMB/BlastOut_datasetTMB_unirefOMBB100/top50BlastSplit/fasta/aln/BlastOut_datasetTMB_unirefOMBB100_Q7BSW5.csv.aln
0.988
/home/user/thesis/scripts/BlastOut_datasetTMB/BlastOut_datasetTMB_unirefOMBB100/top50BlastSplit/fasta/aln/BlastOut_datasetTMB_unirefOMBB100_Q8ZRP0.csv.aln
1.188
/home/user/thesis/scripts/BlastOut_datasetTMB/BlastOut_datasetTMB_unirefOMBB100/top50BlastSplit/fasta/aln/BlastOut_datasetTMB_unirefOMBB100_Q9HVD1.csv.aln
0.267
/home/user/thesis/scripts/BlastOut_datasetTMB/BlastOut_datasetTMB_unirefOMBB100/top50BlastSplit/fasta/aln/BlastOut_datasetTMB_unirefOMBB100_Q9I5U2.csv.aln
1.638
