/home/user/thesis/scripts/BlastOut_datasetTMB/BlastOut_datasetTMB_unirefOMBB100/top50BlastSplit/fasta/aln/BlastOut_datasetTMB_unirefOMBB100_O33407.csv.aln
0.845
/home/user/thesis/scripts/BlastOut_datasetTMB/BlastOut_datasetTMB_unirefOMBB100/top50BlastSplit/fasta/aln/BlastOut_datasetTMB_unirefOMBB100_O88093.csv.aln
1.000
/home/user/thesis/scripts/BlastOut_datasetTMB/BlastOut_datasetTMB_unirefOMBB100/top50BlastSplit/fasta/aln/BlastOut_datasetTMB_unirefOMBB100_P02929.csv.aln
0.469
/home/user/thesis/scripts/BlastOut_datasetTMB/BlastOut_datasetTMB_unirefOMBB100/top50BlastSplit/fasta/aln/BlastOut_datasetTMB_unirefOMBB100_P05430.csv.aln
0.815
/home/user/thesis/scripts/BlastOut_datasetTMB/BlastOut_datasetTMB_unirefOMBB100/top50BlastSplit/fasta/aln/BlastOut_datasetTMB_unirefOMBB100_P05825.csv.aln
0.376
/home/user/thesis/scripts/BlastOut_datasetTMB/BlastOut_datasetTMB_unirefOMBB100/top50BlastSplit/fasta/aln/BlastOut_datasetTMB_unirefOMBB100_P06129.csv.aln
0.358
/home/user/thesis/scripts/BlastOut_datasetTMB/BlastOut_datasetTMB_unirefOMBB100/top50BlastSplit/fasta/aln/BlastOut_datasetTMB_unirefOMBB100_P09169.csv.aln
0.540
/home/user/thesis/scripts/BlastOut_datasetTMB/BlastOut_datasetTMB_unirefOMBB100/top50BlastSplit/fasta/aln/BlastOut_datasetTMB_unirefOMBB100_P0A903.csv.aln
0.763
/home/user/thesis/scripts/BlastOut_datasetTMB/BlastOut_datasetTMB_unirefOMBB100/top50BlastSplit/fasta/aln/BlastOut_datasetTMB_unirefOMBB100_P0A910.csv.aln
0.600
/home/user/thesis/scripts/BlastOut_datasetTMB/BlastOut_datasetTMB_unirefOMBB100/top50BlastSplit/fasta/aln/BlastOut_datasetTMB_unirefOMBB100_P0A911.csv.aln
0.600
/home/user/thesis/scripts/BlastOut_datasetTMB/BlastOut_datasetTMB_unirefOMBB100/top50BlastSplit/fasta/aln/BlastOut_datasetTMB_unirefOMBB100_P0A915.csv.aln
0.279
/home/user/thesis/scripts/BlastOut_datasetTMB/BlastOut_datasetTMB_unirefOMBB100/top50BlastSplit/fasta/aln/BlastOut_datasetTMB_unirefOMBB100_P0A916.csv.aln
0.279
/home/user/thesis/scripts/BlastOut_datasetTMB/BlastOut_datasetTMB_unirefOMBB100/top50BlastSplit/fasta/aln/BlastOut_datasetTMB_unirefOMBB100_P0A917.csv.aln
0.742
/home/user/thesis/scripts/BlastOut_datasetTMB/BlastOut_datasetTMB_unirefOMBB100/top50BlastSplit/fasta/aln/BlastOut_datasetTMB_unirefOMBB100_P0A918.csv.aln
0.742
/home/user/thesis/scripts/BlastOut_datasetTMB/BlastOut_datasetTMB_unirefOMBB100/top50BlastSplit/fasta/aln/BlastOut_datasetTMB_unirefOMBB100_P0A919.csv.aln
0.742
/home/user/thesis/scripts/BlastOut_datasetTMB/BlastOut_datasetTMB_unirefOMBB100/top50BlastSplit/fasta/aln/BlastOut_datasetTMB_unirefOMBB100_P0A920.csv.aln
0.742
/home/user/thesis/scripts/BlastOut_datasetTMB/BlastOut_datasetTMB_unirefOMBB100/top50BlastSplit/fasta/aln/BlastOut_datasetTMB_unirefOMBB100_P0A937.csv.aln
0.974
/home/user/thesis/scripts/BlastOut_datasetTMB/BlastOut_datasetTMB_unirefOMBB100/top50BlastSplit/fasta/aln/BlastOut_datasetTMB_unirefOMBB100_P0A940.csv.aln
0.625
/home/user/thesis/scripts/BlastOut_datasetTMB/BlastOut_datasetTMB_unirefOMBB100/top50BlastSplit/fasta/aln/BlastOut_datasetTMB_unirefOMBB100_P0A941.csv.aln
0.625
/home/user/thesis/scripts/BlastOut_datasetTMB/BlastOut_datasetTMB_unirefOMBB100/top50BlastSplit/fasta/aln/BlastOut_datasetTMB_unirefOMBB100_P0A942.csv.aln
0.625
/home/user/thesis/scripts/BlastOut_datasetTMB/BlastOut_datasetTMB_unirefOMBB100/top50BlastSplit/fasta/aln/BlastOut_datasetTMB_unirefOMBB100_P0A943.csv.aln
0.625
/home/user/thesis/scripts/BlastOut_datasetTMB/BlastOut_datasetTMB_unirefOMBB100/top50BlastSplit/fasta/aln/BlastOut_datasetTMB_unirefOMBB100_P0AC02.csv.aln
0.649
/home/user/thesis/scripts/BlastOut_datasetTMB/BlastOut_datasetTMB_unirefOMBB100/top50BlastSplit/fasta/aln/BlastOut_datasetTMB_unirefOMBB100_P0ADE4.csv.aln
0.746
/home/user/thesis/scripts/BlastOut_datasetTMB/BlastOut_datasetTMB_unirefOMBB100/top50BlastSplit/fasta/aln/BlastOut_datasetTMB_unirefOMBB100_P0ADE5.csv.aln
0.746
/home/user/thesis/scripts/BlastOut_datasetTMB/BlastOut_datasetTMB_unirefOMBB100/top50BlastSplit/fasta/aln/BlastOut_datasetTMB_unirefOMBB100_P10384.csv.aln
0.299
/home/user/thesis/scripts/BlastOut_datasetTMB/BlastOut_datasetTMB_unirefOMBB100/top50BlastSplit/fasta/aln/BlastOut_datasetTMB_unirefOMBB100_P13036.csv.aln
0.310
/home/user/thesis/scripts/BlastOut_datasetTMB/BlastOut_datasetTMB_unirefOMBB100/top50BlastSplit/fasta/aln/BlastOut_datasetTMB_unirefOMBB100_P13794.csv.aln
0.568
/home/user/thesis/scripts/BlastOut_datasetTMB/BlastOut_datasetTMB_unirefOMBB100/top50BlastSplit/fasta/aln/BlastOut_datasetTMB_unirefOMBB100_P17315.csv.aln
0.422
/home/user/thesis/scripts/BlastOut_datasetTMB/BlastOut_datasetTMB_unirefOMBB100/top50BlastSplit/fasta/aln/BlastOut_datasetTMB_unirefOMBB100_P17811.csv.aln
0.283
/home/user/thesis/scripts/BlastOut_datasetTMB/BlastOut_datasetTMB_unirefOMBB100/top50BlastSplit/fasta/aln/BlastOut_datasetTMB_unirefOMBB100_P24017.csv.aln
0.649
/home/user/thesis/scripts/BlastOut_datasetTMB/BlastOut_datasetTMB_unirefOMBB100/top50BlastSplit/fasta/aln/BlastOut_datasetTMB_unirefOMBB100_P30690.csv.aln
0.168
/home/user/thesis/scripts/BlastOut_datasetTMB/BlastOut_datasetTMB_unirefOMBB100/top50BlastSplit/fasta/aln/BlastOut_datasetTMB_unirefOMBB100_P35818.csv.aln
0.457
/home/user/thesis/scripts/BlastOut_datasetTMB/BlastOut_datasetTMB_unirefOMBB100/top50BlastSplit/fasta/aln/BlastOut_datasetTMB_unirefOMBB100_P69856.csv.aln
0.204
/home/user/thesis/scripts/BlastOut_datasetTMB/BlastOut_datasetTMB_unirefOMBB100/top50BlastSplit/fasta/aln/BlastOut_datasetTMB_unirefOMBB100_P69857.csv.aln
0.204
/home/user/thesis/scripts/BlastOut_datasetTMB/BlastOut_datasetTMB_unirefOMBB100/top50BlastSplit/fasta/aln/BlastOut_datasetTMB_unirefOMBB100_P69858.csv.aln
0.204
/home/user/thesis/scripts/BlastOut_datasetTMB/BlastOut_datasetTMB_unirefOMBB100/top50BlastSplit/fasta/aln/BlastOut_datasetTMB_unirefOMBB100_P76045.csv.aln
0.230
/home/user/thesis/scripts/BlastOut_datasetTMB/BlastOut_datasetTMB_unirefOMBB100/top50BlastSplit/fasta/aln/BlastOut_datasetTMB_unirefOMBB100_P77774.csv.aln
0.496
/home/user/thesis/scripts/BlastOut_datasetTMB/BlastOut_datasetTMB_unirefOMBB100/top50BlastSplit/fasta/aln/BlastOut_datasetTMB_unirefOMBB100_Q03155.csv.aln
0.585
/home/user/thesis/scripts/BlastOut_datasetTMB/BlastOut_datasetTMB_unirefOMBB100/top50BlastSplit/fasta/aln/BlastOut_datasetTMB_unirefOMBB100_Q04884.csv.aln
1.000
/home/user/thesis/scripts/BlastOut_datasetTMB/BlastOut_datasetTMB_unirefOMBB100/top50BlastSplit/fasta/aln/BlastOut_datasetTMB_unirefOMBB100_Q05098.csv.aln
0.410
/home/user/thesis/scripts/BlastOut_datasetTMB/BlastOut_datasetTMB_unirefOMBB100/top50BlastSplit/fasta/aln/BlastOut_datasetTMB_unirefOMBB100_Q45340.csv.aln
0.674
/home/user/thesis/scripts/BlastOut_datasetTMB/BlastOut_datasetTMB_unirefOMBB100/top50BlastSplit/fasta/aln/BlastOut_datasetTMB_unirefOMBB100_Q7BCK4.csv.aln
1.000
/home/user/thesis/scripts/BlastOut_datasetTMB/BlastOut_datasetTMB_unirefOMBB100/top50BlastSplit/fasta/aln/BlastOut_datasetTMB_unirefOMBB100_Q7BSW5.csv.aln
0.864
/home/user/thesis/scripts/BlastOut_datasetTMB/BlastOut_datasetTMB_unirefOMBB100/top50BlastSplit/fasta/aln/BlastOut_datasetTMB_unirefOMBB100_Q8ZRP0.csv.aln
0.653
/home/user/thesis/scripts/BlastOut_datasetTMB/BlastOut_datasetTMB_unirefOMBB100/top50BlastSplit/fasta/aln/BlastOut_datasetTMB_unirefOMBB100_Q9HVD1.csv.aln
0.197
/home/user/thesis/scripts/BlastOut_datasetTMB/BlastOut_datasetTMB_unirefOMBB100/top50BlastSplit/fasta/aln/BlastOut_datasetTMB_unirefOMBB100_Q9I5U2.csv.aln
1.035
