/home/user/thesis/scripts/BlastOut_datasetTMB/BlastOut_datasetTMB_swissprot/top25BlastSplit/fasta/tmbcoffee/BlastOut_datasetTMB_swissprot_A1JUB7.csv.aln
0.506
/home/user/thesis/scripts/BlastOut_datasetTMB/BlastOut_datasetTMB_swissprot/top25BlastSplit/fasta/tmbcoffee/BlastOut_datasetTMB_swissprot_A5F934.csv.aln
1.351
/home/user/thesis/scripts/BlastOut_datasetTMB/BlastOut_datasetTMB_swissprot/top25BlastSplit/fasta/tmbcoffee/BlastOut_datasetTMB_swissprot_E3PJ86.csv.aln
0.990
/home/user/thesis/scripts/BlastOut_datasetTMB/BlastOut_datasetTMB_swissprot/top25BlastSplit/fasta/tmbcoffee/BlastOut_datasetTMB_swissprot_O33407.csv.aln
1.195
/home/user/thesis/scripts/BlastOut_datasetTMB/BlastOut_datasetTMB_swissprot/top25BlastSplit/fasta/tmbcoffee/BlastOut_datasetTMB_swissprot_O88093.csv.aln
1.329
/home/user/thesis/scripts/BlastOut_datasetTMB/BlastOut_datasetTMB_swissprot/top25BlastSplit/fasta/tmbcoffee/BlastOut_datasetTMB_swissprot_P01031.csv.aln
1.086
/home/user/thesis/scripts/BlastOut_datasetTMB/BlastOut_datasetTMB_swissprot/top25BlastSplit/fasta/tmbcoffee/BlastOut_datasetTMB_swissprot_P02748.csv.aln
0.857
/home/user/thesis/scripts/BlastOut_datasetTMB/BlastOut_datasetTMB_swissprot/top25BlastSplit/fasta/tmbcoffee/BlastOut_datasetTMB_swissprot_P02787.csv.aln
0.937
/home/user/thesis/scripts/BlastOut_datasetTMB/BlastOut_datasetTMB_swissprot/top25BlastSplit/fasta/tmbcoffee/BlastOut_datasetTMB_swissprot_P02930.csv.aln
0.398
/home/user/thesis/scripts/BlastOut_datasetTMB/BlastOut_datasetTMB_swissprot/top25BlastSplit/fasta/tmbcoffee/BlastOut_datasetTMB_swissprot_P02931.csv.aln
0.823
/home/user/thesis/scripts/BlastOut_datasetTMB/BlastOut_datasetTMB_swissprot/top25BlastSplit/fasta/tmbcoffee/BlastOut_datasetTMB_swissprot_P02932.csv.aln
0.843
/home/user/thesis/scripts/BlastOut_datasetTMB/BlastOut_datasetTMB_swissprot/top25BlastSplit/fasta/tmbcoffee/BlastOut_datasetTMB_swissprot_P05430.csv.aln
0.484
/home/user/thesis/scripts/BlastOut_datasetTMB/BlastOut_datasetTMB_swissprot/top25BlastSplit/fasta/tmbcoffee/BlastOut_datasetTMB_swissprot_P06970.csv.aln
0.708
/home/user/thesis/scripts/BlastOut_datasetTMB/BlastOut_datasetTMB_swissprot/top25BlastSplit/fasta/tmbcoffee/BlastOut_datasetTMB_swissprot_P06971.csv.aln
0.740
/home/user/thesis/scripts/BlastOut_datasetTMB/BlastOut_datasetTMB_swissprot/top25BlastSplit/fasta/tmbcoffee/BlastOut_datasetTMB_swissprot_P06996.csv.aln
0.908
/home/user/thesis/scripts/BlastOut_datasetTMB/BlastOut_datasetTMB_swissprot/top25BlastSplit/fasta/tmbcoffee/BlastOut_datasetTMB_swissprot_P07110.csv.aln
0.662
/home/user/thesis/scripts/BlastOut_datasetTMB/BlastOut_datasetTMB_swissprot/top25BlastSplit/fasta/tmbcoffee/BlastOut_datasetTMB_swissprot_P07357.csv.aln
0.877
/home/user/thesis/scripts/BlastOut_datasetTMB/BlastOut_datasetTMB_swissprot/top25BlastSplit/fasta/tmbcoffee/BlastOut_datasetTMB_swissprot_P07358.csv.aln
0.846
/home/user/thesis/scripts/BlastOut_datasetTMB/BlastOut_datasetTMB_swissprot/top25BlastSplit/fasta/tmbcoffee/BlastOut_datasetTMB_swissprot_P07360.csv.aln
0.809
/home/user/thesis/scripts/BlastOut_datasetTMB/BlastOut_datasetTMB_swissprot/top25BlastSplit/fasta/tmbcoffee/BlastOut_datasetTMB_swissprot_P08189.csv.aln
0.701
/home/user/thesis/scripts/BlastOut_datasetTMB/BlastOut_datasetTMB_swissprot/top25BlastSplit/fasta/tmbcoffee/BlastOut_datasetTMB_swissprot_P08190.csv.aln
0.596
/home/user/thesis/scripts/BlastOut_datasetTMB/BlastOut_datasetTMB_swissprot/top25BlastSplit/fasta/tmbcoffee/BlastOut_datasetTMB_swissprot_P0A071.csv.aln
1.116
/home/user/thesis/scripts/BlastOut_datasetTMB/BlastOut_datasetTMB_swissprot/top25BlastSplit/fasta/tmbcoffee/BlastOut_datasetTMB_swissprot_P0A074.csv.aln
1.116
/home/user/thesis/scripts/BlastOut_datasetTMB/BlastOut_datasetTMB_swissprot/top25BlastSplit/fasta/tmbcoffee/BlastOut_datasetTMB_swissprot_P0A077.csv.aln
0.949
/home/user/thesis/scripts/BlastOut_datasetTMB/BlastOut_datasetTMB_swissprot/top25BlastSplit/fasta/tmbcoffee/BlastOut_datasetTMB_swissprot_P0A263.csv.aln
0.891
/home/user/thesis/scripts/BlastOut_datasetTMB/BlastOut_datasetTMB_swissprot/top25BlastSplit/fasta/tmbcoffee/BlastOut_datasetTMB_swissprot_P0A264.csv.aln
0.891
/home/user/thesis/scripts/BlastOut_datasetTMB/BlastOut_datasetTMB_swissprot/top25BlastSplit/fasta/tmbcoffee/BlastOut_datasetTMB_swissprot_P0A910.csv.aln
1.118
/home/user/thesis/scripts/BlastOut_datasetTMB/BlastOut_datasetTMB_swissprot/top25BlastSplit/fasta/tmbcoffee/BlastOut_datasetTMB_swissprot_P0A911.csv.aln
1.118
/home/user/thesis/scripts/BlastOut_datasetTMB/BlastOut_datasetTMB_swissprot/top25BlastSplit/fasta/tmbcoffee/BlastOut_datasetTMB_swissprot_P0A937.csv.aln
0.671
/home/user/thesis/scripts/BlastOut_datasetTMB/BlastOut_datasetTMB_swissprot/top25BlastSplit/fasta/tmbcoffee/BlastOut_datasetTMB_swissprot_P0AEA2.csv.aln
0.297
/home/user/thesis/scripts/BlastOut_datasetTMB/BlastOut_datasetTMB_swissprot/top25BlastSplit/fasta/tmbcoffee/BlastOut_datasetTMB_swissprot_P0C2W0.csv.aln
1.150
/home/user/thesis/scripts/BlastOut_datasetTMB/BlastOut_datasetTMB_swissprot/top25BlastSplit/fasta/tmbcoffee/BlastOut_datasetTMB_swissprot_P0C6Q6.csv.aln
1.351
/home/user/thesis/scripts/BlastOut_datasetTMB/BlastOut_datasetTMB_swissprot/top25BlastSplit/fasta/tmbcoffee/BlastOut_datasetTMB_swissprot_P0DH58.csv.aln
0.582
/home/user/thesis/scripts/BlastOut_datasetTMB/BlastOut_datasetTMB_swissprot/top25BlastSplit/fasta/tmbcoffee/BlastOut_datasetTMB_swissprot_P10643.csv.aln
0.857
/home/user/thesis/scripts/BlastOut_datasetTMB/BlastOut_datasetTMB_swissprot/top25BlastSplit/fasta/tmbcoffee/BlastOut_datasetTMB_swissprot_P11922.csv.aln
0.423
/home/user/thesis/scripts/BlastOut_datasetTMB/BlastOut_datasetTMB_swissprot/top25BlastSplit/fasta/tmbcoffee/BlastOut_datasetTMB_swissprot_P12643.csv.aln
1.077
/home/user/thesis/scripts/BlastOut_datasetTMB/BlastOut_datasetTMB_swissprot/top25BlastSplit/fasta/tmbcoffee/BlastOut_datasetTMB_swissprot_P13036.csv.aln
1.065
/home/user/thesis/scripts/BlastOut_datasetTMB/BlastOut_datasetTMB_swissprot/top25BlastSplit/fasta/tmbcoffee/BlastOut_datasetTMB_swissprot_P13671.csv.aln
0.869
/home/user/thesis/scripts/BlastOut_datasetTMB/BlastOut_datasetTMB_swissprot/top25BlastSplit/fasta/tmbcoffee/BlastOut_datasetTMB_swissprot_P15319.csv.aln
0.824
/home/user/thesis/scripts/BlastOut_datasetTMB/BlastOut_datasetTMB_swissprot/top25BlastSplit/fasta/tmbcoffee/BlastOut_datasetTMB_swissprot_P16869.csv.aln
0.736
/home/user/thesis/scripts/BlastOut_datasetTMB/BlastOut_datasetTMB_swissprot/top25BlastSplit/fasta/tmbcoffee/BlastOut_datasetTMB_swissprot_P19809.csv.aln
0.497
/home/user/thesis/scripts/BlastOut_datasetTMB/BlastOut_datasetTMB_swissprot/top25BlastSplit/fasta/tmbcoffee/BlastOut_datasetTMB_swissprot_P21796.csv.aln
0.776
/home/user/thesis/scripts/BlastOut_datasetTMB/BlastOut_datasetTMB_swissprot/top25BlastSplit/fasta/tmbcoffee/BlastOut_datasetTMB_swissprot_P22340.csv.aln
1.560
/home/user/thesis/scripts/BlastOut_datasetTMB/BlastOut_datasetTMB_swissprot/top25BlastSplit/fasta/tmbcoffee/BlastOut_datasetTMB_swissprot_P24017.csv.aln
0.842
/home/user/thesis/scripts/BlastOut_datasetTMB/BlastOut_datasetTMB_swissprot/top25BlastSplit/fasta/tmbcoffee/BlastOut_datasetTMB_swissprot_P24391.csv.aln
0.492
/home/user/thesis/scripts/BlastOut_datasetTMB/BlastOut_datasetTMB_swissprot/top25BlastSplit/fasta/tmbcoffee/BlastOut_datasetTMB_swissprot_P26466.csv.aln
1.000
/home/user/thesis/scripts/BlastOut_datasetTMB/BlastOut_datasetTMB_swissprot/top25BlastSplit/fasta/tmbcoffee/BlastOut_datasetTMB_swissprot_P30130.csv.aln
0.493
/home/user/thesis/scripts/BlastOut_datasetTMB/BlastOut_datasetTMB_swissprot/top25BlastSplit/fasta/tmbcoffee/BlastOut_datasetTMB_swissprot_P30690.csv.aln
0.530
/home/user/thesis/scripts/BlastOut_datasetTMB/BlastOut_datasetTMB_swissprot/top25BlastSplit/fasta/tmbcoffee/BlastOut_datasetTMB_swissprot_P31554.csv.aln
0.904
/home/user/thesis/scripts/BlastOut_datasetTMB/BlastOut_datasetTMB_swissprot/top25BlastSplit/fasta/tmbcoffee/BlastOut_datasetTMB_swissprot_P31697.csv.aln
0.749
/home/user/thesis/scripts/BlastOut_datasetTMB/BlastOut_datasetTMB_swissprot/top25BlastSplit/fasta/tmbcoffee/BlastOut_datasetTMB_swissprot_P31780.csv.aln
1.146
/home/user/thesis/scripts/BlastOut_datasetTMB/BlastOut_datasetTMB_swissprot/top25BlastSplit/fasta/tmbcoffee/BlastOut_datasetTMB_swissprot_P35672.csv.aln
0.673
/home/user/thesis/scripts/BlastOut_datasetTMB/BlastOut_datasetTMB_swissprot/top25BlastSplit/fasta/tmbcoffee/BlastOut_datasetTMB_swissprot_P35818.csv.aln
0.881
/home/user/thesis/scripts/BlastOut_datasetTMB/BlastOut_datasetTMB_swissprot/top25BlastSplit/fasta/tmbcoffee/BlastOut_datasetTMB_swissprot_P37001.csv.aln
0.829
/home/user/thesis/scripts/BlastOut_datasetTMB/BlastOut_datasetTMB_swissprot/top25BlastSplit/fasta/tmbcoffee/BlastOut_datasetTMB_swissprot_P37432.csv.aln
0.834
/home/user/thesis/scripts/BlastOut_datasetTMB/BlastOut_datasetTMB_swissprot/top25BlastSplit/fasta/tmbcoffee/BlastOut_datasetTMB_swissprot_P42512.csv.aln
0.850
/home/user/thesis/scripts/BlastOut_datasetTMB/BlastOut_datasetTMB_swissprot/top25BlastSplit/fasta/tmbcoffee/BlastOut_datasetTMB_swissprot_P43261.csv.aln
0.497
/home/user/thesis/scripts/BlastOut_datasetTMB/BlastOut_datasetTMB_swissprot/top25BlastSplit/fasta/tmbcoffee/BlastOut_datasetTMB_swissprot_P45758.csv.aln
0.968
/home/user/thesis/scripts/BlastOut_datasetTMB/BlastOut_datasetTMB_swissprot/top25BlastSplit/fasta/tmbcoffee/BlastOut_datasetTMB_swissprot_P45779.csv.aln
1.009
/home/user/thesis/scripts/BlastOut_datasetTMB/BlastOut_datasetTMB_swissprot/top25BlastSplit/fasta/tmbcoffee/BlastOut_datasetTMB_swissprot_P46359.csv.aln
0.777
/home/user/thesis/scripts/BlastOut_datasetTMB/BlastOut_datasetTMB_swissprot/top25BlastSplit/fasta/tmbcoffee/BlastOut_datasetTMB_swissprot_P48632.csv.aln
0.799
/home/user/thesis/scripts/BlastOut_datasetTMB/BlastOut_datasetTMB_swissprot/top25BlastSplit/fasta/tmbcoffee/BlastOut_datasetTMB_swissprot_P49767.csv.aln
0.948
/home/user/thesis/scripts/BlastOut_datasetTMB/BlastOut_datasetTMB_swissprot/top25BlastSplit/fasta/tmbcoffee/BlastOut_datasetTMB_swissprot_P75780.csv.aln
0.773
/home/user/thesis/scripts/BlastOut_datasetTMB/BlastOut_datasetTMB_swissprot/top25BlastSplit/fasta/tmbcoffee/BlastOut_datasetTMB_swissprot_P77211.csv.aln
0.586
/home/user/thesis/scripts/BlastOut_datasetTMB/BlastOut_datasetTMB_swissprot/top25BlastSplit/fasta/tmbcoffee/BlastOut_datasetTMB_swissprot_P77774.csv.aln
0.533
/home/user/thesis/scripts/BlastOut_datasetTMB/BlastOut_datasetTMB_swissprot/top25BlastSplit/fasta/tmbcoffee/BlastOut_datasetTMB_swissprot_Q03155.csv.aln
0.516
/home/user/thesis/scripts/BlastOut_datasetTMB/BlastOut_datasetTMB_swissprot/top25BlastSplit/fasta/tmbcoffee/BlastOut_datasetTMB_swissprot_Q04884.csv.aln
0.865
/home/user/thesis/scripts/BlastOut_datasetTMB/BlastOut_datasetTMB_swissprot/top25BlastSplit/fasta/tmbcoffee/BlastOut_datasetTMB_swissprot_Q16853.csv.aln
0.900
/home/user/thesis/scripts/BlastOut_datasetTMB/BlastOut_datasetTMB_swissprot/top25BlastSplit/fasta/tmbcoffee/BlastOut_datasetTMB_swissprot_Q2FFA2.csv.aln
1.130
/home/user/thesis/scripts/BlastOut_datasetTMB/BlastOut_datasetTMB_swissprot/top25BlastSplit/fasta/tmbcoffee/BlastOut_datasetTMB_swissprot_Q2FFA3.csv.aln
0.911
/home/user/thesis/scripts/BlastOut_datasetTMB/BlastOut_datasetTMB_swissprot/top25BlastSplit/fasta/tmbcoffee/BlastOut_datasetTMB_swissprot_Q45340.csv.aln
0.649
/home/user/thesis/scripts/BlastOut_datasetTMB/BlastOut_datasetTMB_swissprot/top25BlastSplit/fasta/tmbcoffee/BlastOut_datasetTMB_swissprot_Q48473.csv.aln
0.869
/home/user/thesis/scripts/BlastOut_datasetTMB/BlastOut_datasetTMB_swissprot/top25BlastSplit/fasta/tmbcoffee/BlastOut_datasetTMB_swissprot_Q51397.csv.aln
0.621
/home/user/thesis/scripts/BlastOut_datasetTMB/BlastOut_datasetTMB_swissprot/top25BlastSplit/fasta/tmbcoffee/BlastOut_datasetTMB_swissprot_Q51487.csv.aln
0.610
/home/user/thesis/scripts/BlastOut_datasetTMB/BlastOut_datasetTMB_swissprot/top25BlastSplit/fasta/tmbcoffee/BlastOut_datasetTMB_swissprot_Q60932.csv.aln
0.788
/home/user/thesis/scripts/BlastOut_datasetTMB/BlastOut_datasetTMB_swissprot/top25BlastSplit/fasta/tmbcoffee/BlastOut_datasetTMB_swissprot_Q7BSW5.csv.aln
1.254
/home/user/thesis/scripts/BlastOut_datasetTMB/BlastOut_datasetTMB_swissprot/top25BlastSplit/fasta/tmbcoffee/BlastOut_datasetTMB_swissprot_Q83SQ0.csv.aln
0.906
/home/user/thesis/scripts/BlastOut_datasetTMB/BlastOut_datasetTMB_swissprot/top25BlastSplit/fasta/tmbcoffee/BlastOut_datasetTMB_swissprot_Q8CVW1.csv.aln
0.862
/home/user/thesis/scripts/BlastOut_datasetTMB/BlastOut_datasetTMB_swissprot/top25BlastSplit/fasta/tmbcoffee/BlastOut_datasetTMB_swissprot_Q8ZIK3.csv.aln
0.905
/home/user/thesis/scripts/BlastOut_datasetTMB/BlastOut_datasetTMB_swissprot/top25BlastSplit/fasta/tmbcoffee/BlastOut_datasetTMB_swissprot_Q8ZPC9.csv.aln
1.000
/home/user/thesis/scripts/BlastOut_datasetTMB/BlastOut_datasetTMB_swissprot/top25BlastSplit/fasta/tmbcoffee/BlastOut_datasetTMB_swissprot_Q8ZRW0.csv.aln
0.891
/home/user/thesis/scripts/BlastOut_datasetTMB/BlastOut_datasetTMB_swissprot/top25BlastSplit/fasta/tmbcoffee/BlastOut_datasetTMB_swissprot_Q99RL1.csv.aln
1.104
/home/user/thesis/scripts/BlastOut_datasetTMB/BlastOut_datasetTMB_swissprot/top25BlastSplit/fasta/tmbcoffee/BlastOut_datasetTMB_swissprot_Q9I5U2.csv.aln
0.748
/home/user/thesis/scripts/BlastOut_datasetTMB/BlastOut_datasetTMB_swissprot/top25BlastSplit/fasta/tmbcoffee/BlastOut_datasetTMB_swissprot_Q9K0U9.csv.aln
1.239
/home/user/thesis/scripts/BlastOut_datasetTMB/BlastOut_datasetTMB_swissprot/top25BlastSplit/fasta/tmbcoffee/BlastOut_datasetTMB_swissprot_Q9TUM0.csv.aln
0.882
