/home/user/thesis/scripts/BlastOut_datasetTMB/BlastOut_datasetTMB_swissprot/top25BlastSplit/fasta/tcoffee/BlastOut_datasetTMB_swissprot_A1JUB7.csv.aln
0.607
/home/user/thesis/scripts/BlastOut_datasetTMB/BlastOut_datasetTMB_swissprot/top25BlastSplit/fasta/tcoffee/BlastOut_datasetTMB_swissprot_A5F934.csv.aln
1.297
/home/user/thesis/scripts/BlastOut_datasetTMB/BlastOut_datasetTMB_swissprot/top25BlastSplit/fasta/tcoffee/BlastOut_datasetTMB_swissprot_E3PJ86.csv.aln
0.985
/home/user/thesis/scripts/BlastOut_datasetTMB/BlastOut_datasetTMB_swissprot/top25BlastSplit/fasta/tcoffee/BlastOut_datasetTMB_swissprot_O33407.csv.aln
1.207
/home/user/thesis/scripts/BlastOut_datasetTMB/BlastOut_datasetTMB_swissprot/top25BlastSplit/fasta/tcoffee/BlastOut_datasetTMB_swissprot_O88093.csv.aln
1.374
/home/user/thesis/scripts/BlastOut_datasetTMB/BlastOut_datasetTMB_swissprot/top25BlastSplit/fasta/tcoffee/BlastOut_datasetTMB_swissprot_P01031.csv.aln
1.118
/home/user/thesis/scripts/BlastOut_datasetTMB/BlastOut_datasetTMB_swissprot/top25BlastSplit/fasta/tcoffee/BlastOut_datasetTMB_swissprot_P02748.csv.aln
0.861
/home/user/thesis/scripts/BlastOut_datasetTMB/BlastOut_datasetTMB_swissprot/top25BlastSplit/fasta/tcoffee/BlastOut_datasetTMB_swissprot_P02787.csv.aln
0.944
/home/user/thesis/scripts/BlastOut_datasetTMB/BlastOut_datasetTMB_swissprot/top25BlastSplit/fasta/tcoffee/BlastOut_datasetTMB_swissprot_P02930.csv.aln
0.391
/home/user/thesis/scripts/BlastOut_datasetTMB/BlastOut_datasetTMB_swissprot/top25BlastSplit/fasta/tcoffee/BlastOut_datasetTMB_swissprot_P02931.csv.aln
0.835
/home/user/thesis/scripts/BlastOut_datasetTMB/BlastOut_datasetTMB_swissprot/top25BlastSplit/fasta/tcoffee/BlastOut_datasetTMB_swissprot_P02932.csv.aln
0.847
/home/user/thesis/scripts/BlastOut_datasetTMB/BlastOut_datasetTMB_swissprot/top25BlastSplit/fasta/tcoffee/BlastOut_datasetTMB_swissprot_P05430.csv.aln
0.513
/home/user/thesis/scripts/BlastOut_datasetTMB/BlastOut_datasetTMB_swissprot/top25BlastSplit/fasta/tcoffee/BlastOut_datasetTMB_swissprot_P06970.csv.aln
0.704
/home/user/thesis/scripts/BlastOut_datasetTMB/BlastOut_datasetTMB_swissprot/top25BlastSplit/fasta/tcoffee/BlastOut_datasetTMB_swissprot_P06971.csv.aln
0.730
/home/user/thesis/scripts/BlastOut_datasetTMB/BlastOut_datasetTMB_swissprot/top25BlastSplit/fasta/tcoffee/BlastOut_datasetTMB_swissprot_P06996.csv.aln
0.913
/home/user/thesis/scripts/BlastOut_datasetTMB/BlastOut_datasetTMB_swissprot/top25BlastSplit/fasta/tcoffee/BlastOut_datasetTMB_swissprot_P07110.csv.aln
0.661
/home/user/thesis/scripts/BlastOut_datasetTMB/BlastOut_datasetTMB_swissprot/top25BlastSplit/fasta/tcoffee/BlastOut_datasetTMB_swissprot_P07357.csv.aln
0.866
/home/user/thesis/scripts/BlastOut_datasetTMB/BlastOut_datasetTMB_swissprot/top25BlastSplit/fasta/tcoffee/BlastOut_datasetTMB_swissprot_P07358.csv.aln
0.853
/home/user/thesis/scripts/BlastOut_datasetTMB/BlastOut_datasetTMB_swissprot/top25BlastSplit/fasta/tcoffee/BlastOut_datasetTMB_swissprot_P07360.csv.aln
0.804
/home/user/thesis/scripts/BlastOut_datasetTMB/BlastOut_datasetTMB_swissprot/top25BlastSplit/fasta/tcoffee/BlastOut_datasetTMB_swissprot_P08189.csv.aln
0.702
/home/user/thesis/scripts/BlastOut_datasetTMB/BlastOut_datasetTMB_swissprot/top25BlastSplit/fasta/tcoffee/BlastOut_datasetTMB_swissprot_P08190.csv.aln
0.598
/home/user/thesis/scripts/BlastOut_datasetTMB/BlastOut_datasetTMB_swissprot/top25BlastSplit/fasta/tcoffee/BlastOut_datasetTMB_swissprot_P0A071.csv.aln
1.113
/home/user/thesis/scripts/BlastOut_datasetTMB/BlastOut_datasetTMB_swissprot/top25BlastSplit/fasta/tcoffee/BlastOut_datasetTMB_swissprot_P0A074.csv.aln
1.113
/home/user/thesis/scripts/BlastOut_datasetTMB/BlastOut_datasetTMB_swissprot/top25BlastSplit/fasta/tcoffee/BlastOut_datasetTMB_swissprot_P0A077.csv.aln
0.961
/home/user/thesis/scripts/BlastOut_datasetTMB/BlastOut_datasetTMB_swissprot/top25BlastSplit/fasta/tcoffee/BlastOut_datasetTMB_swissprot_P0A263.csv.aln
0.900
/home/user/thesis/scripts/BlastOut_datasetTMB/BlastOut_datasetTMB_swissprot/top25BlastSplit/fasta/tcoffee/BlastOut_datasetTMB_swissprot_P0A264.csv.aln
0.900
/home/user/thesis/scripts/BlastOut_datasetTMB/BlastOut_datasetTMB_swissprot/top25BlastSplit/fasta/tcoffee/BlastOut_datasetTMB_swissprot_P0A910.csv.aln
1.162
/home/user/thesis/scripts/BlastOut_datasetTMB/BlastOut_datasetTMB_swissprot/top25BlastSplit/fasta/tcoffee/BlastOut_datasetTMB_swissprot_P0A911.csv.aln
1.162
/home/user/thesis/scripts/BlastOut_datasetTMB/BlastOut_datasetTMB_swissprot/top25BlastSplit/fasta/tcoffee/BlastOut_datasetTMB_swissprot_P0A937.csv.aln
0.683
/home/user/thesis/scripts/BlastOut_datasetTMB/BlastOut_datasetTMB_swissprot/top25BlastSplit/fasta/tcoffee/BlastOut_datasetTMB_swissprot_P0AEA2.csv.aln
0.333
/home/user/thesis/scripts/BlastOut_datasetTMB/BlastOut_datasetTMB_swissprot/top25BlastSplit/fasta/tcoffee/BlastOut_datasetTMB_swissprot_P0C2W0.csv.aln
1.293
/home/user/thesis/scripts/BlastOut_datasetTMB/BlastOut_datasetTMB_swissprot/top25BlastSplit/fasta/tcoffee/BlastOut_datasetTMB_swissprot_P0C6Q6.csv.aln
1.294
/home/user/thesis/scripts/BlastOut_datasetTMB/BlastOut_datasetTMB_swissprot/top25BlastSplit/fasta/tcoffee/BlastOut_datasetTMB_swissprot_P0DH58.csv.aln
0.573
/home/user/thesis/scripts/BlastOut_datasetTMB/BlastOut_datasetTMB_swissprot/top25BlastSplit/fasta/tcoffee/BlastOut_datasetTMB_swissprot_P10643.csv.aln
0.845
/home/user/thesis/scripts/BlastOut_datasetTMB/BlastOut_datasetTMB_swissprot/top25BlastSplit/fasta/tcoffee/BlastOut_datasetTMB_swissprot_P11922.csv.aln
0.398
/home/user/thesis/scripts/BlastOut_datasetTMB/BlastOut_datasetTMB_swissprot/top25BlastSplit/fasta/tcoffee/BlastOut_datasetTMB_swissprot_P12643.csv.aln
1.078
/home/user/thesis/scripts/BlastOut_datasetTMB/BlastOut_datasetTMB_swissprot/top25BlastSplit/fasta/tcoffee/BlastOut_datasetTMB_swissprot_P13036.csv.aln
1.034
/home/user/thesis/scripts/BlastOut_datasetTMB/BlastOut_datasetTMB_swissprot/top25BlastSplit/fasta/tcoffee/BlastOut_datasetTMB_swissprot_P13671.csv.aln
0.856
/home/user/thesis/scripts/BlastOut_datasetTMB/BlastOut_datasetTMB_swissprot/top25BlastSplit/fasta/tcoffee/BlastOut_datasetTMB_swissprot_P15319.csv.aln
0.826
/home/user/thesis/scripts/BlastOut_datasetTMB/BlastOut_datasetTMB_swissprot/top25BlastSplit/fasta/tcoffee/BlastOut_datasetTMB_swissprot_P16869.csv.aln
0.731
/home/user/thesis/scripts/BlastOut_datasetTMB/BlastOut_datasetTMB_swissprot/top25BlastSplit/fasta/tcoffee/BlastOut_datasetTMB_swissprot_P19809.csv.aln
0.514
/home/user/thesis/scripts/BlastOut_datasetTMB/BlastOut_datasetTMB_swissprot/top25BlastSplit/fasta/tcoffee/BlastOut_datasetTMB_swissprot_P21796.csv.aln
0.804
/home/user/thesis/scripts/BlastOut_datasetTMB/BlastOut_datasetTMB_swissprot/top25BlastSplit/fasta/tcoffee/BlastOut_datasetTMB_swissprot_P22340.csv.aln
1.583
/home/user/thesis/scripts/BlastOut_datasetTMB/BlastOut_datasetTMB_swissprot/top25BlastSplit/fasta/tcoffee/BlastOut_datasetTMB_swissprot_P24017.csv.aln
0.868
/home/user/thesis/scripts/BlastOut_datasetTMB/BlastOut_datasetTMB_swissprot/top25BlastSplit/fasta/tcoffee/BlastOut_datasetTMB_swissprot_P24391.csv.aln
0.521
/home/user/thesis/scripts/BlastOut_datasetTMB/BlastOut_datasetTMB_swissprot/top25BlastSplit/fasta/tcoffee/BlastOut_datasetTMB_swissprot_P26466.csv.aln
1.000
/home/user/thesis/scripts/BlastOut_datasetTMB/BlastOut_datasetTMB_swissprot/top25BlastSplit/fasta/tcoffee/BlastOut_datasetTMB_swissprot_P30130.csv.aln
0.493
/home/user/thesis/scripts/BlastOut_datasetTMB/BlastOut_datasetTMB_swissprot/top25BlastSplit/fasta/tcoffee/BlastOut_datasetTMB_swissprot_P30690.csv.aln
0.537
/home/user/thesis/scripts/BlastOut_datasetTMB/BlastOut_datasetTMB_swissprot/top25BlastSplit/fasta/tcoffee/BlastOut_datasetTMB_swissprot_P31554.csv.aln
0.903
/home/user/thesis/scripts/BlastOut_datasetTMB/BlastOut_datasetTMB_swissprot/top25BlastSplit/fasta/tcoffee/BlastOut_datasetTMB_swissprot_P31697.csv.aln
0.757
/home/user/thesis/scripts/BlastOut_datasetTMB/BlastOut_datasetTMB_swissprot/top25BlastSplit/fasta/tcoffee/BlastOut_datasetTMB_swissprot_P31780.csv.aln
1.152
/home/user/thesis/scripts/BlastOut_datasetTMB/BlastOut_datasetTMB_swissprot/top25BlastSplit/fasta/tcoffee/BlastOut_datasetTMB_swissprot_P35672.csv.aln
0.678
/home/user/thesis/scripts/BlastOut_datasetTMB/BlastOut_datasetTMB_swissprot/top25BlastSplit/fasta/tcoffee/BlastOut_datasetTMB_swissprot_P35818.csv.aln
0.882
/home/user/thesis/scripts/BlastOut_datasetTMB/BlastOut_datasetTMB_swissprot/top25BlastSplit/fasta/tcoffee/BlastOut_datasetTMB_swissprot_P37001.csv.aln
0.909
/home/user/thesis/scripts/BlastOut_datasetTMB/BlastOut_datasetTMB_swissprot/top25BlastSplit/fasta/tcoffee/BlastOut_datasetTMB_swissprot_P37432.csv.aln
0.842
/home/user/thesis/scripts/BlastOut_datasetTMB/BlastOut_datasetTMB_swissprot/top25BlastSplit/fasta/tcoffee/BlastOut_datasetTMB_swissprot_P42512.csv.aln
0.861
/home/user/thesis/scripts/BlastOut_datasetTMB/BlastOut_datasetTMB_swissprot/top25BlastSplit/fasta/tcoffee/BlastOut_datasetTMB_swissprot_P43261.csv.aln
0.457
/home/user/thesis/scripts/BlastOut_datasetTMB/BlastOut_datasetTMB_swissprot/top25BlastSplit/fasta/tcoffee/BlastOut_datasetTMB_swissprot_P45758.csv.aln
0.969
/home/user/thesis/scripts/BlastOut_datasetTMB/BlastOut_datasetTMB_swissprot/top25BlastSplit/fasta/tcoffee/BlastOut_datasetTMB_swissprot_P45779.csv.aln
1.012
/home/user/thesis/scripts/BlastOut_datasetTMB/BlastOut_datasetTMB_swissprot/top25BlastSplit/fasta/tcoffee/BlastOut_datasetTMB_swissprot_P46359.csv.aln
0.801
/home/user/thesis/scripts/BlastOut_datasetTMB/BlastOut_datasetTMB_swissprot/top25BlastSplit/fasta/tcoffee/BlastOut_datasetTMB_swissprot_P48632.csv.aln
0.795
/home/user/thesis/scripts/BlastOut_datasetTMB/BlastOut_datasetTMB_swissprot/top25BlastSplit/fasta/tcoffee/BlastOut_datasetTMB_swissprot_P49767.csv.aln
0.941
/home/user/thesis/scripts/BlastOut_datasetTMB/BlastOut_datasetTMB_swissprot/top25BlastSplit/fasta/tcoffee/BlastOut_datasetTMB_swissprot_P75780.csv.aln
0.775
/home/user/thesis/scripts/BlastOut_datasetTMB/BlastOut_datasetTMB_swissprot/top25BlastSplit/fasta/tcoffee/BlastOut_datasetTMB_swissprot_P77211.csv.aln
0.621
/home/user/thesis/scripts/BlastOut_datasetTMB/BlastOut_datasetTMB_swissprot/top25BlastSplit/fasta/tcoffee/BlastOut_datasetTMB_swissprot_P77774.csv.aln
0.526
/home/user/thesis/scripts/BlastOut_datasetTMB/BlastOut_datasetTMB_swissprot/top25BlastSplit/fasta/tcoffee/BlastOut_datasetTMB_swissprot_Q03155.csv.aln
0.509
/home/user/thesis/scripts/BlastOut_datasetTMB/BlastOut_datasetTMB_swissprot/top25BlastSplit/fasta/tcoffee/BlastOut_datasetTMB_swissprot_Q04884.csv.aln
0.811
/home/user/thesis/scripts/BlastOut_datasetTMB/BlastOut_datasetTMB_swissprot/top25BlastSplit/fasta/tcoffee/BlastOut_datasetTMB_swissprot_Q16853.csv.aln
0.903
/home/user/thesis/scripts/BlastOut_datasetTMB/BlastOut_datasetTMB_swissprot/top25BlastSplit/fasta/tcoffee/BlastOut_datasetTMB_swissprot_Q2FFA2.csv.aln
1.133
/home/user/thesis/scripts/BlastOut_datasetTMB/BlastOut_datasetTMB_swissprot/top25BlastSplit/fasta/tcoffee/BlastOut_datasetTMB_swissprot_Q2FFA3.csv.aln
0.906
/home/user/thesis/scripts/BlastOut_datasetTMB/BlastOut_datasetTMB_swissprot/top25BlastSplit/fasta/tcoffee/BlastOut_datasetTMB_swissprot_Q45340.csv.aln
0.637
/home/user/thesis/scripts/BlastOut_datasetTMB/BlastOut_datasetTMB_swissprot/top25BlastSplit/fasta/tcoffee/BlastOut_datasetTMB_swissprot_Q48473.csv.aln
0.874
/home/user/thesis/scripts/BlastOut_datasetTMB/BlastOut_datasetTMB_swissprot/top25BlastSplit/fasta/tcoffee/BlastOut_datasetTMB_swissprot_Q51397.csv.aln
0.625
/home/user/thesis/scripts/BlastOut_datasetTMB/BlastOut_datasetTMB_swissprot/top25BlastSplit/fasta/tcoffee/BlastOut_datasetTMB_swissprot_Q51487.csv.aln
0.623
/home/user/thesis/scripts/BlastOut_datasetTMB/BlastOut_datasetTMB_swissprot/top25BlastSplit/fasta/tcoffee/BlastOut_datasetTMB_swissprot_Q60932.csv.aln
0.815
/home/user/thesis/scripts/BlastOut_datasetTMB/BlastOut_datasetTMB_swissprot/top25BlastSplit/fasta/tcoffee/BlastOut_datasetTMB_swissprot_Q7BSW5.csv.aln
1.254
/home/user/thesis/scripts/BlastOut_datasetTMB/BlastOut_datasetTMB_swissprot/top25BlastSplit/fasta/tcoffee/BlastOut_datasetTMB_swissprot_Q83SQ0.csv.aln
0.905
/home/user/thesis/scripts/BlastOut_datasetTMB/BlastOut_datasetTMB_swissprot/top25BlastSplit/fasta/tcoffee/BlastOut_datasetTMB_swissprot_Q8CVW1.csv.aln
0.867
/home/user/thesis/scripts/BlastOut_datasetTMB/BlastOut_datasetTMB_swissprot/top25BlastSplit/fasta/tcoffee/BlastOut_datasetTMB_swissprot_Q8ZIK3.csv.aln
0.904
/home/user/thesis/scripts/BlastOut_datasetTMB/BlastOut_datasetTMB_swissprot/top25BlastSplit/fasta/tcoffee/BlastOut_datasetTMB_swissprot_Q8ZPC9.csv.aln
1.000
/home/user/thesis/scripts/BlastOut_datasetTMB/BlastOut_datasetTMB_swissprot/top25BlastSplit/fasta/tcoffee/BlastOut_datasetTMB_swissprot_Q8ZRW0.csv.aln
0.890
/home/user/thesis/scripts/BlastOut_datasetTMB/BlastOut_datasetTMB_swissprot/top25BlastSplit/fasta/tcoffee/BlastOut_datasetTMB_swissprot_Q99RL1.csv.aln
1.105
/home/user/thesis/scripts/BlastOut_datasetTMB/BlastOut_datasetTMB_swissprot/top25BlastSplit/fasta/tcoffee/BlastOut_datasetTMB_swissprot_Q9I5U2.csv.aln
0.743
/home/user/thesis/scripts/BlastOut_datasetTMB/BlastOut_datasetTMB_swissprot/top25BlastSplit/fasta/tcoffee/BlastOut_datasetTMB_swissprot_Q9K0U9.csv.aln
1.264
/home/user/thesis/scripts/BlastOut_datasetTMB/BlastOut_datasetTMB_swissprot/top25BlastSplit/fasta/tcoffee/BlastOut_datasetTMB_swissprot_Q9TUM0.csv.aln
0.883
