/home/user/thesis/scripts/BlastOut_datasetTMB/BlastOut_datasetTMB_swissprot/top50BlastSplit/fasta/aln/BlastOut_datasetTMB_swissprot_A5F934.csv.aln
0.447
/home/user/thesis/scripts/BlastOut_datasetTMB/BlastOut_datasetTMB_swissprot/top50BlastSplit/fasta/aln/BlastOut_datasetTMB_swissprot_E3PJ86.csv.aln
0.366
/home/user/thesis/scripts/BlastOut_datasetTMB/BlastOut_datasetTMB_swissprot/top50BlastSplit/fasta/aln/BlastOut_datasetTMB_swissprot_P01031.csv.aln
0.902
/home/user/thesis/scripts/BlastOut_datasetTMB/BlastOut_datasetTMB_swissprot/top50BlastSplit/fasta/aln/BlastOut_datasetTMB_swissprot_P02787.csv.aln
0.961
/home/user/thesis/scripts/BlastOut_datasetTMB/BlastOut_datasetTMB_swissprot/top50BlastSplit/fasta/aln/BlastOut_datasetTMB_swissprot_P02931.csv.aln
0.236
/home/user/thesis/scripts/BlastOut_datasetTMB/BlastOut_datasetTMB_swissprot/top50BlastSplit/fasta/aln/BlastOut_datasetTMB_swissprot_P02932.csv.aln
0.223
/home/user/thesis/scripts/BlastOut_datasetTMB/BlastOut_datasetTMB_swissprot/top50BlastSplit/fasta/aln/BlastOut_datasetTMB_swissprot_P06971.csv.aln
0.485
/home/user/thesis/scripts/BlastOut_datasetTMB/BlastOut_datasetTMB_swissprot/top50BlastSplit/fasta/aln/BlastOut_datasetTMB_swissprot_P07360.csv.aln
0.228
/home/user/thesis/scripts/BlastOut_datasetTMB/BlastOut_datasetTMB_swissprot/top50BlastSplit/fasta/aln/BlastOut_datasetTMB_swissprot_P08189.csv.aln
0.429
/home/user/thesis/scripts/BlastOut_datasetTMB/BlastOut_datasetTMB_swissprot/top50BlastSplit/fasta/aln/BlastOut_datasetTMB_swissprot_P0A910.csv.aln
0.652
/home/user/thesis/scripts/BlastOut_datasetTMB/BlastOut_datasetTMB_swissprot/top50BlastSplit/fasta/aln/BlastOut_datasetTMB_swissprot_P0A911.csv.aln
0.652
/home/user/thesis/scripts/BlastOut_datasetTMB/BlastOut_datasetTMB_swissprot/top50BlastSplit/fasta/aln/BlastOut_datasetTMB_swissprot_P10643.csv.aln
0.185
/home/user/thesis/scripts/BlastOut_datasetTMB/BlastOut_datasetTMB_swissprot/top50BlastSplit/fasta/aln/BlastOut_datasetTMB_swissprot_P12643.csv.aln
0.621
/home/user/thesis/scripts/BlastOut_datasetTMB/BlastOut_datasetTMB_swissprot/top50BlastSplit/fasta/aln/BlastOut_datasetTMB_swissprot_P16869.csv.aln
0.541
/home/user/thesis/scripts/BlastOut_datasetTMB/BlastOut_datasetTMB_swissprot/top50BlastSplit/fasta/aln/BlastOut_datasetTMB_swissprot_P24017.csv.aln
0.659
/home/user/thesis/scripts/BlastOut_datasetTMB/BlastOut_datasetTMB_swissprot/top50BlastSplit/fasta/aln/BlastOut_datasetTMB_swissprot_P26466.csv.aln
0.731
/home/user/thesis/scripts/BlastOut_datasetTMB/BlastOut_datasetTMB_swissprot/top50BlastSplit/fasta/aln/BlastOut_datasetTMB_swissprot_P31554.csv.aln
0.609
/home/user/thesis/scripts/BlastOut_datasetTMB/BlastOut_datasetTMB_swissprot/top50BlastSplit/fasta/aln/BlastOut_datasetTMB_swissprot_P37001.csv.aln
0.706
/home/user/thesis/scripts/BlastOut_datasetTMB/BlastOut_datasetTMB_swissprot/top50BlastSplit/fasta/aln/BlastOut_datasetTMB_swissprot_P45758.csv.aln
0.520
/home/user/thesis/scripts/BlastOut_datasetTMB/BlastOut_datasetTMB_swissprot/top50BlastSplit/fasta/aln/BlastOut_datasetTMB_swissprot_P45779.csv.aln
0.369
/home/user/thesis/scripts/BlastOut_datasetTMB/BlastOut_datasetTMB_swissprot/top50BlastSplit/fasta/aln/BlastOut_datasetTMB_swissprot_P48632.csv.aln
0.494
/home/user/thesis/scripts/BlastOut_datasetTMB/BlastOut_datasetTMB_swissprot/top50BlastSplit/fasta/aln/BlastOut_datasetTMB_swissprot_P49767.csv.aln
0.764
/home/user/thesis/scripts/BlastOut_datasetTMB/BlastOut_datasetTMB_swissprot/top50BlastSplit/fasta/aln/BlastOut_datasetTMB_swissprot_P75780.csv.aln
0.608
/home/user/thesis/scripts/BlastOut_datasetTMB/BlastOut_datasetTMB_swissprot/top50BlastSplit/fasta/aln/BlastOut_datasetTMB_swissprot_P77774.csv.aln
0.430
/home/user/thesis/scripts/BlastOut_datasetTMB/BlastOut_datasetTMB_swissprot/top50BlastSplit/fasta/aln/BlastOut_datasetTMB_swissprot_Q7BSW5.csv.aln
0.302
/home/user/thesis/scripts/BlastOut_datasetTMB/BlastOut_datasetTMB_swissprot/top50BlastSplit/fasta/aln/BlastOut_datasetTMB_swissprot_Q83SQ0.csv.aln
0.606
/home/user/thesis/scripts/BlastOut_datasetTMB/BlastOut_datasetTMB_swissprot/top50BlastSplit/fasta/aln/BlastOut_datasetTMB_swissprot_Q8ZIK3.csv.aln
0.622
/home/user/thesis/scripts/BlastOut_datasetTMB/BlastOut_datasetTMB_swissprot/top50BlastSplit/fasta/aln/BlastOut_datasetTMB_swissprot_Q8ZPC9.csv.aln
0.636
/home/user/thesis/scripts/BlastOut_datasetTMB/BlastOut_datasetTMB_swissprot/top50BlastSplit/fasta/aln/BlastOut_datasetTMB_swissprot_Q8ZRW0.csv.aln
0.612
/home/user/thesis/scripts/BlastOut_datasetTMB/BlastOut_datasetTMB_swissprot/top50BlastSplit/fasta/aln/BlastOut_datasetTMB_swissprot_Q9I5U2.csv.aln
0.526
/home/user/thesis/scripts/BlastOut_datasetTMB/BlastOut_datasetTMB_swissprot/top50BlastSplit/fasta/aln/BlastOut_datasetTMB_swissprot_Q9K0U9.csv.aln
0.765
/home/user/thesis/scripts/BlastOut_datasetTMB/BlastOut_datasetTMB_swissprot/top50BlastSplit/fasta/aln/BlastOut_datasetTMB_swissprot_Q9TUM0.csv.aln
0.882
