/home/user/thesis/scripts/BlastOut_datasetTMB/BlastOut_datasetTMB_swissprot/top50BlastSplit/fasta/aln/BlastOut_datasetTMB_swissprot_A5F934.csv.aln
0.557
/home/user/thesis/scripts/BlastOut_datasetTMB/BlastOut_datasetTMB_swissprot/top50BlastSplit/fasta/aln/BlastOut_datasetTMB_swissprot_E3PJ86.csv.aln
0.479
/home/user/thesis/scripts/BlastOut_datasetTMB/BlastOut_datasetTMB_swissprot/top50BlastSplit/fasta/aln/BlastOut_datasetTMB_swissprot_P01031.csv.aln
0.985
/home/user/thesis/scripts/BlastOut_datasetTMB/BlastOut_datasetTMB_swissprot/top50BlastSplit/fasta/aln/BlastOut_datasetTMB_swissprot_P02787.csv.aln
1.032
/home/user/thesis/scripts/BlastOut_datasetTMB/BlastOut_datasetTMB_swissprot/top50BlastSplit/fasta/aln/BlastOut_datasetTMB_swissprot_P02931.csv.aln
0.316
/home/user/thesis/scripts/BlastOut_datasetTMB/BlastOut_datasetTMB_swissprot/top50BlastSplit/fasta/aln/BlastOut_datasetTMB_swissprot_P02932.csv.aln
0.290
/home/user/thesis/scripts/BlastOut_datasetTMB/BlastOut_datasetTMB_swissprot/top50BlastSplit/fasta/aln/BlastOut_datasetTMB_swissprot_P06971.csv.aln
0.568
/home/user/thesis/scripts/BlastOut_datasetTMB/BlastOut_datasetTMB_swissprot/top50BlastSplit/fasta/aln/BlastOut_datasetTMB_swissprot_P07360.csv.aln
0.328
/home/user/thesis/scripts/BlastOut_datasetTMB/BlastOut_datasetTMB_swissprot/top50BlastSplit/fasta/aln/BlastOut_datasetTMB_swissprot_P08189.csv.aln
0.550
/home/user/thesis/scripts/BlastOut_datasetTMB/BlastOut_datasetTMB_swissprot/top50BlastSplit/fasta/aln/BlastOut_datasetTMB_swissprot_P0A910.csv.aln
0.722
/home/user/thesis/scripts/BlastOut_datasetTMB/BlastOut_datasetTMB_swissprot/top50BlastSplit/fasta/aln/BlastOut_datasetTMB_swissprot_P0A911.csv.aln
0.722
/home/user/thesis/scripts/BlastOut_datasetTMB/BlastOut_datasetTMB_swissprot/top50BlastSplit/fasta/aln/BlastOut_datasetTMB_swissprot_P10643.csv.aln
0.212
/home/user/thesis/scripts/BlastOut_datasetTMB/BlastOut_datasetTMB_swissprot/top50BlastSplit/fasta/aln/BlastOut_datasetTMB_swissprot_P12643.csv.aln
0.670
/home/user/thesis/scripts/BlastOut_datasetTMB/BlastOut_datasetTMB_swissprot/top50BlastSplit/fasta/aln/BlastOut_datasetTMB_swissprot_P16869.csv.aln
0.623
/home/user/thesis/scripts/BlastOut_datasetTMB/BlastOut_datasetTMB_swissprot/top50BlastSplit/fasta/aln/BlastOut_datasetTMB_swissprot_P24017.csv.aln
0.729
/home/user/thesis/scripts/BlastOut_datasetTMB/BlastOut_datasetTMB_swissprot/top50BlastSplit/fasta/aln/BlastOut_datasetTMB_swissprot_P26466.csv.aln
0.787
/home/user/thesis/scripts/BlastOut_datasetTMB/BlastOut_datasetTMB_swissprot/top50BlastSplit/fasta/aln/BlastOut_datasetTMB_swissprot_P31554.csv.aln
0.646
/home/user/thesis/scripts/BlastOut_datasetTMB/BlastOut_datasetTMB_swissprot/top50BlastSplit/fasta/aln/BlastOut_datasetTMB_swissprot_P37001.csv.aln
0.726
/home/user/thesis/scripts/BlastOut_datasetTMB/BlastOut_datasetTMB_swissprot/top50BlastSplit/fasta/aln/BlastOut_datasetTMB_swissprot_P45758.csv.aln
0.609
/home/user/thesis/scripts/BlastOut_datasetTMB/BlastOut_datasetTMB_swissprot/top50BlastSplit/fasta/aln/BlastOut_datasetTMB_swissprot_P45779.csv.aln
0.484
/home/user/thesis/scripts/BlastOut_datasetTMB/BlastOut_datasetTMB_swissprot/top50BlastSplit/fasta/aln/BlastOut_datasetTMB_swissprot_P48632.csv.aln
0.569
/home/user/thesis/scripts/BlastOut_datasetTMB/BlastOut_datasetTMB_swissprot/top50BlastSplit/fasta/aln/BlastOut_datasetTMB_swissprot_P49767.csv.aln
0.811
/home/user/thesis/scripts/BlastOut_datasetTMB/BlastOut_datasetTMB_swissprot/top50BlastSplit/fasta/aln/BlastOut_datasetTMB_swissprot_P75780.csv.aln
0.693
/home/user/thesis/scripts/BlastOut_datasetTMB/BlastOut_datasetTMB_swissprot/top50BlastSplit/fasta/aln/BlastOut_datasetTMB_swissprot_P77774.csv.aln
0.556
/home/user/thesis/scripts/BlastOut_datasetTMB/BlastOut_datasetTMB_swissprot/top50BlastSplit/fasta/aln/BlastOut_datasetTMB_swissprot_Q7BSW5.csv.aln
0.385
/home/user/thesis/scripts/BlastOut_datasetTMB/BlastOut_datasetTMB_swissprot/top50BlastSplit/fasta/aln/BlastOut_datasetTMB_swissprot_Q83SQ0.csv.aln
0.643
/home/user/thesis/scripts/BlastOut_datasetTMB/BlastOut_datasetTMB_swissprot/top50BlastSplit/fasta/aln/BlastOut_datasetTMB_swissprot_Q8ZIK3.csv.aln
0.656
/home/user/thesis/scripts/BlastOut_datasetTMB/BlastOut_datasetTMB_swissprot/top50BlastSplit/fasta/aln/BlastOut_datasetTMB_swissprot_Q8ZPC9.csv.aln
0.657
/home/user/thesis/scripts/BlastOut_datasetTMB/BlastOut_datasetTMB_swissprot/top50BlastSplit/fasta/aln/BlastOut_datasetTMB_swissprot_Q8ZRW0.csv.aln
0.647
/home/user/thesis/scripts/BlastOut_datasetTMB/BlastOut_datasetTMB_swissprot/top50BlastSplit/fasta/aln/BlastOut_datasetTMB_swissprot_Q9I5U2.csv.aln
0.571
/home/user/thesis/scripts/BlastOut_datasetTMB/BlastOut_datasetTMB_swissprot/top50BlastSplit/fasta/aln/BlastOut_datasetTMB_swissprot_Q9K0U9.csv.aln
0.862
/home/user/thesis/scripts/BlastOut_datasetTMB/BlastOut_datasetTMB_swissprot/top50BlastSplit/fasta/aln/BlastOut_datasetTMB_swissprot_Q9TUM0.csv.aln
0.945
