/home/user/thesis/scripts/BlastOut_datasetTMB/BlastOut_datasetTMB_unirefOMBB100/top25BlastSplit/fasta/muscle/BlastOut_datasetTMB_unirefOMBB100_O33407.csv.fasta.aln
0.822
/home/user/thesis/scripts/BlastOut_datasetTMB/BlastOut_datasetTMB_unirefOMBB100/top25BlastSplit/fasta/muscle/BlastOut_datasetTMB_unirefOMBB100_O88093.csv.fasta.aln
1.000
/home/user/thesis/scripts/BlastOut_datasetTMB/BlastOut_datasetTMB_unirefOMBB100/top25BlastSplit/fasta/muscle/BlastOut_datasetTMB_unirefOMBB100_P00747.csv.fasta.aln
0.811
/home/user/thesis/scripts/BlastOut_datasetTMB/BlastOut_datasetTMB_unirefOMBB100/top25BlastSplit/fasta/muscle/BlastOut_datasetTMB_unirefOMBB100_P02929.csv.fasta.aln
0.670
/home/user/thesis/scripts/BlastOut_datasetTMB/BlastOut_datasetTMB_unirefOMBB100/top25BlastSplit/fasta/muscle/BlastOut_datasetTMB_unirefOMBB100_P05430.csv.fasta.aln
1.327
/home/user/thesis/scripts/BlastOut_datasetTMB/BlastOut_datasetTMB_unirefOMBB100/top25BlastSplit/fasta/muscle/BlastOut_datasetTMB_unirefOMBB100_P05825.csv.fasta.aln
0.286
/home/user/thesis/scripts/BlastOut_datasetTMB/BlastOut_datasetTMB_unirefOMBB100/top25BlastSplit/fasta/muscle/BlastOut_datasetTMB_unirefOMBB100_P06129.csv.fasta.aln
0.331
/home/user/thesis/scripts/BlastOut_datasetTMB/BlastOut_datasetTMB_unirefOMBB100/top25BlastSplit/fasta/muscle/BlastOut_datasetTMB_unirefOMBB100_P09169.csv.fasta.aln
0.543
/home/user/thesis/scripts/BlastOut_datasetTMB/BlastOut_datasetTMB_unirefOMBB100/top25BlastSplit/fasta/muscle/BlastOut_datasetTMB_unirefOMBB100_P09616.csv.fasta.aln
3.994
/home/user/thesis/scripts/BlastOut_datasetTMB/BlastOut_datasetTMB_unirefOMBB100/top25BlastSplit/fasta/muscle/BlastOut_datasetTMB_unirefOMBB100_P0A903.csv.fasta.aln
0.811
/home/user/thesis/scripts/BlastOut_datasetTMB/BlastOut_datasetTMB_unirefOMBB100/top25BlastSplit/fasta/muscle/BlastOut_datasetTMB_unirefOMBB100_P0A910.csv.fasta.aln
0.688
/home/user/thesis/scripts/BlastOut_datasetTMB/BlastOut_datasetTMB_unirefOMBB100/top25BlastSplit/fasta/muscle/BlastOut_datasetTMB_unirefOMBB100_P0A911.csv.fasta.aln
0.688
/home/user/thesis/scripts/BlastOut_datasetTMB/BlastOut_datasetTMB_unirefOMBB100/top25BlastSplit/fasta/muscle/BlastOut_datasetTMB_unirefOMBB100_P0A915.csv.fasta.aln
0.458
/home/user/thesis/scripts/BlastOut_datasetTMB/BlastOut_datasetTMB_unirefOMBB100/top25BlastSplit/fasta/muscle/BlastOut_datasetTMB_unirefOMBB100_P0A916.csv.fasta.aln
0.458
/home/user/thesis/scripts/BlastOut_datasetTMB/BlastOut_datasetTMB_unirefOMBB100/top25BlastSplit/fasta/muscle/BlastOut_datasetTMB_unirefOMBB100_P0A917.csv.fasta.aln
0.797
/home/user/thesis/scripts/BlastOut_datasetTMB/BlastOut_datasetTMB_unirefOMBB100/top25BlastSplit/fasta/muscle/BlastOut_datasetTMB_unirefOMBB100_P0A918.csv.fasta.aln
0.797
/home/user/thesis/scripts/BlastOut_datasetTMB/BlastOut_datasetTMB_unirefOMBB100/top25BlastSplit/fasta/muscle/BlastOut_datasetTMB_unirefOMBB100_P0A919.csv.fasta.aln
0.797
/home/user/thesis/scripts/BlastOut_datasetTMB/BlastOut_datasetTMB_unirefOMBB100/top25BlastSplit/fasta/muscle/BlastOut_datasetTMB_unirefOMBB100_P0A920.csv.fasta.aln
0.797
/home/user/thesis/scripts/BlastOut_datasetTMB/BlastOut_datasetTMB_unirefOMBB100/top25BlastSplit/fasta/muscle/BlastOut_datasetTMB_unirefOMBB100_P0A937.csv.fasta.aln
1.072
/home/user/thesis/scripts/BlastOut_datasetTMB/BlastOut_datasetTMB_unirefOMBB100/top25BlastSplit/fasta/muscle/BlastOut_datasetTMB_unirefOMBB100_P0A940.csv.fasta.aln
0.814
/home/user/thesis/scripts/BlastOut_datasetTMB/BlastOut_datasetTMB_unirefOMBB100/top25BlastSplit/fasta/muscle/BlastOut_datasetTMB_unirefOMBB100_P0A941.csv.fasta.aln
0.814
/home/user/thesis/scripts/BlastOut_datasetTMB/BlastOut_datasetTMB_unirefOMBB100/top25BlastSplit/fasta/muscle/BlastOut_datasetTMB_unirefOMBB100_P0A942.csv.fasta.aln
0.814
/home/user/thesis/scripts/BlastOut_datasetTMB/BlastOut_datasetTMB_unirefOMBB100/top25BlastSplit/fasta/muscle/BlastOut_datasetTMB_unirefOMBB100_P0A943.csv.fasta.aln
0.814
/home/user/thesis/scripts/BlastOut_datasetTMB/BlastOut_datasetTMB_unirefOMBB100/top25BlastSplit/fasta/muscle/BlastOut_datasetTMB_unirefOMBB100_P0AC02.csv.fasta.aln
0.652
/home/user/thesis/scripts/BlastOut_datasetTMB/BlastOut_datasetTMB_unirefOMBB100/top25BlastSplit/fasta/muscle/BlastOut_datasetTMB_unirefOMBB100_P0ADE4.csv.fasta.aln
0.977
/home/user/thesis/scripts/BlastOut_datasetTMB/BlastOut_datasetTMB_unirefOMBB100/top25BlastSplit/fasta/muscle/BlastOut_datasetTMB_unirefOMBB100_P0ADE5.csv.fasta.aln
0.977
/home/user/thesis/scripts/BlastOut_datasetTMB/BlastOut_datasetTMB_unirefOMBB100/top25BlastSplit/fasta/muscle/BlastOut_datasetTMB_unirefOMBB100_P10384.csv.fasta.aln
0.704
/home/user/thesis/scripts/BlastOut_datasetTMB/BlastOut_datasetTMB_unirefOMBB100/top25BlastSplit/fasta/muscle/BlastOut_datasetTMB_unirefOMBB100_P13036.csv.fasta.aln
0.675
/home/user/thesis/scripts/BlastOut_datasetTMB/BlastOut_datasetTMB_unirefOMBB100/top25BlastSplit/fasta/muscle/BlastOut_datasetTMB_unirefOMBB100_P13794.csv.fasta.aln
0.640
/home/user/thesis/scripts/BlastOut_datasetTMB/BlastOut_datasetTMB_unirefOMBB100/top25BlastSplit/fasta/muscle/BlastOut_datasetTMB_unirefOMBB100_P17315.csv.fasta.aln
0.290
/home/user/thesis/scripts/BlastOut_datasetTMB/BlastOut_datasetTMB_unirefOMBB100/top25BlastSplit/fasta/muscle/BlastOut_datasetTMB_unirefOMBB100_P17811.csv.fasta.aln
0.558
/home/user/thesis/scripts/BlastOut_datasetTMB/BlastOut_datasetTMB_unirefOMBB100/top25BlastSplit/fasta/muscle/BlastOut_datasetTMB_unirefOMBB100_P24017.csv.fasta.aln
0.698
/home/user/thesis/scripts/BlastOut_datasetTMB/BlastOut_datasetTMB_unirefOMBB100/top25BlastSplit/fasta/muscle/BlastOut_datasetTMB_unirefOMBB100_P24305.csv.fasta.aln
0.275
/home/user/thesis/scripts/BlastOut_datasetTMB/BlastOut_datasetTMB_unirefOMBB100/top25BlastSplit/fasta/muscle/BlastOut_datasetTMB_unirefOMBB100_P30690.csv.fasta.aln
0.547
/home/user/thesis/scripts/BlastOut_datasetTMB/BlastOut_datasetTMB_unirefOMBB100/top25BlastSplit/fasta/muscle/BlastOut_datasetTMB_unirefOMBB100_P35818.csv.fasta.aln
1.543
/home/user/thesis/scripts/BlastOut_datasetTMB/BlastOut_datasetTMB_unirefOMBB100/top25BlastSplit/fasta/muscle/BlastOut_datasetTMB_unirefOMBB100_P46359.csv.fasta.aln
0.344
/home/user/thesis/scripts/BlastOut_datasetTMB/BlastOut_datasetTMB_unirefOMBB100/top25BlastSplit/fasta/muscle/BlastOut_datasetTMB_unirefOMBB100_P69434.csv.fasta.aln
0.415
/home/user/thesis/scripts/BlastOut_datasetTMB/BlastOut_datasetTMB_unirefOMBB100/top25BlastSplit/fasta/muscle/BlastOut_datasetTMB_unirefOMBB100_P69856.csv.fasta.aln
0.211
/home/user/thesis/scripts/BlastOut_datasetTMB/BlastOut_datasetTMB_unirefOMBB100/top25BlastSplit/fasta/muscle/BlastOut_datasetTMB_unirefOMBB100_P69857.csv.fasta.aln
0.211
/home/user/thesis/scripts/BlastOut_datasetTMB/BlastOut_datasetTMB_unirefOMBB100/top25BlastSplit/fasta/muscle/BlastOut_datasetTMB_unirefOMBB100_P69858.csv.fasta.aln
0.211
/home/user/thesis/scripts/BlastOut_datasetTMB/BlastOut_datasetTMB_unirefOMBB100/top25BlastSplit/fasta/muscle/BlastOut_datasetTMB_unirefOMBB100_P76045.csv.fasta.aln
0.323
/home/user/thesis/scripts/BlastOut_datasetTMB/BlastOut_datasetTMB_unirefOMBB100/top25BlastSplit/fasta/muscle/BlastOut_datasetTMB_unirefOMBB100_P77774.csv.fasta.aln
0.582
/home/user/thesis/scripts/BlastOut_datasetTMB/BlastOut_datasetTMB_unirefOMBB100/top25BlastSplit/fasta/muscle/BlastOut_datasetTMB_unirefOMBB100_Q03155.csv.fasta.aln
0.930
/home/user/thesis/scripts/BlastOut_datasetTMB/BlastOut_datasetTMB_unirefOMBB100/top25BlastSplit/fasta/muscle/BlastOut_datasetTMB_unirefOMBB100_Q04884.csv.fasta.aln
1.000
/home/user/thesis/scripts/BlastOut_datasetTMB/BlastOut_datasetTMB_unirefOMBB100/top25BlastSplit/fasta/muscle/BlastOut_datasetTMB_unirefOMBB100_Q05098.csv.fasta.aln
0.315
/home/user/thesis/scripts/BlastOut_datasetTMB/BlastOut_datasetTMB_unirefOMBB100/top25BlastSplit/fasta/muscle/BlastOut_datasetTMB_unirefOMBB100_Q45340.csv.fasta.aln
0.935
/home/user/thesis/scripts/BlastOut_datasetTMB/BlastOut_datasetTMB_unirefOMBB100/top25BlastSplit/fasta/muscle/BlastOut_datasetTMB_unirefOMBB100_Q7BCK4.csv.fasta.aln
1.000
/home/user/thesis/scripts/BlastOut_datasetTMB/BlastOut_datasetTMB_unirefOMBB100/top25BlastSplit/fasta/muscle/BlastOut_datasetTMB_unirefOMBB100_Q7BSW5.csv.fasta.aln
1.000
/home/user/thesis/scripts/BlastOut_datasetTMB/BlastOut_datasetTMB_unirefOMBB100/top25BlastSplit/fasta/muscle/BlastOut_datasetTMB_unirefOMBB100_Q8ZRP0.csv.fasta.aln
0.806
/home/user/thesis/scripts/BlastOut_datasetTMB/BlastOut_datasetTMB_unirefOMBB100/top25BlastSplit/fasta/muscle/BlastOut_datasetTMB_unirefOMBB100_Q9HVD1.csv.fasta.aln
0.267
/home/user/thesis/scripts/BlastOut_datasetTMB/BlastOut_datasetTMB_unirefOMBB100/top25BlastSplit/fasta/muscle/BlastOut_datasetTMB_unirefOMBB100_Q9I5U2.csv.fasta.aln
1.470
/home/user/thesis/scripts/BlastOut_datasetTMB/BlastOut_datasetTMB_unirefOMBB100/top25BlastSplit/fasta/muscle/BlastOut_datasetTMB_unirefOMBB100_Q9JZN9.csv.fasta.aln
0.790
