0.492
0.607
1.000
0.739
0.926
0.439
0.674
0.703
0.594
0.768
0.468
1.016
0.655
0.830
0.710
0.514
0.836
0.838
0.701
0.673
0.386
0.685
0.704
0.766
0.698
0.564
0.543
0.492
0.545
0.566
0.490
0.494
0.494
0.364
0.706
0.865
0.865
0.342
0.814
0.814
0.717
0.717
0.805
0.805
0.805
0.805
0.707
0.707
0.707
0.713
0.713
0.713
1.545
0.746
0.746
0.746
0.746
0.546
0.632
0.632
0.712
0.687
1.000
0.871
1.000
1.039
0.756
0.376
0.965
0.673
0.833
0.668
0.878
0.732
0.753
0.432
0.881
0.783
0.848
0.450
0.976
0.690
0.685
0.706
0.745
0.453
0.736
0.669
0.989
0.651
0.781
0.743
0.663
0.717
0.740
0.645
0.995
0.784
0.749
0.731
0.746
0.449
0.636
0.636
0.636
0.671
0.801
0.645
0.386
1.062
1.152
0.768
0.441
0.462
0.772
0.958
0.724
0.724
0.713
0.492
0.590
0.860
0.747
0.393
0.741
0.954
0.756
0.739
0.677
0.780
0.744
0.767
0.535
0.687
0.868
0.719
0.797
