0.324
0.455
1.000
0.758
0.913
0.181
0.667
0.706
0.233
0.733
0.237
0.669
0.661
0.959
0.727
0.387
0.828
0.839
0.709
0.667
0.184
0.684
0.705
0.728
0.696
0.315
0.396
0.275
0.282
0.555
0.250
0.179
0.179
0.182
0.695
0.892
0.892
0.187
0.795
0.795
0.714
0.714
0.793
0.793
0.793
0.793
0.696
0.696
0.696
0.705
0.705
0.705
1.407
0.746
0.746
0.746
0.746
0.263
0.724
0.724
0.707
0.621
1.000
0.847
1.000
0.968
0.757
0.183
0.674
0.659
0.819
0.661
0.821
0.720
0.615
0.283
0.875
0.746
0.831
0.177
1.095
0.687
0.782
0.775
0.736
0.251
0.733
0.669
0.987
0.635
0.778
0.821
0.791
0.826
0.722
0.644
0.926
0.783
0.747
0.715
0.748
0.238
0.605
0.605
0.605
0.675
0.793
0.643
0.157
1.004
1.111
0.773
0.191
0.158
0.746
0.954
0.724
0.722
0.261
0.274
0.241
0.802
0.727
0.217
0.732
0.387
0.715
0.741
0.266
0.763
0.733
0.739
0.253
0.685
0.784
0.715
0.780
