/home/user/thesis/scripts/BlastOut_datasetTMB/BlastOut_datasetTMB_unirefOMBB100/top10BlastSplit/fasta/tmbcoffee/BlastOut_datasetTMB_unirefOMBB100_A0QR29.csv.aln
/home/user/thesis/scripts/BlastOut_datasetTMB/BlastOut_datasetTMB_unirefOMBB100/top10BlastSplit/fasta/tmbcoffee/BlastOut_datasetTMB_unirefOMBB100_A1JUB7.csv.aln
/home/user/thesis/scripts/BlastOut_datasetTMB/BlastOut_datasetTMB_unirefOMBB100/top10BlastSplit/fasta/tmbcoffee/BlastOut_datasetTMB_unirefOMBB100_A5F934.csv.aln
/home/user/thesis/scripts/BlastOut_datasetTMB/BlastOut_datasetTMB_unirefOMBB100/top10BlastSplit/fasta/tmbcoffee/BlastOut_datasetTMB_unirefOMBB100_E6MXW0.csv.aln
/home/user/thesis/scripts/BlastOut_datasetTMB/BlastOut_datasetTMB_unirefOMBB100/top10BlastSplit/fasta/tmbcoffee/BlastOut_datasetTMB_unirefOMBB100_O33407.csv.aln
/home/user/thesis/scripts/BlastOut_datasetTMB/BlastOut_datasetTMB_unirefOMBB100/top10BlastSplit/fasta/tmbcoffee/BlastOut_datasetTMB_unirefOMBB100_O88093.csv.aln
/home/user/thesis/scripts/BlastOut_datasetTMB/BlastOut_datasetTMB_unirefOMBB100/top10BlastSplit/fasta/tmbcoffee/BlastOut_datasetTMB_unirefOMBB100_P00747.csv.aln
/home/user/thesis/scripts/BlastOut_datasetTMB/BlastOut_datasetTMB_unirefOMBB100/top10BlastSplit/fasta/tmbcoffee/BlastOut_datasetTMB_unirefOMBB100_P02929.csv.aln
/home/user/thesis/scripts/BlastOut_datasetTMB/BlastOut_datasetTMB_unirefOMBB100/top10BlastSplit/fasta/tmbcoffee/BlastOut_datasetTMB_unirefOMBB100_P02931.csv.aln
/home/user/thesis/scripts/BlastOut_datasetTMB/BlastOut_datasetTMB_unirefOMBB100/top10BlastSplit/fasta/tmbcoffee/BlastOut_datasetTMB_unirefOMBB100_P02932.csv.aln
/home/user/thesis/scripts/BlastOut_datasetTMB/BlastOut_datasetTMB_unirefOMBB100/top10BlastSplit/fasta/tmbcoffee/BlastOut_datasetTMB_unirefOMBB100_P02943.csv.aln
/home/user/thesis/scripts/BlastOut_datasetTMB/BlastOut_datasetTMB_unirefOMBB100/top10BlastSplit/fasta/tmbcoffee/BlastOut_datasetTMB_unirefOMBB100_P05430.csv.aln
/home/user/thesis/scripts/BlastOut_datasetTMB/BlastOut_datasetTMB_unirefOMBB100/top10BlastSplit/fasta/tmbcoffee/BlastOut_datasetTMB_unirefOMBB100_P05695.csv.aln
/home/user/thesis/scripts/BlastOut_datasetTMB/BlastOut_datasetTMB_unirefOMBB100/top10BlastSplit/fasta/tmbcoffee/BlastOut_datasetTMB_unirefOMBB100_P05825.csv.aln
/home/user/thesis/scripts/BlastOut_datasetTMB/BlastOut_datasetTMB_unirefOMBB100/top10BlastSplit/fasta/tmbcoffee/BlastOut_datasetTMB_unirefOMBB100_P06129.csv.aln
/home/user/thesis/scripts/BlastOut_datasetTMB/BlastOut_datasetTMB_unirefOMBB100/top10BlastSplit/fasta/tmbcoffee/BlastOut_datasetTMB_unirefOMBB100_P06971.csv.aln
/home/user/thesis/scripts/BlastOut_datasetTMB/BlastOut_datasetTMB_unirefOMBB100/top10BlastSplit/fasta/tmbcoffee/BlastOut_datasetTMB_unirefOMBB100_P08190.csv.aln
/home/user/thesis/scripts/BlastOut_datasetTMB/BlastOut_datasetTMB_unirefOMBB100/top10BlastSplit/fasta/tmbcoffee/BlastOut_datasetTMB_unirefOMBB100_P09169.csv.aln
/home/user/thesis/scripts/BlastOut_datasetTMB/BlastOut_datasetTMB_unirefOMBB100/top10BlastSplit/fasta/tmbcoffee/BlastOut_datasetTMB_unirefOMBB100_P09616.csv.aln
/home/user/thesis/scripts/BlastOut_datasetTMB/BlastOut_datasetTMB_unirefOMBB100/top10BlastSplit/fasta/tmbcoffee/BlastOut_datasetTMB_unirefOMBB100_P0A232.csv.aln
/home/user/thesis/scripts/BlastOut_datasetTMB/BlastOut_datasetTMB_unirefOMBB100/top10BlastSplit/fasta/tmbcoffee/BlastOut_datasetTMB_unirefOMBB100_P0A263.csv.aln
/home/user/thesis/scripts/BlastOut_datasetTMB/BlastOut_datasetTMB_unirefOMBB100/top10BlastSplit/fasta/tmbcoffee/BlastOut_datasetTMB_unirefOMBB100_P0A264.csv.aln
/home/user/thesis/scripts/BlastOut_datasetTMB/BlastOut_datasetTMB_unirefOMBB100/top10BlastSplit/fasta/tmbcoffee/BlastOut_datasetTMB_unirefOMBB100_P0A903.csv.aln
/home/user/thesis/scripts/BlastOut_datasetTMB/BlastOut_datasetTMB_unirefOMBB100/top10BlastSplit/fasta/tmbcoffee/BlastOut_datasetTMB_unirefOMBB100_P0A910.csv.aln
/home/user/thesis/scripts/BlastOut_datasetTMB/BlastOut_datasetTMB_unirefOMBB100/top10BlastSplit/fasta/tmbcoffee/BlastOut_datasetTMB_unirefOMBB100_P0A911.csv.aln
/home/user/thesis/scripts/BlastOut_datasetTMB/BlastOut_datasetTMB_unirefOMBB100/top10BlastSplit/fasta/tmbcoffee/BlastOut_datasetTMB_unirefOMBB100_P0A915.csv.aln
/home/user/thesis/scripts/BlastOut_datasetTMB/BlastOut_datasetTMB_unirefOMBB100/top10BlastSplit/fasta/tmbcoffee/BlastOut_datasetTMB_unirefOMBB100_P0A916.csv.aln
/home/user/thesis/scripts/BlastOut_datasetTMB/BlastOut_datasetTMB_unirefOMBB100/top10BlastSplit/fasta/tmbcoffee/BlastOut_datasetTMB_unirefOMBB100_P0A917.csv.aln
/home/user/thesis/scripts/BlastOut_datasetTMB/BlastOut_datasetTMB_unirefOMBB100/top10BlastSplit/fasta/tmbcoffee/BlastOut_datasetTMB_unirefOMBB100_P0A918.csv.aln
/home/user/thesis/scripts/BlastOut_datasetTMB/BlastOut_datasetTMB_unirefOMBB100/top10BlastSplit/fasta/tmbcoffee/BlastOut_datasetTMB_unirefOMBB100_P0A919.csv.aln
/home/user/thesis/scripts/BlastOut_datasetTMB/BlastOut_datasetTMB_unirefOMBB100/top10BlastSplit/fasta/tmbcoffee/BlastOut_datasetTMB_unirefOMBB100_P0A920.csv.aln
/home/user/thesis/scripts/BlastOut_datasetTMB/BlastOut_datasetTMB_unirefOMBB100/top10BlastSplit/fasta/tmbcoffee/BlastOut_datasetTMB_unirefOMBB100_P0A921.csv.aln
/home/user/thesis/scripts/BlastOut_datasetTMB/BlastOut_datasetTMB_unirefOMBB100/top10BlastSplit/fasta/tmbcoffee/BlastOut_datasetTMB_unirefOMBB100_P0A922.csv.aln
/home/user/thesis/scripts/BlastOut_datasetTMB/BlastOut_datasetTMB_unirefOMBB100/top10BlastSplit/fasta/tmbcoffee/BlastOut_datasetTMB_unirefOMBB100_P0A923.csv.aln
/home/user/thesis/scripts/BlastOut_datasetTMB/BlastOut_datasetTMB_unirefOMBB100/top10BlastSplit/fasta/tmbcoffee/BlastOut_datasetTMB_unirefOMBB100_P0A937.csv.aln
/home/user/thesis/scripts/BlastOut_datasetTMB/BlastOut_datasetTMB_unirefOMBB100/top10BlastSplit/fasta/tmbcoffee/BlastOut_datasetTMB_unirefOMBB100_P0A940.csv.aln
/home/user/thesis/scripts/BlastOut_datasetTMB/BlastOut_datasetTMB_unirefOMBB100/top10BlastSplit/fasta/tmbcoffee/BlastOut_datasetTMB_unirefOMBB100_P0A941.csv.aln
/home/user/thesis/scripts/BlastOut_datasetTMB/BlastOut_datasetTMB_unirefOMBB100/top10BlastSplit/fasta/tmbcoffee/BlastOut_datasetTMB_unirefOMBB100_P0A942.csv.aln
/home/user/thesis/scripts/BlastOut_datasetTMB/BlastOut_datasetTMB_unirefOMBB100/top10BlastSplit/fasta/tmbcoffee/BlastOut_datasetTMB_unirefOMBB100_P0A943.csv.aln
/home/user/thesis/scripts/BlastOut_datasetTMB/BlastOut_datasetTMB_unirefOMBB100/top10BlastSplit/fasta/tmbcoffee/BlastOut_datasetTMB_unirefOMBB100_P0AC02.csv.aln
/home/user/thesis/scripts/BlastOut_datasetTMB/BlastOut_datasetTMB_unirefOMBB100/top10BlastSplit/fasta/tmbcoffee/BlastOut_datasetTMB_unirefOMBB100_P0ADE4.csv.aln
/home/user/thesis/scripts/BlastOut_datasetTMB/BlastOut_datasetTMB_unirefOMBB100/top10BlastSplit/fasta/tmbcoffee/BlastOut_datasetTMB_unirefOMBB100_P0ADE5.csv.aln
/home/user/thesis/scripts/BlastOut_datasetTMB/BlastOut_datasetTMB_unirefOMBB100/top10BlastSplit/fasta/tmbcoffee/BlastOut_datasetTMB_unirefOMBB100_P0C2W0.csv.aln
/home/user/thesis/scripts/BlastOut_datasetTMB/BlastOut_datasetTMB_unirefOMBB100/top10BlastSplit/fasta/tmbcoffee/BlastOut_datasetTMB_unirefOMBB100_P0C6Q6.csv.aln
/home/user/thesis/scripts/BlastOut_datasetTMB/BlastOut_datasetTMB_unirefOMBB100/top10BlastSplit/fasta/tmbcoffee/BlastOut_datasetTMB_unirefOMBB100_P0DH58.csv.aln
/home/user/thesis/scripts/BlastOut_datasetTMB/BlastOut_datasetTMB_unirefOMBB100/top10BlastSplit/fasta/tmbcoffee/BlastOut_datasetTMB_unirefOMBB100_P10384.csv.aln
/home/user/thesis/scripts/BlastOut_datasetTMB/BlastOut_datasetTMB_unirefOMBB100/top10BlastSplit/fasta/tmbcoffee/BlastOut_datasetTMB_unirefOMBB100_P11922.csv.aln
/home/user/thesis/scripts/BlastOut_datasetTMB/BlastOut_datasetTMB_unirefOMBB100/top10BlastSplit/fasta/tmbcoffee/BlastOut_datasetTMB_unirefOMBB100_P13036.csv.aln
/home/user/thesis/scripts/BlastOut_datasetTMB/BlastOut_datasetTMB_unirefOMBB100/top10BlastSplit/fasta/tmbcoffee/BlastOut_datasetTMB_unirefOMBB100_P13794.csv.aln
/home/user/thesis/scripts/BlastOut_datasetTMB/BlastOut_datasetTMB_unirefOMBB100/top10BlastSplit/fasta/tmbcoffee/BlastOut_datasetTMB_unirefOMBB100_P16869.csv.aln
/home/user/thesis/scripts/BlastOut_datasetTMB/BlastOut_datasetTMB_unirefOMBB100/top10BlastSplit/fasta/tmbcoffee/BlastOut_datasetTMB_unirefOMBB100_P17315.csv.aln
/home/user/thesis/scripts/BlastOut_datasetTMB/BlastOut_datasetTMB_unirefOMBB100/top10BlastSplit/fasta/tmbcoffee/BlastOut_datasetTMB_unirefOMBB100_P17811.csv.aln
/home/user/thesis/scripts/BlastOut_datasetTMB/BlastOut_datasetTMB_unirefOMBB100/top10BlastSplit/fasta/tmbcoffee/BlastOut_datasetTMB_unirefOMBB100_P18195.csv.aln
/home/user/thesis/scripts/BlastOut_datasetTMB/BlastOut_datasetTMB_unirefOMBB100/top10BlastSplit/fasta/tmbcoffee/BlastOut_datasetTMB_unirefOMBB100_P18895.csv.aln
/home/user/thesis/scripts/BlastOut_datasetTMB/BlastOut_datasetTMB_unirefOMBB100/top10BlastSplit/fasta/tmbcoffee/BlastOut_datasetTMB_unirefOMBB100_P19809.csv.aln
/home/user/thesis/scripts/BlastOut_datasetTMB/BlastOut_datasetTMB_unirefOMBB100/top10BlastSplit/fasta/tmbcoffee/BlastOut_datasetTMB_unirefOMBB100_P24017.csv.aln
/home/user/thesis/scripts/BlastOut_datasetTMB/BlastOut_datasetTMB_unirefOMBB100/top10BlastSplit/fasta/tmbcoffee/BlastOut_datasetTMB_unirefOMBB100_P24305.csv.aln
/home/user/thesis/scripts/BlastOut_datasetTMB/BlastOut_datasetTMB_unirefOMBB100/top10BlastSplit/fasta/tmbcoffee/BlastOut_datasetTMB_unirefOMBB100_P26466.csv.aln
/home/user/thesis/scripts/BlastOut_datasetTMB/BlastOut_datasetTMB_unirefOMBB100/top10BlastSplit/fasta/tmbcoffee/BlastOut_datasetTMB_unirefOMBB100_P30130.csv.aln
/home/user/thesis/scripts/BlastOut_datasetTMB/BlastOut_datasetTMB_unirefOMBB100/top10BlastSplit/fasta/tmbcoffee/BlastOut_datasetTMB_unirefOMBB100_P30690.csv.aln
/home/user/thesis/scripts/BlastOut_datasetTMB/BlastOut_datasetTMB_unirefOMBB100/top10BlastSplit/fasta/tmbcoffee/BlastOut_datasetTMB_unirefOMBB100_P35818.csv.aln
/home/user/thesis/scripts/BlastOut_datasetTMB/BlastOut_datasetTMB_unirefOMBB100/top10BlastSplit/fasta/tmbcoffee/BlastOut_datasetTMB_unirefOMBB100_P43261.csv.aln
/home/user/thesis/scripts/BlastOut_datasetTMB/BlastOut_datasetTMB_unirefOMBB100/top10BlastSplit/fasta/tmbcoffee/BlastOut_datasetTMB_unirefOMBB100_P46359.csv.aln
/home/user/thesis/scripts/BlastOut_datasetTMB/BlastOut_datasetTMB_unirefOMBB100/top10BlastSplit/fasta/tmbcoffee/BlastOut_datasetTMB_unirefOMBB100_P48632.csv.aln
/home/user/thesis/scripts/BlastOut_datasetTMB/BlastOut_datasetTMB_unirefOMBB100/top10BlastSplit/fasta/tmbcoffee/BlastOut_datasetTMB_unirefOMBB100_P69434.csv.aln
/home/user/thesis/scripts/BlastOut_datasetTMB/BlastOut_datasetTMB_unirefOMBB100/top10BlastSplit/fasta/tmbcoffee/BlastOut_datasetTMB_unirefOMBB100_P69856.csv.aln
/home/user/thesis/scripts/BlastOut_datasetTMB/BlastOut_datasetTMB_unirefOMBB100/top10BlastSplit/fasta/tmbcoffee/BlastOut_datasetTMB_unirefOMBB100_P69857.csv.aln
/home/user/thesis/scripts/BlastOut_datasetTMB/BlastOut_datasetTMB_unirefOMBB100/top10BlastSplit/fasta/tmbcoffee/BlastOut_datasetTMB_unirefOMBB100_P69858.csv.aln
/home/user/thesis/scripts/BlastOut_datasetTMB/BlastOut_datasetTMB_unirefOMBB100/top10BlastSplit/fasta/tmbcoffee/BlastOut_datasetTMB_unirefOMBB100_P75780.csv.aln
/home/user/thesis/scripts/BlastOut_datasetTMB/BlastOut_datasetTMB_unirefOMBB100/top10BlastSplit/fasta/tmbcoffee/BlastOut_datasetTMB_unirefOMBB100_P76045.csv.aln
/home/user/thesis/scripts/BlastOut_datasetTMB/BlastOut_datasetTMB_unirefOMBB100/top10BlastSplit/fasta/tmbcoffee/BlastOut_datasetTMB_unirefOMBB100_P77774.csv.aln
/home/user/thesis/scripts/BlastOut_datasetTMB/BlastOut_datasetTMB_unirefOMBB100/top10BlastSplit/fasta/tmbcoffee/BlastOut_datasetTMB_unirefOMBB100_Q03155.csv.aln
/home/user/thesis/scripts/BlastOut_datasetTMB/BlastOut_datasetTMB_unirefOMBB100/top10BlastSplit/fasta/tmbcoffee/BlastOut_datasetTMB_unirefOMBB100_Q04884.csv.aln
/home/user/thesis/scripts/BlastOut_datasetTMB/BlastOut_datasetTMB_unirefOMBB100/top10BlastSplit/fasta/tmbcoffee/BlastOut_datasetTMB_unirefOMBB100_Q05098.csv.aln
/home/user/thesis/scripts/BlastOut_datasetTMB/BlastOut_datasetTMB_unirefOMBB100/top10BlastSplit/fasta/tmbcoffee/BlastOut_datasetTMB_unirefOMBB100_Q2FFA2.csv.aln
/home/user/thesis/scripts/BlastOut_datasetTMB/BlastOut_datasetTMB_unirefOMBB100/top10BlastSplit/fasta/tmbcoffee/BlastOut_datasetTMB_unirefOMBB100_Q45340.csv.aln
/home/user/thesis/scripts/BlastOut_datasetTMB/BlastOut_datasetTMB_unirefOMBB100/top10BlastSplit/fasta/tmbcoffee/BlastOut_datasetTMB_unirefOMBB100_Q48473.csv.aln
/home/user/thesis/scripts/BlastOut_datasetTMB/BlastOut_datasetTMB_unirefOMBB100/top10BlastSplit/fasta/tmbcoffee/BlastOut_datasetTMB_unirefOMBB100_Q54450.csv.aln
/home/user/thesis/scripts/BlastOut_datasetTMB/BlastOut_datasetTMB_unirefOMBB100/top10BlastSplit/fasta/tmbcoffee/BlastOut_datasetTMB_unirefOMBB100_Q5Y4Y6.csv.aln
/home/user/thesis/scripts/BlastOut_datasetTMB/BlastOut_datasetTMB_unirefOMBB100/top10BlastSplit/fasta/tmbcoffee/BlastOut_datasetTMB_unirefOMBB100_Q7BCK4.csv.aln
/home/user/thesis/scripts/BlastOut_datasetTMB/BlastOut_datasetTMB_unirefOMBB100/top10BlastSplit/fasta/tmbcoffee/BlastOut_datasetTMB_unirefOMBB100_Q7BSW5.csv.aln
/home/user/thesis/scripts/BlastOut_datasetTMB/BlastOut_datasetTMB_unirefOMBB100/top10BlastSplit/fasta/tmbcoffee/BlastOut_datasetTMB_unirefOMBB100_Q8CVI4.csv.aln
/home/user/thesis/scripts/BlastOut_datasetTMB/BlastOut_datasetTMB_unirefOMBB100/top10BlastSplit/fasta/tmbcoffee/BlastOut_datasetTMB_unirefOMBB100_Q8CVW1.csv.aln
/home/user/thesis/scripts/BlastOut_datasetTMB/BlastOut_datasetTMB_unirefOMBB100/top10BlastSplit/fasta/tmbcoffee/BlastOut_datasetTMB_unirefOMBB100_Q8ZRP0.csv.aln
/home/user/thesis/scripts/BlastOut_datasetTMB/BlastOut_datasetTMB_unirefOMBB100/top10BlastSplit/fasta/tmbcoffee/BlastOut_datasetTMB_unirefOMBB100_Q934G3.csv.aln
/home/user/thesis/scripts/BlastOut_datasetTMB/BlastOut_datasetTMB_unirefOMBB100/top10BlastSplit/fasta/tmbcoffee/BlastOut_datasetTMB_unirefOMBB100_Q9HVD1.csv.aln
/home/user/thesis/scripts/BlastOut_datasetTMB/BlastOut_datasetTMB_unirefOMBB100/top10BlastSplit/fasta/tmbcoffee/BlastOut_datasetTMB_unirefOMBB100_Q9I5U2.csv.aln
/home/user/thesis/scripts/BlastOut_datasetTMB/BlastOut_datasetTMB_unirefOMBB100/top10BlastSplit/fasta/tmbcoffee/BlastOut_datasetTMB_unirefOMBB100_Q9JZN9.csv.aln
