/home/user/thesis/scripts/BlastOut_datasetTMB/BlastOut_datasetTMB_unirefOMBB100/top25BlastSplit/fasta/tcoffee/BlastOut_datasetTMB_unirefOMBB100_O33407.csv.aln
0.892
/home/user/thesis/scripts/BlastOut_datasetTMB/BlastOut_datasetTMB_unirefOMBB100/top25BlastSplit/fasta/tcoffee/BlastOut_datasetTMB_unirefOMBB100_O88093.csv.aln
1.000
/home/user/thesis/scripts/BlastOut_datasetTMB/BlastOut_datasetTMB_unirefOMBB100/top25BlastSplit/fasta/tcoffee/BlastOut_datasetTMB_unirefOMBB100_P00747.csv.aln
0.487
/home/user/thesis/scripts/BlastOut_datasetTMB/BlastOut_datasetTMB_unirefOMBB100/top25BlastSplit/fasta/tcoffee/BlastOut_datasetTMB_unirefOMBB100_P02929.csv.aln
0.640
/home/user/thesis/scripts/BlastOut_datasetTMB/BlastOut_datasetTMB_unirefOMBB100/top25BlastSplit/fasta/tcoffee/BlastOut_datasetTMB_unirefOMBB100_P05430.csv.aln
1.459
/home/user/thesis/scripts/BlastOut_datasetTMB/BlastOut_datasetTMB_unirefOMBB100/top25BlastSplit/fasta/tcoffee/BlastOut_datasetTMB_unirefOMBB100_P05825.csv.aln
0.362
/home/user/thesis/scripts/BlastOut_datasetTMB/BlastOut_datasetTMB_unirefOMBB100/top25BlastSplit/fasta/tcoffee/BlastOut_datasetTMB_unirefOMBB100_P06129.csv.aln
0.478
/home/user/thesis/scripts/BlastOut_datasetTMB/BlastOut_datasetTMB_unirefOMBB100/top25BlastSplit/fasta/tcoffee/BlastOut_datasetTMB_unirefOMBB100_P09169.csv.aln
0.636
/home/user/thesis/scripts/BlastOut_datasetTMB/BlastOut_datasetTMB_unirefOMBB100/top25BlastSplit/fasta/tcoffee/BlastOut_datasetTMB_unirefOMBB100_P09616.csv.aln
3.790
/home/user/thesis/scripts/BlastOut_datasetTMB/BlastOut_datasetTMB_unirefOMBB100/top25BlastSplit/fasta/tcoffee/BlastOut_datasetTMB_unirefOMBB100_P0A903.csv.aln
0.807
/home/user/thesis/scripts/BlastOut_datasetTMB/BlastOut_datasetTMB_unirefOMBB100/top25BlastSplit/fasta/tcoffee/BlastOut_datasetTMB_unirefOMBB100_P0A910.csv.aln
0.727
/home/user/thesis/scripts/BlastOut_datasetTMB/BlastOut_datasetTMB_unirefOMBB100/top25BlastSplit/fasta/tcoffee/BlastOut_datasetTMB_unirefOMBB100_P0A911.csv.aln
0.727
/home/user/thesis/scripts/BlastOut_datasetTMB/BlastOut_datasetTMB_unirefOMBB100/top25BlastSplit/fasta/tcoffee/BlastOut_datasetTMB_unirefOMBB100_P0A915.csv.aln
0.399
/home/user/thesis/scripts/BlastOut_datasetTMB/BlastOut_datasetTMB_unirefOMBB100/top25BlastSplit/fasta/tcoffee/BlastOut_datasetTMB_unirefOMBB100_P0A916.csv.aln
0.399
/home/user/thesis/scripts/BlastOut_datasetTMB/BlastOut_datasetTMB_unirefOMBB100/top25BlastSplit/fasta/tcoffee/BlastOut_datasetTMB_unirefOMBB100_P0A917.csv.aln
0.813
/home/user/thesis/scripts/BlastOut_datasetTMB/BlastOut_datasetTMB_unirefOMBB100/top25BlastSplit/fasta/tcoffee/BlastOut_datasetTMB_unirefOMBB100_P0A918.csv.aln
0.813
/home/user/thesis/scripts/BlastOut_datasetTMB/BlastOut_datasetTMB_unirefOMBB100/top25BlastSplit/fasta/tcoffee/BlastOut_datasetTMB_unirefOMBB100_P0A919.csv.aln
0.813
/home/user/thesis/scripts/BlastOut_datasetTMB/BlastOut_datasetTMB_unirefOMBB100/top25BlastSplit/fasta/tcoffee/BlastOut_datasetTMB_unirefOMBB100_P0A920.csv.aln
0.813
/home/user/thesis/scripts/BlastOut_datasetTMB/BlastOut_datasetTMB_unirefOMBB100/top25BlastSplit/fasta/tcoffee/BlastOut_datasetTMB_unirefOMBB100_P0A937.csv.aln
1.170
/home/user/thesis/scripts/BlastOut_datasetTMB/BlastOut_datasetTMB_unirefOMBB100/top25BlastSplit/fasta/tcoffee/BlastOut_datasetTMB_unirefOMBB100_P0A940.csv.aln
0.798
/home/user/thesis/scripts/BlastOut_datasetTMB/BlastOut_datasetTMB_unirefOMBB100/top25BlastSplit/fasta/tcoffee/BlastOut_datasetTMB_unirefOMBB100_P0A941.csv.aln
0.798
/home/user/thesis/scripts/BlastOut_datasetTMB/BlastOut_datasetTMB_unirefOMBB100/top25BlastSplit/fasta/tcoffee/BlastOut_datasetTMB_unirefOMBB100_P0A942.csv.aln
0.798
/home/user/thesis/scripts/BlastOut_datasetTMB/BlastOut_datasetTMB_unirefOMBB100/top25BlastSplit/fasta/tcoffee/BlastOut_datasetTMB_unirefOMBB100_P0A943.csv.aln
0.798
/home/user/thesis/scripts/BlastOut_datasetTMB/BlastOut_datasetTMB_unirefOMBB100/top25BlastSplit/fasta/tcoffee/BlastOut_datasetTMB_unirefOMBB100_P0AC02.csv.aln
0.665
/home/user/thesis/scripts/BlastOut_datasetTMB/BlastOut_datasetTMB_unirefOMBB100/top25BlastSplit/fasta/tcoffee/BlastOut_datasetTMB_unirefOMBB100_P0ADE4.csv.aln
0.895
/home/user/thesis/scripts/BlastOut_datasetTMB/BlastOut_datasetTMB_unirefOMBB100/top25BlastSplit/fasta/tcoffee/BlastOut_datasetTMB_unirefOMBB100_P0ADE5.csv.aln
0.895
/home/user/thesis/scripts/BlastOut_datasetTMB/BlastOut_datasetTMB_unirefOMBB100/top25BlastSplit/fasta/tcoffee/BlastOut_datasetTMB_unirefOMBB100_P10384.csv.aln
0.764
/home/user/thesis/scripts/BlastOut_datasetTMB/BlastOut_datasetTMB_unirefOMBB100/top25BlastSplit/fasta/tcoffee/BlastOut_datasetTMB_unirefOMBB100_P13036.csv.aln
0.464
/home/user/thesis/scripts/BlastOut_datasetTMB/BlastOut_datasetTMB_unirefOMBB100/top25BlastSplit/fasta/tcoffee/BlastOut_datasetTMB_unirefOMBB100_P13794.csv.aln
0.606
/home/user/thesis/scripts/BlastOut_datasetTMB/BlastOut_datasetTMB_unirefOMBB100/top25BlastSplit/fasta/tcoffee/BlastOut_datasetTMB_unirefOMBB100_P17315.csv.aln
0.431
/home/user/thesis/scripts/BlastOut_datasetTMB/BlastOut_datasetTMB_unirefOMBB100/top25BlastSplit/fasta/tcoffee/BlastOut_datasetTMB_unirefOMBB100_P17811.csv.aln
0.393
/home/user/thesis/scripts/BlastOut_datasetTMB/BlastOut_datasetTMB_unirefOMBB100/top25BlastSplit/fasta/tcoffee/BlastOut_datasetTMB_unirefOMBB100_P24017.csv.aln
0.746
/home/user/thesis/scripts/BlastOut_datasetTMB/BlastOut_datasetTMB_unirefOMBB100/top25BlastSplit/fasta/tcoffee/BlastOut_datasetTMB_unirefOMBB100_P24305.csv.aln
0.258
/home/user/thesis/scripts/BlastOut_datasetTMB/BlastOut_datasetTMB_unirefOMBB100/top25BlastSplit/fasta/tcoffee/BlastOut_datasetTMB_unirefOMBB100_P30690.csv.aln
0.188
/home/user/thesis/scripts/BlastOut_datasetTMB/BlastOut_datasetTMB_unirefOMBB100/top25BlastSplit/fasta/tcoffee/BlastOut_datasetTMB_unirefOMBB100_P35818.csv.aln
2.364
/home/user/thesis/scripts/BlastOut_datasetTMB/BlastOut_datasetTMB_unirefOMBB100/top25BlastSplit/fasta/tcoffee/BlastOut_datasetTMB_unirefOMBB100_P46359.csv.aln
0.268
/home/user/thesis/scripts/BlastOut_datasetTMB/BlastOut_datasetTMB_unirefOMBB100/top25BlastSplit/fasta/tcoffee/BlastOut_datasetTMB_unirefOMBB100_P69434.csv.aln
0.360
/home/user/thesis/scripts/BlastOut_datasetTMB/BlastOut_datasetTMB_unirefOMBB100/top25BlastSplit/fasta/tcoffee/BlastOut_datasetTMB_unirefOMBB100_P69856.csv.aln
0.209
/home/user/thesis/scripts/BlastOut_datasetTMB/BlastOut_datasetTMB_unirefOMBB100/top25BlastSplit/fasta/tcoffee/BlastOut_datasetTMB_unirefOMBB100_P69857.csv.aln
0.209
/home/user/thesis/scripts/BlastOut_datasetTMB/BlastOut_datasetTMB_unirefOMBB100/top25BlastSplit/fasta/tcoffee/BlastOut_datasetTMB_unirefOMBB100_P69858.csv.aln
0.209
/home/user/thesis/scripts/BlastOut_datasetTMB/BlastOut_datasetTMB_unirefOMBB100/top25BlastSplit/fasta/tcoffee/BlastOut_datasetTMB_unirefOMBB100_P76045.csv.aln
0.218
/home/user/thesis/scripts/BlastOut_datasetTMB/BlastOut_datasetTMB_unirefOMBB100/top25BlastSplit/fasta/tcoffee/BlastOut_datasetTMB_unirefOMBB100_P77774.csv.aln
0.590
/home/user/thesis/scripts/BlastOut_datasetTMB/BlastOut_datasetTMB_unirefOMBB100/top25BlastSplit/fasta/tcoffee/BlastOut_datasetTMB_unirefOMBB100_Q03155.csv.aln
0.920
/home/user/thesis/scripts/BlastOut_datasetTMB/BlastOut_datasetTMB_unirefOMBB100/top25BlastSplit/fasta/tcoffee/BlastOut_datasetTMB_unirefOMBB100_Q04884.csv.aln
1.000
/home/user/thesis/scripts/BlastOut_datasetTMB/BlastOut_datasetTMB_unirefOMBB100/top25BlastSplit/fasta/tcoffee/BlastOut_datasetTMB_unirefOMBB100_Q05098.csv.aln
0.404
/home/user/thesis/scripts/BlastOut_datasetTMB/BlastOut_datasetTMB_unirefOMBB100/top25BlastSplit/fasta/tcoffee/BlastOut_datasetTMB_unirefOMBB100_Q45340.csv.aln
0.979
/home/user/thesis/scripts/BlastOut_datasetTMB/BlastOut_datasetTMB_unirefOMBB100/top25BlastSplit/fasta/tcoffee/BlastOut_datasetTMB_unirefOMBB100_Q7BCK4.csv.aln
1.000
/home/user/thesis/scripts/BlastOut_datasetTMB/BlastOut_datasetTMB_unirefOMBB100/top25BlastSplit/fasta/tcoffee/BlastOut_datasetTMB_unirefOMBB100_Q7BSW5.csv.aln
1.000
/home/user/thesis/scripts/BlastOut_datasetTMB/BlastOut_datasetTMB_unirefOMBB100/top25BlastSplit/fasta/tcoffee/BlastOut_datasetTMB_unirefOMBB100_Q8ZRP0.csv.aln
0.800
/home/user/thesis/scripts/BlastOut_datasetTMB/BlastOut_datasetTMB_unirefOMBB100/top25BlastSplit/fasta/tcoffee/BlastOut_datasetTMB_unirefOMBB100_Q9HVD1.csv.aln
0.250
/home/user/thesis/scripts/BlastOut_datasetTMB/BlastOut_datasetTMB_unirefOMBB100/top25BlastSplit/fasta/tcoffee/BlastOut_datasetTMB_unirefOMBB100_Q9I5U2.csv.aln
1.253
/home/user/thesis/scripts/BlastOut_datasetTMB/BlastOut_datasetTMB_unirefOMBB100/top25BlastSplit/fasta/tcoffee/BlastOut_datasetTMB_unirefOMBB100_Q9JZN9.csv.aln
0.413
