/home/user/thesis/scripts/BlastOut_datasetTMB/BlastOut_datasetTMB_OMPdb70/top10BlastSplit/fasta/aln/BlastOut_datasetTMB_OMPdb70_A0QR29.csv.aln
0.188
/home/user/thesis/scripts/BlastOut_datasetTMB/BlastOut_datasetTMB_OMPdb70/top10BlastSplit/fasta/aln/BlastOut_datasetTMB_OMPdb70_A1JUB7.csv.aln
0.406
/home/user/thesis/scripts/BlastOut_datasetTMB/BlastOut_datasetTMB_OMPdb70/top10BlastSplit/fasta/aln/BlastOut_datasetTMB_OMPdb70_A5F934.csv.aln
1.000
/home/user/thesis/scripts/BlastOut_datasetTMB/BlastOut_datasetTMB_OMPdb70/top10BlastSplit/fasta/aln/BlastOut_datasetTMB_OMPdb70_E3PJ86.csv.aln
0.587
/home/user/thesis/scripts/BlastOut_datasetTMB/BlastOut_datasetTMB_OMPdb70/top10BlastSplit/fasta/aln/BlastOut_datasetTMB_OMPdb70_E6MXW0.csv.aln
0.804
/home/user/thesis/scripts/BlastOut_datasetTMB/BlastOut_datasetTMB_OMPdb70/top10BlastSplit/fasta/aln/BlastOut_datasetTMB_OMPdb70_O18423.csv.aln
0.095
/home/user/thesis/scripts/BlastOut_datasetTMB/BlastOut_datasetTMB_OMPdb70/top10BlastSplit/fasta/aln/BlastOut_datasetTMB_OMPdb70_O33407.csv.aln
0.562
/home/user/thesis/scripts/BlastOut_datasetTMB/BlastOut_datasetTMB_OMPdb70/top10BlastSplit/fasta/aln/BlastOut_datasetTMB_OMPdb70_O88093.csv.aln
0.578
/home/user/thesis/scripts/BlastOut_datasetTMB/BlastOut_datasetTMB_OMPdb70/top10BlastSplit/fasta/aln/BlastOut_datasetTMB_OMPdb70_P00646.csv.aln
0.092
/home/user/thesis/scripts/BlastOut_datasetTMB/BlastOut_datasetTMB_OMPdb70/top10BlastSplit/fasta/aln/BlastOut_datasetTMB_OMPdb70_P00747.csv.aln
0.524
/home/user/thesis/scripts/BlastOut_datasetTMB/BlastOut_datasetTMB_OMPdb70/top10BlastSplit/fasta/aln/BlastOut_datasetTMB_OMPdb70_P01031.csv.aln
0.103
/home/user/thesis/scripts/BlastOut_datasetTMB/BlastOut_datasetTMB_OMPdb70/top10BlastSplit/fasta/aln/BlastOut_datasetTMB_OMPdb70_P02929.csv.aln
0.279
/home/user/thesis/scripts/BlastOut_datasetTMB/BlastOut_datasetTMB_OMPdb70/top10BlastSplit/fasta/aln/BlastOut_datasetTMB_OMPdb70_P02930.csv.aln
0.532
/home/user/thesis/scripts/BlastOut_datasetTMB/BlastOut_datasetTMB_OMPdb70/top10BlastSplit/fasta/aln/BlastOut_datasetTMB_OMPdb70_P02931.csv.aln
0.898
/home/user/thesis/scripts/BlastOut_datasetTMB/BlastOut_datasetTMB_OMPdb70/top10BlastSplit/fasta/aln/BlastOut_datasetTMB_OMPdb70_P02932.csv.aln
0.629
/home/user/thesis/scripts/BlastOut_datasetTMB/BlastOut_datasetTMB_OMPdb70/top10BlastSplit/fasta/aln/BlastOut_datasetTMB_OMPdb70_P02943.csv.aln
0.362
/home/user/thesis/scripts/BlastOut_datasetTMB/BlastOut_datasetTMB_OMPdb70/top10BlastSplit/fasta/aln/BlastOut_datasetTMB_OMPdb70_P05430.csv.aln
0.744
/home/user/thesis/scripts/BlastOut_datasetTMB/BlastOut_datasetTMB_OMPdb70/top10BlastSplit/fasta/aln/BlastOut_datasetTMB_OMPdb70_P05695.csv.aln
0.756
/home/user/thesis/scripts/BlastOut_datasetTMB/BlastOut_datasetTMB_OMPdb70/top10BlastSplit/fasta/aln/BlastOut_datasetTMB_OMPdb70_P05825.csv.aln
0.640
/home/user/thesis/scripts/BlastOut_datasetTMB/BlastOut_datasetTMB_OMPdb70/top10BlastSplit/fasta/aln/BlastOut_datasetTMB_OMPdb70_P06129.csv.aln
0.563
/home/user/thesis/scripts/BlastOut_datasetTMB/BlastOut_datasetTMB_OMPdb70/top10BlastSplit/fasta/aln/BlastOut_datasetTMB_OMPdb70_P06716.csv.aln
0.096
/home/user/thesis/scripts/BlastOut_datasetTMB/BlastOut_datasetTMB_OMPdb70/top10BlastSplit/fasta/aln/BlastOut_datasetTMB_OMPdb70_P06970.csv.aln
0.524
/home/user/thesis/scripts/BlastOut_datasetTMB/BlastOut_datasetTMB_OMPdb70/top10BlastSplit/fasta/aln/BlastOut_datasetTMB_OMPdb70_P06971.csv.aln
0.584
/home/user/thesis/scripts/BlastOut_datasetTMB/BlastOut_datasetTMB_OMPdb70/top10BlastSplit/fasta/aln/BlastOut_datasetTMB_OMPdb70_P06996.csv.aln
0.717
/home/user/thesis/scripts/BlastOut_datasetTMB/BlastOut_datasetTMB_OMPdb70/top10BlastSplit/fasta/aln/BlastOut_datasetTMB_OMPdb70_P07110.csv.aln
0.574
/home/user/thesis/scripts/BlastOut_datasetTMB/BlastOut_datasetTMB_OMPdb70/top10BlastSplit/fasta/aln/BlastOut_datasetTMB_OMPdb70_P08189.csv.aln
0.142
/home/user/thesis/scripts/BlastOut_datasetTMB/BlastOut_datasetTMB_OMPdb70/top10BlastSplit/fasta/aln/BlastOut_datasetTMB_OMPdb70_P08190.csv.aln
0.130
/home/user/thesis/scripts/BlastOut_datasetTMB/BlastOut_datasetTMB_OMPdb70/top10BlastSplit/fasta/aln/BlastOut_datasetTMB_OMPdb70_P08191.csv.aln
0.120
/home/user/thesis/scripts/BlastOut_datasetTMB/BlastOut_datasetTMB_OMPdb70/top10BlastSplit/fasta/aln/BlastOut_datasetTMB_OMPdb70_P09167.csv.aln
0.144
/home/user/thesis/scripts/BlastOut_datasetTMB/BlastOut_datasetTMB_OMPdb70/top10BlastSplit/fasta/aln/BlastOut_datasetTMB_OMPdb70_P09169.csv.aln
0.426
/home/user/thesis/scripts/BlastOut_datasetTMB/BlastOut_datasetTMB_OMPdb70/top10BlastSplit/fasta/aln/BlastOut_datasetTMB_OMPdb70_P09545.csv.aln
0.133
/home/user/thesis/scripts/BlastOut_datasetTMB/BlastOut_datasetTMB_OMPdb70/top10BlastSplit/fasta/aln/BlastOut_datasetTMB_OMPdb70_P0A071.csv.aln
0.060
/home/user/thesis/scripts/BlastOut_datasetTMB/BlastOut_datasetTMB_OMPdb70/top10BlastSplit/fasta/aln/BlastOut_datasetTMB_OMPdb70_P0A074.csv.aln
0.060
/home/user/thesis/scripts/BlastOut_datasetTMB/BlastOut_datasetTMB_OMPdb70/top10BlastSplit/fasta/aln/BlastOut_datasetTMB_OMPdb70_P0A077.csv.aln
0.120
/home/user/thesis/scripts/BlastOut_datasetTMB/BlastOut_datasetTMB_OMPdb70/top10BlastSplit/fasta/aln/BlastOut_datasetTMB_OMPdb70_P0A232.csv.aln
0.567
/home/user/thesis/scripts/BlastOut_datasetTMB/BlastOut_datasetTMB_OMPdb70/top10BlastSplit/fasta/aln/BlastOut_datasetTMB_OMPdb70_P0A263.csv.aln
0.848
/home/user/thesis/scripts/BlastOut_datasetTMB/BlastOut_datasetTMB_OMPdb70/top10BlastSplit/fasta/aln/BlastOut_datasetTMB_OMPdb70_P0A264.csv.aln
0.848
/home/user/thesis/scripts/BlastOut_datasetTMB/BlastOut_datasetTMB_OMPdb70/top10BlastSplit/fasta/aln/BlastOut_datasetTMB_OMPdb70_P0A903.csv.aln
0.103
/home/user/thesis/scripts/BlastOut_datasetTMB/BlastOut_datasetTMB_OMPdb70/top10BlastSplit/fasta/aln/BlastOut_datasetTMB_OMPdb70_P0A910.csv.aln
0.710
/home/user/thesis/scripts/BlastOut_datasetTMB/BlastOut_datasetTMB_OMPdb70/top10BlastSplit/fasta/aln/BlastOut_datasetTMB_OMPdb70_P0A911.csv.aln
0.710
/home/user/thesis/scripts/BlastOut_datasetTMB/BlastOut_datasetTMB_OMPdb70/top10BlastSplit/fasta/aln/BlastOut_datasetTMB_OMPdb70_P0A915.csv.aln
0.652
/home/user/thesis/scripts/BlastOut_datasetTMB/BlastOut_datasetTMB_OMPdb70/top10BlastSplit/fasta/aln/BlastOut_datasetTMB_OMPdb70_P0A916.csv.aln
0.652
/home/user/thesis/scripts/BlastOut_datasetTMB/BlastOut_datasetTMB_OMPdb70/top10BlastSplit/fasta/aln/BlastOut_datasetTMB_OMPdb70_P0A917.csv.aln
0.627
/home/user/thesis/scripts/BlastOut_datasetTMB/BlastOut_datasetTMB_OMPdb70/top10BlastSplit/fasta/aln/BlastOut_datasetTMB_OMPdb70_P0A918.csv.aln
0.627
/home/user/thesis/scripts/BlastOut_datasetTMB/BlastOut_datasetTMB_OMPdb70/top10BlastSplit/fasta/aln/BlastOut_datasetTMB_OMPdb70_P0A919.csv.aln
0.627
/home/user/thesis/scripts/BlastOut_datasetTMB/BlastOut_datasetTMB_OMPdb70/top10BlastSplit/fasta/aln/BlastOut_datasetTMB_OMPdb70_P0A920.csv.aln
0.627
/home/user/thesis/scripts/BlastOut_datasetTMB/BlastOut_datasetTMB_OMPdb70/top10BlastSplit/fasta/aln/BlastOut_datasetTMB_OMPdb70_P0A921.csv.aln
0.567
/home/user/thesis/scripts/BlastOut_datasetTMB/BlastOut_datasetTMB_OMPdb70/top10BlastSplit/fasta/aln/BlastOut_datasetTMB_OMPdb70_P0A922.csv.aln
0.567
/home/user/thesis/scripts/BlastOut_datasetTMB/BlastOut_datasetTMB_OMPdb70/top10BlastSplit/fasta/aln/BlastOut_datasetTMB_OMPdb70_P0A923.csv.aln
0.567
/home/user/thesis/scripts/BlastOut_datasetTMB/BlastOut_datasetTMB_OMPdb70/top10BlastSplit/fasta/aln/BlastOut_datasetTMB_OMPdb70_P0A927.csv.aln
0.607
/home/user/thesis/scripts/BlastOut_datasetTMB/BlastOut_datasetTMB_OMPdb70/top10BlastSplit/fasta/aln/BlastOut_datasetTMB_OMPdb70_P0A928.csv.aln
0.607
/home/user/thesis/scripts/BlastOut_datasetTMB/BlastOut_datasetTMB_OMPdb70/top10BlastSplit/fasta/aln/BlastOut_datasetTMB_OMPdb70_P0A929.csv.aln
0.607
/home/user/thesis/scripts/BlastOut_datasetTMB/BlastOut_datasetTMB_OMPdb70/top10BlastSplit/fasta/aln/BlastOut_datasetTMB_OMPdb70_P0A937.csv.aln
0.489
/home/user/thesis/scripts/BlastOut_datasetTMB/BlastOut_datasetTMB_OMPdb70/top10BlastSplit/fasta/aln/BlastOut_datasetTMB_OMPdb70_P0A940.csv.aln
0.655
/home/user/thesis/scripts/BlastOut_datasetTMB/BlastOut_datasetTMB_OMPdb70/top10BlastSplit/fasta/aln/BlastOut_datasetTMB_OMPdb70_P0A941.csv.aln
0.655
/home/user/thesis/scripts/BlastOut_datasetTMB/BlastOut_datasetTMB_OMPdb70/top10BlastSplit/fasta/aln/BlastOut_datasetTMB_OMPdb70_P0A942.csv.aln
0.655
/home/user/thesis/scripts/BlastOut_datasetTMB/BlastOut_datasetTMB_OMPdb70/top10BlastSplit/fasta/aln/BlastOut_datasetTMB_OMPdb70_P0A943.csv.aln
0.655
/home/user/thesis/scripts/BlastOut_datasetTMB/BlastOut_datasetTMB_OMPdb70/top10BlastSplit/fasta/aln/BlastOut_datasetTMB_OMPdb70_P0AC02.csv.aln
0.126
/home/user/thesis/scripts/BlastOut_datasetTMB/BlastOut_datasetTMB_OMPdb70/top10BlastSplit/fasta/aln/BlastOut_datasetTMB_OMPdb70_P0ADE4.csv.aln
0.506
/home/user/thesis/scripts/BlastOut_datasetTMB/BlastOut_datasetTMB_OMPdb70/top10BlastSplit/fasta/aln/BlastOut_datasetTMB_OMPdb70_P0ADE5.csv.aln
0.506
/home/user/thesis/scripts/BlastOut_datasetTMB/BlastOut_datasetTMB_OMPdb70/top10BlastSplit/fasta/aln/BlastOut_datasetTMB_OMPdb70_P0AEA2.csv.aln
0.561
/home/user/thesis/scripts/BlastOut_datasetTMB/BlastOut_datasetTMB_OMPdb70/top10BlastSplit/fasta/aln/BlastOut_datasetTMB_OMPdb70_P0C2W0.csv.aln
0.439
/home/user/thesis/scripts/BlastOut_datasetTMB/BlastOut_datasetTMB_OMPdb70/top10BlastSplit/fasta/aln/BlastOut_datasetTMB_OMPdb70_P0C6Q6.csv.aln
1.000
/home/user/thesis/scripts/BlastOut_datasetTMB/BlastOut_datasetTMB_OMPdb70/top10BlastSplit/fasta/aln/BlastOut_datasetTMB_OMPdb70_P0DH58.csv.aln
0.736
/home/user/thesis/scripts/BlastOut_datasetTMB/BlastOut_datasetTMB_OMPdb70/top10BlastSplit/fasta/aln/BlastOut_datasetTMB_OMPdb70_P10384.csv.aln
0.945
/home/user/thesis/scripts/BlastOut_datasetTMB/BlastOut_datasetTMB_OMPdb70/top10BlastSplit/fasta/aln/BlastOut_datasetTMB_OMPdb70_P11922.csv.aln
0.837
/home/user/thesis/scripts/BlastOut_datasetTMB/BlastOut_datasetTMB_OMPdb70/top10BlastSplit/fasta/aln/BlastOut_datasetTMB_OMPdb70_P13036.csv.aln
0.677
/home/user/thesis/scripts/BlastOut_datasetTMB/BlastOut_datasetTMB_OMPdb70/top10BlastSplit/fasta/aln/BlastOut_datasetTMB_OMPdb70_P13423.csv.aln
0.093
/home/user/thesis/scripts/BlastOut_datasetTMB/BlastOut_datasetTMB_OMPdb70/top10BlastSplit/fasta/aln/BlastOut_datasetTMB_OMPdb70_P13794.csv.aln
0.712
/home/user/thesis/scripts/BlastOut_datasetTMB/BlastOut_datasetTMB_OMPdb70/top10BlastSplit/fasta/aln/BlastOut_datasetTMB_OMPdb70_P16869.csv.aln
0.546
/home/user/thesis/scripts/BlastOut_datasetTMB/BlastOut_datasetTMB_OMPdb70/top10BlastSplit/fasta/aln/BlastOut_datasetTMB_OMPdb70_P17315.csv.aln
0.687
/home/user/thesis/scripts/BlastOut_datasetTMB/BlastOut_datasetTMB_OMPdb70/top10BlastSplit/fasta/aln/BlastOut_datasetTMB_OMPdb70_P17811.csv.aln
0.561
/home/user/thesis/scripts/BlastOut_datasetTMB/BlastOut_datasetTMB_OMPdb70/top10BlastSplit/fasta/aln/BlastOut_datasetTMB_OMPdb70_P18195.csv.aln
0.734
/home/user/thesis/scripts/BlastOut_datasetTMB/BlastOut_datasetTMB_OMPdb70/top10BlastSplit/fasta/aln/BlastOut_datasetTMB_OMPdb70_P18895.csv.aln
0.621
/home/user/thesis/scripts/BlastOut_datasetTMB/BlastOut_datasetTMB_OMPdb70/top10BlastSplit/fasta/aln/BlastOut_datasetTMB_OMPdb70_P19809.csv.aln
0.634
/home/user/thesis/scripts/BlastOut_datasetTMB/BlastOut_datasetTMB_OMPdb70/top10BlastSplit/fasta/aln/BlastOut_datasetTMB_OMPdb70_P21796.csv.aln
0.153
/home/user/thesis/scripts/BlastOut_datasetTMB/BlastOut_datasetTMB_OMPdb70/top10BlastSplit/fasta/aln/BlastOut_datasetTMB_OMPdb70_P22340.csv.aln
0.709
/home/user/thesis/scripts/BlastOut_datasetTMB/BlastOut_datasetTMB_OMPdb70/top10BlastSplit/fasta/aln/BlastOut_datasetTMB_OMPdb70_P24017.csv.aln
0.655
/home/user/thesis/scripts/BlastOut_datasetTMB/BlastOut_datasetTMB_OMPdb70/top10BlastSplit/fasta/aln/BlastOut_datasetTMB_OMPdb70_P24305.csv.aln
0.737
/home/user/thesis/scripts/BlastOut_datasetTMB/BlastOut_datasetTMB_OMPdb70/top10BlastSplit/fasta/aln/BlastOut_datasetTMB_OMPdb70_P24391.csv.aln
0.118
/home/user/thesis/scripts/BlastOut_datasetTMB/BlastOut_datasetTMB_OMPdb70/top10BlastSplit/fasta/aln/BlastOut_datasetTMB_OMPdb70_P26466.csv.aln
0.374
/home/user/thesis/scripts/BlastOut_datasetTMB/BlastOut_datasetTMB_OMPdb70/top10BlastSplit/fasta/aln/BlastOut_datasetTMB_OMPdb70_P30130.csv.aln
0.590
/home/user/thesis/scripts/BlastOut_datasetTMB/BlastOut_datasetTMB_OMPdb70/top10BlastSplit/fasta/aln/BlastOut_datasetTMB_OMPdb70_P30690.csv.aln
0.701
/home/user/thesis/scripts/BlastOut_datasetTMB/BlastOut_datasetTMB_OMPdb70/top10BlastSplit/fasta/aln/BlastOut_datasetTMB_OMPdb70_P31243.csv.aln
0.701
/home/user/thesis/scripts/BlastOut_datasetTMB/BlastOut_datasetTMB_OMPdb70/top10BlastSplit/fasta/aln/BlastOut_datasetTMB_OMPdb70_P31554.csv.aln
0.660
/home/user/thesis/scripts/BlastOut_datasetTMB/BlastOut_datasetTMB_OMPdb70/top10BlastSplit/fasta/aln/BlastOut_datasetTMB_OMPdb70_P31697.csv.aln
0.077
/home/user/thesis/scripts/BlastOut_datasetTMB/BlastOut_datasetTMB_OMPdb70/top10BlastSplit/fasta/aln/BlastOut_datasetTMB_OMPdb70_P31780.csv.aln
0.602
/home/user/thesis/scripts/BlastOut_datasetTMB/BlastOut_datasetTMB_OMPdb70/top10BlastSplit/fasta/aln/BlastOut_datasetTMB_OMPdb70_P32722.csv.aln
0.544
/home/user/thesis/scripts/BlastOut_datasetTMB/BlastOut_datasetTMB_OMPdb70/top10BlastSplit/fasta/aln/BlastOut_datasetTMB_OMPdb70_P32977.csv.aln
0.949
/home/user/thesis/scripts/BlastOut_datasetTMB/BlastOut_datasetTMB_OMPdb70/top10BlastSplit/fasta/aln/BlastOut_datasetTMB_OMPdb70_P35077.csv.aln
0.455
/home/user/thesis/scripts/BlastOut_datasetTMB/BlastOut_datasetTMB_OMPdb70/top10BlastSplit/fasta/aln/BlastOut_datasetTMB_OMPdb70_P35672.csv.aln
0.648
/home/user/thesis/scripts/BlastOut_datasetTMB/BlastOut_datasetTMB_OMPdb70/top10BlastSplit/fasta/aln/BlastOut_datasetTMB_OMPdb70_P35818.csv.aln
0.704
/home/user/thesis/scripts/BlastOut_datasetTMB/BlastOut_datasetTMB_OMPdb70/top10BlastSplit/fasta/aln/BlastOut_datasetTMB_OMPdb70_P37001.csv.aln
0.469
/home/user/thesis/scripts/BlastOut_datasetTMB/BlastOut_datasetTMB_OMPdb70/top10BlastSplit/fasta/aln/BlastOut_datasetTMB_OMPdb70_P37432.csv.aln
0.780
/home/user/thesis/scripts/BlastOut_datasetTMB/BlastOut_datasetTMB_OMPdb70/top10BlastSplit/fasta/aln/BlastOut_datasetTMB_OMPdb70_P39767.csv.aln
0.570
/home/user/thesis/scripts/BlastOut_datasetTMB/BlastOut_datasetTMB_OMPdb70/top10BlastSplit/fasta/aln/BlastOut_datasetTMB_OMPdb70_P42512.csv.aln
0.534
/home/user/thesis/scripts/BlastOut_datasetTMB/BlastOut_datasetTMB_OMPdb70/top10BlastSplit/fasta/aln/BlastOut_datasetTMB_OMPdb70_P43261.csv.aln
0.854
/home/user/thesis/scripts/BlastOut_datasetTMB/BlastOut_datasetTMB_OMPdb70/top10BlastSplit/fasta/aln/BlastOut_datasetTMB_OMPdb70_P45758.csv.aln
0.663
/home/user/thesis/scripts/BlastOut_datasetTMB/BlastOut_datasetTMB_OMPdb70/top10BlastSplit/fasta/aln/BlastOut_datasetTMB_OMPdb70_P45779.csv.aln
0.621
/home/user/thesis/scripts/BlastOut_datasetTMB/BlastOut_datasetTMB_OMPdb70/top10BlastSplit/fasta/aln/BlastOut_datasetTMB_OMPdb70_P46359.csv.aln
0.593
/home/user/thesis/scripts/BlastOut_datasetTMB/BlastOut_datasetTMB_OMPdb70/top10BlastSplit/fasta/aln/BlastOut_datasetTMB_OMPdb70_P48632.csv.aln
0.650
/home/user/thesis/scripts/BlastOut_datasetTMB/BlastOut_datasetTMB_OMPdb70/top10BlastSplit/fasta/aln/BlastOut_datasetTMB_OMPdb70_P69434.csv.aln
0.122
/home/user/thesis/scripts/BlastOut_datasetTMB/BlastOut_datasetTMB_OMPdb70/top10BlastSplit/fasta/aln/BlastOut_datasetTMB_OMPdb70_P69856.csv.aln
0.381
/home/user/thesis/scripts/BlastOut_datasetTMB/BlastOut_datasetTMB_OMPdb70/top10BlastSplit/fasta/aln/BlastOut_datasetTMB_OMPdb70_P69857.csv.aln
0.381
/home/user/thesis/scripts/BlastOut_datasetTMB/BlastOut_datasetTMB_OMPdb70/top10BlastSplit/fasta/aln/BlastOut_datasetTMB_OMPdb70_P69858.csv.aln
0.381
/home/user/thesis/scripts/BlastOut_datasetTMB/BlastOut_datasetTMB_OMPdb70/top10BlastSplit/fasta/aln/BlastOut_datasetTMB_OMPdb70_P75780.csv.aln
0.554
/home/user/thesis/scripts/BlastOut_datasetTMB/BlastOut_datasetTMB_OMPdb70/top10BlastSplit/fasta/aln/BlastOut_datasetTMB_OMPdb70_P76045.csv.aln
0.654
/home/user/thesis/scripts/BlastOut_datasetTMB/BlastOut_datasetTMB_OMPdb70/top10BlastSplit/fasta/aln/BlastOut_datasetTMB_OMPdb70_P77211.csv.aln
0.502
/home/user/thesis/scripts/BlastOut_datasetTMB/BlastOut_datasetTMB_OMPdb70/top10BlastSplit/fasta/aln/BlastOut_datasetTMB_OMPdb70_P77774.csv.aln
0.097
/home/user/thesis/scripts/BlastOut_datasetTMB/BlastOut_datasetTMB_OMPdb70/top10BlastSplit/fasta/aln/BlastOut_datasetTMB_OMPdb70_Q03155.csv.aln
0.892
/home/user/thesis/scripts/BlastOut_datasetTMB/BlastOut_datasetTMB_OMPdb70/top10BlastSplit/fasta/aln/BlastOut_datasetTMB_OMPdb70_Q04884.csv.aln
0.981
/home/user/thesis/scripts/BlastOut_datasetTMB/BlastOut_datasetTMB_OMPdb70/top10BlastSplit/fasta/aln/BlastOut_datasetTMB_OMPdb70_Q05098.csv.aln
0.680
/home/user/thesis/scripts/BlastOut_datasetTMB/BlastOut_datasetTMB_OMPdb70/top10BlastSplit/fasta/aln/BlastOut_datasetTMB_OMPdb70_Q16853.csv.aln
0.129
/home/user/thesis/scripts/BlastOut_datasetTMB/BlastOut_datasetTMB_OMPdb70/top10BlastSplit/fasta/aln/BlastOut_datasetTMB_OMPdb70_Q2FFA3.csv.aln
0.106
/home/user/thesis/scripts/BlastOut_datasetTMB/BlastOut_datasetTMB_OMPdb70/top10BlastSplit/fasta/aln/BlastOut_datasetTMB_OMPdb70_Q45340.csv.aln
0.603
/home/user/thesis/scripts/BlastOut_datasetTMB/BlastOut_datasetTMB_OMPdb70/top10BlastSplit/fasta/aln/BlastOut_datasetTMB_OMPdb70_Q48473.csv.aln
0.949
/home/user/thesis/scripts/BlastOut_datasetTMB/BlastOut_datasetTMB_OMPdb70/top10BlastSplit/fasta/aln/BlastOut_datasetTMB_OMPdb70_Q51397.csv.aln
0.618
/home/user/thesis/scripts/BlastOut_datasetTMB/BlastOut_datasetTMB_OMPdb70/top10BlastSplit/fasta/aln/BlastOut_datasetTMB_OMPdb70_Q51487.csv.aln
0.632
/home/user/thesis/scripts/BlastOut_datasetTMB/BlastOut_datasetTMB_OMPdb70/top10BlastSplit/fasta/aln/BlastOut_datasetTMB_OMPdb70_Q54450.csv.aln
0.154
/home/user/thesis/scripts/BlastOut_datasetTMB/BlastOut_datasetTMB_OMPdb70/top10BlastSplit/fasta/aln/BlastOut_datasetTMB_OMPdb70_Q5Y4Y6.csv.aln
0.131
/home/user/thesis/scripts/BlastOut_datasetTMB/BlastOut_datasetTMB_OMPdb70/top10BlastSplit/fasta/aln/BlastOut_datasetTMB_OMPdb70_Q60932.csv.aln
0.150
/home/user/thesis/scripts/BlastOut_datasetTMB/BlastOut_datasetTMB_OMPdb70/top10BlastSplit/fasta/aln/BlastOut_datasetTMB_OMPdb70_Q7BCK4.csv.aln
0.675
/home/user/thesis/scripts/BlastOut_datasetTMB/BlastOut_datasetTMB_OMPdb70/top10BlastSplit/fasta/aln/BlastOut_datasetTMB_OMPdb70_Q7BSW5.csv.aln
0.613
/home/user/thesis/scripts/BlastOut_datasetTMB/BlastOut_datasetTMB_OMPdb70/top10BlastSplit/fasta/aln/BlastOut_datasetTMB_OMPdb70_Q7CJV2.csv.aln
0.114
/home/user/thesis/scripts/BlastOut_datasetTMB/BlastOut_datasetTMB_OMPdb70/top10BlastSplit/fasta/aln/BlastOut_datasetTMB_OMPdb70_Q83SQ0.csv.aln
0.655
/home/user/thesis/scripts/BlastOut_datasetTMB/BlastOut_datasetTMB_OMPdb70/top10BlastSplit/fasta/aln/BlastOut_datasetTMB_OMPdb70_Q8CVI4.csv.aln
0.362
/home/user/thesis/scripts/BlastOut_datasetTMB/BlastOut_datasetTMB_OMPdb70/top10BlastSplit/fasta/aln/BlastOut_datasetTMB_OMPdb70_Q8CVW1.csv.aln
0.703
/home/user/thesis/scripts/BlastOut_datasetTMB/BlastOut_datasetTMB_OMPdb70/top10BlastSplit/fasta/aln/BlastOut_datasetTMB_OMPdb70_Q8ZIK3.csv.aln
0.670
/home/user/thesis/scripts/BlastOut_datasetTMB/BlastOut_datasetTMB_OMPdb70/top10BlastSplit/fasta/aln/BlastOut_datasetTMB_OMPdb70_Q8ZPC9.csv.aln
0.188
/home/user/thesis/scripts/BlastOut_datasetTMB/BlastOut_datasetTMB_OMPdb70/top10BlastSplit/fasta/aln/BlastOut_datasetTMB_OMPdb70_Q8ZRP0.csv.aln
0.671
/home/user/thesis/scripts/BlastOut_datasetTMB/BlastOut_datasetTMB_OMPdb70/top10BlastSplit/fasta/aln/BlastOut_datasetTMB_OMPdb70_Q8ZRW0.csv.aln
0.657
/home/user/thesis/scripts/BlastOut_datasetTMB/BlastOut_datasetTMB_OMPdb70/top10BlastSplit/fasta/aln/BlastOut_datasetTMB_OMPdb70_Q934G3.csv.aln
0.644
/home/user/thesis/scripts/BlastOut_datasetTMB/BlastOut_datasetTMB_OMPdb70/top10BlastSplit/fasta/aln/BlastOut_datasetTMB_OMPdb70_Q99RL1.csv.aln
0.142
/home/user/thesis/scripts/BlastOut_datasetTMB/BlastOut_datasetTMB_OMPdb70/top10BlastSplit/fasta/aln/BlastOut_datasetTMB_OMPdb70_Q9HVD1.csv.aln
0.578
/home/user/thesis/scripts/BlastOut_datasetTMB/BlastOut_datasetTMB_OMPdb70/top10BlastSplit/fasta/aln/BlastOut_datasetTMB_OMPdb70_Q9I5U2.csv.aln
0.843
/home/user/thesis/scripts/BlastOut_datasetTMB/BlastOut_datasetTMB_OMPdb70/top10BlastSplit/fasta/aln/BlastOut_datasetTMB_OMPdb70_Q9JZN9.csv.aln
0.564
/home/user/thesis/scripts/BlastOut_datasetTMB/BlastOut_datasetTMB_OMPdb70/top10BlastSplit/fasta/aln/BlastOut_datasetTMB_OMPdb70_Q9K0U9.csv.aln
0.665
