2.090
1.224
0.988
1.062
0.280
0.963
0.932
2.219
1.390
1.138
0.963
0.830
0.504
0.539
0.787
0.886
1.000
1.804
1.143
1.250
1.000
0.811
0.740
0.698
1.257
0.730
0.948
1.008
0.928
0.721
0.638
0.535
0.301
1.019
1.579
0.958
0.958
1.171
0.956
0.956
0.794
1.000
1.000
0.573
0.573
0.835
0.835
0.835
0.835
2.128
2.128
2.128
0.779
1.000
1.000
1.000
1.000
0.567
1.000
1.813
1.813
0.713
2.088
1.572
1.062
1.013
1.038
0.927
1.091
0.905
0.270
1.001
0.738
0.753
0.762
1.274
1.048
0.438
1.303
1.000
1.313
1.000
1.405
1.003
1.000
0.768
1.053
0.143
1.000
0.744
0.959
0.372
0.412
0.705
0.959
0.869
1.000
0.808
0.836
0.953
0.868
0.988
0.842
0.787
1.140
0.609
0.609
0.609
0.785
0.841
0.668
1.041
1.000
1.147
0.918
1.013
1.408
1.221
0.617
1.018
0.756
0.762
0.760
0.729
1.000
0.593
0.917
0.841
1.000
1.000
1.000
1.020
0.881
1.000
1.000
1.000
1.000
0.958
0.949
1.104
1.084
0.970
