/home/user/thesis/scripts/BlastOut_datasetTMB/BlastOut_datasetTMB_unirefOMBB100/top25BlastSplit/fasta/tmbcoffee/BlastOut_datasetTMB_unirefOMBB100_O33407.csv.aln
0.843
/home/user/thesis/scripts/BlastOut_datasetTMB/BlastOut_datasetTMB_unirefOMBB100/top25BlastSplit/fasta/tmbcoffee/BlastOut_datasetTMB_unirefOMBB100_O88093.csv.aln
1.000
/home/user/thesis/scripts/BlastOut_datasetTMB/BlastOut_datasetTMB_unirefOMBB100/top25BlastSplit/fasta/tmbcoffee/BlastOut_datasetTMB_unirefOMBB100_P00747.csv.aln
0.468
/home/user/thesis/scripts/BlastOut_datasetTMB/BlastOut_datasetTMB_unirefOMBB100/top25BlastSplit/fasta/tmbcoffee/BlastOut_datasetTMB_unirefOMBB100_P02929.csv.aln
0.648
/home/user/thesis/scripts/BlastOut_datasetTMB/BlastOut_datasetTMB_unirefOMBB100/top25BlastSplit/fasta/tmbcoffee/BlastOut_datasetTMB_unirefOMBB100_P05430.csv.aln
1.362
/home/user/thesis/scripts/BlastOut_datasetTMB/BlastOut_datasetTMB_unirefOMBB100/top25BlastSplit/fasta/tmbcoffee/BlastOut_datasetTMB_unirefOMBB100_P05825.csv.aln
0.407
/home/user/thesis/scripts/BlastOut_datasetTMB/BlastOut_datasetTMB_unirefOMBB100/top25BlastSplit/fasta/tmbcoffee/BlastOut_datasetTMB_unirefOMBB100_P06129.csv.aln
0.498
/home/user/thesis/scripts/BlastOut_datasetTMB/BlastOut_datasetTMB_unirefOMBB100/top25BlastSplit/fasta/tmbcoffee/BlastOut_datasetTMB_unirefOMBB100_P09169.csv.aln
0.645
/home/user/thesis/scripts/BlastOut_datasetTMB/BlastOut_datasetTMB_unirefOMBB100/top25BlastSplit/fasta/tmbcoffee/BlastOut_datasetTMB_unirefOMBB100_P09616.csv.aln
3.180
/home/user/thesis/scripts/BlastOut_datasetTMB/BlastOut_datasetTMB_unirefOMBB100/top25BlastSplit/fasta/tmbcoffee/BlastOut_datasetTMB_unirefOMBB100_P0A903.csv.aln
0.792
/home/user/thesis/scripts/BlastOut_datasetTMB/BlastOut_datasetTMB_unirefOMBB100/top25BlastSplit/fasta/tmbcoffee/BlastOut_datasetTMB_unirefOMBB100_P0A910.csv.aln
0.728
/home/user/thesis/scripts/BlastOut_datasetTMB/BlastOut_datasetTMB_unirefOMBB100/top25BlastSplit/fasta/tmbcoffee/BlastOut_datasetTMB_unirefOMBB100_P0A911.csv.aln
0.728
/home/user/thesis/scripts/BlastOut_datasetTMB/BlastOut_datasetTMB_unirefOMBB100/top25BlastSplit/fasta/tmbcoffee/BlastOut_datasetTMB_unirefOMBB100_P0A915.csv.aln
0.399
/home/user/thesis/scripts/BlastOut_datasetTMB/BlastOut_datasetTMB_unirefOMBB100/top25BlastSplit/fasta/tmbcoffee/BlastOut_datasetTMB_unirefOMBB100_P0A916.csv.aln
0.399
/home/user/thesis/scripts/BlastOut_datasetTMB/BlastOut_datasetTMB_unirefOMBB100/top25BlastSplit/fasta/tmbcoffee/BlastOut_datasetTMB_unirefOMBB100_P0A917.csv.aln
0.816
/home/user/thesis/scripts/BlastOut_datasetTMB/BlastOut_datasetTMB_unirefOMBB100/top25BlastSplit/fasta/tmbcoffee/BlastOut_datasetTMB_unirefOMBB100_P0A918.csv.aln
0.816
/home/user/thesis/scripts/BlastOut_datasetTMB/BlastOut_datasetTMB_unirefOMBB100/top25BlastSplit/fasta/tmbcoffee/BlastOut_datasetTMB_unirefOMBB100_P0A919.csv.aln
0.816
/home/user/thesis/scripts/BlastOut_datasetTMB/BlastOut_datasetTMB_unirefOMBB100/top25BlastSplit/fasta/tmbcoffee/BlastOut_datasetTMB_unirefOMBB100_P0A920.csv.aln
0.816
/home/user/thesis/scripts/BlastOut_datasetTMB/BlastOut_datasetTMB_unirefOMBB100/top25BlastSplit/fasta/tmbcoffee/BlastOut_datasetTMB_unirefOMBB100_P0A937.csv.aln
1.186
/home/user/thesis/scripts/BlastOut_datasetTMB/BlastOut_datasetTMB_unirefOMBB100/top25BlastSplit/fasta/tmbcoffee/BlastOut_datasetTMB_unirefOMBB100_P0A940.csv.aln
0.803
/home/user/thesis/scripts/BlastOut_datasetTMB/BlastOut_datasetTMB_unirefOMBB100/top25BlastSplit/fasta/tmbcoffee/BlastOut_datasetTMB_unirefOMBB100_P0A941.csv.aln
0.803
/home/user/thesis/scripts/BlastOut_datasetTMB/BlastOut_datasetTMB_unirefOMBB100/top25BlastSplit/fasta/tmbcoffee/BlastOut_datasetTMB_unirefOMBB100_P0A942.csv.aln
0.803
/home/user/thesis/scripts/BlastOut_datasetTMB/BlastOut_datasetTMB_unirefOMBB100/top25BlastSplit/fasta/tmbcoffee/BlastOut_datasetTMB_unirefOMBB100_P0A943.csv.aln
0.803
/home/user/thesis/scripts/BlastOut_datasetTMB/BlastOut_datasetTMB_unirefOMBB100/top25BlastSplit/fasta/tmbcoffee/BlastOut_datasetTMB_unirefOMBB100_P0AC02.csv.aln
0.666
/home/user/thesis/scripts/BlastOut_datasetTMB/BlastOut_datasetTMB_unirefOMBB100/top25BlastSplit/fasta/tmbcoffee/BlastOut_datasetTMB_unirefOMBB100_P0ADE4.csv.aln
0.878
/home/user/thesis/scripts/BlastOut_datasetTMB/BlastOut_datasetTMB_unirefOMBB100/top25BlastSplit/fasta/tmbcoffee/BlastOut_datasetTMB_unirefOMBB100_P0ADE5.csv.aln
0.878
/home/user/thesis/scripts/BlastOut_datasetTMB/BlastOut_datasetTMB_unirefOMBB100/top25BlastSplit/fasta/tmbcoffee/BlastOut_datasetTMB_unirefOMBB100_P10384.csv.aln
0.719
/home/user/thesis/scripts/BlastOut_datasetTMB/BlastOut_datasetTMB_unirefOMBB100/top25BlastSplit/fasta/tmbcoffee/BlastOut_datasetTMB_unirefOMBB100_P13036.csv.aln
0.467
/home/user/thesis/scripts/BlastOut_datasetTMB/BlastOut_datasetTMB_unirefOMBB100/top25BlastSplit/fasta/tmbcoffee/BlastOut_datasetTMB_unirefOMBB100_P13794.csv.aln
0.599
/home/user/thesis/scripts/BlastOut_datasetTMB/BlastOut_datasetTMB_unirefOMBB100/top25BlastSplit/fasta/tmbcoffee/BlastOut_datasetTMB_unirefOMBB100_P17315.csv.aln
0.431
/home/user/thesis/scripts/BlastOut_datasetTMB/BlastOut_datasetTMB_unirefOMBB100/top25BlastSplit/fasta/tmbcoffee/BlastOut_datasetTMB_unirefOMBB100_P17811.csv.aln
0.436
/home/user/thesis/scripts/BlastOut_datasetTMB/BlastOut_datasetTMB_unirefOMBB100/top25BlastSplit/fasta/tmbcoffee/BlastOut_datasetTMB_unirefOMBB100_P24017.csv.aln
0.753
/home/user/thesis/scripts/BlastOut_datasetTMB/BlastOut_datasetTMB_unirefOMBB100/top25BlastSplit/fasta/tmbcoffee/BlastOut_datasetTMB_unirefOMBB100_P24305.csv.aln
0.292
/home/user/thesis/scripts/BlastOut_datasetTMB/BlastOut_datasetTMB_unirefOMBB100/top25BlastSplit/fasta/tmbcoffee/BlastOut_datasetTMB_unirefOMBB100_P30690.csv.aln
0.264
/home/user/thesis/scripts/BlastOut_datasetTMB/BlastOut_datasetTMB_unirefOMBB100/top25BlastSplit/fasta/tmbcoffee/BlastOut_datasetTMB_unirefOMBB100_P35818.csv.aln
0.451
/home/user/thesis/scripts/BlastOut_datasetTMB/BlastOut_datasetTMB_unirefOMBB100/top25BlastSplit/fasta/tmbcoffee/BlastOut_datasetTMB_unirefOMBB100_P46359.csv.aln
0.257
/home/user/thesis/scripts/BlastOut_datasetTMB/BlastOut_datasetTMB_unirefOMBB100/top25BlastSplit/fasta/tmbcoffee/BlastOut_datasetTMB_unirefOMBB100_P69434.csv.aln
0.332
/home/user/thesis/scripts/BlastOut_datasetTMB/BlastOut_datasetTMB_unirefOMBB100/top25BlastSplit/fasta/tmbcoffee/BlastOut_datasetTMB_unirefOMBB100_P69856.csv.aln
0.208
/home/user/thesis/scripts/BlastOut_datasetTMB/BlastOut_datasetTMB_unirefOMBB100/top25BlastSplit/fasta/tmbcoffee/BlastOut_datasetTMB_unirefOMBB100_P69857.csv.aln
0.208
/home/user/thesis/scripts/BlastOut_datasetTMB/BlastOut_datasetTMB_unirefOMBB100/top25BlastSplit/fasta/tmbcoffee/BlastOut_datasetTMB_unirefOMBB100_P69858.csv.aln
0.208
/home/user/thesis/scripts/BlastOut_datasetTMB/BlastOut_datasetTMB_unirefOMBB100/top25BlastSplit/fasta/tmbcoffee/BlastOut_datasetTMB_unirefOMBB100_P76045.csv.aln
0.230
/home/user/thesis/scripts/BlastOut_datasetTMB/BlastOut_datasetTMB_unirefOMBB100/top25BlastSplit/fasta/tmbcoffee/BlastOut_datasetTMB_unirefOMBB100_P77774.csv.aln
0.588
/home/user/thesis/scripts/BlastOut_datasetTMB/BlastOut_datasetTMB_unirefOMBB100/top25BlastSplit/fasta/tmbcoffee/BlastOut_datasetTMB_unirefOMBB100_Q03155.csv.aln
1.294
/home/user/thesis/scripts/BlastOut_datasetTMB/BlastOut_datasetTMB_unirefOMBB100/top25BlastSplit/fasta/tmbcoffee/BlastOut_datasetTMB_unirefOMBB100_Q04884.csv.aln
1.000
/home/user/thesis/scripts/BlastOut_datasetTMB/BlastOut_datasetTMB_unirefOMBB100/top25BlastSplit/fasta/tmbcoffee/BlastOut_datasetTMB_unirefOMBB100_Q05098.csv.aln
0.449
/home/user/thesis/scripts/BlastOut_datasetTMB/BlastOut_datasetTMB_unirefOMBB100/top25BlastSplit/fasta/tmbcoffee/BlastOut_datasetTMB_unirefOMBB100_Q45340.csv.aln
0.951
/home/user/thesis/scripts/BlastOut_datasetTMB/BlastOut_datasetTMB_unirefOMBB100/top25BlastSplit/fasta/tmbcoffee/BlastOut_datasetTMB_unirefOMBB100_Q7BCK4.csv.aln
1.000
/home/user/thesis/scripts/BlastOut_datasetTMB/BlastOut_datasetTMB_unirefOMBB100/top25BlastSplit/fasta/tmbcoffee/BlastOut_datasetTMB_unirefOMBB100_Q7BSW5.csv.aln
1.000
/home/user/thesis/scripts/BlastOut_datasetTMB/BlastOut_datasetTMB_unirefOMBB100/top25BlastSplit/fasta/tmbcoffee/BlastOut_datasetTMB_unirefOMBB100_Q8ZRP0.csv.aln
0.802
/home/user/thesis/scripts/BlastOut_datasetTMB/BlastOut_datasetTMB_unirefOMBB100/top25BlastSplit/fasta/tmbcoffee/BlastOut_datasetTMB_unirefOMBB100_Q9HVD1.csv.aln
0.238
/home/user/thesis/scripts/BlastOut_datasetTMB/BlastOut_datasetTMB_unirefOMBB100/top25BlastSplit/fasta/tmbcoffee/BlastOut_datasetTMB_unirefOMBB100_Q9I5U2.csv.aln
1.126
/home/user/thesis/scripts/BlastOut_datasetTMB/BlastOut_datasetTMB_unirefOMBB100/top25BlastSplit/fasta/tmbcoffee/BlastOut_datasetTMB_unirefOMBB100_Q9JZN9.csv.aln
0.450
