/home/user/thesis/scripts/BlastOut_datasetTMB/BlastOut_datasetTMB_swissprot/top25BlastSplit/fasta/aln/BlastOut_datasetTMB_swissprot_A1JUB7.csv.aln
0.781
/home/user/thesis/scripts/BlastOut_datasetTMB/BlastOut_datasetTMB_swissprot/top25BlastSplit/fasta/aln/BlastOut_datasetTMB_swissprot_A5F934.csv.aln
1.904
/home/user/thesis/scripts/BlastOut_datasetTMB/BlastOut_datasetTMB_swissprot/top25BlastSplit/fasta/aln/BlastOut_datasetTMB_swissprot_E3PJ86.csv.aln
1.557
/home/user/thesis/scripts/BlastOut_datasetTMB/BlastOut_datasetTMB_swissprot/top25BlastSplit/fasta/aln/BlastOut_datasetTMB_swissprot_O33407.csv.aln
1.837
/home/user/thesis/scripts/BlastOut_datasetTMB/BlastOut_datasetTMB_swissprot/top25BlastSplit/fasta/aln/BlastOut_datasetTMB_swissprot_O88093.csv.aln
2.145
/home/user/thesis/scripts/BlastOut_datasetTMB/BlastOut_datasetTMB_swissprot/top25BlastSplit/fasta/aln/BlastOut_datasetTMB_swissprot_P01031.csv.aln
1.691
/home/user/thesis/scripts/BlastOut_datasetTMB/BlastOut_datasetTMB_swissprot/top25BlastSplit/fasta/aln/BlastOut_datasetTMB_swissprot_P02748.csv.aln
1.210
/home/user/thesis/scripts/BlastOut_datasetTMB/BlastOut_datasetTMB_swissprot/top25BlastSplit/fasta/aln/BlastOut_datasetTMB_swissprot_P02787.csv.aln
1.127
/home/user/thesis/scripts/BlastOut_datasetTMB/BlastOut_datasetTMB_swissprot/top25BlastSplit/fasta/aln/BlastOut_datasetTMB_swissprot_P02930.csv.aln
0.946
/home/user/thesis/scripts/BlastOut_datasetTMB/BlastOut_datasetTMB_swissprot/top25BlastSplit/fasta/aln/BlastOut_datasetTMB_swissprot_P02931.csv.aln
0.977
/home/user/thesis/scripts/BlastOut_datasetTMB/BlastOut_datasetTMB_swissprot/top25BlastSplit/fasta/aln/BlastOut_datasetTMB_swissprot_P02932.csv.aln
1.009
/home/user/thesis/scripts/BlastOut_datasetTMB/BlastOut_datasetTMB_swissprot/top25BlastSplit/fasta/aln/BlastOut_datasetTMB_swissprot_P05430.csv.aln
1.090
/home/user/thesis/scripts/BlastOut_datasetTMB/BlastOut_datasetTMB_swissprot/top25BlastSplit/fasta/aln/BlastOut_datasetTMB_swissprot_P06970.csv.aln
1.222
/home/user/thesis/scripts/BlastOut_datasetTMB/BlastOut_datasetTMB_swissprot/top25BlastSplit/fasta/aln/BlastOut_datasetTMB_swissprot_P06971.csv.aln
1.419
/home/user/thesis/scripts/BlastOut_datasetTMB/BlastOut_datasetTMB_swissprot/top25BlastSplit/fasta/aln/BlastOut_datasetTMB_swissprot_P06996.csv.aln
1.073
/home/user/thesis/scripts/BlastOut_datasetTMB/BlastOut_datasetTMB_swissprot/top25BlastSplit/fasta/aln/BlastOut_datasetTMB_swissprot_P07110.csv.aln
1.109
/home/user/thesis/scripts/BlastOut_datasetTMB/BlastOut_datasetTMB_swissprot/top25BlastSplit/fasta/aln/BlastOut_datasetTMB_swissprot_P07357.csv.aln
1.209
/home/user/thesis/scripts/BlastOut_datasetTMB/BlastOut_datasetTMB_swissprot/top25BlastSplit/fasta/aln/BlastOut_datasetTMB_swissprot_P07358.csv.aln
1.163
/home/user/thesis/scripts/BlastOut_datasetTMB/BlastOut_datasetTMB_swissprot/top25BlastSplit/fasta/aln/BlastOut_datasetTMB_swissprot_P07360.csv.aln
1.338
/home/user/thesis/scripts/BlastOut_datasetTMB/BlastOut_datasetTMB_swissprot/top25BlastSplit/fasta/aln/BlastOut_datasetTMB_swissprot_P08189.csv.aln
1.159
/home/user/thesis/scripts/BlastOut_datasetTMB/BlastOut_datasetTMB_swissprot/top25BlastSplit/fasta/aln/BlastOut_datasetTMB_swissprot_P08190.csv.aln
1.153
/home/user/thesis/scripts/BlastOut_datasetTMB/BlastOut_datasetTMB_swissprot/top25BlastSplit/fasta/aln/BlastOut_datasetTMB_swissprot_P0A071.csv.aln
1.533
/home/user/thesis/scripts/BlastOut_datasetTMB/BlastOut_datasetTMB_swissprot/top25BlastSplit/fasta/aln/BlastOut_datasetTMB_swissprot_P0A074.csv.aln
1.533
/home/user/thesis/scripts/BlastOut_datasetTMB/BlastOut_datasetTMB_swissprot/top25BlastSplit/fasta/aln/BlastOut_datasetTMB_swissprot_P0A077.csv.aln
1.441
/home/user/thesis/scripts/BlastOut_datasetTMB/BlastOut_datasetTMB_swissprot/top25BlastSplit/fasta/aln/BlastOut_datasetTMB_swissprot_P0A263.csv.aln
1.052
/home/user/thesis/scripts/BlastOut_datasetTMB/BlastOut_datasetTMB_swissprot/top25BlastSplit/fasta/aln/BlastOut_datasetTMB_swissprot_P0A264.csv.aln
1.052
/home/user/thesis/scripts/BlastOut_datasetTMB/BlastOut_datasetTMB_swissprot/top25BlastSplit/fasta/aln/BlastOut_datasetTMB_swissprot_P0A910.csv.aln
1.601
/home/user/thesis/scripts/BlastOut_datasetTMB/BlastOut_datasetTMB_swissprot/top25BlastSplit/fasta/aln/BlastOut_datasetTMB_swissprot_P0A911.csv.aln
1.601
/home/user/thesis/scripts/BlastOut_datasetTMB/BlastOut_datasetTMB_swissprot/top25BlastSplit/fasta/aln/BlastOut_datasetTMB_swissprot_P0A937.csv.aln
1.243
/home/user/thesis/scripts/BlastOut_datasetTMB/BlastOut_datasetTMB_swissprot/top25BlastSplit/fasta/aln/BlastOut_datasetTMB_swissprot_P0AEA2.csv.aln
0.463
/home/user/thesis/scripts/BlastOut_datasetTMB/BlastOut_datasetTMB_swissprot/top25BlastSplit/fasta/aln/BlastOut_datasetTMB_swissprot_P0C2W0.csv.aln
1.573
/home/user/thesis/scripts/BlastOut_datasetTMB/BlastOut_datasetTMB_swissprot/top25BlastSplit/fasta/aln/BlastOut_datasetTMB_swissprot_P0C6Q6.csv.aln
1.904
/home/user/thesis/scripts/BlastOut_datasetTMB/BlastOut_datasetTMB_swissprot/top25BlastSplit/fasta/aln/BlastOut_datasetTMB_swissprot_P0DH58.csv.aln
1.172
/home/user/thesis/scripts/BlastOut_datasetTMB/BlastOut_datasetTMB_swissprot/top25BlastSplit/fasta/aln/BlastOut_datasetTMB_swissprot_P10643.csv.aln
1.192
/home/user/thesis/scripts/BlastOut_datasetTMB/BlastOut_datasetTMB_swissprot/top25BlastSplit/fasta/aln/BlastOut_datasetTMB_swissprot_P11922.csv.aln
0.578
/home/user/thesis/scripts/BlastOut_datasetTMB/BlastOut_datasetTMB_swissprot/top25BlastSplit/fasta/aln/BlastOut_datasetTMB_swissprot_P12643.csv.aln
1.410
/home/user/thesis/scripts/BlastOut_datasetTMB/BlastOut_datasetTMB_swissprot/top25BlastSplit/fasta/aln/BlastOut_datasetTMB_swissprot_P13036.csv.aln
1.762
/home/user/thesis/scripts/BlastOut_datasetTMB/BlastOut_datasetTMB_swissprot/top25BlastSplit/fasta/aln/BlastOut_datasetTMB_swissprot_P13671.csv.aln
1.206
/home/user/thesis/scripts/BlastOut_datasetTMB/BlastOut_datasetTMB_swissprot/top25BlastSplit/fasta/aln/BlastOut_datasetTMB_swissprot_P15319.csv.aln
1.227
/home/user/thesis/scripts/BlastOut_datasetTMB/BlastOut_datasetTMB_swissprot/top25BlastSplit/fasta/aln/BlastOut_datasetTMB_swissprot_P16869.csv.aln
1.371
/home/user/thesis/scripts/BlastOut_datasetTMB/BlastOut_datasetTMB_swissprot/top25BlastSplit/fasta/aln/BlastOut_datasetTMB_swissprot_P19809.csv.aln
0.672
/home/user/thesis/scripts/BlastOut_datasetTMB/BlastOut_datasetTMB_swissprot/top25BlastSplit/fasta/aln/BlastOut_datasetTMB_swissprot_P21796.csv.aln
1.192
/home/user/thesis/scripts/BlastOut_datasetTMB/BlastOut_datasetTMB_swissprot/top25BlastSplit/fasta/aln/BlastOut_datasetTMB_swissprot_P22340.csv.aln
2.090
/home/user/thesis/scripts/BlastOut_datasetTMB/BlastOut_datasetTMB_swissprot/top25BlastSplit/fasta/aln/BlastOut_datasetTMB_swissprot_P24017.csv.aln
1.260
/home/user/thesis/scripts/BlastOut_datasetTMB/BlastOut_datasetTMB_swissprot/top25BlastSplit/fasta/aln/BlastOut_datasetTMB_swissprot_P24391.csv.aln
1.132
/home/user/thesis/scripts/BlastOut_datasetTMB/BlastOut_datasetTMB_swissprot/top25BlastSplit/fasta/aln/BlastOut_datasetTMB_swissprot_P26466.csv.aln
1.000
/home/user/thesis/scripts/BlastOut_datasetTMB/BlastOut_datasetTMB_swissprot/top25BlastSplit/fasta/aln/BlastOut_datasetTMB_swissprot_P30130.csv.aln
0.808
/home/user/thesis/scripts/BlastOut_datasetTMB/BlastOut_datasetTMB_swissprot/top25BlastSplit/fasta/aln/BlastOut_datasetTMB_swissprot_P30690.csv.aln
1.088
/home/user/thesis/scripts/BlastOut_datasetTMB/BlastOut_datasetTMB_swissprot/top25BlastSplit/fasta/aln/BlastOut_datasetTMB_swissprot_P31554.csv.aln
1.100
/home/user/thesis/scripts/BlastOut_datasetTMB/BlastOut_datasetTMB_swissprot/top25BlastSplit/fasta/aln/BlastOut_datasetTMB_swissprot_P31697.csv.aln
1.140
/home/user/thesis/scripts/BlastOut_datasetTMB/BlastOut_datasetTMB_swissprot/top25BlastSplit/fasta/aln/BlastOut_datasetTMB_swissprot_P31780.csv.aln
1.848
/home/user/thesis/scripts/BlastOut_datasetTMB/BlastOut_datasetTMB_swissprot/top25BlastSplit/fasta/aln/BlastOut_datasetTMB_swissprot_P35672.csv.aln
1.255
/home/user/thesis/scripts/BlastOut_datasetTMB/BlastOut_datasetTMB_swissprot/top25BlastSplit/fasta/aln/BlastOut_datasetTMB_swissprot_P35818.csv.aln
1.397
/home/user/thesis/scripts/BlastOut_datasetTMB/BlastOut_datasetTMB_swissprot/top25BlastSplit/fasta/aln/BlastOut_datasetTMB_swissprot_P37001.csv.aln
0.923
/home/user/thesis/scripts/BlastOut_datasetTMB/BlastOut_datasetTMB_swissprot/top25BlastSplit/fasta/aln/BlastOut_datasetTMB_swissprot_P37432.csv.aln
0.989
/home/user/thesis/scripts/BlastOut_datasetTMB/BlastOut_datasetTMB_swissprot/top25BlastSplit/fasta/aln/BlastOut_datasetTMB_swissprot_P42512.csv.aln
1.505
/home/user/thesis/scripts/BlastOut_datasetTMB/BlastOut_datasetTMB_swissprot/top25BlastSplit/fasta/aln/BlastOut_datasetTMB_swissprot_P43261.csv.aln
0.669
/home/user/thesis/scripts/BlastOut_datasetTMB/BlastOut_datasetTMB_swissprot/top25BlastSplit/fasta/aln/BlastOut_datasetTMB_swissprot_P45758.csv.aln
1.497
/home/user/thesis/scripts/BlastOut_datasetTMB/BlastOut_datasetTMB_swissprot/top25BlastSplit/fasta/aln/BlastOut_datasetTMB_swissprot_P45779.csv.aln
1.486
/home/user/thesis/scripts/BlastOut_datasetTMB/BlastOut_datasetTMB_swissprot/top25BlastSplit/fasta/aln/BlastOut_datasetTMB_swissprot_P46359.csv.aln
1.414
/home/user/thesis/scripts/BlastOut_datasetTMB/BlastOut_datasetTMB_swissprot/top25BlastSplit/fasta/aln/BlastOut_datasetTMB_swissprot_P48632.csv.aln
1.473
/home/user/thesis/scripts/BlastOut_datasetTMB/BlastOut_datasetTMB_swissprot/top25BlastSplit/fasta/aln/BlastOut_datasetTMB_swissprot_P49767.csv.aln
1.313
/home/user/thesis/scripts/BlastOut_datasetTMB/BlastOut_datasetTMB_swissprot/top25BlastSplit/fasta/aln/BlastOut_datasetTMB_swissprot_P75780.csv.aln
1.362
/home/user/thesis/scripts/BlastOut_datasetTMB/BlastOut_datasetTMB_swissprot/top25BlastSplit/fasta/aln/BlastOut_datasetTMB_swissprot_P77211.csv.aln
1.098
/home/user/thesis/scripts/BlastOut_datasetTMB/BlastOut_datasetTMB_swissprot/top25BlastSplit/fasta/aln/BlastOut_datasetTMB_swissprot_P77774.csv.aln
0.913
/home/user/thesis/scripts/BlastOut_datasetTMB/BlastOut_datasetTMB_swissprot/top25BlastSplit/fasta/aln/BlastOut_datasetTMB_swissprot_Q03155.csv.aln
0.884
/home/user/thesis/scripts/BlastOut_datasetTMB/BlastOut_datasetTMB_swissprot/top25BlastSplit/fasta/aln/BlastOut_datasetTMB_swissprot_Q04884.csv.aln
1.270
/home/user/thesis/scripts/BlastOut_datasetTMB/BlastOut_datasetTMB_swissprot/top25BlastSplit/fasta/aln/BlastOut_datasetTMB_swissprot_Q16853.csv.aln
1.376
/home/user/thesis/scripts/BlastOut_datasetTMB/BlastOut_datasetTMB_swissprot/top25BlastSplit/fasta/aln/BlastOut_datasetTMB_swissprot_Q2FFA2.csv.aln
1.544
/home/user/thesis/scripts/BlastOut_datasetTMB/BlastOut_datasetTMB_swissprot/top25BlastSplit/fasta/aln/BlastOut_datasetTMB_swissprot_Q2FFA3.csv.aln
1.391
/home/user/thesis/scripts/BlastOut_datasetTMB/BlastOut_datasetTMB_swissprot/top25BlastSplit/fasta/aln/BlastOut_datasetTMB_swissprot_Q45340.csv.aln
1.213
/home/user/thesis/scripts/BlastOut_datasetTMB/BlastOut_datasetTMB_swissprot/top25BlastSplit/fasta/aln/BlastOut_datasetTMB_swissprot_Q48473.csv.aln
1.025
/home/user/thesis/scripts/BlastOut_datasetTMB/BlastOut_datasetTMB_swissprot/top25BlastSplit/fasta/aln/BlastOut_datasetTMB_swissprot_Q51397.csv.aln
1.098
/home/user/thesis/scripts/BlastOut_datasetTMB/BlastOut_datasetTMB_swissprot/top25BlastSplit/fasta/aln/BlastOut_datasetTMB_swissprot_Q51487.csv.aln
1.141
/home/user/thesis/scripts/BlastOut_datasetTMB/BlastOut_datasetTMB_swissprot/top25BlastSplit/fasta/aln/BlastOut_datasetTMB_swissprot_Q60932.csv.aln
1.209
/home/user/thesis/scripts/BlastOut_datasetTMB/BlastOut_datasetTMB_swissprot/top25BlastSplit/fasta/aln/BlastOut_datasetTMB_swissprot_Q7BSW5.csv.aln
1.874
/home/user/thesis/scripts/BlastOut_datasetTMB/BlastOut_datasetTMB_swissprot/top25BlastSplit/fasta/aln/BlastOut_datasetTMB_swissprot_Q83SQ0.csv.aln
1.106
/home/user/thesis/scripts/BlastOut_datasetTMB/BlastOut_datasetTMB_swissprot/top25BlastSplit/fasta/aln/BlastOut_datasetTMB_swissprot_Q8CVW1.csv.aln
1.018
/home/user/thesis/scripts/BlastOut_datasetTMB/BlastOut_datasetTMB_swissprot/top25BlastSplit/fasta/aln/BlastOut_datasetTMB_swissprot_Q8ZIK3.csv.aln
1.101
/home/user/thesis/scripts/BlastOut_datasetTMB/BlastOut_datasetTMB_swissprot/top25BlastSplit/fasta/aln/BlastOut_datasetTMB_swissprot_Q8ZPC9.csv.aln
1.000
/home/user/thesis/scripts/BlastOut_datasetTMB/BlastOut_datasetTMB_swissprot/top25BlastSplit/fasta/aln/BlastOut_datasetTMB_swissprot_Q8ZRW0.csv.aln
1.088
/home/user/thesis/scripts/BlastOut_datasetTMB/BlastOut_datasetTMB_swissprot/top25BlastSplit/fasta/aln/BlastOut_datasetTMB_swissprot_Q99RL1.csv.aln
1.514
/home/user/thesis/scripts/BlastOut_datasetTMB/BlastOut_datasetTMB_swissprot/top25BlastSplit/fasta/aln/BlastOut_datasetTMB_swissprot_Q9I5U2.csv.aln
1.078
/home/user/thesis/scripts/BlastOut_datasetTMB/BlastOut_datasetTMB_swissprot/top25BlastSplit/fasta/aln/BlastOut_datasetTMB_swissprot_Q9K0U9.csv.aln
1.731
/home/user/thesis/scripts/BlastOut_datasetTMB/BlastOut_datasetTMB_swissprot/top25BlastSplit/fasta/aln/BlastOut_datasetTMB_swissprot_Q9TUM0.csv.aln
1.063
