/home/user/thesis/scripts/BlastOut_datasetTMB/BlastOut_datasetTMB_swissprot/top25BlastSplit/fasta/aln/BlastOut_datasetTMB_swissprot_A1JUB7.csv.aln
0.256
/home/user/thesis/scripts/BlastOut_datasetTMB/BlastOut_datasetTMB_swissprot/top25BlastSplit/fasta/aln/BlastOut_datasetTMB_swissprot_A5F934.csv.aln
0.894
/home/user/thesis/scripts/BlastOut_datasetTMB/BlastOut_datasetTMB_swissprot/top25BlastSplit/fasta/aln/BlastOut_datasetTMB_swissprot_E3PJ86.csv.aln
0.519
/home/user/thesis/scripts/BlastOut_datasetTMB/BlastOut_datasetTMB_swissprot/top25BlastSplit/fasta/aln/BlastOut_datasetTMB_swissprot_O33407.csv.aln
0.730
/home/user/thesis/scripts/BlastOut_datasetTMB/BlastOut_datasetTMB_swissprot/top25BlastSplit/fasta/aln/BlastOut_datasetTMB_swissprot_O88093.csv.aln
0.673
/home/user/thesis/scripts/BlastOut_datasetTMB/BlastOut_datasetTMB_swissprot/top25BlastSplit/fasta/aln/BlastOut_datasetTMB_swissprot_P01031.csv.aln
0.612
/home/user/thesis/scripts/BlastOut_datasetTMB/BlastOut_datasetTMB_swissprot/top25BlastSplit/fasta/aln/BlastOut_datasetTMB_swissprot_P02748.csv.aln
0.599
/home/user/thesis/scripts/BlastOut_datasetTMB/BlastOut_datasetTMB_swissprot/top25BlastSplit/fasta/aln/BlastOut_datasetTMB_swissprot_P02787.csv.aln
0.755
/home/user/thesis/scripts/BlastOut_datasetTMB/BlastOut_datasetTMB_swissprot/top25BlastSplit/fasta/aln/BlastOut_datasetTMB_swissprot_P02930.csv.aln
0.110
/home/user/thesis/scripts/BlastOut_datasetTMB/BlastOut_datasetTMB_swissprot/top25BlastSplit/fasta/aln/BlastOut_datasetTMB_swissprot_P02931.csv.aln
0.661
/home/user/thesis/scripts/BlastOut_datasetTMB/BlastOut_datasetTMB_swissprot/top25BlastSplit/fasta/aln/BlastOut_datasetTMB_swissprot_P02932.csv.aln
0.661
/home/user/thesis/scripts/BlastOut_datasetTMB/BlastOut_datasetTMB_swissprot/top25BlastSplit/fasta/aln/BlastOut_datasetTMB_swissprot_P05430.csv.aln
0.143
/home/user/thesis/scripts/BlastOut_datasetTMB/BlastOut_datasetTMB_swissprot/top25BlastSplit/fasta/aln/BlastOut_datasetTMB_swissprot_P06970.csv.aln
0.324
/home/user/thesis/scripts/BlastOut_datasetTMB/BlastOut_datasetTMB_swissprot/top25BlastSplit/fasta/aln/BlastOut_datasetTMB_swissprot_P06971.csv.aln
0.291
/home/user/thesis/scripts/BlastOut_datasetTMB/BlastOut_datasetTMB_swissprot/top25BlastSplit/fasta/aln/BlastOut_datasetTMB_swissprot_P06996.csv.aln
0.732
/home/user/thesis/scripts/BlastOut_datasetTMB/BlastOut_datasetTMB_swissprot/top25BlastSplit/fasta/aln/BlastOut_datasetTMB_swissprot_P07110.csv.aln
0.325
/home/user/thesis/scripts/BlastOut_datasetTMB/BlastOut_datasetTMB_swissprot/top25BlastSplit/fasta/aln/BlastOut_datasetTMB_swissprot_P07357.csv.aln
0.634
/home/user/thesis/scripts/BlastOut_datasetTMB/BlastOut_datasetTMB_swissprot/top25BlastSplit/fasta/aln/BlastOut_datasetTMB_swissprot_P07358.csv.aln
0.617
/home/user/thesis/scripts/BlastOut_datasetTMB/BlastOut_datasetTMB_swissprot/top25BlastSplit/fasta/aln/BlastOut_datasetTMB_swissprot_P07360.csv.aln
0.496
/home/user/thesis/scripts/BlastOut_datasetTMB/BlastOut_datasetTMB_swissprot/top25BlastSplit/fasta/aln/BlastOut_datasetTMB_swissprot_P08189.csv.aln
0.366
/home/user/thesis/scripts/BlastOut_datasetTMB/BlastOut_datasetTMB_swissprot/top25BlastSplit/fasta/aln/BlastOut_datasetTMB_swissprot_P08190.csv.aln
0.223
/home/user/thesis/scripts/BlastOut_datasetTMB/BlastOut_datasetTMB_swissprot/top25BlastSplit/fasta/aln/BlastOut_datasetTMB_swissprot_P0A071.csv.aln
0.780
/home/user/thesis/scripts/BlastOut_datasetTMB/BlastOut_datasetTMB_swissprot/top25BlastSplit/fasta/aln/BlastOut_datasetTMB_swissprot_P0A074.csv.aln
0.780
/home/user/thesis/scripts/BlastOut_datasetTMB/BlastOut_datasetTMB_swissprot/top25BlastSplit/fasta/aln/BlastOut_datasetTMB_swissprot_P0A077.csv.aln
0.554
/home/user/thesis/scripts/BlastOut_datasetTMB/BlastOut_datasetTMB_swissprot/top25BlastSplit/fasta/aln/BlastOut_datasetTMB_swissprot_P0A263.csv.aln
0.716
/home/user/thesis/scripts/BlastOut_datasetTMB/BlastOut_datasetTMB_swissprot/top25BlastSplit/fasta/aln/BlastOut_datasetTMB_swissprot_P0A264.csv.aln
0.716
/home/user/thesis/scripts/BlastOut_datasetTMB/BlastOut_datasetTMB_swissprot/top25BlastSplit/fasta/aln/BlastOut_datasetTMB_swissprot_P0A910.csv.aln
0.748
/home/user/thesis/scripts/BlastOut_datasetTMB/BlastOut_datasetTMB_swissprot/top25BlastSplit/fasta/aln/BlastOut_datasetTMB_swissprot_P0A911.csv.aln
0.748
/home/user/thesis/scripts/BlastOut_datasetTMB/BlastOut_datasetTMB_swissprot/top25BlastSplit/fasta/aln/BlastOut_datasetTMB_swissprot_P0A937.csv.aln
0.258
/home/user/thesis/scripts/BlastOut_datasetTMB/BlastOut_datasetTMB_swissprot/top25BlastSplit/fasta/aln/BlastOut_datasetTMB_swissprot_P0AEA2.csv.aln
0.189
/home/user/thesis/scripts/BlastOut_datasetTMB/BlastOut_datasetTMB_swissprot/top25BlastSplit/fasta/aln/BlastOut_datasetTMB_swissprot_P0C2W0.csv.aln
0.824
/home/user/thesis/scripts/BlastOut_datasetTMB/BlastOut_datasetTMB_swissprot/top25BlastSplit/fasta/aln/BlastOut_datasetTMB_swissprot_P0C6Q6.csv.aln
0.894
/home/user/thesis/scripts/BlastOut_datasetTMB/BlastOut_datasetTMB_swissprot/top25BlastSplit/fasta/aln/BlastOut_datasetTMB_swissprot_P0DH58.csv.aln
0.234
/home/user/thesis/scripts/BlastOut_datasetTMB/BlastOut_datasetTMB_swissprot/top25BlastSplit/fasta/aln/BlastOut_datasetTMB_swissprot_P10643.csv.aln
0.618
/home/user/thesis/scripts/BlastOut_datasetTMB/BlastOut_datasetTMB_swissprot/top25BlastSplit/fasta/aln/BlastOut_datasetTMB_swissprot_P11922.csv.aln
0.251
/home/user/thesis/scripts/BlastOut_datasetTMB/BlastOut_datasetTMB_swissprot/top25BlastSplit/fasta/aln/BlastOut_datasetTMB_swissprot_P12643.csv.aln
0.781
/home/user/thesis/scripts/BlastOut_datasetTMB/BlastOut_datasetTMB_swissprot/top25BlastSplit/fasta/aln/BlastOut_datasetTMB_swissprot_P13036.csv.aln
0.602
/home/user/thesis/scripts/BlastOut_datasetTMB/BlastOut_datasetTMB_swissprot/top25BlastSplit/fasta/aln/BlastOut_datasetTMB_swissprot_P13671.csv.aln
0.626
/home/user/thesis/scripts/BlastOut_datasetTMB/BlastOut_datasetTMB_swissprot/top25BlastSplit/fasta/aln/BlastOut_datasetTMB_swissprot_P15319.csv.aln
0.484
/home/user/thesis/scripts/BlastOut_datasetTMB/BlastOut_datasetTMB_swissprot/top25BlastSplit/fasta/aln/BlastOut_datasetTMB_swissprot_P16869.csv.aln
0.307
/home/user/thesis/scripts/BlastOut_datasetTMB/BlastOut_datasetTMB_swissprot/top25BlastSplit/fasta/aln/BlastOut_datasetTMB_swissprot_P19809.csv.aln
0.307
/home/user/thesis/scripts/BlastOut_datasetTMB/BlastOut_datasetTMB_swissprot/top25BlastSplit/fasta/aln/BlastOut_datasetTMB_swissprot_P21796.csv.aln
0.436
/home/user/thesis/scripts/BlastOut_datasetTMB/BlastOut_datasetTMB_swissprot/top25BlastSplit/fasta/aln/BlastOut_datasetTMB_swissprot_P22340.csv.aln
1.135
/home/user/thesis/scripts/BlastOut_datasetTMB/BlastOut_datasetTMB_swissprot/top25BlastSplit/fasta/aln/BlastOut_datasetTMB_swissprot_P24017.csv.aln
0.532
/home/user/thesis/scripts/BlastOut_datasetTMB/BlastOut_datasetTMB_swissprot/top25BlastSplit/fasta/aln/BlastOut_datasetTMB_swissprot_P24391.csv.aln
0.123
/home/user/thesis/scripts/BlastOut_datasetTMB/BlastOut_datasetTMB_swissprot/top25BlastSplit/fasta/aln/BlastOut_datasetTMB_swissprot_P26466.csv.aln
1.000
/home/user/thesis/scripts/BlastOut_datasetTMB/BlastOut_datasetTMB_swissprot/top25BlastSplit/fasta/aln/BlastOut_datasetTMB_swissprot_P30130.csv.aln
0.233
/home/user/thesis/scripts/BlastOut_datasetTMB/BlastOut_datasetTMB_swissprot/top25BlastSplit/fasta/aln/BlastOut_datasetTMB_swissprot_P30690.csv.aln
0.218
/home/user/thesis/scripts/BlastOut_datasetTMB/BlastOut_datasetTMB_swissprot/top25BlastSplit/fasta/aln/BlastOut_datasetTMB_swissprot_P31554.csv.aln
0.715
/home/user/thesis/scripts/BlastOut_datasetTMB/BlastOut_datasetTMB_swissprot/top25BlastSplit/fasta/aln/BlastOut_datasetTMB_swissprot_P31697.csv.aln
0.420
/home/user/thesis/scripts/BlastOut_datasetTMB/BlastOut_datasetTMB_swissprot/top25BlastSplit/fasta/aln/BlastOut_datasetTMB_swissprot_P31780.csv.aln
0.579
/home/user/thesis/scripts/BlastOut_datasetTMB/BlastOut_datasetTMB_swissprot/top25BlastSplit/fasta/aln/BlastOut_datasetTMB_swissprot_P35672.csv.aln
0.264
/home/user/thesis/scripts/BlastOut_datasetTMB/BlastOut_datasetTMB_swissprot/top25BlastSplit/fasta/aln/BlastOut_datasetTMB_swissprot_P35818.csv.aln
0.432
/home/user/thesis/scripts/BlastOut_datasetTMB/BlastOut_datasetTMB_swissprot/top25BlastSplit/fasta/aln/BlastOut_datasetTMB_swissprot_P37001.csv.aln
0.745
/home/user/thesis/scripts/BlastOut_datasetTMB/BlastOut_datasetTMB_swissprot/top25BlastSplit/fasta/aln/BlastOut_datasetTMB_swissprot_P37432.csv.aln
0.662
/home/user/thesis/scripts/BlastOut_datasetTMB/BlastOut_datasetTMB_swissprot/top25BlastSplit/fasta/aln/BlastOut_datasetTMB_swissprot_P42512.csv.aln
0.387
/home/user/thesis/scripts/BlastOut_datasetTMB/BlastOut_datasetTMB_swissprot/top25BlastSplit/fasta/aln/BlastOut_datasetTMB_swissprot_P43261.csv.aln
0.312
/home/user/thesis/scripts/BlastOut_datasetTMB/BlastOut_datasetTMB_swissprot/top25BlastSplit/fasta/aln/BlastOut_datasetTMB_swissprot_P45758.csv.aln
0.507
/home/user/thesis/scripts/BlastOut_datasetTMB/BlastOut_datasetTMB_swissprot/top25BlastSplit/fasta/aln/BlastOut_datasetTMB_swissprot_P45779.csv.aln
0.574
/home/user/thesis/scripts/BlastOut_datasetTMB/BlastOut_datasetTMB_swissprot/top25BlastSplit/fasta/aln/BlastOut_datasetTMB_swissprot_P46359.csv.aln
0.387
/home/user/thesis/scripts/BlastOut_datasetTMB/BlastOut_datasetTMB_swissprot/top25BlastSplit/fasta/aln/BlastOut_datasetTMB_swissprot_P48632.csv.aln
0.329
/home/user/thesis/scripts/BlastOut_datasetTMB/BlastOut_datasetTMB_swissprot/top25BlastSplit/fasta/aln/BlastOut_datasetTMB_swissprot_P49767.csv.aln
0.667
/home/user/thesis/scripts/BlastOut_datasetTMB/BlastOut_datasetTMB_swissprot/top25BlastSplit/fasta/aln/BlastOut_datasetTMB_swissprot_P75780.csv.aln
0.378
/home/user/thesis/scripts/BlastOut_datasetTMB/BlastOut_datasetTMB_swissprot/top25BlastSplit/fasta/aln/BlastOut_datasetTMB_swissprot_P77211.csv.aln
0.235
/home/user/thesis/scripts/BlastOut_datasetTMB/BlastOut_datasetTMB_swissprot/top25BlastSplit/fasta/aln/BlastOut_datasetTMB_swissprot_P77774.csv.aln
0.261
/home/user/thesis/scripts/BlastOut_datasetTMB/BlastOut_datasetTMB_swissprot/top25BlastSplit/fasta/aln/BlastOut_datasetTMB_swissprot_Q03155.csv.aln
0.241
/home/user/thesis/scripts/BlastOut_datasetTMB/BlastOut_datasetTMB_swissprot/top25BlastSplit/fasta/aln/BlastOut_datasetTMB_swissprot_Q04884.csv.aln
0.565
/home/user/thesis/scripts/BlastOut_datasetTMB/BlastOut_datasetTMB_swissprot/top25BlastSplit/fasta/aln/BlastOut_datasetTMB_swissprot_Q16853.csv.aln
0.564
/home/user/thesis/scripts/BlastOut_datasetTMB/BlastOut_datasetTMB_swissprot/top25BlastSplit/fasta/aln/BlastOut_datasetTMB_swissprot_Q2FFA2.csv.aln
0.804
/home/user/thesis/scripts/BlastOut_datasetTMB/BlastOut_datasetTMB_swissprot/top25BlastSplit/fasta/aln/BlastOut_datasetTMB_swissprot_Q2FFA3.csv.aln
0.518
/home/user/thesis/scripts/BlastOut_datasetTMB/BlastOut_datasetTMB_swissprot/top25BlastSplit/fasta/aln/BlastOut_datasetTMB_swissprot_Q45340.csv.aln
0.281
/home/user/thesis/scripts/BlastOut_datasetTMB/BlastOut_datasetTMB_swissprot/top25BlastSplit/fasta/aln/BlastOut_datasetTMB_swissprot_Q48473.csv.aln
0.702
/home/user/thesis/scripts/BlastOut_datasetTMB/BlastOut_datasetTMB_swissprot/top25BlastSplit/fasta/aln/BlastOut_datasetTMB_swissprot_Q51397.csv.aln
0.290
/home/user/thesis/scripts/BlastOut_datasetTMB/BlastOut_datasetTMB_swissprot/top25BlastSplit/fasta/aln/BlastOut_datasetTMB_swissprot_Q51487.csv.aln
0.247
/home/user/thesis/scripts/BlastOut_datasetTMB/BlastOut_datasetTMB_swissprot/top25BlastSplit/fasta/aln/BlastOut_datasetTMB_swissprot_Q60932.csv.aln
0.442
/home/user/thesis/scripts/BlastOut_datasetTMB/BlastOut_datasetTMB_swissprot/top25BlastSplit/fasta/aln/BlastOut_datasetTMB_swissprot_Q7BSW5.csv.aln
0.749
/home/user/thesis/scripts/BlastOut_datasetTMB/BlastOut_datasetTMB_swissprot/top25BlastSplit/fasta/aln/BlastOut_datasetTMB_swissprot_Q83SQ0.csv.aln
0.714
/home/user/thesis/scripts/BlastOut_datasetTMB/BlastOut_datasetTMB_swissprot/top25BlastSplit/fasta/aln/BlastOut_datasetTMB_swissprot_Q8CVW1.csv.aln
0.696
/home/user/thesis/scripts/BlastOut_datasetTMB/BlastOut_datasetTMB_swissprot/top25BlastSplit/fasta/aln/BlastOut_datasetTMB_swissprot_Q8ZIK3.csv.aln
0.718
/home/user/thesis/scripts/BlastOut_datasetTMB/BlastOut_datasetTMB_swissprot/top25BlastSplit/fasta/aln/BlastOut_datasetTMB_swissprot_Q8ZPC9.csv.aln
1.000
/home/user/thesis/scripts/BlastOut_datasetTMB/BlastOut_datasetTMB_swissprot/top25BlastSplit/fasta/aln/BlastOut_datasetTMB_swissprot_Q8ZRW0.csv.aln
0.697
/home/user/thesis/scripts/BlastOut_datasetTMB/BlastOut_datasetTMB_swissprot/top25BlastSplit/fasta/aln/BlastOut_datasetTMB_swissprot_Q99RL1.csv.aln
0.772
/home/user/thesis/scripts/BlastOut_datasetTMB/BlastOut_datasetTMB_swissprot/top25BlastSplit/fasta/aln/BlastOut_datasetTMB_swissprot_Q9I5U2.csv.aln
0.488
/home/user/thesis/scripts/BlastOut_datasetTMB/BlastOut_datasetTMB_swissprot/top25BlastSplit/fasta/aln/BlastOut_datasetTMB_swissprot_Q9K0U9.csv.aln
0.847
/home/user/thesis/scripts/BlastOut_datasetTMB/BlastOut_datasetTMB_swissprot/top25BlastSplit/fasta/aln/BlastOut_datasetTMB_swissprot_Q9TUM0.csv.aln
0.703
