2.538
1.173
1.002
1.077
1.060
1.026
0.939
1.747
0.178
1.151
0.980
0.830
0.451
0.592
0.778
0.884
2.334
1.149
1.322
0.806
0.760
0.755
1.269
0.755
1.011
1.099
0.951
0.759
0.766
0.776
0.609
1.854
1.000
1.000
1.231
0.961
0.961
0.817
1.000
1.000
0.708
0.708
0.465
0.465
0.465
0.465
1.836
1.836
1.836
0.824
0.593
0.906
2.780
1.574
1.077
1.034
1.076
1.059
1.113
0.967
1.048
0.783
0.782
1.391
1.054
0.518
1.516
1.000
1.317
1.000
1.531
1.030
1.000
0.396
1.059
0.133
1.000
0.757
0.973
0.336
0.422
0.713
0.976
0.876
1.000
0.805
0.861
1.062
0.877
1.005
0.917
0.821
1.267
0.675
0.675
0.675
0.820
0.847
0.677
0.575
1.000
1.174
0.667
1.012
1.423
1.258
0.616
0.944
0.756
0.762
1.033
0.774
1.000
0.436
0.928
0.893
1.027
0.882
1.000
1.000
1.000
1.000
0.950
1.178
0.972
