/home/user/thesis/scripts/BlastOut_datasetTMB/BlastOut_datasetTMB_OMPdb70/top25BlastSplit/fasta/aln/BlastOut_datasetTMB_OMPdb70_A0QR29.csv.aln
0.112
/home/user/thesis/scripts/BlastOut_datasetTMB/BlastOut_datasetTMB_OMPdb70/top25BlastSplit/fasta/aln/BlastOut_datasetTMB_OMPdb70_A1JUB7.csv.aln
0.179
/home/user/thesis/scripts/BlastOut_datasetTMB/BlastOut_datasetTMB_OMPdb70/top25BlastSplit/fasta/aln/BlastOut_datasetTMB_OMPdb70_A5F934.csv.aln
0.587
/home/user/thesis/scripts/BlastOut_datasetTMB/BlastOut_datasetTMB_OMPdb70/top25BlastSplit/fasta/aln/BlastOut_datasetTMB_OMPdb70_E3PJ86.csv.aln
0.439
/home/user/thesis/scripts/BlastOut_datasetTMB/BlastOut_datasetTMB_OMPdb70/top25BlastSplit/fasta/aln/BlastOut_datasetTMB_OMPdb70_E6MXW0.csv.aln
0.614
/home/user/thesis/scripts/BlastOut_datasetTMB/BlastOut_datasetTMB_OMPdb70/top25BlastSplit/fasta/aln/BlastOut_datasetTMB_OMPdb70_O33407.csv.aln
0.435
/home/user/thesis/scripts/BlastOut_datasetTMB/BlastOut_datasetTMB_OMPdb70/top25BlastSplit/fasta/aln/BlastOut_datasetTMB_OMPdb70_O88093.csv.aln
0.468
/home/user/thesis/scripts/BlastOut_datasetTMB/BlastOut_datasetTMB_OMPdb70/top25BlastSplit/fasta/aln/BlastOut_datasetTMB_OMPdb70_P02929.csv.aln
0.155
/home/user/thesis/scripts/BlastOut_datasetTMB/BlastOut_datasetTMB_OMPdb70/top25BlastSplit/fasta/aln/BlastOut_datasetTMB_OMPdb70_P02930.csv.aln
0.409
/home/user/thesis/scripts/BlastOut_datasetTMB/BlastOut_datasetTMB_OMPdb70/top25BlastSplit/fasta/aln/BlastOut_datasetTMB_OMPdb70_P02931.csv.aln
0.566
/home/user/thesis/scripts/BlastOut_datasetTMB/BlastOut_datasetTMB_OMPdb70/top25BlastSplit/fasta/aln/BlastOut_datasetTMB_OMPdb70_P02932.csv.aln
0.537
/home/user/thesis/scripts/BlastOut_datasetTMB/BlastOut_datasetTMB_OMPdb70/top25BlastSplit/fasta/aln/BlastOut_datasetTMB_OMPdb70_P02943.csv.aln
0.548
/home/user/thesis/scripts/BlastOut_datasetTMB/BlastOut_datasetTMB_OMPdb70/top25BlastSplit/fasta/aln/BlastOut_datasetTMB_OMPdb70_P05430.csv.aln
0.600
/home/user/thesis/scripts/BlastOut_datasetTMB/BlastOut_datasetTMB_OMPdb70/top25BlastSplit/fasta/aln/BlastOut_datasetTMB_OMPdb70_P05695.csv.aln
0.560
/home/user/thesis/scripts/BlastOut_datasetTMB/BlastOut_datasetTMB_OMPdb70/top25BlastSplit/fasta/aln/BlastOut_datasetTMB_OMPdb70_P05825.csv.aln
0.583
/home/user/thesis/scripts/BlastOut_datasetTMB/BlastOut_datasetTMB_OMPdb70/top25BlastSplit/fasta/aln/BlastOut_datasetTMB_OMPdb70_P06129.csv.aln
0.504
/home/user/thesis/scripts/BlastOut_datasetTMB/BlastOut_datasetTMB_OMPdb70/top25BlastSplit/fasta/aln/BlastOut_datasetTMB_OMPdb70_P06970.csv.aln
0.436
/home/user/thesis/scripts/BlastOut_datasetTMB/BlastOut_datasetTMB_OMPdb70/top25BlastSplit/fasta/aln/BlastOut_datasetTMB_OMPdb70_P06971.csv.aln
0.420
/home/user/thesis/scripts/BlastOut_datasetTMB/BlastOut_datasetTMB_OMPdb70/top25BlastSplit/fasta/aln/BlastOut_datasetTMB_OMPdb70_P06996.csv.aln
0.598
/home/user/thesis/scripts/BlastOut_datasetTMB/BlastOut_datasetTMB_OMPdb70/top25BlastSplit/fasta/aln/BlastOut_datasetTMB_OMPdb70_P07110.csv.aln
0.464
/home/user/thesis/scripts/BlastOut_datasetTMB/BlastOut_datasetTMB_OMPdb70/top25BlastSplit/fasta/aln/BlastOut_datasetTMB_OMPdb70_P09169.csv.aln
0.350
/home/user/thesis/scripts/BlastOut_datasetTMB/BlastOut_datasetTMB_OMPdb70/top25BlastSplit/fasta/aln/BlastOut_datasetTMB_OMPdb70_P0A232.csv.aln
0.493
/home/user/thesis/scripts/BlastOut_datasetTMB/BlastOut_datasetTMB_OMPdb70/top25BlastSplit/fasta/aln/BlastOut_datasetTMB_OMPdb70_P0A263.csv.aln
0.535
/home/user/thesis/scripts/BlastOut_datasetTMB/BlastOut_datasetTMB_OMPdb70/top25BlastSplit/fasta/aln/BlastOut_datasetTMB_OMPdb70_P0A264.csv.aln
0.535
/home/user/thesis/scripts/BlastOut_datasetTMB/BlastOut_datasetTMB_OMPdb70/top25BlastSplit/fasta/aln/BlastOut_datasetTMB_OMPdb70_P0A910.csv.aln
0.477
/home/user/thesis/scripts/BlastOut_datasetTMB/BlastOut_datasetTMB_OMPdb70/top25BlastSplit/fasta/aln/BlastOut_datasetTMB_OMPdb70_P0A911.csv.aln
0.477
/home/user/thesis/scripts/BlastOut_datasetTMB/BlastOut_datasetTMB_OMPdb70/top25BlastSplit/fasta/aln/BlastOut_datasetTMB_OMPdb70_P0A915.csv.aln
0.461
/home/user/thesis/scripts/BlastOut_datasetTMB/BlastOut_datasetTMB_OMPdb70/top25BlastSplit/fasta/aln/BlastOut_datasetTMB_OMPdb70_P0A916.csv.aln
0.461
/home/user/thesis/scripts/BlastOut_datasetTMB/BlastOut_datasetTMB_OMPdb70/top25BlastSplit/fasta/aln/BlastOut_datasetTMB_OMPdb70_P0A917.csv.aln
0.460
/home/user/thesis/scripts/BlastOut_datasetTMB/BlastOut_datasetTMB_OMPdb70/top25BlastSplit/fasta/aln/BlastOut_datasetTMB_OMPdb70_P0A918.csv.aln
0.460
/home/user/thesis/scripts/BlastOut_datasetTMB/BlastOut_datasetTMB_OMPdb70/top25BlastSplit/fasta/aln/BlastOut_datasetTMB_OMPdb70_P0A919.csv.aln
0.460
/home/user/thesis/scripts/BlastOut_datasetTMB/BlastOut_datasetTMB_OMPdb70/top25BlastSplit/fasta/aln/BlastOut_datasetTMB_OMPdb70_P0A920.csv.aln
0.460
/home/user/thesis/scripts/BlastOut_datasetTMB/BlastOut_datasetTMB_OMPdb70/top25BlastSplit/fasta/aln/BlastOut_datasetTMB_OMPdb70_P0A921.csv.aln
0.491
/home/user/thesis/scripts/BlastOut_datasetTMB/BlastOut_datasetTMB_OMPdb70/top25BlastSplit/fasta/aln/BlastOut_datasetTMB_OMPdb70_P0A922.csv.aln
0.491
/home/user/thesis/scripts/BlastOut_datasetTMB/BlastOut_datasetTMB_OMPdb70/top25BlastSplit/fasta/aln/BlastOut_datasetTMB_OMPdb70_P0A923.csv.aln
0.491
/home/user/thesis/scripts/BlastOut_datasetTMB/BlastOut_datasetTMB_OMPdb70/top25BlastSplit/fasta/aln/BlastOut_datasetTMB_OMPdb70_P0A927.csv.aln
0.394
/home/user/thesis/scripts/BlastOut_datasetTMB/BlastOut_datasetTMB_OMPdb70/top25BlastSplit/fasta/aln/BlastOut_datasetTMB_OMPdb70_P0A928.csv.aln
0.394
/home/user/thesis/scripts/BlastOut_datasetTMB/BlastOut_datasetTMB_OMPdb70/top25BlastSplit/fasta/aln/BlastOut_datasetTMB_OMPdb70_P0A929.csv.aln
0.394
/home/user/thesis/scripts/BlastOut_datasetTMB/BlastOut_datasetTMB_OMPdb70/top25BlastSplit/fasta/aln/BlastOut_datasetTMB_OMPdb70_P0A940.csv.aln
0.410
/home/user/thesis/scripts/BlastOut_datasetTMB/BlastOut_datasetTMB_OMPdb70/top25BlastSplit/fasta/aln/BlastOut_datasetTMB_OMPdb70_P0A941.csv.aln
0.410
/home/user/thesis/scripts/BlastOut_datasetTMB/BlastOut_datasetTMB_OMPdb70/top25BlastSplit/fasta/aln/BlastOut_datasetTMB_OMPdb70_P0A942.csv.aln
0.410
/home/user/thesis/scripts/BlastOut_datasetTMB/BlastOut_datasetTMB_OMPdb70/top25BlastSplit/fasta/aln/BlastOut_datasetTMB_OMPdb70_P0A943.csv.aln
0.410
/home/user/thesis/scripts/BlastOut_datasetTMB/BlastOut_datasetTMB_OMPdb70/top25BlastSplit/fasta/aln/BlastOut_datasetTMB_OMPdb70_P0ADE4.csv.aln
0.389
/home/user/thesis/scripts/BlastOut_datasetTMB/BlastOut_datasetTMB_OMPdb70/top25BlastSplit/fasta/aln/BlastOut_datasetTMB_OMPdb70_P0ADE5.csv.aln
0.389
/home/user/thesis/scripts/BlastOut_datasetTMB/BlastOut_datasetTMB_OMPdb70/top25BlastSplit/fasta/aln/BlastOut_datasetTMB_OMPdb70_P0AEA2.csv.aln
0.511
/home/user/thesis/scripts/BlastOut_datasetTMB/BlastOut_datasetTMB_OMPdb70/top25BlastSplit/fasta/aln/BlastOut_datasetTMB_OMPdb70_P0C2W0.csv.aln
0.196
/home/user/thesis/scripts/BlastOut_datasetTMB/BlastOut_datasetTMB_OMPdb70/top25BlastSplit/fasta/aln/BlastOut_datasetTMB_OMPdb70_P0C6Q6.csv.aln
0.587
/home/user/thesis/scripts/BlastOut_datasetTMB/BlastOut_datasetTMB_OMPdb70/top25BlastSplit/fasta/aln/BlastOut_datasetTMB_OMPdb70_P0DH58.csv.aln
0.611
/home/user/thesis/scripts/BlastOut_datasetTMB/BlastOut_datasetTMB_OMPdb70/top25BlastSplit/fasta/aln/BlastOut_datasetTMB_OMPdb70_P10384.csv.aln
0.591
/home/user/thesis/scripts/BlastOut_datasetTMB/BlastOut_datasetTMB_OMPdb70/top25BlastSplit/fasta/aln/BlastOut_datasetTMB_OMPdb70_P11922.csv.aln
0.521
/home/user/thesis/scripts/BlastOut_datasetTMB/BlastOut_datasetTMB_OMPdb70/top25BlastSplit/fasta/aln/BlastOut_datasetTMB_OMPdb70_P13036.csv.aln
0.613
/home/user/thesis/scripts/BlastOut_datasetTMB/BlastOut_datasetTMB_OMPdb70/top25BlastSplit/fasta/aln/BlastOut_datasetTMB_OMPdb70_P13794.csv.aln
0.498
/home/user/thesis/scripts/BlastOut_datasetTMB/BlastOut_datasetTMB_OMPdb70/top25BlastSplit/fasta/aln/BlastOut_datasetTMB_OMPdb70_P16869.csv.aln
0.442
/home/user/thesis/scripts/BlastOut_datasetTMB/BlastOut_datasetTMB_OMPdb70/top25BlastSplit/fasta/aln/BlastOut_datasetTMB_OMPdb70_P17315.csv.aln
0.490
/home/user/thesis/scripts/BlastOut_datasetTMB/BlastOut_datasetTMB_OMPdb70/top25BlastSplit/fasta/aln/BlastOut_datasetTMB_OMPdb70_P17811.csv.aln
0.424
/home/user/thesis/scripts/BlastOut_datasetTMB/BlastOut_datasetTMB_OMPdb70/top25BlastSplit/fasta/aln/BlastOut_datasetTMB_OMPdb70_P18195.csv.aln
0.596
/home/user/thesis/scripts/BlastOut_datasetTMB/BlastOut_datasetTMB_OMPdb70/top25BlastSplit/fasta/aln/BlastOut_datasetTMB_OMPdb70_P18895.csv.aln
0.352
/home/user/thesis/scripts/BlastOut_datasetTMB/BlastOut_datasetTMB_OMPdb70/top25BlastSplit/fasta/aln/BlastOut_datasetTMB_OMPdb70_P19809.csv.aln
0.422
/home/user/thesis/scripts/BlastOut_datasetTMB/BlastOut_datasetTMB_OMPdb70/top25BlastSplit/fasta/aln/BlastOut_datasetTMB_OMPdb70_P21796.csv.aln
0.119
/home/user/thesis/scripts/BlastOut_datasetTMB/BlastOut_datasetTMB_OMPdb70/top25BlastSplit/fasta/aln/BlastOut_datasetTMB_OMPdb70_P22340.csv.aln
0.500
/home/user/thesis/scripts/BlastOut_datasetTMB/BlastOut_datasetTMB_OMPdb70/top25BlastSplit/fasta/aln/BlastOut_datasetTMB_OMPdb70_P24017.csv.aln
0.470
/home/user/thesis/scripts/BlastOut_datasetTMB/BlastOut_datasetTMB_OMPdb70/top25BlastSplit/fasta/aln/BlastOut_datasetTMB_OMPdb70_P24305.csv.aln
0.622
/home/user/thesis/scripts/BlastOut_datasetTMB/BlastOut_datasetTMB_OMPdb70/top25BlastSplit/fasta/aln/BlastOut_datasetTMB_OMPdb70_P26466.csv.aln
0.552
/home/user/thesis/scripts/BlastOut_datasetTMB/BlastOut_datasetTMB_OMPdb70/top25BlastSplit/fasta/aln/BlastOut_datasetTMB_OMPdb70_P30130.csv.aln
0.479
/home/user/thesis/scripts/BlastOut_datasetTMB/BlastOut_datasetTMB_OMPdb70/top25BlastSplit/fasta/aln/BlastOut_datasetTMB_OMPdb70_P30690.csv.aln
0.561
/home/user/thesis/scripts/BlastOut_datasetTMB/BlastOut_datasetTMB_OMPdb70/top25BlastSplit/fasta/aln/BlastOut_datasetTMB_OMPdb70_P31243.csv.aln
0.531
/home/user/thesis/scripts/BlastOut_datasetTMB/BlastOut_datasetTMB_OMPdb70/top25BlastSplit/fasta/aln/BlastOut_datasetTMB_OMPdb70_P31554.csv.aln
0.377
/home/user/thesis/scripts/BlastOut_datasetTMB/BlastOut_datasetTMB_OMPdb70/top25BlastSplit/fasta/aln/BlastOut_datasetTMB_OMPdb70_P31780.csv.aln
0.540
/home/user/thesis/scripts/BlastOut_datasetTMB/BlastOut_datasetTMB_OMPdb70/top25BlastSplit/fasta/aln/BlastOut_datasetTMB_OMPdb70_P32722.csv.aln
0.472
/home/user/thesis/scripts/BlastOut_datasetTMB/BlastOut_datasetTMB_OMPdb70/top25BlastSplit/fasta/aln/BlastOut_datasetTMB_OMPdb70_P32977.csv.aln
0.546
/home/user/thesis/scripts/BlastOut_datasetTMB/BlastOut_datasetTMB_OMPdb70/top25BlastSplit/fasta/aln/BlastOut_datasetTMB_OMPdb70_P35077.csv.aln
0.320
/home/user/thesis/scripts/BlastOut_datasetTMB/BlastOut_datasetTMB_OMPdb70/top25BlastSplit/fasta/aln/BlastOut_datasetTMB_OMPdb70_P35672.csv.aln
0.555
/home/user/thesis/scripts/BlastOut_datasetTMB/BlastOut_datasetTMB_OMPdb70/top25BlastSplit/fasta/aln/BlastOut_datasetTMB_OMPdb70_P35818.csv.aln
0.535
/home/user/thesis/scripts/BlastOut_datasetTMB/BlastOut_datasetTMB_OMPdb70/top25BlastSplit/fasta/aln/BlastOut_datasetTMB_OMPdb70_P37001.csv.aln
0.404
/home/user/thesis/scripts/BlastOut_datasetTMB/BlastOut_datasetTMB_OMPdb70/top25BlastSplit/fasta/aln/BlastOut_datasetTMB_OMPdb70_P37432.csv.aln
0.564
/home/user/thesis/scripts/BlastOut_datasetTMB/BlastOut_datasetTMB_OMPdb70/top25BlastSplit/fasta/aln/BlastOut_datasetTMB_OMPdb70_P39767.csv.aln
0.536
/home/user/thesis/scripts/BlastOut_datasetTMB/BlastOut_datasetTMB_OMPdb70/top25BlastSplit/fasta/aln/BlastOut_datasetTMB_OMPdb70_P42512.csv.aln
0.347
/home/user/thesis/scripts/BlastOut_datasetTMB/BlastOut_datasetTMB_OMPdb70/top25BlastSplit/fasta/aln/BlastOut_datasetTMB_OMPdb70_P43261.csv.aln
0.442
/home/user/thesis/scripts/BlastOut_datasetTMB/BlastOut_datasetTMB_OMPdb70/top25BlastSplit/fasta/aln/BlastOut_datasetTMB_OMPdb70_P45758.csv.aln
0.508
/home/user/thesis/scripts/BlastOut_datasetTMB/BlastOut_datasetTMB_OMPdb70/top25BlastSplit/fasta/aln/BlastOut_datasetTMB_OMPdb70_P45779.csv.aln
0.325
/home/user/thesis/scripts/BlastOut_datasetTMB/BlastOut_datasetTMB_OMPdb70/top25BlastSplit/fasta/aln/BlastOut_datasetTMB_OMPdb70_P46359.csv.aln
0.422
/home/user/thesis/scripts/BlastOut_datasetTMB/BlastOut_datasetTMB_OMPdb70/top25BlastSplit/fasta/aln/BlastOut_datasetTMB_OMPdb70_P48632.csv.aln
0.510
/home/user/thesis/scripts/BlastOut_datasetTMB/BlastOut_datasetTMB_OMPdb70/top25BlastSplit/fasta/aln/BlastOut_datasetTMB_OMPdb70_P69434.csv.aln
0.099
/home/user/thesis/scripts/BlastOut_datasetTMB/BlastOut_datasetTMB_OMPdb70/top25BlastSplit/fasta/aln/BlastOut_datasetTMB_OMPdb70_P69856.csv.aln
0.210
/home/user/thesis/scripts/BlastOut_datasetTMB/BlastOut_datasetTMB_OMPdb70/top25BlastSplit/fasta/aln/BlastOut_datasetTMB_OMPdb70_P69857.csv.aln
0.210
/home/user/thesis/scripts/BlastOut_datasetTMB/BlastOut_datasetTMB_OMPdb70/top25BlastSplit/fasta/aln/BlastOut_datasetTMB_OMPdb70_P69858.csv.aln
0.210
/home/user/thesis/scripts/BlastOut_datasetTMB/BlastOut_datasetTMB_OMPdb70/top25BlastSplit/fasta/aln/BlastOut_datasetTMB_OMPdb70_P75780.csv.aln
0.460
/home/user/thesis/scripts/BlastOut_datasetTMB/BlastOut_datasetTMB_OMPdb70/top25BlastSplit/fasta/aln/BlastOut_datasetTMB_OMPdb70_P76045.csv.aln
0.127
/home/user/thesis/scripts/BlastOut_datasetTMB/BlastOut_datasetTMB_OMPdb70/top25BlastSplit/fasta/aln/BlastOut_datasetTMB_OMPdb70_P77211.csv.aln
0.431
/home/user/thesis/scripts/BlastOut_datasetTMB/BlastOut_datasetTMB_OMPdb70/top25BlastSplit/fasta/aln/BlastOut_datasetTMB_OMPdb70_Q03155.csv.aln
0.480
/home/user/thesis/scripts/BlastOut_datasetTMB/BlastOut_datasetTMB_OMPdb70/top25BlastSplit/fasta/aln/BlastOut_datasetTMB_OMPdb70_Q04884.csv.aln
0.578
/home/user/thesis/scripts/BlastOut_datasetTMB/BlastOut_datasetTMB_OMPdb70/top25BlastSplit/fasta/aln/BlastOut_datasetTMB_OMPdb70_Q05098.csv.aln
0.589
/home/user/thesis/scripts/BlastOut_datasetTMB/BlastOut_datasetTMB_OMPdb70/top25BlastSplit/fasta/aln/BlastOut_datasetTMB_OMPdb70_Q45340.csv.aln
0.357
/home/user/thesis/scripts/BlastOut_datasetTMB/BlastOut_datasetTMB_OMPdb70/top25BlastSplit/fasta/aln/BlastOut_datasetTMB_OMPdb70_Q48473.csv.aln
0.563
/home/user/thesis/scripts/BlastOut_datasetTMB/BlastOut_datasetTMB_OMPdb70/top25BlastSplit/fasta/aln/BlastOut_datasetTMB_OMPdb70_Q51397.csv.aln
0.480
/home/user/thesis/scripts/BlastOut_datasetTMB/BlastOut_datasetTMB_OMPdb70/top25BlastSplit/fasta/aln/BlastOut_datasetTMB_OMPdb70_Q51487.csv.aln
0.493
/home/user/thesis/scripts/BlastOut_datasetTMB/BlastOut_datasetTMB_OMPdb70/top25BlastSplit/fasta/aln/BlastOut_datasetTMB_OMPdb70_Q60932.csv.aln
0.114
/home/user/thesis/scripts/BlastOut_datasetTMB/BlastOut_datasetTMB_OMPdb70/top25BlastSplit/fasta/aln/BlastOut_datasetTMB_OMPdb70_Q7BCK4.csv.aln
0.410
/home/user/thesis/scripts/BlastOut_datasetTMB/BlastOut_datasetTMB_OMPdb70/top25BlastSplit/fasta/aln/BlastOut_datasetTMB_OMPdb70_Q7BSW5.csv.aln
0.580
/home/user/thesis/scripts/BlastOut_datasetTMB/BlastOut_datasetTMB_OMPdb70/top25BlastSplit/fasta/aln/BlastOut_datasetTMB_OMPdb70_Q83SQ0.csv.aln
0.375
/home/user/thesis/scripts/BlastOut_datasetTMB/BlastOut_datasetTMB_OMPdb70/top25BlastSplit/fasta/aln/BlastOut_datasetTMB_OMPdb70_Q8CVI4.csv.aln
0.542
/home/user/thesis/scripts/BlastOut_datasetTMB/BlastOut_datasetTMB_OMPdb70/top25BlastSplit/fasta/aln/BlastOut_datasetTMB_OMPdb70_Q8CVW1.csv.aln
0.615
/home/user/thesis/scripts/BlastOut_datasetTMB/BlastOut_datasetTMB_OMPdb70/top25BlastSplit/fasta/aln/BlastOut_datasetTMB_OMPdb70_Q8ZIK3.csv.aln
0.379
/home/user/thesis/scripts/BlastOut_datasetTMB/BlastOut_datasetTMB_OMPdb70/top25BlastSplit/fasta/aln/BlastOut_datasetTMB_OMPdb70_Q8ZRP0.csv.aln
0.409
/home/user/thesis/scripts/BlastOut_datasetTMB/BlastOut_datasetTMB_OMPdb70/top25BlastSplit/fasta/aln/BlastOut_datasetTMB_OMPdb70_Q8ZRW0.csv.aln
0.378
/home/user/thesis/scripts/BlastOut_datasetTMB/BlastOut_datasetTMB_OMPdb70/top25BlastSplit/fasta/aln/BlastOut_datasetTMB_OMPdb70_Q934G3.csv.aln
0.455
/home/user/thesis/scripts/BlastOut_datasetTMB/BlastOut_datasetTMB_OMPdb70/top25BlastSplit/fasta/aln/BlastOut_datasetTMB_OMPdb70_Q9HVD1.csv.aln
0.493
/home/user/thesis/scripts/BlastOut_datasetTMB/BlastOut_datasetTMB_OMPdb70/top25BlastSplit/fasta/aln/BlastOut_datasetTMB_OMPdb70_Q9I5U2.csv.aln
0.636
/home/user/thesis/scripts/BlastOut_datasetTMB/BlastOut_datasetTMB_OMPdb70/top25BlastSplit/fasta/aln/BlastOut_datasetTMB_OMPdb70_Q9JZN9.csv.aln
0.539
/home/user/thesis/scripts/BlastOut_datasetTMB/BlastOut_datasetTMB_OMPdb70/top25BlastSplit/fasta/aln/BlastOut_datasetTMB_OMPdb70_Q9K0U9.csv.aln
0.454
