/home/user/thesis/scripts/BlastOut_datasetTMB/BlastOut_datasetTMB_OMPdb70/top25BlastSplit/fasta/aln/BlastOut_datasetTMB_OMPdb70_A0QR29.csv.aln
0.232
/home/user/thesis/scripts/BlastOut_datasetTMB/BlastOut_datasetTMB_OMPdb70/top25BlastSplit/fasta/aln/BlastOut_datasetTMB_OMPdb70_A1JUB7.csv.aln
0.332
/home/user/thesis/scripts/BlastOut_datasetTMB/BlastOut_datasetTMB_OMPdb70/top25BlastSplit/fasta/aln/BlastOut_datasetTMB_OMPdb70_A5F934.csv.aln
0.729
/home/user/thesis/scripts/BlastOut_datasetTMB/BlastOut_datasetTMB_OMPdb70/top25BlastSplit/fasta/aln/BlastOut_datasetTMB_OMPdb70_E3PJ86.csv.aln
0.585
/home/user/thesis/scripts/BlastOut_datasetTMB/BlastOut_datasetTMB_OMPdb70/top25BlastSplit/fasta/aln/BlastOut_datasetTMB_OMPdb70_E6MXW0.csv.aln
0.770
/home/user/thesis/scripts/BlastOut_datasetTMB/BlastOut_datasetTMB_OMPdb70/top25BlastSplit/fasta/aln/BlastOut_datasetTMB_OMPdb70_O33407.csv.aln
0.564
/home/user/thesis/scripts/BlastOut_datasetTMB/BlastOut_datasetTMB_OMPdb70/top25BlastSplit/fasta/aln/BlastOut_datasetTMB_OMPdb70_O88093.csv.aln
0.622
/home/user/thesis/scripts/BlastOut_datasetTMB/BlastOut_datasetTMB_OMPdb70/top25BlastSplit/fasta/aln/BlastOut_datasetTMB_OMPdb70_P02929.csv.aln
0.297
/home/user/thesis/scripts/BlastOut_datasetTMB/BlastOut_datasetTMB_OMPdb70/top25BlastSplit/fasta/aln/BlastOut_datasetTMB_OMPdb70_P02930.csv.aln
0.555
/home/user/thesis/scripts/BlastOut_datasetTMB/BlastOut_datasetTMB_OMPdb70/top25BlastSplit/fasta/aln/BlastOut_datasetTMB_OMPdb70_P02931.csv.aln
0.685
/home/user/thesis/scripts/BlastOut_datasetTMB/BlastOut_datasetTMB_OMPdb70/top25BlastSplit/fasta/aln/BlastOut_datasetTMB_OMPdb70_P02932.csv.aln
0.666
/home/user/thesis/scripts/BlastOut_datasetTMB/BlastOut_datasetTMB_OMPdb70/top25BlastSplit/fasta/aln/BlastOut_datasetTMB_OMPdb70_P02943.csv.aln
0.671
/home/user/thesis/scripts/BlastOut_datasetTMB/BlastOut_datasetTMB_OMPdb70/top25BlastSplit/fasta/aln/BlastOut_datasetTMB_OMPdb70_P05430.csv.aln
0.753
/home/user/thesis/scripts/BlastOut_datasetTMB/BlastOut_datasetTMB_OMPdb70/top25BlastSplit/fasta/aln/BlastOut_datasetTMB_OMPdb70_P05695.csv.aln
0.724
/home/user/thesis/scripts/BlastOut_datasetTMB/BlastOut_datasetTMB_OMPdb70/top25BlastSplit/fasta/aln/BlastOut_datasetTMB_OMPdb70_P05825.csv.aln
0.694
/home/user/thesis/scripts/BlastOut_datasetTMB/BlastOut_datasetTMB_OMPdb70/top25BlastSplit/fasta/aln/BlastOut_datasetTMB_OMPdb70_P06129.csv.aln
0.636
/home/user/thesis/scripts/BlastOut_datasetTMB/BlastOut_datasetTMB_OMPdb70/top25BlastSplit/fasta/aln/BlastOut_datasetTMB_OMPdb70_P06970.csv.aln
0.623
/home/user/thesis/scripts/BlastOut_datasetTMB/BlastOut_datasetTMB_OMPdb70/top25BlastSplit/fasta/aln/BlastOut_datasetTMB_OMPdb70_P06971.csv.aln
0.562
/home/user/thesis/scripts/BlastOut_datasetTMB/BlastOut_datasetTMB_OMPdb70/top25BlastSplit/fasta/aln/BlastOut_datasetTMB_OMPdb70_P06996.csv.aln
0.711
/home/user/thesis/scripts/BlastOut_datasetTMB/BlastOut_datasetTMB_OMPdb70/top25BlastSplit/fasta/aln/BlastOut_datasetTMB_OMPdb70_P07110.csv.aln
0.608
/home/user/thesis/scripts/BlastOut_datasetTMB/BlastOut_datasetTMB_OMPdb70/top25BlastSplit/fasta/aln/BlastOut_datasetTMB_OMPdb70_P09169.csv.aln
0.491
/home/user/thesis/scripts/BlastOut_datasetTMB/BlastOut_datasetTMB_OMPdb70/top25BlastSplit/fasta/aln/BlastOut_datasetTMB_OMPdb70_P0A232.csv.aln
0.632
/home/user/thesis/scripts/BlastOut_datasetTMB/BlastOut_datasetTMB_OMPdb70/top25BlastSplit/fasta/aln/BlastOut_datasetTMB_OMPdb70_P0A263.csv.aln
0.652
/home/user/thesis/scripts/BlastOut_datasetTMB/BlastOut_datasetTMB_OMPdb70/top25BlastSplit/fasta/aln/BlastOut_datasetTMB_OMPdb70_P0A264.csv.aln
0.652
/home/user/thesis/scripts/BlastOut_datasetTMB/BlastOut_datasetTMB_OMPdb70/top25BlastSplit/fasta/aln/BlastOut_datasetTMB_OMPdb70_P0A910.csv.aln
0.619
/home/user/thesis/scripts/BlastOut_datasetTMB/BlastOut_datasetTMB_OMPdb70/top25BlastSplit/fasta/aln/BlastOut_datasetTMB_OMPdb70_P0A911.csv.aln
0.619
/home/user/thesis/scripts/BlastOut_datasetTMB/BlastOut_datasetTMB_OMPdb70/top25BlastSplit/fasta/aln/BlastOut_datasetTMB_OMPdb70_P0A915.csv.aln
0.558
/home/user/thesis/scripts/BlastOut_datasetTMB/BlastOut_datasetTMB_OMPdb70/top25BlastSplit/fasta/aln/BlastOut_datasetTMB_OMPdb70_P0A916.csv.aln
0.558
/home/user/thesis/scripts/BlastOut_datasetTMB/BlastOut_datasetTMB_OMPdb70/top25BlastSplit/fasta/aln/BlastOut_datasetTMB_OMPdb70_P0A917.csv.aln
0.582
/home/user/thesis/scripts/BlastOut_datasetTMB/BlastOut_datasetTMB_OMPdb70/top25BlastSplit/fasta/aln/BlastOut_datasetTMB_OMPdb70_P0A918.csv.aln
0.582
/home/user/thesis/scripts/BlastOut_datasetTMB/BlastOut_datasetTMB_OMPdb70/top25BlastSplit/fasta/aln/BlastOut_datasetTMB_OMPdb70_P0A919.csv.aln
0.582
/home/user/thesis/scripts/BlastOut_datasetTMB/BlastOut_datasetTMB_OMPdb70/top25BlastSplit/fasta/aln/BlastOut_datasetTMB_OMPdb70_P0A920.csv.aln
0.582
/home/user/thesis/scripts/BlastOut_datasetTMB/BlastOut_datasetTMB_OMPdb70/top25BlastSplit/fasta/aln/BlastOut_datasetTMB_OMPdb70_P0A921.csv.aln
0.632
/home/user/thesis/scripts/BlastOut_datasetTMB/BlastOut_datasetTMB_OMPdb70/top25BlastSplit/fasta/aln/BlastOut_datasetTMB_OMPdb70_P0A922.csv.aln
0.632
/home/user/thesis/scripts/BlastOut_datasetTMB/BlastOut_datasetTMB_OMPdb70/top25BlastSplit/fasta/aln/BlastOut_datasetTMB_OMPdb70_P0A923.csv.aln
0.632
/home/user/thesis/scripts/BlastOut_datasetTMB/BlastOut_datasetTMB_OMPdb70/top25BlastSplit/fasta/aln/BlastOut_datasetTMB_OMPdb70_P0A927.csv.aln
0.561
/home/user/thesis/scripts/BlastOut_datasetTMB/BlastOut_datasetTMB_OMPdb70/top25BlastSplit/fasta/aln/BlastOut_datasetTMB_OMPdb70_P0A928.csv.aln
0.561
/home/user/thesis/scripts/BlastOut_datasetTMB/BlastOut_datasetTMB_OMPdb70/top25BlastSplit/fasta/aln/BlastOut_datasetTMB_OMPdb70_P0A929.csv.aln
0.561
/home/user/thesis/scripts/BlastOut_datasetTMB/BlastOut_datasetTMB_OMPdb70/top25BlastSplit/fasta/aln/BlastOut_datasetTMB_OMPdb70_P0A940.csv.aln
0.551
/home/user/thesis/scripts/BlastOut_datasetTMB/BlastOut_datasetTMB_OMPdb70/top25BlastSplit/fasta/aln/BlastOut_datasetTMB_OMPdb70_P0A941.csv.aln
0.551
/home/user/thesis/scripts/BlastOut_datasetTMB/BlastOut_datasetTMB_OMPdb70/top25BlastSplit/fasta/aln/BlastOut_datasetTMB_OMPdb70_P0A942.csv.aln
0.551
/home/user/thesis/scripts/BlastOut_datasetTMB/BlastOut_datasetTMB_OMPdb70/top25BlastSplit/fasta/aln/BlastOut_datasetTMB_OMPdb70_P0A943.csv.aln
0.551
/home/user/thesis/scripts/BlastOut_datasetTMB/BlastOut_datasetTMB_OMPdb70/top25BlastSplit/fasta/aln/BlastOut_datasetTMB_OMPdb70_P0ADE4.csv.aln
0.520
/home/user/thesis/scripts/BlastOut_datasetTMB/BlastOut_datasetTMB_OMPdb70/top25BlastSplit/fasta/aln/BlastOut_datasetTMB_OMPdb70_P0ADE5.csv.aln
0.520
/home/user/thesis/scripts/BlastOut_datasetTMB/BlastOut_datasetTMB_OMPdb70/top25BlastSplit/fasta/aln/BlastOut_datasetTMB_OMPdb70_P0AEA2.csv.aln
0.641
/home/user/thesis/scripts/BlastOut_datasetTMB/BlastOut_datasetTMB_OMPdb70/top25BlastSplit/fasta/aln/BlastOut_datasetTMB_OMPdb70_P0C2W0.csv.aln
0.351
/home/user/thesis/scripts/BlastOut_datasetTMB/BlastOut_datasetTMB_OMPdb70/top25BlastSplit/fasta/aln/BlastOut_datasetTMB_OMPdb70_P0C6Q6.csv.aln
0.727
/home/user/thesis/scripts/BlastOut_datasetTMB/BlastOut_datasetTMB_OMPdb70/top25BlastSplit/fasta/aln/BlastOut_datasetTMB_OMPdb70_P0DH58.csv.aln
0.766
/home/user/thesis/scripts/BlastOut_datasetTMB/BlastOut_datasetTMB_OMPdb70/top25BlastSplit/fasta/aln/BlastOut_datasetTMB_OMPdb70_P10384.csv.aln
0.714
/home/user/thesis/scripts/BlastOut_datasetTMB/BlastOut_datasetTMB_OMPdb70/top25BlastSplit/fasta/aln/BlastOut_datasetTMB_OMPdb70_P11922.csv.aln
0.647
/home/user/thesis/scripts/BlastOut_datasetTMB/BlastOut_datasetTMB_OMPdb70/top25BlastSplit/fasta/aln/BlastOut_datasetTMB_OMPdb70_P13036.csv.aln
0.734
/home/user/thesis/scripts/BlastOut_datasetTMB/BlastOut_datasetTMB_OMPdb70/top25BlastSplit/fasta/aln/BlastOut_datasetTMB_OMPdb70_P13794.csv.aln
0.642
/home/user/thesis/scripts/BlastOut_datasetTMB/BlastOut_datasetTMB_OMPdb70/top25BlastSplit/fasta/aln/BlastOut_datasetTMB_OMPdb70_P16869.csv.aln
0.580
/home/user/thesis/scripts/BlastOut_datasetTMB/BlastOut_datasetTMB_OMPdb70/top25BlastSplit/fasta/aln/BlastOut_datasetTMB_OMPdb70_P17315.csv.aln
0.650
/home/user/thesis/scripts/BlastOut_datasetTMB/BlastOut_datasetTMB_OMPdb70/top25BlastSplit/fasta/aln/BlastOut_datasetTMB_OMPdb70_P17811.csv.aln
0.550
/home/user/thesis/scripts/BlastOut_datasetTMB/BlastOut_datasetTMB_OMPdb70/top25BlastSplit/fasta/aln/BlastOut_datasetTMB_OMPdb70_P18195.csv.aln
0.750
/home/user/thesis/scripts/BlastOut_datasetTMB/BlastOut_datasetTMB_OMPdb70/top25BlastSplit/fasta/aln/BlastOut_datasetTMB_OMPdb70_P18895.csv.aln
0.592
/home/user/thesis/scripts/BlastOut_datasetTMB/BlastOut_datasetTMB_OMPdb70/top25BlastSplit/fasta/aln/BlastOut_datasetTMB_OMPdb70_P19809.csv.aln
0.526
/home/user/thesis/scripts/BlastOut_datasetTMB/BlastOut_datasetTMB_OMPdb70/top25BlastSplit/fasta/aln/BlastOut_datasetTMB_OMPdb70_P21796.csv.aln
0.172
/home/user/thesis/scripts/BlastOut_datasetTMB/BlastOut_datasetTMB_OMPdb70/top25BlastSplit/fasta/aln/BlastOut_datasetTMB_OMPdb70_P22340.csv.aln
0.639
/home/user/thesis/scripts/BlastOut_datasetTMB/BlastOut_datasetTMB_OMPdb70/top25BlastSplit/fasta/aln/BlastOut_datasetTMB_OMPdb70_P24017.csv.aln
0.607
/home/user/thesis/scripts/BlastOut_datasetTMB/BlastOut_datasetTMB_OMPdb70/top25BlastSplit/fasta/aln/BlastOut_datasetTMB_OMPdb70_P24305.csv.aln
0.763
/home/user/thesis/scripts/BlastOut_datasetTMB/BlastOut_datasetTMB_OMPdb70/top25BlastSplit/fasta/aln/BlastOut_datasetTMB_OMPdb70_P26466.csv.aln
0.677
/home/user/thesis/scripts/BlastOut_datasetTMB/BlastOut_datasetTMB_OMPdb70/top25BlastSplit/fasta/aln/BlastOut_datasetTMB_OMPdb70_P30130.csv.aln
0.625
/home/user/thesis/scripts/BlastOut_datasetTMB/BlastOut_datasetTMB_OMPdb70/top25BlastSplit/fasta/aln/BlastOut_datasetTMB_OMPdb70_P30690.csv.aln
0.707
/home/user/thesis/scripts/BlastOut_datasetTMB/BlastOut_datasetTMB_OMPdb70/top25BlastSplit/fasta/aln/BlastOut_datasetTMB_OMPdb70_P31243.csv.aln
0.693
/home/user/thesis/scripts/BlastOut_datasetTMB/BlastOut_datasetTMB_OMPdb70/top25BlastSplit/fasta/aln/BlastOut_datasetTMB_OMPdb70_P31554.csv.aln
0.529
/home/user/thesis/scripts/BlastOut_datasetTMB/BlastOut_datasetTMB_OMPdb70/top25BlastSplit/fasta/aln/BlastOut_datasetTMB_OMPdb70_P31780.csv.aln
0.700
/home/user/thesis/scripts/BlastOut_datasetTMB/BlastOut_datasetTMB_OMPdb70/top25BlastSplit/fasta/aln/BlastOut_datasetTMB_OMPdb70_P32722.csv.aln
0.610
/home/user/thesis/scripts/BlastOut_datasetTMB/BlastOut_datasetTMB_OMPdb70/top25BlastSplit/fasta/aln/BlastOut_datasetTMB_OMPdb70_P32977.csv.aln
0.704
/home/user/thesis/scripts/BlastOut_datasetTMB/BlastOut_datasetTMB_OMPdb70/top25BlastSplit/fasta/aln/BlastOut_datasetTMB_OMPdb70_P35077.csv.aln
0.487
/home/user/thesis/scripts/BlastOut_datasetTMB/BlastOut_datasetTMB_OMPdb70/top25BlastSplit/fasta/aln/BlastOut_datasetTMB_OMPdb70_P35672.csv.aln
0.695
/home/user/thesis/scripts/BlastOut_datasetTMB/BlastOut_datasetTMB_OMPdb70/top25BlastSplit/fasta/aln/BlastOut_datasetTMB_OMPdb70_P35818.csv.aln
0.704
/home/user/thesis/scripts/BlastOut_datasetTMB/BlastOut_datasetTMB_OMPdb70/top25BlastSplit/fasta/aln/BlastOut_datasetTMB_OMPdb70_P37001.csv.aln
0.466
/home/user/thesis/scripts/BlastOut_datasetTMB/BlastOut_datasetTMB_OMPdb70/top25BlastSplit/fasta/aln/BlastOut_datasetTMB_OMPdb70_P37432.csv.aln
0.681
/home/user/thesis/scripts/BlastOut_datasetTMB/BlastOut_datasetTMB_OMPdb70/top25BlastSplit/fasta/aln/BlastOut_datasetTMB_OMPdb70_P39767.csv.aln
0.691
/home/user/thesis/scripts/BlastOut_datasetTMB/BlastOut_datasetTMB_OMPdb70/top25BlastSplit/fasta/aln/BlastOut_datasetTMB_OMPdb70_P42512.csv.aln
0.496
/home/user/thesis/scripts/BlastOut_datasetTMB/BlastOut_datasetTMB_OMPdb70/top25BlastSplit/fasta/aln/BlastOut_datasetTMB_OMPdb70_P43261.csv.aln
0.556
/home/user/thesis/scripts/BlastOut_datasetTMB/BlastOut_datasetTMB_OMPdb70/top25BlastSplit/fasta/aln/BlastOut_datasetTMB_OMPdb70_P45758.csv.aln
0.659
/home/user/thesis/scripts/BlastOut_datasetTMB/BlastOut_datasetTMB_OMPdb70/top25BlastSplit/fasta/aln/BlastOut_datasetTMB_OMPdb70_P45779.csv.aln
0.432
/home/user/thesis/scripts/BlastOut_datasetTMB/BlastOut_datasetTMB_OMPdb70/top25BlastSplit/fasta/aln/BlastOut_datasetTMB_OMPdb70_P46359.csv.aln
0.582
/home/user/thesis/scripts/BlastOut_datasetTMB/BlastOut_datasetTMB_OMPdb70/top25BlastSplit/fasta/aln/BlastOut_datasetTMB_OMPdb70_P48632.csv.aln
0.660
/home/user/thesis/scripts/BlastOut_datasetTMB/BlastOut_datasetTMB_OMPdb70/top25BlastSplit/fasta/aln/BlastOut_datasetTMB_OMPdb70_P69434.csv.aln
0.134
/home/user/thesis/scripts/BlastOut_datasetTMB/BlastOut_datasetTMB_OMPdb70/top25BlastSplit/fasta/aln/BlastOut_datasetTMB_OMPdb70_P69856.csv.aln
0.377
/home/user/thesis/scripts/BlastOut_datasetTMB/BlastOut_datasetTMB_OMPdb70/top25BlastSplit/fasta/aln/BlastOut_datasetTMB_OMPdb70_P69857.csv.aln
0.377
/home/user/thesis/scripts/BlastOut_datasetTMB/BlastOut_datasetTMB_OMPdb70/top25BlastSplit/fasta/aln/BlastOut_datasetTMB_OMPdb70_P69858.csv.aln
0.377
/home/user/thesis/scripts/BlastOut_datasetTMB/BlastOut_datasetTMB_OMPdb70/top25BlastSplit/fasta/aln/BlastOut_datasetTMB_OMPdb70_P75780.csv.aln
0.586
/home/user/thesis/scripts/BlastOut_datasetTMB/BlastOut_datasetTMB_OMPdb70/top25BlastSplit/fasta/aln/BlastOut_datasetTMB_OMPdb70_P76045.csv.aln
0.241
/home/user/thesis/scripts/BlastOut_datasetTMB/BlastOut_datasetTMB_OMPdb70/top25BlastSplit/fasta/aln/BlastOut_datasetTMB_OMPdb70_P77211.csv.aln
0.581
/home/user/thesis/scripts/BlastOut_datasetTMB/BlastOut_datasetTMB_OMPdb70/top25BlastSplit/fasta/aln/BlastOut_datasetTMB_OMPdb70_Q03155.csv.aln
0.617
/home/user/thesis/scripts/BlastOut_datasetTMB/BlastOut_datasetTMB_OMPdb70/top25BlastSplit/fasta/aln/BlastOut_datasetTMB_OMPdb70_Q04884.csv.aln
0.737
/home/user/thesis/scripts/BlastOut_datasetTMB/BlastOut_datasetTMB_OMPdb70/top25BlastSplit/fasta/aln/BlastOut_datasetTMB_OMPdb70_Q05098.csv.aln
0.703
/home/user/thesis/scripts/BlastOut_datasetTMB/BlastOut_datasetTMB_OMPdb70/top25BlastSplit/fasta/aln/BlastOut_datasetTMB_OMPdb70_Q45340.csv.aln
0.489
/home/user/thesis/scripts/BlastOut_datasetTMB/BlastOut_datasetTMB_OMPdb70/top25BlastSplit/fasta/aln/BlastOut_datasetTMB_OMPdb70_Q48473.csv.aln
0.688
/home/user/thesis/scripts/BlastOut_datasetTMB/BlastOut_datasetTMB_OMPdb70/top25BlastSplit/fasta/aln/BlastOut_datasetTMB_OMPdb70_Q51397.csv.aln
0.620
/home/user/thesis/scripts/BlastOut_datasetTMB/BlastOut_datasetTMB_OMPdb70/top25BlastSplit/fasta/aln/BlastOut_datasetTMB_OMPdb70_Q51487.csv.aln
0.625
/home/user/thesis/scripts/BlastOut_datasetTMB/BlastOut_datasetTMB_OMPdb70/top25BlastSplit/fasta/aln/BlastOut_datasetTMB_OMPdb70_Q60932.csv.aln
0.172
/home/user/thesis/scripts/BlastOut_datasetTMB/BlastOut_datasetTMB_OMPdb70/top25BlastSplit/fasta/aln/BlastOut_datasetTMB_OMPdb70_Q7BCK4.csv.aln
0.550
/home/user/thesis/scripts/BlastOut_datasetTMB/BlastOut_datasetTMB_OMPdb70/top25BlastSplit/fasta/aln/BlastOut_datasetTMB_OMPdb70_Q7BSW5.csv.aln
0.726
/home/user/thesis/scripts/BlastOut_datasetTMB/BlastOut_datasetTMB_OMPdb70/top25BlastSplit/fasta/aln/BlastOut_datasetTMB_OMPdb70_Q83SQ0.csv.aln
0.527
/home/user/thesis/scripts/BlastOut_datasetTMB/BlastOut_datasetTMB_OMPdb70/top25BlastSplit/fasta/aln/BlastOut_datasetTMB_OMPdb70_Q8CVI4.csv.aln
0.666
/home/user/thesis/scripts/BlastOut_datasetTMB/BlastOut_datasetTMB_OMPdb70/top25BlastSplit/fasta/aln/BlastOut_datasetTMB_OMPdb70_Q8CVW1.csv.aln
0.727
/home/user/thesis/scripts/BlastOut_datasetTMB/BlastOut_datasetTMB_OMPdb70/top25BlastSplit/fasta/aln/BlastOut_datasetTMB_OMPdb70_Q8ZIK3.csv.aln
0.531
/home/user/thesis/scripts/BlastOut_datasetTMB/BlastOut_datasetTMB_OMPdb70/top25BlastSplit/fasta/aln/BlastOut_datasetTMB_OMPdb70_Q8ZRP0.csv.aln
0.551
/home/user/thesis/scripts/BlastOut_datasetTMB/BlastOut_datasetTMB_OMPdb70/top25BlastSplit/fasta/aln/BlastOut_datasetTMB_OMPdb70_Q8ZRW0.csv.aln
0.530
/home/user/thesis/scripts/BlastOut_datasetTMB/BlastOut_datasetTMB_OMPdb70/top25BlastSplit/fasta/aln/BlastOut_datasetTMB_OMPdb70_Q934G3.csv.aln
0.609
/home/user/thesis/scripts/BlastOut_datasetTMB/BlastOut_datasetTMB_OMPdb70/top25BlastSplit/fasta/aln/BlastOut_datasetTMB_OMPdb70_Q9HVD1.csv.aln
0.607
/home/user/thesis/scripts/BlastOut_datasetTMB/BlastOut_datasetTMB_OMPdb70/top25BlastSplit/fasta/aln/BlastOut_datasetTMB_OMPdb70_Q9I5U2.csv.aln
0.797
/home/user/thesis/scripts/BlastOut_datasetTMB/BlastOut_datasetTMB_OMPdb70/top25BlastSplit/fasta/aln/BlastOut_datasetTMB_OMPdb70_Q9JZN9.csv.aln
0.704
/home/user/thesis/scripts/BlastOut_datasetTMB/BlastOut_datasetTMB_OMPdb70/top25BlastSplit/fasta/aln/BlastOut_datasetTMB_OMPdb70_Q9K0U9.csv.aln
0.581
