/home/user/thesis/scripts/BlastOut_datasetTMB/BlastOut_datasetTMB_swissprot/top25BlastSplit/fasta/muscle/BlastOut_datasetTMB_swissprot_A1JUB7.csv.fasta.aln
0.927
/home/user/thesis/scripts/BlastOut_datasetTMB/BlastOut_datasetTMB_swissprot/top25BlastSplit/fasta/muscle/BlastOut_datasetTMB_swissprot_A5F934.csv.fasta.aln
1.201
/home/user/thesis/scripts/BlastOut_datasetTMB/BlastOut_datasetTMB_swissprot/top25BlastSplit/fasta/muscle/BlastOut_datasetTMB_swissprot_E3PJ86.csv.fasta.aln
0.981
/home/user/thesis/scripts/BlastOut_datasetTMB/BlastOut_datasetTMB_swissprot/top25BlastSplit/fasta/muscle/BlastOut_datasetTMB_swissprot_O33407.csv.fasta.aln
1.086
/home/user/thesis/scripts/BlastOut_datasetTMB/BlastOut_datasetTMB_swissprot/top25BlastSplit/fasta/muscle/BlastOut_datasetTMB_swissprot_O88093.csv.fasta.aln
1.268
/home/user/thesis/scripts/BlastOut_datasetTMB/BlastOut_datasetTMB_swissprot/top25BlastSplit/fasta/muscle/BlastOut_datasetTMB_swissprot_P00747.csv.fasta.aln
1.876
/home/user/thesis/scripts/BlastOut_datasetTMB/BlastOut_datasetTMB_swissprot/top25BlastSplit/fasta/muscle/BlastOut_datasetTMB_swissprot_P01031.csv.fasta.aln
1.108
/home/user/thesis/scripts/BlastOut_datasetTMB/BlastOut_datasetTMB_swissprot/top25BlastSplit/fasta/muscle/BlastOut_datasetTMB_swissprot_P02748.csv.fasta.aln
0.846
/home/user/thesis/scripts/BlastOut_datasetTMB/BlastOut_datasetTMB_swissprot/top25BlastSplit/fasta/muscle/BlastOut_datasetTMB_swissprot_P02787.csv.fasta.aln
0.927
/home/user/thesis/scripts/BlastOut_datasetTMB/BlastOut_datasetTMB_swissprot/top25BlastSplit/fasta/muscle/BlastOut_datasetTMB_swissprot_P02930.csv.fasta.aln
0.436
/home/user/thesis/scripts/BlastOut_datasetTMB/BlastOut_datasetTMB_swissprot/top25BlastSplit/fasta/muscle/BlastOut_datasetTMB_swissprot_P02931.csv.fasta.aln
0.826
/home/user/thesis/scripts/BlastOut_datasetTMB/BlastOut_datasetTMB_swissprot/top25BlastSplit/fasta/muscle/BlastOut_datasetTMB_swissprot_P02932.csv.fasta.aln
0.845
/home/user/thesis/scripts/BlastOut_datasetTMB/BlastOut_datasetTMB_swissprot/top25BlastSplit/fasta/muscle/BlastOut_datasetTMB_swissprot_P02943.csv.fasta.aln
1.000
/home/user/thesis/scripts/BlastOut_datasetTMB/BlastOut_datasetTMB_swissprot/top25BlastSplit/fasta/muscle/BlastOut_datasetTMB_swissprot_P05430.csv.fasta.aln
0.564
/home/user/thesis/scripts/BlastOut_datasetTMB/BlastOut_datasetTMB_swissprot/top25BlastSplit/fasta/muscle/BlastOut_datasetTMB_swissprot_P05825.csv.fasta.aln
1.064
/home/user/thesis/scripts/BlastOut_datasetTMB/BlastOut_datasetTMB_swissprot/top25BlastSplit/fasta/muscle/BlastOut_datasetTMB_swissprot_P06129.csv.fasta.aln
0.891
/home/user/thesis/scripts/BlastOut_datasetTMB/BlastOut_datasetTMB_swissprot/top25BlastSplit/fasta/muscle/BlastOut_datasetTMB_swissprot_P06970.csv.fasta.aln
0.716
/home/user/thesis/scripts/BlastOut_datasetTMB/BlastOut_datasetTMB_swissprot/top25BlastSplit/fasta/muscle/BlastOut_datasetTMB_swissprot_P06971.csv.fasta.aln
0.723
/home/user/thesis/scripts/BlastOut_datasetTMB/BlastOut_datasetTMB_swissprot/top25BlastSplit/fasta/muscle/BlastOut_datasetTMB_swissprot_P06996.csv.fasta.aln
0.865
/home/user/thesis/scripts/BlastOut_datasetTMB/BlastOut_datasetTMB_swissprot/top25BlastSplit/fasta/muscle/BlastOut_datasetTMB_swissprot_P07110.csv.fasta.aln
0.658
/home/user/thesis/scripts/BlastOut_datasetTMB/BlastOut_datasetTMB_swissprot/top25BlastSplit/fasta/muscle/BlastOut_datasetTMB_swissprot_P07357.csv.fasta.aln
0.818
/home/user/thesis/scripts/BlastOut_datasetTMB/BlastOut_datasetTMB_swissprot/top25BlastSplit/fasta/muscle/BlastOut_datasetTMB_swissprot_P07358.csv.fasta.aln
0.873
/home/user/thesis/scripts/BlastOut_datasetTMB/BlastOut_datasetTMB_swissprot/top25BlastSplit/fasta/muscle/BlastOut_datasetTMB_swissprot_P07360.csv.fasta.aln
0.792
/home/user/thesis/scripts/BlastOut_datasetTMB/BlastOut_datasetTMB_swissprot/top25BlastSplit/fasta/muscle/BlastOut_datasetTMB_swissprot_P08189.csv.fasta.aln
0.683
/home/user/thesis/scripts/BlastOut_datasetTMB/BlastOut_datasetTMB_swissprot/top25BlastSplit/fasta/muscle/BlastOut_datasetTMB_swissprot_P08190.csv.fasta.aln
0.584
/home/user/thesis/scripts/BlastOut_datasetTMB/BlastOut_datasetTMB_swissprot/top25BlastSplit/fasta/muscle/BlastOut_datasetTMB_swissprot_P09616.csv.fasta.aln
1.114
/home/user/thesis/scripts/BlastOut_datasetTMB/BlastOut_datasetTMB_swissprot/top25BlastSplit/fasta/muscle/BlastOut_datasetTMB_swissprot_P0A071.csv.fasta.aln
1.203
/home/user/thesis/scripts/BlastOut_datasetTMB/BlastOut_datasetTMB_swissprot/top25BlastSplit/fasta/muscle/BlastOut_datasetTMB_swissprot_P0A074.csv.fasta.aln
1.203
/home/user/thesis/scripts/BlastOut_datasetTMB/BlastOut_datasetTMB_swissprot/top25BlastSplit/fasta/muscle/BlastOut_datasetTMB_swissprot_P0A077.csv.fasta.aln
1.134
/home/user/thesis/scripts/BlastOut_datasetTMB/BlastOut_datasetTMB_swissprot/top25BlastSplit/fasta/muscle/BlastOut_datasetTMB_swissprot_P0A263.csv.fasta.aln
0.876
/home/user/thesis/scripts/BlastOut_datasetTMB/BlastOut_datasetTMB_swissprot/top25BlastSplit/fasta/muscle/BlastOut_datasetTMB_swissprot_P0A264.csv.fasta.aln
0.876
/home/user/thesis/scripts/BlastOut_datasetTMB/BlastOut_datasetTMB_swissprot/top25BlastSplit/fasta/muscle/BlastOut_datasetTMB_swissprot_P0A910.csv.fasta.aln
1.079
/home/user/thesis/scripts/BlastOut_datasetTMB/BlastOut_datasetTMB_swissprot/top25BlastSplit/fasta/muscle/BlastOut_datasetTMB_swissprot_P0A911.csv.fasta.aln
1.079
/home/user/thesis/scripts/BlastOut_datasetTMB/BlastOut_datasetTMB_swissprot/top25BlastSplit/fasta/muscle/BlastOut_datasetTMB_swissprot_P0A937.csv.fasta.aln
0.526
/home/user/thesis/scripts/BlastOut_datasetTMB/BlastOut_datasetTMB_swissprot/top25BlastSplit/fasta/muscle/BlastOut_datasetTMB_swissprot_P0A940.csv.fasta.aln
157.966
/home/user/thesis/scripts/BlastOut_datasetTMB/BlastOut_datasetTMB_swissprot/top25BlastSplit/fasta/muscle/BlastOut_datasetTMB_swissprot_P0A941.csv.fasta.aln
157.966
/home/user/thesis/scripts/BlastOut_datasetTMB/BlastOut_datasetTMB_swissprot/top25BlastSplit/fasta/muscle/BlastOut_datasetTMB_swissprot_P0A942.csv.fasta.aln
158.118
/home/user/thesis/scripts/BlastOut_datasetTMB/BlastOut_datasetTMB_swissprot/top25BlastSplit/fasta/muscle/BlastOut_datasetTMB_swissprot_P0A943.csv.fasta.aln
157.966
/home/user/thesis/scripts/BlastOut_datasetTMB/BlastOut_datasetTMB_swissprot/top25BlastSplit/fasta/muscle/BlastOut_datasetTMB_swissprot_P0ADC1.csv.fasta.aln
1.666
/home/user/thesis/scripts/BlastOut_datasetTMB/BlastOut_datasetTMB_swissprot/top25BlastSplit/fasta/muscle/BlastOut_datasetTMB_swissprot_P0ADE4.csv.fasta.aln
1.107
/home/user/thesis/scripts/BlastOut_datasetTMB/BlastOut_datasetTMB_swissprot/top25BlastSplit/fasta/muscle/BlastOut_datasetTMB_swissprot_P0ADE5.csv.fasta.aln
1.107
/home/user/thesis/scripts/BlastOut_datasetTMB/BlastOut_datasetTMB_swissprot/top25BlastSplit/fasta/muscle/BlastOut_datasetTMB_swissprot_P0AEA2.csv.fasta.aln
0.320
/home/user/thesis/scripts/BlastOut_datasetTMB/BlastOut_datasetTMB_swissprot/top25BlastSplit/fasta/muscle/BlastOut_datasetTMB_swissprot_P0C2W0.csv.fasta.aln
1.682
/home/user/thesis/scripts/BlastOut_datasetTMB/BlastOut_datasetTMB_swissprot/top25BlastSplit/fasta/muscle/BlastOut_datasetTMB_swissprot_P0C6Q6.csv.fasta.aln
1.193
/home/user/thesis/scripts/BlastOut_datasetTMB/BlastOut_datasetTMB_swissprot/top25BlastSplit/fasta/muscle/BlastOut_datasetTMB_swissprot_P0DH58.csv.fasta.aln
0.553
/home/user/thesis/scripts/BlastOut_datasetTMB/BlastOut_datasetTMB_swissprot/top25BlastSplit/fasta/muscle/BlastOut_datasetTMB_swissprot_P10643.csv.fasta.aln
0.821
/home/user/thesis/scripts/BlastOut_datasetTMB/BlastOut_datasetTMB_swissprot/top25BlastSplit/fasta/muscle/BlastOut_datasetTMB_swissprot_P11922.csv.fasta.aln
1.514
/home/user/thesis/scripts/BlastOut_datasetTMB/BlastOut_datasetTMB_swissprot/top25BlastSplit/fasta/muscle/BlastOut_datasetTMB_swissprot_P12643.csv.fasta.aln
1.042
/home/user/thesis/scripts/BlastOut_datasetTMB/BlastOut_datasetTMB_swissprot/top25BlastSplit/fasta/muscle/BlastOut_datasetTMB_swissprot_P13036.csv.fasta.aln
1.138
/home/user/thesis/scripts/BlastOut_datasetTMB/BlastOut_datasetTMB_swissprot/top25BlastSplit/fasta/muscle/BlastOut_datasetTMB_swissprot_P13671.csv.fasta.aln
0.852
/home/user/thesis/scripts/BlastOut_datasetTMB/BlastOut_datasetTMB_swissprot/top25BlastSplit/fasta/muscle/BlastOut_datasetTMB_swissprot_P13794.csv.fasta.aln
0.735
/home/user/thesis/scripts/BlastOut_datasetTMB/BlastOut_datasetTMB_swissprot/top25BlastSplit/fasta/muscle/BlastOut_datasetTMB_swissprot_P15319.csv.fasta.aln
0.805
/home/user/thesis/scripts/BlastOut_datasetTMB/BlastOut_datasetTMB_swissprot/top25BlastSplit/fasta/muscle/BlastOut_datasetTMB_swissprot_P16869.csv.fasta.aln
0.743
/home/user/thesis/scripts/BlastOut_datasetTMB/BlastOut_datasetTMB_swissprot/top25BlastSplit/fasta/muscle/BlastOut_datasetTMB_swissprot_P17315.csv.fasta.aln
1.234
/home/user/thesis/scripts/BlastOut_datasetTMB/BlastOut_datasetTMB_swissprot/top25BlastSplit/fasta/muscle/BlastOut_datasetTMB_swissprot_P19809.csv.fasta.aln
1.974
/home/user/thesis/scripts/BlastOut_datasetTMB/BlastOut_datasetTMB_swissprot/top25BlastSplit/fasta/muscle/BlastOut_datasetTMB_swissprot_P21796.csv.fasta.aln
0.760
/home/user/thesis/scripts/BlastOut_datasetTMB/BlastOut_datasetTMB_swissprot/top25BlastSplit/fasta/muscle/BlastOut_datasetTMB_swissprot_P22340.csv.fasta.aln
1.386
/home/user/thesis/scripts/BlastOut_datasetTMB/BlastOut_datasetTMB_swissprot/top25BlastSplit/fasta/muscle/BlastOut_datasetTMB_swissprot_P24017.csv.fasta.aln
0.814
/home/user/thesis/scripts/BlastOut_datasetTMB/BlastOut_datasetTMB_swissprot/top25BlastSplit/fasta/muscle/BlastOut_datasetTMB_swissprot_P24391.csv.fasta.aln
0.568
/home/user/thesis/scripts/BlastOut_datasetTMB/BlastOut_datasetTMB_swissprot/top25BlastSplit/fasta/muscle/BlastOut_datasetTMB_swissprot_P26466.csv.fasta.aln
1.000
/home/user/thesis/scripts/BlastOut_datasetTMB/BlastOut_datasetTMB_swissprot/top25BlastSplit/fasta/muscle/BlastOut_datasetTMB_swissprot_P30130.csv.fasta.aln
0.598
/home/user/thesis/scripts/BlastOut_datasetTMB/BlastOut_datasetTMB_swissprot/top25BlastSplit/fasta/muscle/BlastOut_datasetTMB_swissprot_P30690.csv.fasta.aln
0.553
/home/user/thesis/scripts/BlastOut_datasetTMB/BlastOut_datasetTMB_swissprot/top25BlastSplit/fasta/muscle/BlastOut_datasetTMB_swissprot_P31554.csv.fasta.aln
0.941
/home/user/thesis/scripts/BlastOut_datasetTMB/BlastOut_datasetTMB_swissprot/top25BlastSplit/fasta/muscle/BlastOut_datasetTMB_swissprot_P31697.csv.fasta.aln
0.732
/home/user/thesis/scripts/BlastOut_datasetTMB/BlastOut_datasetTMB_swissprot/top25BlastSplit/fasta/muscle/BlastOut_datasetTMB_swissprot_P31780.csv.fasta.aln
1.090
/home/user/thesis/scripts/BlastOut_datasetTMB/BlastOut_datasetTMB_swissprot/top25BlastSplit/fasta/muscle/BlastOut_datasetTMB_swissprot_P35672.csv.fasta.aln
0.700
/home/user/thesis/scripts/BlastOut_datasetTMB/BlastOut_datasetTMB_swissprot/top25BlastSplit/fasta/muscle/BlastOut_datasetTMB_swissprot_P35818.csv.fasta.aln
0.886
/home/user/thesis/scripts/BlastOut_datasetTMB/BlastOut_datasetTMB_swissprot/top25BlastSplit/fasta/muscle/BlastOut_datasetTMB_swissprot_P35916.csv.fasta.aln
1.141
/home/user/thesis/scripts/BlastOut_datasetTMB/BlastOut_datasetTMB_swissprot/top25BlastSplit/fasta/muscle/BlastOut_datasetTMB_swissprot_P37001.csv.fasta.aln
0.863
/home/user/thesis/scripts/BlastOut_datasetTMB/BlastOut_datasetTMB_swissprot/top25BlastSplit/fasta/muscle/BlastOut_datasetTMB_swissprot_P37432.csv.fasta.aln
0.854
/home/user/thesis/scripts/BlastOut_datasetTMB/BlastOut_datasetTMB_swissprot/top25BlastSplit/fasta/muscle/BlastOut_datasetTMB_swissprot_P42512.csv.fasta.aln
0.820
/home/user/thesis/scripts/BlastOut_datasetTMB/BlastOut_datasetTMB_swissprot/top25BlastSplit/fasta/muscle/BlastOut_datasetTMB_swissprot_P43261.csv.fasta.aln
1.527
/home/user/thesis/scripts/BlastOut_datasetTMB/BlastOut_datasetTMB_swissprot/top25BlastSplit/fasta/muscle/BlastOut_datasetTMB_swissprot_P45758.csv.fasta.aln
0.984
/home/user/thesis/scripts/BlastOut_datasetTMB/BlastOut_datasetTMB_swissprot/top25BlastSplit/fasta/muscle/BlastOut_datasetTMB_swissprot_P45779.csv.fasta.aln
1.037
/home/user/thesis/scripts/BlastOut_datasetTMB/BlastOut_datasetTMB_swissprot/top25BlastSplit/fasta/muscle/BlastOut_datasetTMB_swissprot_P46359.csv.fasta.aln
0.754
/home/user/thesis/scripts/BlastOut_datasetTMB/BlastOut_datasetTMB_swissprot/top25BlastSplit/fasta/muscle/BlastOut_datasetTMB_swissprot_P48632.csv.fasta.aln
0.766
/home/user/thesis/scripts/BlastOut_datasetTMB/BlastOut_datasetTMB_swissprot/top25BlastSplit/fasta/muscle/BlastOut_datasetTMB_swissprot_P49767.csv.fasta.aln
1.018
/home/user/thesis/scripts/BlastOut_datasetTMB/BlastOut_datasetTMB_swissprot/top25BlastSplit/fasta/muscle/BlastOut_datasetTMB_swissprot_P75780.csv.fasta.aln
0.783
/home/user/thesis/scripts/BlastOut_datasetTMB/BlastOut_datasetTMB_swissprot/top25BlastSplit/fasta/muscle/BlastOut_datasetTMB_swissprot_P77211.csv.fasta.aln
0.624
/home/user/thesis/scripts/BlastOut_datasetTMB/BlastOut_datasetTMB_swissprot/top25BlastSplit/fasta/muscle/BlastOut_datasetTMB_swissprot_P77774.csv.fasta.aln
0.546
/home/user/thesis/scripts/BlastOut_datasetTMB/BlastOut_datasetTMB_swissprot/top25BlastSplit/fasta/muscle/BlastOut_datasetTMB_swissprot_Q03155.csv.fasta.aln
0.563
/home/user/thesis/scripts/BlastOut_datasetTMB/BlastOut_datasetTMB_swissprot/top25BlastSplit/fasta/muscle/BlastOut_datasetTMB_swissprot_Q04884.csv.fasta.aln
0.769
/home/user/thesis/scripts/BlastOut_datasetTMB/BlastOut_datasetTMB_swissprot/top25BlastSplit/fasta/muscle/BlastOut_datasetTMB_swissprot_Q05098.csv.fasta.aln
1.290
/home/user/thesis/scripts/BlastOut_datasetTMB/BlastOut_datasetTMB_swissprot/top25BlastSplit/fasta/muscle/BlastOut_datasetTMB_swissprot_Q16853.csv.fasta.aln
0.924
/home/user/thesis/scripts/BlastOut_datasetTMB/BlastOut_datasetTMB_swissprot/top25BlastSplit/fasta/muscle/BlastOut_datasetTMB_swissprot_Q2FFA2.csv.fasta.aln
1.138
/home/user/thesis/scripts/BlastOut_datasetTMB/BlastOut_datasetTMB_swissprot/top25BlastSplit/fasta/muscle/BlastOut_datasetTMB_swissprot_Q2FFA3.csv.fasta.aln
0.946
/home/user/thesis/scripts/BlastOut_datasetTMB/BlastOut_datasetTMB_swissprot/top25BlastSplit/fasta/muscle/BlastOut_datasetTMB_swissprot_Q45340.csv.fasta.aln
0.585
/home/user/thesis/scripts/BlastOut_datasetTMB/BlastOut_datasetTMB_swissprot/top25BlastSplit/fasta/muscle/BlastOut_datasetTMB_swissprot_Q48473.csv.fasta.aln
0.857
/home/user/thesis/scripts/BlastOut_datasetTMB/BlastOut_datasetTMB_swissprot/top25BlastSplit/fasta/muscle/BlastOut_datasetTMB_swissprot_Q51397.csv.fasta.aln
0.606
/home/user/thesis/scripts/BlastOut_datasetTMB/BlastOut_datasetTMB_swissprot/top25BlastSplit/fasta/muscle/BlastOut_datasetTMB_swissprot_Q51487.csv.fasta.aln
0.601
/home/user/thesis/scripts/BlastOut_datasetTMB/BlastOut_datasetTMB_swissprot/top25BlastSplit/fasta/muscle/BlastOut_datasetTMB_swissprot_Q60932.csv.fasta.aln
0.760
/home/user/thesis/scripts/BlastOut_datasetTMB/BlastOut_datasetTMB_swissprot/top25BlastSplit/fasta/muscle/BlastOut_datasetTMB_swissprot_Q7BSW5.csv.fasta.aln
1.139
/home/user/thesis/scripts/BlastOut_datasetTMB/BlastOut_datasetTMB_swissprot/top25BlastSplit/fasta/muscle/BlastOut_datasetTMB_swissprot_Q7CJV2.csv.fasta.aln
1.361
/home/user/thesis/scripts/BlastOut_datasetTMB/BlastOut_datasetTMB_swissprot/top25BlastSplit/fasta/muscle/BlastOut_datasetTMB_swissprot_Q83LX4.csv.fasta.aln
1.666
/home/user/thesis/scripts/BlastOut_datasetTMB/BlastOut_datasetTMB_swissprot/top25BlastSplit/fasta/muscle/BlastOut_datasetTMB_swissprot_Q83SQ0.csv.fasta.aln
0.941
/home/user/thesis/scripts/BlastOut_datasetTMB/BlastOut_datasetTMB_swissprot/top25BlastSplit/fasta/muscle/BlastOut_datasetTMB_swissprot_Q8CVI4.csv.fasta.aln
1.000
/home/user/thesis/scripts/BlastOut_datasetTMB/BlastOut_datasetTMB_swissprot/top25BlastSplit/fasta/muscle/BlastOut_datasetTMB_swissprot_Q8CVW1.csv.fasta.aln
0.865
/home/user/thesis/scripts/BlastOut_datasetTMB/BlastOut_datasetTMB_swissprot/top25BlastSplit/fasta/muscle/BlastOut_datasetTMB_swissprot_Q8ZIK3.csv.fasta.aln
0.946
/home/user/thesis/scripts/BlastOut_datasetTMB/BlastOut_datasetTMB_swissprot/top25BlastSplit/fasta/muscle/BlastOut_datasetTMB_swissprot_Q8ZPC9.csv.fasta.aln
1.000
/home/user/thesis/scripts/BlastOut_datasetTMB/BlastOut_datasetTMB_swissprot/top25BlastSplit/fasta/muscle/BlastOut_datasetTMB_swissprot_Q8ZRP0.csv.fasta.aln
160.610
/home/user/thesis/scripts/BlastOut_datasetTMB/BlastOut_datasetTMB_swissprot/top25BlastSplit/fasta/muscle/BlastOut_datasetTMB_swissprot_Q8ZRW0.csv.fasta.aln
0.945
/home/user/thesis/scripts/BlastOut_datasetTMB/BlastOut_datasetTMB_swissprot/top25BlastSplit/fasta/muscle/BlastOut_datasetTMB_swissprot_Q99RL1.csv.fasta.aln
1.129
/home/user/thesis/scripts/BlastOut_datasetTMB/BlastOut_datasetTMB_swissprot/top25BlastSplit/fasta/muscle/BlastOut_datasetTMB_swissprot_Q9I5U2.csv.fasta.aln
0.727
/home/user/thesis/scripts/BlastOut_datasetTMB/BlastOut_datasetTMB_swissprot/top25BlastSplit/fasta/muscle/BlastOut_datasetTMB_swissprot_Q9JZN9.csv.fasta.aln
0.985
/home/user/thesis/scripts/BlastOut_datasetTMB/BlastOut_datasetTMB_swissprot/top25BlastSplit/fasta/muscle/BlastOut_datasetTMB_swissprot_Q9K0U9.csv.fasta.aln
1.170
/home/user/thesis/scripts/BlastOut_datasetTMB/BlastOut_datasetTMB_swissprot/top25BlastSplit/fasta/muscle/BlastOut_datasetTMB_swissprot_Q9TUM0.csv.fasta.aln
0.929
