0.408
0.533
1.000
0.727
0.912
0.209
0.676
0.708
0.369
0.653
0.272
0.574
0.653
0.915
0.740
0.422
0.844
0.860
0.729
0.673
0.228
0.685
0.726
0.823
0.697
0.332
0.345
0.281
0.319
0.570
0.274
0.197
0.197
0.203
0.696
0.948
0.948
0.231
0.773
0.773
0.719
0.719
0.787
0.787
0.787
0.787
0.699
0.699
0.699
0.715
0.715
0.715
1.276
0.714
0.714
0.714
0.714
0.266
0.741
0.741
0.693
0.592
1.000
0.876
0.946
1.030
0.765
0.286
0.952
0.656
0.829
0.651
0.828
0.733
0.739
0.422
0.848
0.776
0.838
0.229
0.418
0.648
0.804
0.665
0.747
0.268
0.735
0.670
0.998
0.645
0.777
0.834
0.659
0.837
0.729
0.588
0.984
0.786
0.748
0.719
0.747
0.306
0.603
0.603
0.603
0.675
0.793
0.629
0.260
1.031
1.156
0.774
0.243
0.241
0.763
0.954
0.724
0.717
0.346
0.252
0.295
0.860
0.740
0.243
0.747
0.379
0.697
0.729
0.355
0.726
0.747
0.731
0.365
0.686
0.786
0.723
0.798
