/home/user/thesis/scripts/BlastOut_datasetTMB/BlastOut_datasetTMB_unirefOMBB100/top10BlastSplit/fasta/aln/BlastOut_datasetTMB_unirefOMBB100_A0QR29.csv.aln
0.173
/home/user/thesis/scripts/BlastOut_datasetTMB/BlastOut_datasetTMB_unirefOMBB100/top10BlastSplit/fasta/aln/BlastOut_datasetTMB_unirefOMBB100_A1JUB7.csv.aln
1.264
/home/user/thesis/scripts/BlastOut_datasetTMB/BlastOut_datasetTMB_unirefOMBB100/top10BlastSplit/fasta/aln/BlastOut_datasetTMB_unirefOMBB100_A5F934.csv.aln
0.305
/home/user/thesis/scripts/BlastOut_datasetTMB/BlastOut_datasetTMB_unirefOMBB100/top10BlastSplit/fasta/aln/BlastOut_datasetTMB_unirefOMBB100_E6MXW0.csv.aln
0.903
/home/user/thesis/scripts/BlastOut_datasetTMB/BlastOut_datasetTMB_unirefOMBB100/top10BlastSplit/fasta/aln/BlastOut_datasetTMB_unirefOMBB100_O33407.csv.aln
0.962
/home/user/thesis/scripts/BlastOut_datasetTMB/BlastOut_datasetTMB_unirefOMBB100/top10BlastSplit/fasta/aln/BlastOut_datasetTMB_unirefOMBB100_O88093.csv.aln
1.000
/home/user/thesis/scripts/BlastOut_datasetTMB/BlastOut_datasetTMB_unirefOMBB100/top10BlastSplit/fasta/aln/BlastOut_datasetTMB_unirefOMBB100_P00747.csv.aln
0.875
/home/user/thesis/scripts/BlastOut_datasetTMB/BlastOut_datasetTMB_unirefOMBB100/top10BlastSplit/fasta/aln/BlastOut_datasetTMB_unirefOMBB100_P02929.csv.aln
0.540
/home/user/thesis/scripts/BlastOut_datasetTMB/BlastOut_datasetTMB_unirefOMBB100/top10BlastSplit/fasta/aln/BlastOut_datasetTMB_unirefOMBB100_P02931.csv.aln
0.286
/home/user/thesis/scripts/BlastOut_datasetTMB/BlastOut_datasetTMB_unirefOMBB100/top10BlastSplit/fasta/aln/BlastOut_datasetTMB_unirefOMBB100_P02932.csv.aln
0.301
/home/user/thesis/scripts/BlastOut_datasetTMB/BlastOut_datasetTMB_unirefOMBB100/top10BlastSplit/fasta/aln/BlastOut_datasetTMB_unirefOMBB100_P02943.csv.aln
0.514
/home/user/thesis/scripts/BlastOut_datasetTMB/BlastOut_datasetTMB_unirefOMBB100/top10BlastSplit/fasta/aln/BlastOut_datasetTMB_unirefOMBB100_P05430.csv.aln
1.029
/home/user/thesis/scripts/BlastOut_datasetTMB/BlastOut_datasetTMB_unirefOMBB100/top10BlastSplit/fasta/aln/BlastOut_datasetTMB_unirefOMBB100_P05695.csv.aln
0.274
/home/user/thesis/scripts/BlastOut_datasetTMB/BlastOut_datasetTMB_unirefOMBB100/top10BlastSplit/fasta/aln/BlastOut_datasetTMB_unirefOMBB100_P05825.csv.aln
0.355
/home/user/thesis/scripts/BlastOut_datasetTMB/BlastOut_datasetTMB_unirefOMBB100/top10BlastSplit/fasta/aln/BlastOut_datasetTMB_unirefOMBB100_P06129.csv.aln
0.518
/home/user/thesis/scripts/BlastOut_datasetTMB/BlastOut_datasetTMB_unirefOMBB100/top10BlastSplit/fasta/aln/BlastOut_datasetTMB_unirefOMBB100_P06971.csv.aln
0.400
/home/user/thesis/scripts/BlastOut_datasetTMB/BlastOut_datasetTMB_unirefOMBB100/top10BlastSplit/fasta/aln/BlastOut_datasetTMB_unirefOMBB100_P08190.csv.aln
0.494
/home/user/thesis/scripts/BlastOut_datasetTMB/BlastOut_datasetTMB_unirefOMBB100/top10BlastSplit/fasta/aln/BlastOut_datasetTMB_unirefOMBB100_P09169.csv.aln
1.171
/home/user/thesis/scripts/BlastOut_datasetTMB/BlastOut_datasetTMB_unirefOMBB100/top10BlastSplit/fasta/aln/BlastOut_datasetTMB_unirefOMBB100_P09616.csv.aln
3.110
/home/user/thesis/scripts/BlastOut_datasetTMB/BlastOut_datasetTMB_unirefOMBB100/top10BlastSplit/fasta/aln/BlastOut_datasetTMB_unirefOMBB100_P0A232.csv.aln
0.387
/home/user/thesis/scripts/BlastOut_datasetTMB/BlastOut_datasetTMB_unirefOMBB100/top10BlastSplit/fasta/aln/BlastOut_datasetTMB_unirefOMBB100_P0A263.csv.aln
0.301
/home/user/thesis/scripts/BlastOut_datasetTMB/BlastOut_datasetTMB_unirefOMBB100/top10BlastSplit/fasta/aln/BlastOut_datasetTMB_unirefOMBB100_P0A264.csv.aln
0.301
/home/user/thesis/scripts/BlastOut_datasetTMB/BlastOut_datasetTMB_unirefOMBB100/top10BlastSplit/fasta/aln/BlastOut_datasetTMB_unirefOMBB100_P0A903.csv.aln
0.556
/home/user/thesis/scripts/BlastOut_datasetTMB/BlastOut_datasetTMB_unirefOMBB100/top10BlastSplit/fasta/aln/BlastOut_datasetTMB_unirefOMBB100_P0A910.csv.aln
0.635
/home/user/thesis/scripts/BlastOut_datasetTMB/BlastOut_datasetTMB_unirefOMBB100/top10BlastSplit/fasta/aln/BlastOut_datasetTMB_unirefOMBB100_P0A911.csv.aln
0.635
/home/user/thesis/scripts/BlastOut_datasetTMB/BlastOut_datasetTMB_unirefOMBB100/top10BlastSplit/fasta/aln/BlastOut_datasetTMB_unirefOMBB100_P0A915.csv.aln
0.774
/home/user/thesis/scripts/BlastOut_datasetTMB/BlastOut_datasetTMB_unirefOMBB100/top10BlastSplit/fasta/aln/BlastOut_datasetTMB_unirefOMBB100_P0A916.csv.aln
0.774
/home/user/thesis/scripts/BlastOut_datasetTMB/BlastOut_datasetTMB_unirefOMBB100/top10BlastSplit/fasta/aln/BlastOut_datasetTMB_unirefOMBB100_P0A917.csv.aln
1.000
/home/user/thesis/scripts/BlastOut_datasetTMB/BlastOut_datasetTMB_unirefOMBB100/top10BlastSplit/fasta/aln/BlastOut_datasetTMB_unirefOMBB100_P0A918.csv.aln
1.000
/home/user/thesis/scripts/BlastOut_datasetTMB/BlastOut_datasetTMB_unirefOMBB100/top10BlastSplit/fasta/aln/BlastOut_datasetTMB_unirefOMBB100_P0A919.csv.aln
1.000
/home/user/thesis/scripts/BlastOut_datasetTMB/BlastOut_datasetTMB_unirefOMBB100/top10BlastSplit/fasta/aln/BlastOut_datasetTMB_unirefOMBB100_P0A920.csv.aln
1.000
/home/user/thesis/scripts/BlastOut_datasetTMB/BlastOut_datasetTMB_unirefOMBB100/top10BlastSplit/fasta/aln/BlastOut_datasetTMB_unirefOMBB100_P0A921.csv.aln
2.737
/home/user/thesis/scripts/BlastOut_datasetTMB/BlastOut_datasetTMB_unirefOMBB100/top10BlastSplit/fasta/aln/BlastOut_datasetTMB_unirefOMBB100_P0A922.csv.aln
2.737
/home/user/thesis/scripts/BlastOut_datasetTMB/BlastOut_datasetTMB_unirefOMBB100/top10BlastSplit/fasta/aln/BlastOut_datasetTMB_unirefOMBB100_P0A923.csv.aln
2.737
/home/user/thesis/scripts/BlastOut_datasetTMB/BlastOut_datasetTMB_unirefOMBB100/top10BlastSplit/fasta/aln/BlastOut_datasetTMB_unirefOMBB100_P0A937.csv.aln
0.780
/home/user/thesis/scripts/BlastOut_datasetTMB/BlastOut_datasetTMB_unirefOMBB100/top10BlastSplit/fasta/aln/BlastOut_datasetTMB_unirefOMBB100_P0A940.csv.aln
1.132
/home/user/thesis/scripts/BlastOut_datasetTMB/BlastOut_datasetTMB_unirefOMBB100/top10BlastSplit/fasta/aln/BlastOut_datasetTMB_unirefOMBB100_P0A941.csv.aln
1.132
/home/user/thesis/scripts/BlastOut_datasetTMB/BlastOut_datasetTMB_unirefOMBB100/top10BlastSplit/fasta/aln/BlastOut_datasetTMB_unirefOMBB100_P0A942.csv.aln
1.132
/home/user/thesis/scripts/BlastOut_datasetTMB/BlastOut_datasetTMB_unirefOMBB100/top10BlastSplit/fasta/aln/BlastOut_datasetTMB_unirefOMBB100_P0A943.csv.aln
1.132
/home/user/thesis/scripts/BlastOut_datasetTMB/BlastOut_datasetTMB_unirefOMBB100/top10BlastSplit/fasta/aln/BlastOut_datasetTMB_unirefOMBB100_P0AC02.csv.aln
0.582
/home/user/thesis/scripts/BlastOut_datasetTMB/BlastOut_datasetTMB_unirefOMBB100/top10BlastSplit/fasta/aln/BlastOut_datasetTMB_unirefOMBB100_P0ADE4.csv.aln
0.655
/home/user/thesis/scripts/BlastOut_datasetTMB/BlastOut_datasetTMB_unirefOMBB100/top10BlastSplit/fasta/aln/BlastOut_datasetTMB_unirefOMBB100_P0ADE5.csv.aln
0.655
/home/user/thesis/scripts/BlastOut_datasetTMB/BlastOut_datasetTMB_unirefOMBB100/top10BlastSplit/fasta/aln/BlastOut_datasetTMB_unirefOMBB100_P0C2W0.csv.aln
1.140
/home/user/thesis/scripts/BlastOut_datasetTMB/BlastOut_datasetTMB_unirefOMBB100/top10BlastSplit/fasta/aln/BlastOut_datasetTMB_unirefOMBB100_P0C6Q6.csv.aln
0.173
/home/user/thesis/scripts/BlastOut_datasetTMB/BlastOut_datasetTMB_unirefOMBB100/top10BlastSplit/fasta/aln/BlastOut_datasetTMB_unirefOMBB100_P0DH58.csv.aln
0.875
/home/user/thesis/scripts/BlastOut_datasetTMB/BlastOut_datasetTMB_unirefOMBB100/top10BlastSplit/fasta/aln/BlastOut_datasetTMB_unirefOMBB100_P10384.csv.aln
0.580
/home/user/thesis/scripts/BlastOut_datasetTMB/BlastOut_datasetTMB_unirefOMBB100/top10BlastSplit/fasta/aln/BlastOut_datasetTMB_unirefOMBB100_P11922.csv.aln
0.398
/home/user/thesis/scripts/BlastOut_datasetTMB/BlastOut_datasetTMB_unirefOMBB100/top10BlastSplit/fasta/aln/BlastOut_datasetTMB_unirefOMBB100_P13036.csv.aln
0.655
/home/user/thesis/scripts/BlastOut_datasetTMB/BlastOut_datasetTMB_unirefOMBB100/top10BlastSplit/fasta/aln/BlastOut_datasetTMB_unirefOMBB100_P13794.csv.aln
0.569
/home/user/thesis/scripts/BlastOut_datasetTMB/BlastOut_datasetTMB_unirefOMBB100/top10BlastSplit/fasta/aln/BlastOut_datasetTMB_unirefOMBB100_P16869.csv.aln
0.379
/home/user/thesis/scripts/BlastOut_datasetTMB/BlastOut_datasetTMB_unirefOMBB100/top10BlastSplit/fasta/aln/BlastOut_datasetTMB_unirefOMBB100_P17315.csv.aln
0.528
/home/user/thesis/scripts/BlastOut_datasetTMB/BlastOut_datasetTMB_unirefOMBB100/top10BlastSplit/fasta/aln/BlastOut_datasetTMB_unirefOMBB100_P17811.csv.aln
1.112
/home/user/thesis/scripts/BlastOut_datasetTMB/BlastOut_datasetTMB_unirefOMBB100/top10BlastSplit/fasta/aln/BlastOut_datasetTMB_unirefOMBB100_P18195.csv.aln
0.244
/home/user/thesis/scripts/BlastOut_datasetTMB/BlastOut_datasetTMB_unirefOMBB100/top10BlastSplit/fasta/aln/BlastOut_datasetTMB_unirefOMBB100_P18895.csv.aln
0.562
/home/user/thesis/scripts/BlastOut_datasetTMB/BlastOut_datasetTMB_unirefOMBB100/top10BlastSplit/fasta/aln/BlastOut_datasetTMB_unirefOMBB100_P19809.csv.aln
0.362
/home/user/thesis/scripts/BlastOut_datasetTMB/BlastOut_datasetTMB_unirefOMBB100/top10BlastSplit/fasta/aln/BlastOut_datasetTMB_unirefOMBB100_P24017.csv.aln
0.578
/home/user/thesis/scripts/BlastOut_datasetTMB/BlastOut_datasetTMB_unirefOMBB100/top10BlastSplit/fasta/aln/BlastOut_datasetTMB_unirefOMBB100_P24305.csv.aln
0.460
/home/user/thesis/scripts/BlastOut_datasetTMB/BlastOut_datasetTMB_unirefOMBB100/top10BlastSplit/fasta/aln/BlastOut_datasetTMB_unirefOMBB100_P26466.csv.aln
0.307
/home/user/thesis/scripts/BlastOut_datasetTMB/BlastOut_datasetTMB_unirefOMBB100/top10BlastSplit/fasta/aln/BlastOut_datasetTMB_unirefOMBB100_P30130.csv.aln
0.409
/home/user/thesis/scripts/BlastOut_datasetTMB/BlastOut_datasetTMB_unirefOMBB100/top10BlastSplit/fasta/aln/BlastOut_datasetTMB_unirefOMBB100_P30690.csv.aln
0.398
/home/user/thesis/scripts/BlastOut_datasetTMB/BlastOut_datasetTMB_unirefOMBB100/top10BlastSplit/fasta/aln/BlastOut_datasetTMB_unirefOMBB100_P35818.csv.aln
0.319
/home/user/thesis/scripts/BlastOut_datasetTMB/BlastOut_datasetTMB_unirefOMBB100/top10BlastSplit/fasta/aln/BlastOut_datasetTMB_unirefOMBB100_P43261.csv.aln
0.269
/home/user/thesis/scripts/BlastOut_datasetTMB/BlastOut_datasetTMB_unirefOMBB100/top10BlastSplit/fasta/aln/BlastOut_datasetTMB_unirefOMBB100_P46359.csv.aln
0.489
/home/user/thesis/scripts/BlastOut_datasetTMB/BlastOut_datasetTMB_unirefOMBB100/top10BlastSplit/fasta/aln/BlastOut_datasetTMB_unirefOMBB100_P48632.csv.aln
0.477
/home/user/thesis/scripts/BlastOut_datasetTMB/BlastOut_datasetTMB_unirefOMBB100/top10BlastSplit/fasta/aln/BlastOut_datasetTMB_unirefOMBB100_P69434.csv.aln
0.561
/home/user/thesis/scripts/BlastOut_datasetTMB/BlastOut_datasetTMB_unirefOMBB100/top10BlastSplit/fasta/aln/BlastOut_datasetTMB_unirefOMBB100_P69856.csv.aln
0.218
/home/user/thesis/scripts/BlastOut_datasetTMB/BlastOut_datasetTMB_unirefOMBB100/top10BlastSplit/fasta/aln/BlastOut_datasetTMB_unirefOMBB100_P69857.csv.aln
0.218
/home/user/thesis/scripts/BlastOut_datasetTMB/BlastOut_datasetTMB_unirefOMBB100/top10BlastSplit/fasta/aln/BlastOut_datasetTMB_unirefOMBB100_P69858.csv.aln
0.218
/home/user/thesis/scripts/BlastOut_datasetTMB/BlastOut_datasetTMB_unirefOMBB100/top10BlastSplit/fasta/aln/BlastOut_datasetTMB_unirefOMBB100_P75780.csv.aln
0.309
/home/user/thesis/scripts/BlastOut_datasetTMB/BlastOut_datasetTMB_unirefOMBB100/top10BlastSplit/fasta/aln/BlastOut_datasetTMB_unirefOMBB100_P76045.csv.aln
0.201
/home/user/thesis/scripts/BlastOut_datasetTMB/BlastOut_datasetTMB_unirefOMBB100/top10BlastSplit/fasta/aln/BlastOut_datasetTMB_unirefOMBB100_P77774.csv.aln
0.683
/home/user/thesis/scripts/BlastOut_datasetTMB/BlastOut_datasetTMB_unirefOMBB100/top10BlastSplit/fasta/aln/BlastOut_datasetTMB_unirefOMBB100_Q03155.csv.aln
1.257
/home/user/thesis/scripts/BlastOut_datasetTMB/BlastOut_datasetTMB_unirefOMBB100/top10BlastSplit/fasta/aln/BlastOut_datasetTMB_unirefOMBB100_Q04884.csv.aln
1.000
/home/user/thesis/scripts/BlastOut_datasetTMB/BlastOut_datasetTMB_unirefOMBB100/top10BlastSplit/fasta/aln/BlastOut_datasetTMB_unirefOMBB100_Q05098.csv.aln
0.395
/home/user/thesis/scripts/BlastOut_datasetTMB/BlastOut_datasetTMB_unirefOMBB100/top10BlastSplit/fasta/aln/BlastOut_datasetTMB_unirefOMBB100_Q2FFA2.csv.aln
2.970
/home/user/thesis/scripts/BlastOut_datasetTMB/BlastOut_datasetTMB_unirefOMBB100/top10BlastSplit/fasta/aln/BlastOut_datasetTMB_unirefOMBB100_Q45340.csv.aln
0.927
/home/user/thesis/scripts/BlastOut_datasetTMB/BlastOut_datasetTMB_unirefOMBB100/top10BlastSplit/fasta/aln/BlastOut_datasetTMB_unirefOMBB100_Q48473.csv.aln
0.211
/home/user/thesis/scripts/BlastOut_datasetTMB/BlastOut_datasetTMB_unirefOMBB100/top10BlastSplit/fasta/aln/BlastOut_datasetTMB_unirefOMBB100_Q54450.csv.aln
1.984
/home/user/thesis/scripts/BlastOut_datasetTMB/BlastOut_datasetTMB_unirefOMBB100/top10BlastSplit/fasta/aln/BlastOut_datasetTMB_unirefOMBB100_Q5Y4Y6.csv.aln
0.915
/home/user/thesis/scripts/BlastOut_datasetTMB/BlastOut_datasetTMB_unirefOMBB100/top10BlastSplit/fasta/aln/BlastOut_datasetTMB_unirefOMBB100_Q7BCK4.csv.aln
1.000
/home/user/thesis/scripts/BlastOut_datasetTMB/BlastOut_datasetTMB_unirefOMBB100/top10BlastSplit/fasta/aln/BlastOut_datasetTMB_unirefOMBB100_Q7BSW5.csv.aln
1.000
/home/user/thesis/scripts/BlastOut_datasetTMB/BlastOut_datasetTMB_unirefOMBB100/top10BlastSplit/fasta/aln/BlastOut_datasetTMB_unirefOMBB100_Q8CVI4.csv.aln
0.381
/home/user/thesis/scripts/BlastOut_datasetTMB/BlastOut_datasetTMB_unirefOMBB100/top10BlastSplit/fasta/aln/BlastOut_datasetTMB_unirefOMBB100_Q8CVW1.csv.aln
0.435
/home/user/thesis/scripts/BlastOut_datasetTMB/BlastOut_datasetTMB_unirefOMBB100/top10BlastSplit/fasta/aln/BlastOut_datasetTMB_unirefOMBB100_Q8ZRP0.csv.aln
1.129
/home/user/thesis/scripts/BlastOut_datasetTMB/BlastOut_datasetTMB_unirefOMBB100/top10BlastSplit/fasta/aln/BlastOut_datasetTMB_unirefOMBB100_Q934G3.csv.aln
0.269
/home/user/thesis/scripts/BlastOut_datasetTMB/BlastOut_datasetTMB_unirefOMBB100/top10BlastSplit/fasta/aln/BlastOut_datasetTMB_unirefOMBB100_Q9HVD1.csv.aln
0.314
/home/user/thesis/scripts/BlastOut_datasetTMB/BlastOut_datasetTMB_unirefOMBB100/top10BlastSplit/fasta/aln/BlastOut_datasetTMB_unirefOMBB100_Q9I5U2.csv.aln
0.856
/home/user/thesis/scripts/BlastOut_datasetTMB/BlastOut_datasetTMB_unirefOMBB100/top10BlastSplit/fasta/aln/BlastOut_datasetTMB_unirefOMBB100_Q9JZN9.csv.aln
0.295
