/home/user/thesis/scripts/BlastOut_datasetTMB/BlastOut_datasetTMB_swissprot/top50BlastSplit/fasta/tmbcoffee/BlastOut_datasetTMB_swissprot_A5F934.csv.aln
0.709
/home/user/thesis/scripts/BlastOut_datasetTMB/BlastOut_datasetTMB_swissprot/top50BlastSplit/fasta/tmbcoffee/BlastOut_datasetTMB_swissprot_E3PJ86.csv.aln
0.577
/home/user/thesis/scripts/BlastOut_datasetTMB/BlastOut_datasetTMB_swissprot/top50BlastSplit/fasta/tmbcoffee/BlastOut_datasetTMB_swissprot_P01031.csv.aln
1.148
/home/user/thesis/scripts/BlastOut_datasetTMB/BlastOut_datasetTMB_swissprot/top50BlastSplit/fasta/tmbcoffee/BlastOut_datasetTMB_swissprot_P02787.csv.aln
1.161
/home/user/thesis/scripts/BlastOut_datasetTMB/BlastOut_datasetTMB_swissprot/top50BlastSplit/fasta/tmbcoffee/BlastOut_datasetTMB_swissprot_P02931.csv.aln
0.375
/home/user/thesis/scripts/BlastOut_datasetTMB/BlastOut_datasetTMB_swissprot/top50BlastSplit/fasta/tmbcoffee/BlastOut_datasetTMB_swissprot_P02932.csv.aln
0.356
/home/user/thesis/scripts/BlastOut_datasetTMB/BlastOut_datasetTMB_swissprot/top50BlastSplit/fasta/tmbcoffee/BlastOut_datasetTMB_swissprot_P06971.csv.aln
0.686
/home/user/thesis/scripts/BlastOut_datasetTMB/BlastOut_datasetTMB_swissprot/top50BlastSplit/fasta/tmbcoffee/BlastOut_datasetTMB_swissprot_P07360.csv.aln
0.396
/home/user/thesis/scripts/BlastOut_datasetTMB/BlastOut_datasetTMB_swissprot/top50BlastSplit/fasta/tmbcoffee/BlastOut_datasetTMB_swissprot_P08189.csv.aln
0.610
/home/user/thesis/scripts/BlastOut_datasetTMB/BlastOut_datasetTMB_swissprot/top50BlastSplit/fasta/tmbcoffee/BlastOut_datasetTMB_swissprot_P0A910.csv.aln
0.812
/home/user/thesis/scripts/BlastOut_datasetTMB/BlastOut_datasetTMB_swissprot/top50BlastSplit/fasta/tmbcoffee/BlastOut_datasetTMB_swissprot_P0A911.csv.aln
0.812
/home/user/thesis/scripts/BlastOut_datasetTMB/BlastOut_datasetTMB_swissprot/top50BlastSplit/fasta/tmbcoffee/BlastOut_datasetTMB_swissprot_P10643.csv.aln
0.235
/home/user/thesis/scripts/BlastOut_datasetTMB/BlastOut_datasetTMB_swissprot/top50BlastSplit/fasta/tmbcoffee/BlastOut_datasetTMB_swissprot_P12643.csv.aln
0.754
/home/user/thesis/scripts/BlastOut_datasetTMB/BlastOut_datasetTMB_swissprot/top50BlastSplit/fasta/tmbcoffee/BlastOut_datasetTMB_swissprot_P16869.csv.aln
0.766
/home/user/thesis/scripts/BlastOut_datasetTMB/BlastOut_datasetTMB_swissprot/top50BlastSplit/fasta/tmbcoffee/BlastOut_datasetTMB_swissprot_P24017.csv.aln
0.820
/home/user/thesis/scripts/BlastOut_datasetTMB/BlastOut_datasetTMB_swissprot/top50BlastSplit/fasta/tmbcoffee/BlastOut_datasetTMB_swissprot_P26466.csv.aln
0.904
/home/user/thesis/scripts/BlastOut_datasetTMB/BlastOut_datasetTMB_swissprot/top50BlastSplit/fasta/tmbcoffee/BlastOut_datasetTMB_swissprot_P31554.csv.aln
0.749
/home/user/thesis/scripts/BlastOut_datasetTMB/BlastOut_datasetTMB_swissprot/top50BlastSplit/fasta/tmbcoffee/BlastOut_datasetTMB_swissprot_P37001.csv.aln
0.785
/home/user/thesis/scripts/BlastOut_datasetTMB/BlastOut_datasetTMB_swissprot/top50BlastSplit/fasta/tmbcoffee/BlastOut_datasetTMB_swissprot_P45758.csv.aln
0.728
/home/user/thesis/scripts/BlastOut_datasetTMB/BlastOut_datasetTMB_swissprot/top50BlastSplit/fasta/tmbcoffee/BlastOut_datasetTMB_swissprot_P45779.csv.aln
0.584
/home/user/thesis/scripts/BlastOut_datasetTMB/BlastOut_datasetTMB_swissprot/top50BlastSplit/fasta/tmbcoffee/BlastOut_datasetTMB_swissprot_P48632.csv.aln
0.701
/home/user/thesis/scripts/BlastOut_datasetTMB/BlastOut_datasetTMB_swissprot/top50BlastSplit/fasta/tmbcoffee/BlastOut_datasetTMB_swissprot_P49767.csv.aln
0.913
/home/user/thesis/scripts/BlastOut_datasetTMB/BlastOut_datasetTMB_swissprot/top50BlastSplit/fasta/tmbcoffee/BlastOut_datasetTMB_swissprot_P75780.csv.aln
0.840
/home/user/thesis/scripts/BlastOut_datasetTMB/BlastOut_datasetTMB_swissprot/top50BlastSplit/fasta/tmbcoffee/BlastOut_datasetTMB_swissprot_P77774.csv.aln
0.618
/home/user/thesis/scripts/BlastOut_datasetTMB/BlastOut_datasetTMB_swissprot/top50BlastSplit/fasta/tmbcoffee/BlastOut_datasetTMB_swissprot_Q7BSW5.csv.aln
0.453
/home/user/thesis/scripts/BlastOut_datasetTMB/BlastOut_datasetTMB_swissprot/top50BlastSplit/fasta/tmbcoffee/BlastOut_datasetTMB_swissprot_Q83SQ0.csv.aln
0.747
/home/user/thesis/scripts/BlastOut_datasetTMB/BlastOut_datasetTMB_swissprot/top50BlastSplit/fasta/tmbcoffee/BlastOut_datasetTMB_swissprot_Q8ZIK3.csv.aln
0.762
/home/user/thesis/scripts/BlastOut_datasetTMB/BlastOut_datasetTMB_swissprot/top50BlastSplit/fasta/tmbcoffee/BlastOut_datasetTMB_swissprot_Q8ZPC9.csv.aln
0.732
/home/user/thesis/scripts/BlastOut_datasetTMB/BlastOut_datasetTMB_swissprot/top50BlastSplit/fasta/tmbcoffee/BlastOut_datasetTMB_swissprot_Q8ZRW0.csv.aln
0.752
/home/user/thesis/scripts/BlastOut_datasetTMB/BlastOut_datasetTMB_swissprot/top50BlastSplit/fasta/tmbcoffee/BlastOut_datasetTMB_swissprot_Q9I5U2.csv.aln
0.656
/home/user/thesis/scripts/BlastOut_datasetTMB/BlastOut_datasetTMB_swissprot/top50BlastSplit/fasta/tmbcoffee/BlastOut_datasetTMB_swissprot_Q9K0U9.csv.aln
1.043
/home/user/thesis/scripts/BlastOut_datasetTMB/BlastOut_datasetTMB_swissprot/top50BlastSplit/fasta/tmbcoffee/BlastOut_datasetTMB_swissprot_Q9TUM0.csv.aln
1.067
