0.176
1.601
0.405
1.705
0.969
1.000
1.162
0.799
0.522
0.428
0.947
0.968
0.406
0.338
0.400
0.517
0.769
1.205
4.029
1.714
0.468
0.468
0.749
0.762
0.762
0.820
0.820
1.000
1.000
1.000
1.000
4.590
4.590
4.590
0.787
1.161
1.161
1.161
1.161
0.616
0.772
0.772
1.424
0.305
1.652
0.621
0.501
0.999
0.677
0.550
0.678
1.121
0.295
0.701
0.470
0.655
1.069
0.568
0.690
0.682
1.041
0.386
0.604
0.541
0.641
0.221
0.221
0.221
0.286
0.461
0.771
0.881
1.000
0.469
3.355
1.033
0.197
2.376
1.103
1.000
1.000
0.706
0.795
1.253
0.315
0.342
1.269
0.605
