/home/user/thesis/scripts/BlastOut_datasetTMB/BlastOut_datasetTMB_unirefOMBB100/top50BlastSplit/fasta/muscle/BlastOut_datasetTMB_unirefOMBB100_O33407.csv.fasta.aln
0.825
/home/user/thesis/scripts/BlastOut_datasetTMB/BlastOut_datasetTMB_unirefOMBB100/top50BlastSplit/fasta/muscle/BlastOut_datasetTMB_unirefOMBB100_O88093.csv.fasta.aln
1.000
/home/user/thesis/scripts/BlastOut_datasetTMB/BlastOut_datasetTMB_unirefOMBB100/top50BlastSplit/fasta/muscle/BlastOut_datasetTMB_unirefOMBB100_P02929.csv.fasta.aln
0.537
/home/user/thesis/scripts/BlastOut_datasetTMB/BlastOut_datasetTMB_unirefOMBB100/top50BlastSplit/fasta/muscle/BlastOut_datasetTMB_unirefOMBB100_P05430.csv.fasta.aln
1.091
/home/user/thesis/scripts/BlastOut_datasetTMB/BlastOut_datasetTMB_unirefOMBB100/top50BlastSplit/fasta/muscle/BlastOut_datasetTMB_unirefOMBB100_P05825.csv.fasta.aln
0.303
/home/user/thesis/scripts/BlastOut_datasetTMB/BlastOut_datasetTMB_unirefOMBB100/top50BlastSplit/fasta/muscle/BlastOut_datasetTMB_unirefOMBB100_P06129.csv.fasta.aln
0.379
/home/user/thesis/scripts/BlastOut_datasetTMB/BlastOut_datasetTMB_unirefOMBB100/top50BlastSplit/fasta/muscle/BlastOut_datasetTMB_unirefOMBB100_P09169.csv.fasta.aln
0.635
/home/user/thesis/scripts/BlastOut_datasetTMB/BlastOut_datasetTMB_unirefOMBB100/top50BlastSplit/fasta/muscle/BlastOut_datasetTMB_unirefOMBB100_P0A903.csv.fasta.aln
0.727
/home/user/thesis/scripts/BlastOut_datasetTMB/BlastOut_datasetTMB_unirefOMBB100/top50BlastSplit/fasta/muscle/BlastOut_datasetTMB_unirefOMBB100_P0A910.csv.fasta.aln
0.596
/home/user/thesis/scripts/BlastOut_datasetTMB/BlastOut_datasetTMB_unirefOMBB100/top50BlastSplit/fasta/muscle/BlastOut_datasetTMB_unirefOMBB100_P0A911.csv.fasta.aln
0.596
/home/user/thesis/scripts/BlastOut_datasetTMB/BlastOut_datasetTMB_unirefOMBB100/top50BlastSplit/fasta/muscle/BlastOut_datasetTMB_unirefOMBB100_P0A915.csv.fasta.aln
0.265
/home/user/thesis/scripts/BlastOut_datasetTMB/BlastOut_datasetTMB_unirefOMBB100/top50BlastSplit/fasta/muscle/BlastOut_datasetTMB_unirefOMBB100_P0A916.csv.fasta.aln
0.265
/home/user/thesis/scripts/BlastOut_datasetTMB/BlastOut_datasetTMB_unirefOMBB100/top50BlastSplit/fasta/muscle/BlastOut_datasetTMB_unirefOMBB100_P0A917.csv.fasta.aln
0.733
/home/user/thesis/scripts/BlastOut_datasetTMB/BlastOut_datasetTMB_unirefOMBB100/top50BlastSplit/fasta/muscle/BlastOut_datasetTMB_unirefOMBB100_P0A918.csv.fasta.aln
0.733
/home/user/thesis/scripts/BlastOut_datasetTMB/BlastOut_datasetTMB_unirefOMBB100/top50BlastSplit/fasta/muscle/BlastOut_datasetTMB_unirefOMBB100_P0A919.csv.fasta.aln
0.733
/home/user/thesis/scripts/BlastOut_datasetTMB/BlastOut_datasetTMB_unirefOMBB100/top50BlastSplit/fasta/muscle/BlastOut_datasetTMB_unirefOMBB100_P0A920.csv.fasta.aln
0.733
/home/user/thesis/scripts/BlastOut_datasetTMB/BlastOut_datasetTMB_unirefOMBB100/top50BlastSplit/fasta/muscle/BlastOut_datasetTMB_unirefOMBB100_P0A937.csv.fasta.aln
0.906
/home/user/thesis/scripts/BlastOut_datasetTMB/BlastOut_datasetTMB_unirefOMBB100/top50BlastSplit/fasta/muscle/BlastOut_datasetTMB_unirefOMBB100_P0A940.csv.fasta.aln
0.504
/home/user/thesis/scripts/BlastOut_datasetTMB/BlastOut_datasetTMB_unirefOMBB100/top50BlastSplit/fasta/muscle/BlastOut_datasetTMB_unirefOMBB100_P0A941.csv.fasta.aln
0.504
/home/user/thesis/scripts/BlastOut_datasetTMB/BlastOut_datasetTMB_unirefOMBB100/top50BlastSplit/fasta/muscle/BlastOut_datasetTMB_unirefOMBB100_P0A942.csv.fasta.aln
0.504
/home/user/thesis/scripts/BlastOut_datasetTMB/BlastOut_datasetTMB_unirefOMBB100/top50BlastSplit/fasta/muscle/BlastOut_datasetTMB_unirefOMBB100_P0A943.csv.fasta.aln
0.504
/home/user/thesis/scripts/BlastOut_datasetTMB/BlastOut_datasetTMB_unirefOMBB100/top50BlastSplit/fasta/muscle/BlastOut_datasetTMB_unirefOMBB100_P0AC02.csv.fasta.aln
0.626
/home/user/thesis/scripts/BlastOut_datasetTMB/BlastOut_datasetTMB_unirefOMBB100/top50BlastSplit/fasta/muscle/BlastOut_datasetTMB_unirefOMBB100_P0ADE4.csv.fasta.aln
0.771
/home/user/thesis/scripts/BlastOut_datasetTMB/BlastOut_datasetTMB_unirefOMBB100/top50BlastSplit/fasta/muscle/BlastOut_datasetTMB_unirefOMBB100_P0ADE5.csv.fasta.aln
0.771
/home/user/thesis/scripts/BlastOut_datasetTMB/BlastOut_datasetTMB_unirefOMBB100/top50BlastSplit/fasta/muscle/BlastOut_datasetTMB_unirefOMBB100_P10384.csv.fasta.aln
0.332
/home/user/thesis/scripts/BlastOut_datasetTMB/BlastOut_datasetTMB_unirefOMBB100/top50BlastSplit/fasta/muscle/BlastOut_datasetTMB_unirefOMBB100_P13036.csv.fasta.aln
0.387
/home/user/thesis/scripts/BlastOut_datasetTMB/BlastOut_datasetTMB_unirefOMBB100/top50BlastSplit/fasta/muscle/BlastOut_datasetTMB_unirefOMBB100_P13794.csv.fasta.aln
0.588
/home/user/thesis/scripts/BlastOut_datasetTMB/BlastOut_datasetTMB_unirefOMBB100/top50BlastSplit/fasta/muscle/BlastOut_datasetTMB_unirefOMBB100_P17315.csv.fasta.aln
0.335
/home/user/thesis/scripts/BlastOut_datasetTMB/BlastOut_datasetTMB_unirefOMBB100/top50BlastSplit/fasta/muscle/BlastOut_datasetTMB_unirefOMBB100_P17811.csv.fasta.aln
0.322
/home/user/thesis/scripts/BlastOut_datasetTMB/BlastOut_datasetTMB_unirefOMBB100/top50BlastSplit/fasta/muscle/BlastOut_datasetTMB_unirefOMBB100_P24017.csv.fasta.aln
0.627
/home/user/thesis/scripts/BlastOut_datasetTMB/BlastOut_datasetTMB_unirefOMBB100/top50BlastSplit/fasta/muscle/BlastOut_datasetTMB_unirefOMBB100_P30690.csv.fasta.aln
0.308
/home/user/thesis/scripts/BlastOut_datasetTMB/BlastOut_datasetTMB_unirefOMBB100/top50BlastSplit/fasta/muscle/BlastOut_datasetTMB_unirefOMBB100_P35818.csv.fasta.aln
1.368
/home/user/thesis/scripts/BlastOut_datasetTMB/BlastOut_datasetTMB_unirefOMBB100/top50BlastSplit/fasta/muscle/BlastOut_datasetTMB_unirefOMBB100_P69856.csv.fasta.aln
0.197
/home/user/thesis/scripts/BlastOut_datasetTMB/BlastOut_datasetTMB_unirefOMBB100/top50BlastSplit/fasta/muscle/BlastOut_datasetTMB_unirefOMBB100_P69857.csv.fasta.aln
0.197
/home/user/thesis/scripts/BlastOut_datasetTMB/BlastOut_datasetTMB_unirefOMBB100/top50BlastSplit/fasta/muscle/BlastOut_datasetTMB_unirefOMBB100_P69858.csv.fasta.aln
0.197
/home/user/thesis/scripts/BlastOut_datasetTMB/BlastOut_datasetTMB_unirefOMBB100/top50BlastSplit/fasta/muscle/BlastOut_datasetTMB_unirefOMBB100_P76045.csv.fasta.aln
0.260
/home/user/thesis/scripts/BlastOut_datasetTMB/BlastOut_datasetTMB_unirefOMBB100/top50BlastSplit/fasta/muscle/BlastOut_datasetTMB_unirefOMBB100_P77774.csv.fasta.aln
0.586
/home/user/thesis/scripts/BlastOut_datasetTMB/BlastOut_datasetTMB_unirefOMBB100/top50BlastSplit/fasta/muscle/BlastOut_datasetTMB_unirefOMBB100_Q03155.csv.fasta.aln
0.711
/home/user/thesis/scripts/BlastOut_datasetTMB/BlastOut_datasetTMB_unirefOMBB100/top50BlastSplit/fasta/muscle/BlastOut_datasetTMB_unirefOMBB100_Q04884.csv.fasta.aln
1.000
/home/user/thesis/scripts/BlastOut_datasetTMB/BlastOut_datasetTMB_unirefOMBB100/top50BlastSplit/fasta/muscle/BlastOut_datasetTMB_unirefOMBB100_Q05098.csv.fasta.aln
0.310
/home/user/thesis/scripts/BlastOut_datasetTMB/BlastOut_datasetTMB_unirefOMBB100/top50BlastSplit/fasta/muscle/BlastOut_datasetTMB_unirefOMBB100_Q45340.csv.fasta.aln
0.730
/home/user/thesis/scripts/BlastOut_datasetTMB/BlastOut_datasetTMB_unirefOMBB100/top50BlastSplit/fasta/muscle/BlastOut_datasetTMB_unirefOMBB100_Q7BCK4.csv.fasta.aln
1.000
/home/user/thesis/scripts/BlastOut_datasetTMB/BlastOut_datasetTMB_unirefOMBB100/top50BlastSplit/fasta/muscle/BlastOut_datasetTMB_unirefOMBB100_Q7BSW5.csv.fasta.aln
0.863
/home/user/thesis/scripts/BlastOut_datasetTMB/BlastOut_datasetTMB_unirefOMBB100/top50BlastSplit/fasta/muscle/BlastOut_datasetTMB_unirefOMBB100_Q8ZRP0.csv.fasta.aln
0.520
/home/user/thesis/scripts/BlastOut_datasetTMB/BlastOut_datasetTMB_unirefOMBB100/top50BlastSplit/fasta/muscle/BlastOut_datasetTMB_unirefOMBB100_Q9HVD1.csv.fasta.aln
0.230
/home/user/thesis/scripts/BlastOut_datasetTMB/BlastOut_datasetTMB_unirefOMBB100/top50BlastSplit/fasta/muscle/BlastOut_datasetTMB_unirefOMBB100_Q9I5U2.csv.fasta.aln
1.230
