0.491
0.592
1.000
0.684
0.914
0.216
0.676
0.708
0.281
0.696
0.228
0.579
0.655
0.966
0.708
0.403
0.845
0.844
0.737
0.672
0.177
0.686
0.668
0.770
0.700
0.427
0.461
0.295
0.382
0.571
0.292
0.193
0.193
0.261
0.702
0.783
0.783
0.277
0.802
0.802
0.726
0.726
0.783
0.783
0.783
0.783
0.703
0.703
0.703
0.716
0.716
0.716
1.439
0.746
0.746
0.746
0.746
0.299
0.613
0.613
0.717
0.656
1.000
0.855
0.957
1.003
0.760
0.246
0.781
0.670
0.830
0.667
0.861
0.733
0.734
0.279
0.880
0.769
0.845
0.256
0.522
0.692
0.827
0.664
0.735
0.222
0.735
0.671
0.993
0.649
0.781
0.788
0.520
0.864
0.728
0.649
0.935
0.786
0.750
0.720
0.750
0.320
0.632
0.632
0.632
0.662
0.803
0.639
0.203
0.973
1.065
0.768
0.229
0.199
0.758
0.958
0.728
0.710
0.274
0.257
0.286
0.819
0.736
0.235
0.732
0.403
0.752
0.740
0.381
0.763
0.731
0.741
0.319
0.696
0.870
0.723
0.797
