/home/user/thesis/scripts/BlastOut_datasetTMB/BlastOut_datasetTMB_swissprot/top10BlastSplit/fasta/aln/BlastOut_datasetTMB_swissprot_A1JUB7.csv.aln
2.535
/home/user/thesis/scripts/BlastOut_datasetTMB/BlastOut_datasetTMB_swissprot/top10BlastSplit/fasta/aln/BlastOut_datasetTMB_swissprot_A5F934.csv.aln
1.347
/home/user/thesis/scripts/BlastOut_datasetTMB/BlastOut_datasetTMB_swissprot/top10BlastSplit/fasta/aln/BlastOut_datasetTMB_swissprot_E3PJ86.csv.aln
1.132
/home/user/thesis/scripts/BlastOut_datasetTMB/BlastOut_datasetTMB_swissprot/top10BlastSplit/fasta/aln/BlastOut_datasetTMB_swissprot_E6MXW0.csv.aln
1.130
/home/user/thesis/scripts/BlastOut_datasetTMB/BlastOut_datasetTMB_swissprot/top10BlastSplit/fasta/aln/BlastOut_datasetTMB_swissprot_O18423.csv.aln
1.176
/home/user/thesis/scripts/BlastOut_datasetTMB/BlastOut_datasetTMB_swissprot/top10BlastSplit/fasta/aln/BlastOut_datasetTMB_swissprot_O33407.csv.aln
1.131
/home/user/thesis/scripts/BlastOut_datasetTMB/BlastOut_datasetTMB_swissprot/top10BlastSplit/fasta/aln/BlastOut_datasetTMB_swissprot_O88093.csv.aln
1.030
/home/user/thesis/scripts/BlastOut_datasetTMB/BlastOut_datasetTMB_swissprot/top10BlastSplit/fasta/aln/BlastOut_datasetTMB_swissprot_P00646.csv.aln
2.108
/home/user/thesis/scripts/BlastOut_datasetTMB/BlastOut_datasetTMB_swissprot/top10BlastSplit/fasta/aln/BlastOut_datasetTMB_swissprot_P00747.csv.aln
0.166
/home/user/thesis/scripts/BlastOut_datasetTMB/BlastOut_datasetTMB_swissprot/top10BlastSplit/fasta/aln/BlastOut_datasetTMB_swissprot_P01031.csv.aln
1.306
/home/user/thesis/scripts/BlastOut_datasetTMB/BlastOut_datasetTMB_swissprot/top10BlastSplit/fasta/aln/BlastOut_datasetTMB_swissprot_P02748.csv.aln
1.114
/home/user/thesis/scripts/BlastOut_datasetTMB/BlastOut_datasetTMB_swissprot/top10BlastSplit/fasta/aln/BlastOut_datasetTMB_swissprot_P02787.csv.aln
0.870
/home/user/thesis/scripts/BlastOut_datasetTMB/BlastOut_datasetTMB_swissprot/top10BlastSplit/fasta/aln/BlastOut_datasetTMB_swissprot_P02929.csv.aln
0.599
/home/user/thesis/scripts/BlastOut_datasetTMB/BlastOut_datasetTMB_swissprot/top10BlastSplit/fasta/aln/BlastOut_datasetTMB_swissprot_P02930.csv.aln
0.763
/home/user/thesis/scripts/BlastOut_datasetTMB/BlastOut_datasetTMB_swissprot/top10BlastSplit/fasta/aln/BlastOut_datasetTMB_swissprot_P02931.csv.aln
0.820
/home/user/thesis/scripts/BlastOut_datasetTMB/BlastOut_datasetTMB_swissprot/top10BlastSplit/fasta/aln/BlastOut_datasetTMB_swissprot_P02932.csv.aln
0.917
/home/user/thesis/scripts/BlastOut_datasetTMB/BlastOut_datasetTMB_swissprot/top10BlastSplit/fasta/aln/BlastOut_datasetTMB_swissprot_P04419.csv.aln
2.475
/home/user/thesis/scripts/BlastOut_datasetTMB/BlastOut_datasetTMB_swissprot/top10BlastSplit/fasta/aln/BlastOut_datasetTMB_swissprot_P05430.csv.aln
1.172
/home/user/thesis/scripts/BlastOut_datasetTMB/BlastOut_datasetTMB_swissprot/top10BlastSplit/fasta/aln/BlastOut_datasetTMB_swissprot_P05825.csv.aln
1.550
/home/user/thesis/scripts/BlastOut_datasetTMB/BlastOut_datasetTMB_swissprot/top10BlastSplit/fasta/aln/BlastOut_datasetTMB_swissprot_P06716.csv.aln
0.993
/home/user/thesis/scripts/BlastOut_datasetTMB/BlastOut_datasetTMB_swissprot/top10BlastSplit/fasta/aln/BlastOut_datasetTMB_swissprot_P06970.csv.aln
0.910
/home/user/thesis/scripts/BlastOut_datasetTMB/BlastOut_datasetTMB_swissprot/top10BlastSplit/fasta/aln/BlastOut_datasetTMB_swissprot_P06971.csv.aln
0.927
/home/user/thesis/scripts/BlastOut_datasetTMB/BlastOut_datasetTMB_swissprot/top10BlastSplit/fasta/aln/BlastOut_datasetTMB_swissprot_P06996.csv.aln
1.316
/home/user/thesis/scripts/BlastOut_datasetTMB/BlastOut_datasetTMB_swissprot/top10BlastSplit/fasta/aln/BlastOut_datasetTMB_swissprot_P07110.csv.aln
0.885
/home/user/thesis/scripts/BlastOut_datasetTMB/BlastOut_datasetTMB_swissprot/top10BlastSplit/fasta/aln/BlastOut_datasetTMB_swissprot_P07357.csv.aln
1.078
/home/user/thesis/scripts/BlastOut_datasetTMB/BlastOut_datasetTMB_swissprot/top10BlastSplit/fasta/aln/BlastOut_datasetTMB_swissprot_P07358.csv.aln
1.181
/home/user/thesis/scripts/BlastOut_datasetTMB/BlastOut_datasetTMB_swissprot/top10BlastSplit/fasta/aln/BlastOut_datasetTMB_swissprot_P07360.csv.aln
1.116
/home/user/thesis/scripts/BlastOut_datasetTMB/BlastOut_datasetTMB_swissprot/top10BlastSplit/fasta/aln/BlastOut_datasetTMB_swissprot_P08189.csv.aln
0.851
/home/user/thesis/scripts/BlastOut_datasetTMB/BlastOut_datasetTMB_swissprot/top10BlastSplit/fasta/aln/BlastOut_datasetTMB_swissprot_P08190.csv.aln
0.821
/home/user/thesis/scripts/BlastOut_datasetTMB/BlastOut_datasetTMB_swissprot/top10BlastSplit/fasta/aln/BlastOut_datasetTMB_swissprot_P09167.csv.aln
0.840
/home/user/thesis/scripts/BlastOut_datasetTMB/BlastOut_datasetTMB_swissprot/top10BlastSplit/fasta/aln/BlastOut_datasetTMB_swissprot_P09169.csv.aln
0.589
/home/user/thesis/scripts/BlastOut_datasetTMB/BlastOut_datasetTMB_swissprot/top10BlastSplit/fasta/aln/BlastOut_datasetTMB_swissprot_P09883.csv.aln
2.058
/home/user/thesis/scripts/BlastOut_datasetTMB/BlastOut_datasetTMB_swissprot/top10BlastSplit/fasta/aln/BlastOut_datasetTMB_swissprot_P0A071.csv.aln
1.000
/home/user/thesis/scripts/BlastOut_datasetTMB/BlastOut_datasetTMB_swissprot/top10BlastSplit/fasta/aln/BlastOut_datasetTMB_swissprot_P0A074.csv.aln
1.000
/home/user/thesis/scripts/BlastOut_datasetTMB/BlastOut_datasetTMB_swissprot/top10BlastSplit/fasta/aln/BlastOut_datasetTMB_swissprot_P0A077.csv.aln
1.241
/home/user/thesis/scripts/BlastOut_datasetTMB/BlastOut_datasetTMB_swissprot/top10BlastSplit/fasta/aln/BlastOut_datasetTMB_swissprot_P0A263.csv.aln
0.982
/home/user/thesis/scripts/BlastOut_datasetTMB/BlastOut_datasetTMB_swissprot/top10BlastSplit/fasta/aln/BlastOut_datasetTMB_swissprot_P0A264.csv.aln
0.982
/home/user/thesis/scripts/BlastOut_datasetTMB/BlastOut_datasetTMB_swissprot/top10BlastSplit/fasta/aln/BlastOut_datasetTMB_swissprot_P0A903.csv.aln
0.959
/home/user/thesis/scripts/BlastOut_datasetTMB/BlastOut_datasetTMB_swissprot/top10BlastSplit/fasta/aln/BlastOut_datasetTMB_swissprot_P0A910.csv.aln
1.000
/home/user/thesis/scripts/BlastOut_datasetTMB/BlastOut_datasetTMB_swissprot/top10BlastSplit/fasta/aln/BlastOut_datasetTMB_swissprot_P0A911.csv.aln
1.000
/home/user/thesis/scripts/BlastOut_datasetTMB/BlastOut_datasetTMB_swissprot/top10BlastSplit/fasta/aln/BlastOut_datasetTMB_swissprot_P0A915.csv.aln
0.791
/home/user/thesis/scripts/BlastOut_datasetTMB/BlastOut_datasetTMB_swissprot/top10BlastSplit/fasta/aln/BlastOut_datasetTMB_swissprot_P0A916.csv.aln
0.791
/home/user/thesis/scripts/BlastOut_datasetTMB/BlastOut_datasetTMB_swissprot/top10BlastSplit/fasta/aln/BlastOut_datasetTMB_swissprot_P0A917.csv.aln
0.671
/home/user/thesis/scripts/BlastOut_datasetTMB/BlastOut_datasetTMB_swissprot/top10BlastSplit/fasta/aln/BlastOut_datasetTMB_swissprot_P0A918.csv.aln
0.671
/home/user/thesis/scripts/BlastOut_datasetTMB/BlastOut_datasetTMB_swissprot/top10BlastSplit/fasta/aln/BlastOut_datasetTMB_swissprot_P0A919.csv.aln
0.671
/home/user/thesis/scripts/BlastOut_datasetTMB/BlastOut_datasetTMB_swissprot/top10BlastSplit/fasta/aln/BlastOut_datasetTMB_swissprot_P0A920.csv.aln
0.671
/home/user/thesis/scripts/BlastOut_datasetTMB/BlastOut_datasetTMB_swissprot/top10BlastSplit/fasta/aln/BlastOut_datasetTMB_swissprot_P0A927.csv.aln
2.932
/home/user/thesis/scripts/BlastOut_datasetTMB/BlastOut_datasetTMB_swissprot/top10BlastSplit/fasta/aln/BlastOut_datasetTMB_swissprot_P0A928.csv.aln
2.932
/home/user/thesis/scripts/BlastOut_datasetTMB/BlastOut_datasetTMB_swissprot/top10BlastSplit/fasta/aln/BlastOut_datasetTMB_swissprot_P0A929.csv.aln
2.932
/home/user/thesis/scripts/BlastOut_datasetTMB/BlastOut_datasetTMB_swissprot/top10BlastSplit/fasta/aln/BlastOut_datasetTMB_swissprot_P0A937.csv.aln
0.957
/home/user/thesis/scripts/BlastOut_datasetTMB/BlastOut_datasetTMB_swissprot/top10BlastSplit/fasta/aln/BlastOut_datasetTMB_swissprot_P0AC02.csv.aln
0.713
/home/user/thesis/scripts/BlastOut_datasetTMB/BlastOut_datasetTMB_swissprot/top10BlastSplit/fasta/aln/BlastOut_datasetTMB_swissprot_P0AEA2.csv.aln
0.641
/home/user/thesis/scripts/BlastOut_datasetTMB/BlastOut_datasetTMB_swissprot/top10BlastSplit/fasta/aln/BlastOut_datasetTMB_swissprot_P0C2W0.csv.aln
2.694
/home/user/thesis/scripts/BlastOut_datasetTMB/BlastOut_datasetTMB_swissprot/top10BlastSplit/fasta/aln/BlastOut_datasetTMB_swissprot_P0C6Q6.csv.aln
1.730
/home/user/thesis/scripts/BlastOut_datasetTMB/BlastOut_datasetTMB_swissprot/top10BlastSplit/fasta/aln/BlastOut_datasetTMB_swissprot_P0DH58.csv.aln
1.130
/home/user/thesis/scripts/BlastOut_datasetTMB/BlastOut_datasetTMB_swissprot/top10BlastSplit/fasta/aln/BlastOut_datasetTMB_swissprot_P10384.csv.aln
1.231
/home/user/thesis/scripts/BlastOut_datasetTMB/BlastOut_datasetTMB_swissprot/top10BlastSplit/fasta/aln/BlastOut_datasetTMB_swissprot_P10643.csv.aln
1.180
/home/user/thesis/scripts/BlastOut_datasetTMB/BlastOut_datasetTMB_swissprot/top10BlastSplit/fasta/aln/BlastOut_datasetTMB_swissprot_P11922.csv.aln
1.165
/home/user/thesis/scripts/BlastOut_datasetTMB/BlastOut_datasetTMB_swissprot/top10BlastSplit/fasta/aln/BlastOut_datasetTMB_swissprot_P12643.csv.aln
1.136
/home/user/thesis/scripts/BlastOut_datasetTMB/BlastOut_datasetTMB_swissprot/top10BlastSplit/fasta/aln/BlastOut_datasetTMB_swissprot_P13036.csv.aln
1.149
/home/user/thesis/scripts/BlastOut_datasetTMB/BlastOut_datasetTMB_swissprot/top10BlastSplit/fasta/aln/BlastOut_datasetTMB_swissprot_P13671.csv.aln
1.156
/home/user/thesis/scripts/BlastOut_datasetTMB/BlastOut_datasetTMB_swissprot/top10BlastSplit/fasta/aln/BlastOut_datasetTMB_swissprot_P15319.csv.aln
0.920
/home/user/thesis/scripts/BlastOut_datasetTMB/BlastOut_datasetTMB_swissprot/top10BlastSplit/fasta/aln/BlastOut_datasetTMB_swissprot_P16869.csv.aln
0.929
/home/user/thesis/scripts/BlastOut_datasetTMB/BlastOut_datasetTMB_swissprot/top10BlastSplit/fasta/aln/BlastOut_datasetTMB_swissprot_P17315.csv.aln
1.593
/home/user/thesis/scripts/BlastOut_datasetTMB/BlastOut_datasetTMB_swissprot/top10BlastSplit/fasta/aln/BlastOut_datasetTMB_swissprot_P18195.csv.aln
1.078
/home/user/thesis/scripts/BlastOut_datasetTMB/BlastOut_datasetTMB_swissprot/top10BlastSplit/fasta/aln/BlastOut_datasetTMB_swissprot_P18895.csv.aln
0.703
/home/user/thesis/scripts/BlastOut_datasetTMB/BlastOut_datasetTMB_swissprot/top10BlastSplit/fasta/aln/BlastOut_datasetTMB_swissprot_P19809.csv.aln
1.720
/home/user/thesis/scripts/BlastOut_datasetTMB/BlastOut_datasetTMB_swissprot/top10BlastSplit/fasta/aln/BlastOut_datasetTMB_swissprot_P21796.csv.aln
1.000
/home/user/thesis/scripts/BlastOut_datasetTMB/BlastOut_datasetTMB_swissprot/top10BlastSplit/fasta/aln/BlastOut_datasetTMB_swissprot_P22340.csv.aln
1.504
/home/user/thesis/scripts/BlastOut_datasetTMB/BlastOut_datasetTMB_swissprot/top10BlastSplit/fasta/aln/BlastOut_datasetTMB_swissprot_P24017.csv.aln
1.000
/home/user/thesis/scripts/BlastOut_datasetTMB/BlastOut_datasetTMB_swissprot/top10BlastSplit/fasta/aln/BlastOut_datasetTMB_swissprot_P24305.csv.aln
1.615
/home/user/thesis/scripts/BlastOut_datasetTMB/BlastOut_datasetTMB_swissprot/top10BlastSplit/fasta/aln/BlastOut_datasetTMB_swissprot_P24391.csv.aln
1.237
/home/user/thesis/scripts/BlastOut_datasetTMB/BlastOut_datasetTMB_swissprot/top10BlastSplit/fasta/aln/BlastOut_datasetTMB_swissprot_P26466.csv.aln
1.000
/home/user/thesis/scripts/BlastOut_datasetTMB/BlastOut_datasetTMB_swissprot/top10BlastSplit/fasta/aln/BlastOut_datasetTMB_swissprot_P30130.csv.aln
0.899
/home/user/thesis/scripts/BlastOut_datasetTMB/BlastOut_datasetTMB_swissprot/top10BlastSplit/fasta/aln/BlastOut_datasetTMB_swissprot_P30690.csv.aln
1.078
/home/user/thesis/scripts/BlastOut_datasetTMB/BlastOut_datasetTMB_swissprot/top10BlastSplit/fasta/aln/BlastOut_datasetTMB_swissprot_P31243.csv.aln
0.106
/home/user/thesis/scripts/BlastOut_datasetTMB/BlastOut_datasetTMB_swissprot/top10BlastSplit/fasta/aln/BlastOut_datasetTMB_swissprot_P31554.csv.aln
1.000
/home/user/thesis/scripts/BlastOut_datasetTMB/BlastOut_datasetTMB_swissprot/top10BlastSplit/fasta/aln/BlastOut_datasetTMB_swissprot_P31697.csv.aln
0.849
/home/user/thesis/scripts/BlastOut_datasetTMB/BlastOut_datasetTMB_swissprot/top10BlastSplit/fasta/aln/BlastOut_datasetTMB_swissprot_P31780.csv.aln
1.102
/home/user/thesis/scripts/BlastOut_datasetTMB/BlastOut_datasetTMB_swissprot/top10BlastSplit/fasta/aln/BlastOut_datasetTMB_swissprot_P32722.csv.aln
0.425
/home/user/thesis/scripts/BlastOut_datasetTMB/BlastOut_datasetTMB_swissprot/top10BlastSplit/fasta/aln/BlastOut_datasetTMB_swissprot_P35077.csv.aln
0.542
/home/user/thesis/scripts/BlastOut_datasetTMB/BlastOut_datasetTMB_swissprot/top10BlastSplit/fasta/aln/BlastOut_datasetTMB_swissprot_P35672.csv.aln
0.868
/home/user/thesis/scripts/BlastOut_datasetTMB/BlastOut_datasetTMB_swissprot/top10BlastSplit/fasta/aln/BlastOut_datasetTMB_swissprot_P35818.csv.aln
1.102
/home/user/thesis/scripts/BlastOut_datasetTMB/BlastOut_datasetTMB_swissprot/top10BlastSplit/fasta/aln/BlastOut_datasetTMB_swissprot_P35916.csv.aln
0.944
/home/user/thesis/scripts/BlastOut_datasetTMB/BlastOut_datasetTMB_swissprot/top10BlastSplit/fasta/aln/BlastOut_datasetTMB_swissprot_P37001.csv.aln
1.000
/home/user/thesis/scripts/BlastOut_datasetTMB/BlastOut_datasetTMB_swissprot/top10BlastSplit/fasta/aln/BlastOut_datasetTMB_swissprot_P37432.csv.aln
0.856
/home/user/thesis/scripts/BlastOut_datasetTMB/BlastOut_datasetTMB_swissprot/top10BlastSplit/fasta/aln/BlastOut_datasetTMB_swissprot_P42512.csv.aln
1.014
/home/user/thesis/scripts/BlastOut_datasetTMB/BlastOut_datasetTMB_swissprot/top10BlastSplit/fasta/aln/BlastOut_datasetTMB_swissprot_P43261.csv.aln
1.164
/home/user/thesis/scripts/BlastOut_datasetTMB/BlastOut_datasetTMB_swissprot/top10BlastSplit/fasta/aln/BlastOut_datasetTMB_swissprot_P45758.csv.aln
0.965
/home/user/thesis/scripts/BlastOut_datasetTMB/BlastOut_datasetTMB_swissprot/top10BlastSplit/fasta/aln/BlastOut_datasetTMB_swissprot_P45779.csv.aln
1.134
/home/user/thesis/scripts/BlastOut_datasetTMB/BlastOut_datasetTMB_swissprot/top10BlastSplit/fasta/aln/BlastOut_datasetTMB_swissprot_P46359.csv.aln
1.095
/home/user/thesis/scripts/BlastOut_datasetTMB/BlastOut_datasetTMB_swissprot/top10BlastSplit/fasta/aln/BlastOut_datasetTMB_swissprot_P48632.csv.aln
0.971
/home/user/thesis/scripts/BlastOut_datasetTMB/BlastOut_datasetTMB_swissprot/top10BlastSplit/fasta/aln/BlastOut_datasetTMB_swissprot_P49767.csv.aln
1.357
/home/user/thesis/scripts/BlastOut_datasetTMB/BlastOut_datasetTMB_swissprot/top10BlastSplit/fasta/aln/BlastOut_datasetTMB_swissprot_P69856.csv.aln
0.795
/home/user/thesis/scripts/BlastOut_datasetTMB/BlastOut_datasetTMB_swissprot/top10BlastSplit/fasta/aln/BlastOut_datasetTMB_swissprot_P69857.csv.aln
0.795
/home/user/thesis/scripts/BlastOut_datasetTMB/BlastOut_datasetTMB_swissprot/top10BlastSplit/fasta/aln/BlastOut_datasetTMB_swissprot_P69858.csv.aln
0.795
/home/user/thesis/scripts/BlastOut_datasetTMB/BlastOut_datasetTMB_swissprot/top10BlastSplit/fasta/aln/BlastOut_datasetTMB_swissprot_P75780.csv.aln
0.990
/home/user/thesis/scripts/BlastOut_datasetTMB/BlastOut_datasetTMB_swissprot/top10BlastSplit/fasta/aln/BlastOut_datasetTMB_swissprot_P77211.csv.aln
0.939
/home/user/thesis/scripts/BlastOut_datasetTMB/BlastOut_datasetTMB_swissprot/top10BlastSplit/fasta/aln/BlastOut_datasetTMB_swissprot_P77774.csv.aln
0.755
/home/user/thesis/scripts/BlastOut_datasetTMB/BlastOut_datasetTMB_swissprot/top10BlastSplit/fasta/aln/BlastOut_datasetTMB_swissprot_Q03155.csv.aln
0.706
/home/user/thesis/scripts/BlastOut_datasetTMB/BlastOut_datasetTMB_swissprot/top10BlastSplit/fasta/aln/BlastOut_datasetTMB_swissprot_Q04884.csv.aln
1.000
/home/user/thesis/scripts/BlastOut_datasetTMB/BlastOut_datasetTMB_swissprot/top10BlastSplit/fasta/aln/BlastOut_datasetTMB_swissprot_Q05098.csv.aln
1.394
/home/user/thesis/scripts/BlastOut_datasetTMB/BlastOut_datasetTMB_swissprot/top10BlastSplit/fasta/aln/BlastOut_datasetTMB_swissprot_Q06584.csv.aln
0.916
/home/user/thesis/scripts/BlastOut_datasetTMB/BlastOut_datasetTMB_swissprot/top10BlastSplit/fasta/aln/BlastOut_datasetTMB_swissprot_Q16853.csv.aln
1.069
/home/user/thesis/scripts/BlastOut_datasetTMB/BlastOut_datasetTMB_swissprot/top10BlastSplit/fasta/aln/BlastOut_datasetTMB_swissprot_Q2FFA2.csv.aln
1.538
/home/user/thesis/scripts/BlastOut_datasetTMB/BlastOut_datasetTMB_swissprot/top10BlastSplit/fasta/aln/BlastOut_datasetTMB_swissprot_Q2FFA3.csv.aln
1.300
/home/user/thesis/scripts/BlastOut_datasetTMB/BlastOut_datasetTMB_swissprot/top10BlastSplit/fasta/aln/BlastOut_datasetTMB_swissprot_Q45340.csv.aln
0.749
/home/user/thesis/scripts/BlastOut_datasetTMB/BlastOut_datasetTMB_swissprot/top10BlastSplit/fasta/aln/BlastOut_datasetTMB_swissprot_Q48473.csv.aln
1.063
/home/user/thesis/scripts/BlastOut_datasetTMB/BlastOut_datasetTMB_swissprot/top10BlastSplit/fasta/aln/BlastOut_datasetTMB_swissprot_Q51397.csv.aln
0.845
/home/user/thesis/scripts/BlastOut_datasetTMB/BlastOut_datasetTMB_swissprot/top10BlastSplit/fasta/aln/BlastOut_datasetTMB_swissprot_Q51487.csv.aln
0.850
/home/user/thesis/scripts/BlastOut_datasetTMB/BlastOut_datasetTMB_swissprot/top10BlastSplit/fasta/aln/BlastOut_datasetTMB_swissprot_Q54450.csv.aln
1.324
/home/user/thesis/scripts/BlastOut_datasetTMB/BlastOut_datasetTMB_swissprot/top10BlastSplit/fasta/aln/BlastOut_datasetTMB_swissprot_Q5Y4Y6.csv.aln
0.868
/home/user/thesis/scripts/BlastOut_datasetTMB/BlastOut_datasetTMB_swissprot/top10BlastSplit/fasta/aln/BlastOut_datasetTMB_swissprot_Q60932.csv.aln
1.000
/home/user/thesis/scripts/BlastOut_datasetTMB/BlastOut_datasetTMB_swissprot/top10BlastSplit/fasta/aln/BlastOut_datasetTMB_swissprot_Q7BSW5.csv.aln
1.017
/home/user/thesis/scripts/BlastOut_datasetTMB/BlastOut_datasetTMB_swissprot/top10BlastSplit/fasta/aln/BlastOut_datasetTMB_swissprot_Q7CJV2.csv.aln
0.980
/home/user/thesis/scripts/BlastOut_datasetTMB/BlastOut_datasetTMB_swissprot/top10BlastSplit/fasta/aln/BlastOut_datasetTMB_swissprot_Q8CVW1.csv.aln
1.064
/home/user/thesis/scripts/BlastOut_datasetTMB/BlastOut_datasetTMB_swissprot/top10BlastSplit/fasta/aln/BlastOut_datasetTMB_swissprot_Q8ZIK3.csv.aln
0.923
/home/user/thesis/scripts/BlastOut_datasetTMB/BlastOut_datasetTMB_swissprot/top10BlastSplit/fasta/aln/BlastOut_datasetTMB_swissprot_Q8ZPC9.csv.aln
1.000
/home/user/thesis/scripts/BlastOut_datasetTMB/BlastOut_datasetTMB_swissprot/top10BlastSplit/fasta/aln/BlastOut_datasetTMB_swissprot_Q8ZRP0.csv.aln
1.000
/home/user/thesis/scripts/BlastOut_datasetTMB/BlastOut_datasetTMB_swissprot/top10BlastSplit/fasta/aln/BlastOut_datasetTMB_swissprot_Q8ZRW0.csv.aln
1.000
/home/user/thesis/scripts/BlastOut_datasetTMB/BlastOut_datasetTMB_swissprot/top10BlastSplit/fasta/aln/BlastOut_datasetTMB_swissprot_Q99RL1.csv.aln
1.000
/home/user/thesis/scripts/BlastOut_datasetTMB/BlastOut_datasetTMB_swissprot/top10BlastSplit/fasta/aln/BlastOut_datasetTMB_swissprot_Q9I5U2.csv.aln
0.969
/home/user/thesis/scripts/BlastOut_datasetTMB/BlastOut_datasetTMB_swissprot/top10BlastSplit/fasta/aln/BlastOut_datasetTMB_swissprot_Q9K0U9.csv.aln
1.314
/home/user/thesis/scripts/BlastOut_datasetTMB/BlastOut_datasetTMB_swissprot/top10BlastSplit/fasta/aln/BlastOut_datasetTMB_swissprot_Q9TUM0.csv.aln
0.994
