/home/user/thesis/scripts/BlastOut_datasetTMB/BlastOut_datasetTMB_unirefOMBB100/top50BlastSplit/fasta/clustalO/BlastOut_datasetTMB_unirefOMBB100_O33407.csv.fasta.aln
0.844
/home/user/thesis/scripts/BlastOut_datasetTMB/BlastOut_datasetTMB_unirefOMBB100/top50BlastSplit/fasta/clustalO/BlastOut_datasetTMB_unirefOMBB100_O88093.csv.fasta.aln
1.000
/home/user/thesis/scripts/BlastOut_datasetTMB/BlastOut_datasetTMB_unirefOMBB100/top50BlastSplit/fasta/clustalO/BlastOut_datasetTMB_unirefOMBB100_P02929.csv.fasta.aln
0.394
/home/user/thesis/scripts/BlastOut_datasetTMB/BlastOut_datasetTMB_unirefOMBB100/top50BlastSplit/fasta/clustalO/BlastOut_datasetTMB_unirefOMBB100_P05430.csv.fasta.aln
0.963
/home/user/thesis/scripts/BlastOut_datasetTMB/BlastOut_datasetTMB_unirefOMBB100/top50BlastSplit/fasta/clustalO/BlastOut_datasetTMB_unirefOMBB100_P05825.csv.fasta.aln
0.376
/home/user/thesis/scripts/BlastOut_datasetTMB/BlastOut_datasetTMB_unirefOMBB100/top50BlastSplit/fasta/clustalO/BlastOut_datasetTMB_unirefOMBB100_P06129.csv.fasta.aln
0.344
/home/user/thesis/scripts/BlastOut_datasetTMB/BlastOut_datasetTMB_unirefOMBB100/top50BlastSplit/fasta/clustalO/BlastOut_datasetTMB_unirefOMBB100_P09169.csv.fasta.aln
0.451
/home/user/thesis/scripts/BlastOut_datasetTMB/BlastOut_datasetTMB_unirefOMBB100/top50BlastSplit/fasta/clustalO/BlastOut_datasetTMB_unirefOMBB100_P0A903.csv.fasta.aln
0.716
/home/user/thesis/scripts/BlastOut_datasetTMB/BlastOut_datasetTMB_unirefOMBB100/top50BlastSplit/fasta/clustalO/BlastOut_datasetTMB_unirefOMBB100_P0A910.csv.fasta.aln
0.548
/home/user/thesis/scripts/BlastOut_datasetTMB/BlastOut_datasetTMB_unirefOMBB100/top50BlastSplit/fasta/clustalO/BlastOut_datasetTMB_unirefOMBB100_P0A911.csv.fasta.aln
0.548
/home/user/thesis/scripts/BlastOut_datasetTMB/BlastOut_datasetTMB_unirefOMBB100/top50BlastSplit/fasta/clustalO/BlastOut_datasetTMB_unirefOMBB100_P0A915.csv.fasta.aln
0.150
/home/user/thesis/scripts/BlastOut_datasetTMB/BlastOut_datasetTMB_unirefOMBB100/top50BlastSplit/fasta/clustalO/BlastOut_datasetTMB_unirefOMBB100_P0A916.csv.fasta.aln
0.150
/home/user/thesis/scripts/BlastOut_datasetTMB/BlastOut_datasetTMB_unirefOMBB100/top50BlastSplit/fasta/clustalO/BlastOut_datasetTMB_unirefOMBB100_P0A917.csv.fasta.aln
0.732
/home/user/thesis/scripts/BlastOut_datasetTMB/BlastOut_datasetTMB_unirefOMBB100/top50BlastSplit/fasta/clustalO/BlastOut_datasetTMB_unirefOMBB100_P0A918.csv.fasta.aln
0.732
/home/user/thesis/scripts/BlastOut_datasetTMB/BlastOut_datasetTMB_unirefOMBB100/top50BlastSplit/fasta/clustalO/BlastOut_datasetTMB_unirefOMBB100_P0A919.csv.fasta.aln
0.732
/home/user/thesis/scripts/BlastOut_datasetTMB/BlastOut_datasetTMB_unirefOMBB100/top50BlastSplit/fasta/clustalO/BlastOut_datasetTMB_unirefOMBB100_P0A920.csv.fasta.aln
0.732
/home/user/thesis/scripts/BlastOut_datasetTMB/BlastOut_datasetTMB_unirefOMBB100/top50BlastSplit/fasta/clustalO/BlastOut_datasetTMB_unirefOMBB100_P0A937.csv.fasta.aln
0.847
/home/user/thesis/scripts/BlastOut_datasetTMB/BlastOut_datasetTMB_unirefOMBB100/top50BlastSplit/fasta/clustalO/BlastOut_datasetTMB_unirefOMBB100_P0A940.csv.fasta.aln
0.588
/home/user/thesis/scripts/BlastOut_datasetTMB/BlastOut_datasetTMB_unirefOMBB100/top50BlastSplit/fasta/clustalO/BlastOut_datasetTMB_unirefOMBB100_P0A941.csv.fasta.aln
0.588
/home/user/thesis/scripts/BlastOut_datasetTMB/BlastOut_datasetTMB_unirefOMBB100/top50BlastSplit/fasta/clustalO/BlastOut_datasetTMB_unirefOMBB100_P0A942.csv.fasta.aln
0.588
/home/user/thesis/scripts/BlastOut_datasetTMB/BlastOut_datasetTMB_unirefOMBB100/top50BlastSplit/fasta/clustalO/BlastOut_datasetTMB_unirefOMBB100_P0A943.csv.fasta.aln
0.588
/home/user/thesis/scripts/BlastOut_datasetTMB/BlastOut_datasetTMB_unirefOMBB100/top50BlastSplit/fasta/clustalO/BlastOut_datasetTMB_unirefOMBB100_P0AC02.csv.fasta.aln
0.627
/home/user/thesis/scripts/BlastOut_datasetTMB/BlastOut_datasetTMB_unirefOMBB100/top50BlastSplit/fasta/clustalO/BlastOut_datasetTMB_unirefOMBB100_P0ADE4.csv.fasta.aln
0.733
/home/user/thesis/scripts/BlastOut_datasetTMB/BlastOut_datasetTMB_unirefOMBB100/top50BlastSplit/fasta/clustalO/BlastOut_datasetTMB_unirefOMBB100_P0ADE5.csv.fasta.aln
0.733
/home/user/thesis/scripts/BlastOut_datasetTMB/BlastOut_datasetTMB_unirefOMBB100/top50BlastSplit/fasta/clustalO/BlastOut_datasetTMB_unirefOMBB100_P10384.csv.fasta.aln
0.251
/home/user/thesis/scripts/BlastOut_datasetTMB/BlastOut_datasetTMB_unirefOMBB100/top50BlastSplit/fasta/clustalO/BlastOut_datasetTMB_unirefOMBB100_P13036.csv.fasta.aln
0.226
/home/user/thesis/scripts/BlastOut_datasetTMB/BlastOut_datasetTMB_unirefOMBB100/top50BlastSplit/fasta/clustalO/BlastOut_datasetTMB_unirefOMBB100_P13794.csv.fasta.aln
0.470
/home/user/thesis/scripts/BlastOut_datasetTMB/BlastOut_datasetTMB_unirefOMBB100/top50BlastSplit/fasta/clustalO/BlastOut_datasetTMB_unirefOMBB100_P17315.csv.fasta.aln
0.404
/home/user/thesis/scripts/BlastOut_datasetTMB/BlastOut_datasetTMB_unirefOMBB100/top50BlastSplit/fasta/clustalO/BlastOut_datasetTMB_unirefOMBB100_P17811.csv.fasta.aln
0.257
/home/user/thesis/scripts/BlastOut_datasetTMB/BlastOut_datasetTMB_unirefOMBB100/top50BlastSplit/fasta/clustalO/BlastOut_datasetTMB_unirefOMBB100_P24017.csv.fasta.aln
0.605
/home/user/thesis/scripts/BlastOut_datasetTMB/BlastOut_datasetTMB_unirefOMBB100/top50BlastSplit/fasta/clustalO/BlastOut_datasetTMB_unirefOMBB100_P30690.csv.fasta.aln
0.519
/home/user/thesis/scripts/BlastOut_datasetTMB/BlastOut_datasetTMB_unirefOMBB100/top50BlastSplit/fasta/clustalO/BlastOut_datasetTMB_unirefOMBB100_P35818.csv.fasta.aln
2.610
/home/user/thesis/scripts/BlastOut_datasetTMB/BlastOut_datasetTMB_unirefOMBB100/top50BlastSplit/fasta/clustalO/BlastOut_datasetTMB_unirefOMBB100_P69856.csv.fasta.aln
0.137
/home/user/thesis/scripts/BlastOut_datasetTMB/BlastOut_datasetTMB_unirefOMBB100/top50BlastSplit/fasta/clustalO/BlastOut_datasetTMB_unirefOMBB100_P69857.csv.fasta.aln
0.137
/home/user/thesis/scripts/BlastOut_datasetTMB/BlastOut_datasetTMB_unirefOMBB100/top50BlastSplit/fasta/clustalO/BlastOut_datasetTMB_unirefOMBB100_P69858.csv.fasta.aln
0.137
/home/user/thesis/scripts/BlastOut_datasetTMB/BlastOut_datasetTMB_unirefOMBB100/top50BlastSplit/fasta/clustalO/BlastOut_datasetTMB_unirefOMBB100_P76045.csv.fasta.aln
0.205
/home/user/thesis/scripts/BlastOut_datasetTMB/BlastOut_datasetTMB_unirefOMBB100/top50BlastSplit/fasta/clustalO/BlastOut_datasetTMB_unirefOMBB100_P77774.csv.fasta.aln
0.469
/home/user/thesis/scripts/BlastOut_datasetTMB/BlastOut_datasetTMB_unirefOMBB100/top50BlastSplit/fasta/clustalO/BlastOut_datasetTMB_unirefOMBB100_Q03155.csv.fasta.aln
0.787
/home/user/thesis/scripts/BlastOut_datasetTMB/BlastOut_datasetTMB_unirefOMBB100/top50BlastSplit/fasta/clustalO/BlastOut_datasetTMB_unirefOMBB100_Q04884.csv.fasta.aln
1.000
/home/user/thesis/scripts/BlastOut_datasetTMB/BlastOut_datasetTMB_unirefOMBB100/top50BlastSplit/fasta/clustalO/BlastOut_datasetTMB_unirefOMBB100_Q05098.csv.fasta.aln
0.404
/home/user/thesis/scripts/BlastOut_datasetTMB/BlastOut_datasetTMB_unirefOMBB100/top50BlastSplit/fasta/clustalO/BlastOut_datasetTMB_unirefOMBB100_Q45340.csv.fasta.aln
0.682
/home/user/thesis/scripts/BlastOut_datasetTMB/BlastOut_datasetTMB_unirefOMBB100/top50BlastSplit/fasta/clustalO/BlastOut_datasetTMB_unirefOMBB100_Q7BCK4.csv.fasta.aln
1.000
/home/user/thesis/scripts/BlastOut_datasetTMB/BlastOut_datasetTMB_unirefOMBB100/top50BlastSplit/fasta/clustalO/BlastOut_datasetTMB_unirefOMBB100_Q7BSW5.csv.fasta.aln
0.862
/home/user/thesis/scripts/BlastOut_datasetTMB/BlastOut_datasetTMB_unirefOMBB100/top50BlastSplit/fasta/clustalO/BlastOut_datasetTMB_unirefOMBB100_Q8ZRP0.csv.fasta.aln
0.628
/home/user/thesis/scripts/BlastOut_datasetTMB/BlastOut_datasetTMB_unirefOMBB100/top50BlastSplit/fasta/clustalO/BlastOut_datasetTMB_unirefOMBB100_Q9HVD1.csv.fasta.aln
0.127
/home/user/thesis/scripts/BlastOut_datasetTMB/BlastOut_datasetTMB_unirefOMBB100/top50BlastSplit/fasta/clustalO/BlastOut_datasetTMB_unirefOMBB100_Q9I5U2.csv.fasta.aln
1.069
