/home/user/thesis/scripts/BlastOut_datasetTMB/BlastOut_datasetTMB_unirefOMBB100/top50BlastSplit/fasta/mafft/BlastOut_datasetTMB_unirefOMBB100_O33407.csv.fasta.aln
0.841
/home/user/thesis/scripts/BlastOut_datasetTMB/BlastOut_datasetTMB_unirefOMBB100/top50BlastSplit/fasta/mafft/BlastOut_datasetTMB_unirefOMBB100_O88093.csv.fasta.aln
1.000
/home/user/thesis/scripts/BlastOut_datasetTMB/BlastOut_datasetTMB_unirefOMBB100/top50BlastSplit/fasta/mafft/BlastOut_datasetTMB_unirefOMBB100_P02929.csv.fasta.aln
0.642
/home/user/thesis/scripts/BlastOut_datasetTMB/BlastOut_datasetTMB_unirefOMBB100/top50BlastSplit/fasta/mafft/BlastOut_datasetTMB_unirefOMBB100_P05430.csv.fasta.aln
1.189
/home/user/thesis/scripts/BlastOut_datasetTMB/BlastOut_datasetTMB_unirefOMBB100/top50BlastSplit/fasta/mafft/BlastOut_datasetTMB_unirefOMBB100_P05825.csv.fasta.aln
0.311
/home/user/thesis/scripts/BlastOut_datasetTMB/BlastOut_datasetTMB_unirefOMBB100/top50BlastSplit/fasta/mafft/BlastOut_datasetTMB_unirefOMBB100_P06129.csv.fasta.aln
0.312
/home/user/thesis/scripts/BlastOut_datasetTMB/BlastOut_datasetTMB_unirefOMBB100/top50BlastSplit/fasta/mafft/BlastOut_datasetTMB_unirefOMBB100_P09169.csv.fasta.aln
0.773
/home/user/thesis/scripts/BlastOut_datasetTMB/BlastOut_datasetTMB_unirefOMBB100/top50BlastSplit/fasta/mafft/BlastOut_datasetTMB_unirefOMBB100_P0A903.csv.fasta.aln
0.742
/home/user/thesis/scripts/BlastOut_datasetTMB/BlastOut_datasetTMB_unirefOMBB100/top50BlastSplit/fasta/mafft/BlastOut_datasetTMB_unirefOMBB100_P0A910.csv.fasta.aln
0.686
/home/user/thesis/scripts/BlastOut_datasetTMB/BlastOut_datasetTMB_unirefOMBB100/top50BlastSplit/fasta/mafft/BlastOut_datasetTMB_unirefOMBB100_P0A911.csv.fasta.aln
0.686
/home/user/thesis/scripts/BlastOut_datasetTMB/BlastOut_datasetTMB_unirefOMBB100/top50BlastSplit/fasta/mafft/BlastOut_datasetTMB_unirefOMBB100_P0A915.csv.fasta.aln
0.307
/home/user/thesis/scripts/BlastOut_datasetTMB/BlastOut_datasetTMB_unirefOMBB100/top50BlastSplit/fasta/mafft/BlastOut_datasetTMB_unirefOMBB100_P0A916.csv.fasta.aln
0.307
/home/user/thesis/scripts/BlastOut_datasetTMB/BlastOut_datasetTMB_unirefOMBB100/top50BlastSplit/fasta/mafft/BlastOut_datasetTMB_unirefOMBB100_P0A917.csv.fasta.aln
0.742
/home/user/thesis/scripts/BlastOut_datasetTMB/BlastOut_datasetTMB_unirefOMBB100/top50BlastSplit/fasta/mafft/BlastOut_datasetTMB_unirefOMBB100_P0A918.csv.fasta.aln
0.742
/home/user/thesis/scripts/BlastOut_datasetTMB/BlastOut_datasetTMB_unirefOMBB100/top50BlastSplit/fasta/mafft/BlastOut_datasetTMB_unirefOMBB100_P0A919.csv.fasta.aln
0.742
/home/user/thesis/scripts/BlastOut_datasetTMB/BlastOut_datasetTMB_unirefOMBB100/top50BlastSplit/fasta/mafft/BlastOut_datasetTMB_unirefOMBB100_P0A920.csv.fasta.aln
0.742
/home/user/thesis/scripts/BlastOut_datasetTMB/BlastOut_datasetTMB_unirefOMBB100/top50BlastSplit/fasta/mafft/BlastOut_datasetTMB_unirefOMBB100_P0A937.csv.fasta.aln
0.890
/home/user/thesis/scripts/BlastOut_datasetTMB/BlastOut_datasetTMB_unirefOMBB100/top50BlastSplit/fasta/mafft/BlastOut_datasetTMB_unirefOMBB100_P0A940.csv.fasta.aln
0.630
/home/user/thesis/scripts/BlastOut_datasetTMB/BlastOut_datasetTMB_unirefOMBB100/top50BlastSplit/fasta/mafft/BlastOut_datasetTMB_unirefOMBB100_P0A941.csv.fasta.aln
0.630
/home/user/thesis/scripts/BlastOut_datasetTMB/BlastOut_datasetTMB_unirefOMBB100/top50BlastSplit/fasta/mafft/BlastOut_datasetTMB_unirefOMBB100_P0A942.csv.fasta.aln
0.630
/home/user/thesis/scripts/BlastOut_datasetTMB/BlastOut_datasetTMB_unirefOMBB100/top50BlastSplit/fasta/mafft/BlastOut_datasetTMB_unirefOMBB100_P0A943.csv.fasta.aln
0.630
/home/user/thesis/scripts/BlastOut_datasetTMB/BlastOut_datasetTMB_unirefOMBB100/top50BlastSplit/fasta/mafft/BlastOut_datasetTMB_unirefOMBB100_P0AC02.csv.fasta.aln
0.634
/home/user/thesis/scripts/BlastOut_datasetTMB/BlastOut_datasetTMB_unirefOMBB100/top50BlastSplit/fasta/mafft/BlastOut_datasetTMB_unirefOMBB100_P0ADE4.csv.fasta.aln
0.782
/home/user/thesis/scripts/BlastOut_datasetTMB/BlastOut_datasetTMB_unirefOMBB100/top50BlastSplit/fasta/mafft/BlastOut_datasetTMB_unirefOMBB100_P0ADE5.csv.fasta.aln
0.782
/home/user/thesis/scripts/BlastOut_datasetTMB/BlastOut_datasetTMB_unirefOMBB100/top50BlastSplit/fasta/mafft/BlastOut_datasetTMB_unirefOMBB100_P10384.csv.fasta.aln
0.439
/home/user/thesis/scripts/BlastOut_datasetTMB/BlastOut_datasetTMB_unirefOMBB100/top50BlastSplit/fasta/mafft/BlastOut_datasetTMB_unirefOMBB100_P13036.csv.fasta.aln
0.498
/home/user/thesis/scripts/BlastOut_datasetTMB/BlastOut_datasetTMB_unirefOMBB100/top50BlastSplit/fasta/mafft/BlastOut_datasetTMB_unirefOMBB100_P13794.csv.fasta.aln
0.607
/home/user/thesis/scripts/BlastOut_datasetTMB/BlastOut_datasetTMB_unirefOMBB100/top50BlastSplit/fasta/mafft/BlastOut_datasetTMB_unirefOMBB100_P17315.csv.fasta.aln
0.428
/home/user/thesis/scripts/BlastOut_datasetTMB/BlastOut_datasetTMB_unirefOMBB100/top50BlastSplit/fasta/mafft/BlastOut_datasetTMB_unirefOMBB100_P17811.csv.fasta.aln
0.336
/home/user/thesis/scripts/BlastOut_datasetTMB/BlastOut_datasetTMB_unirefOMBB100/top50BlastSplit/fasta/mafft/BlastOut_datasetTMB_unirefOMBB100_P24017.csv.fasta.aln
0.730
/home/user/thesis/scripts/BlastOut_datasetTMB/BlastOut_datasetTMB_unirefOMBB100/top50BlastSplit/fasta/mafft/BlastOut_datasetTMB_unirefOMBB100_P30690.csv.fasta.aln
0.638
/home/user/thesis/scripts/BlastOut_datasetTMB/BlastOut_datasetTMB_unirefOMBB100/top50BlastSplit/fasta/mafft/BlastOut_datasetTMB_unirefOMBB100_P35818.csv.fasta.aln
3.040
/home/user/thesis/scripts/BlastOut_datasetTMB/BlastOut_datasetTMB_unirefOMBB100/top50BlastSplit/fasta/mafft/BlastOut_datasetTMB_unirefOMBB100_P69856.csv.fasta.aln
0.260
/home/user/thesis/scripts/BlastOut_datasetTMB/BlastOut_datasetTMB_unirefOMBB100/top50BlastSplit/fasta/mafft/BlastOut_datasetTMB_unirefOMBB100_P69857.csv.fasta.aln
0.260
/home/user/thesis/scripts/BlastOut_datasetTMB/BlastOut_datasetTMB_unirefOMBB100/top50BlastSplit/fasta/mafft/BlastOut_datasetTMB_unirefOMBB100_P69858.csv.fasta.aln
0.260
/home/user/thesis/scripts/BlastOut_datasetTMB/BlastOut_datasetTMB_unirefOMBB100/top50BlastSplit/fasta/mafft/BlastOut_datasetTMB_unirefOMBB100_P76045.csv.fasta.aln
0.336
/home/user/thesis/scripts/BlastOut_datasetTMB/BlastOut_datasetTMB_unirefOMBB100/top50BlastSplit/fasta/mafft/BlastOut_datasetTMB_unirefOMBB100_P77774.csv.fasta.aln
0.563
/home/user/thesis/scripts/BlastOut_datasetTMB/BlastOut_datasetTMB_unirefOMBB100/top50BlastSplit/fasta/mafft/BlastOut_datasetTMB_unirefOMBB100_Q03155.csv.fasta.aln
0.790
/home/user/thesis/scripts/BlastOut_datasetTMB/BlastOut_datasetTMB_unirefOMBB100/top50BlastSplit/fasta/mafft/BlastOut_datasetTMB_unirefOMBB100_Q04884.csv.fasta.aln
1.000
/home/user/thesis/scripts/BlastOut_datasetTMB/BlastOut_datasetTMB_unirefOMBB100/top50BlastSplit/fasta/mafft/BlastOut_datasetTMB_unirefOMBB100_Q05098.csv.fasta.aln
0.448
/home/user/thesis/scripts/BlastOut_datasetTMB/BlastOut_datasetTMB_unirefOMBB100/top50BlastSplit/fasta/mafft/BlastOut_datasetTMB_unirefOMBB100_Q45340.csv.fasta.aln
0.762
/home/user/thesis/scripts/BlastOut_datasetTMB/BlastOut_datasetTMB_unirefOMBB100/top50BlastSplit/fasta/mafft/BlastOut_datasetTMB_unirefOMBB100_Q7BCK4.csv.fasta.aln
1.000
/home/user/thesis/scripts/BlastOut_datasetTMB/BlastOut_datasetTMB_unirefOMBB100/top50BlastSplit/fasta/mafft/BlastOut_datasetTMB_unirefOMBB100_Q7BSW5.csv.fasta.aln
0.871
/home/user/thesis/scripts/BlastOut_datasetTMB/BlastOut_datasetTMB_unirefOMBB100/top50BlastSplit/fasta/mafft/BlastOut_datasetTMB_unirefOMBB100_Q8ZRP0.csv.fasta.aln
0.657
/home/user/thesis/scripts/BlastOut_datasetTMB/BlastOut_datasetTMB_unirefOMBB100/top50BlastSplit/fasta/mafft/BlastOut_datasetTMB_unirefOMBB100_Q9HVD1.csv.fasta.aln
0.315
/home/user/thesis/scripts/BlastOut_datasetTMB/BlastOut_datasetTMB_unirefOMBB100/top50BlastSplit/fasta/mafft/BlastOut_datasetTMB_unirefOMBB100_Q9I5U2.csv.fasta.aln
2.199
