/home/user/thesis/scripts/BlastOut_datasetTMB/BlastOut_datasetTMB_unirefOMBB100/top25BlastSplit/fasta/aln/BlastOut_datasetTMB_unirefOMBB100_O33407.csv.aln
0.759
/home/user/thesis/scripts/BlastOut_datasetTMB/BlastOut_datasetTMB_unirefOMBB100/top25BlastSplit/fasta/aln/BlastOut_datasetTMB_unirefOMBB100_O88093.csv.aln
1.000
/home/user/thesis/scripts/BlastOut_datasetTMB/BlastOut_datasetTMB_unirefOMBB100/top25BlastSplit/fasta/aln/BlastOut_datasetTMB_unirefOMBB100_P00747.csv.aln
0.168
/home/user/thesis/scripts/BlastOut_datasetTMB/BlastOut_datasetTMB_unirefOMBB100/top25BlastSplit/fasta/aln/BlastOut_datasetTMB_unirefOMBB100_P02929.csv.aln
0.249
/home/user/thesis/scripts/BlastOut_datasetTMB/BlastOut_datasetTMB_unirefOMBB100/top25BlastSplit/fasta/aln/BlastOut_datasetTMB_unirefOMBB100_P05430.csv.aln
0.816
/home/user/thesis/scripts/BlastOut_datasetTMB/BlastOut_datasetTMB_unirefOMBB100/top25BlastSplit/fasta/aln/BlastOut_datasetTMB_unirefOMBB100_P05825.csv.aln
0.128
/home/user/thesis/scripts/BlastOut_datasetTMB/BlastOut_datasetTMB_unirefOMBB100/top25BlastSplit/fasta/aln/BlastOut_datasetTMB_unirefOMBB100_P06129.csv.aln
0.164
/home/user/thesis/scripts/BlastOut_datasetTMB/BlastOut_datasetTMB_unirefOMBB100/top25BlastSplit/fasta/aln/BlastOut_datasetTMB_unirefOMBB100_P09169.csv.aln
0.332
/home/user/thesis/scripts/BlastOut_datasetTMB/BlastOut_datasetTMB_unirefOMBB100/top25BlastSplit/fasta/aln/BlastOut_datasetTMB_unirefOMBB100_P09616.csv.aln
2.831
/home/user/thesis/scripts/BlastOut_datasetTMB/BlastOut_datasetTMB_unirefOMBB100/top25BlastSplit/fasta/aln/BlastOut_datasetTMB_unirefOMBB100_P0A903.csv.aln
0.324
/home/user/thesis/scripts/BlastOut_datasetTMB/BlastOut_datasetTMB_unirefOMBB100/top25BlastSplit/fasta/aln/BlastOut_datasetTMB_unirefOMBB100_P0A910.csv.aln
0.414
/home/user/thesis/scripts/BlastOut_datasetTMB/BlastOut_datasetTMB_unirefOMBB100/top25BlastSplit/fasta/aln/BlastOut_datasetTMB_unirefOMBB100_P0A911.csv.aln
0.414
/home/user/thesis/scripts/BlastOut_datasetTMB/BlastOut_datasetTMB_unirefOMBB100/top25BlastSplit/fasta/aln/BlastOut_datasetTMB_unirefOMBB100_P0A915.csv.aln
0.179
/home/user/thesis/scripts/BlastOut_datasetTMB/BlastOut_datasetTMB_unirefOMBB100/top25BlastSplit/fasta/aln/BlastOut_datasetTMB_unirefOMBB100_P0A916.csv.aln
0.179
/home/user/thesis/scripts/BlastOut_datasetTMB/BlastOut_datasetTMB_unirefOMBB100/top25BlastSplit/fasta/aln/BlastOut_datasetTMB_unirefOMBB100_P0A917.csv.aln
0.609
/home/user/thesis/scripts/BlastOut_datasetTMB/BlastOut_datasetTMB_unirefOMBB100/top25BlastSplit/fasta/aln/BlastOut_datasetTMB_unirefOMBB100_P0A918.csv.aln
0.609
/home/user/thesis/scripts/BlastOut_datasetTMB/BlastOut_datasetTMB_unirefOMBB100/top25BlastSplit/fasta/aln/BlastOut_datasetTMB_unirefOMBB100_P0A919.csv.aln
0.609
/home/user/thesis/scripts/BlastOut_datasetTMB/BlastOut_datasetTMB_unirefOMBB100/top25BlastSplit/fasta/aln/BlastOut_datasetTMB_unirefOMBB100_P0A920.csv.aln
0.609
/home/user/thesis/scripts/BlastOut_datasetTMB/BlastOut_datasetTMB_unirefOMBB100/top25BlastSplit/fasta/aln/BlastOut_datasetTMB_unirefOMBB100_P0A937.csv.aln
0.777
/home/user/thesis/scripts/BlastOut_datasetTMB/BlastOut_datasetTMB_unirefOMBB100/top25BlastSplit/fasta/aln/BlastOut_datasetTMB_unirefOMBB100_P0A940.csv.aln
0.486
/home/user/thesis/scripts/BlastOut_datasetTMB/BlastOut_datasetTMB_unirefOMBB100/top25BlastSplit/fasta/aln/BlastOut_datasetTMB_unirefOMBB100_P0A941.csv.aln
0.486
/home/user/thesis/scripts/BlastOut_datasetTMB/BlastOut_datasetTMB_unirefOMBB100/top25BlastSplit/fasta/aln/BlastOut_datasetTMB_unirefOMBB100_P0A942.csv.aln
0.486
/home/user/thesis/scripts/BlastOut_datasetTMB/BlastOut_datasetTMB_unirefOMBB100/top25BlastSplit/fasta/aln/BlastOut_datasetTMB_unirefOMBB100_P0A943.csv.aln
0.486
/home/user/thesis/scripts/BlastOut_datasetTMB/BlastOut_datasetTMB_unirefOMBB100/top25BlastSplit/fasta/aln/BlastOut_datasetTMB_unirefOMBB100_P0AC02.csv.aln
0.393
/home/user/thesis/scripts/BlastOut_datasetTMB/BlastOut_datasetTMB_unirefOMBB100/top25BlastSplit/fasta/aln/BlastOut_datasetTMB_unirefOMBB100_P0ADE4.csv.aln
0.477
/home/user/thesis/scripts/BlastOut_datasetTMB/BlastOut_datasetTMB_unirefOMBB100/top25BlastSplit/fasta/aln/BlastOut_datasetTMB_unirefOMBB100_P0ADE5.csv.aln
0.477
/home/user/thesis/scripts/BlastOut_datasetTMB/BlastOut_datasetTMB_unirefOMBB100/top25BlastSplit/fasta/aln/BlastOut_datasetTMB_unirefOMBB100_P10384.csv.aln
0.300
/home/user/thesis/scripts/BlastOut_datasetTMB/BlastOut_datasetTMB_unirefOMBB100/top25BlastSplit/fasta/aln/BlastOut_datasetTMB_unirefOMBB100_P13036.csv.aln
0.206
/home/user/thesis/scripts/BlastOut_datasetTMB/BlastOut_datasetTMB_unirefOMBB100/top25BlastSplit/fasta/aln/BlastOut_datasetTMB_unirefOMBB100_P13794.csv.aln
0.366
/home/user/thesis/scripts/BlastOut_datasetTMB/BlastOut_datasetTMB_unirefOMBB100/top25BlastSplit/fasta/aln/BlastOut_datasetTMB_unirefOMBB100_P17315.csv.aln
0.118
/home/user/thesis/scripts/BlastOut_datasetTMB/BlastOut_datasetTMB_unirefOMBB100/top25BlastSplit/fasta/aln/BlastOut_datasetTMB_unirefOMBB100_P17811.csv.aln
0.245
/home/user/thesis/scripts/BlastOut_datasetTMB/BlastOut_datasetTMB_unirefOMBB100/top25BlastSplit/fasta/aln/BlastOut_datasetTMB_unirefOMBB100_P24017.csv.aln
0.423
/home/user/thesis/scripts/BlastOut_datasetTMB/BlastOut_datasetTMB_unirefOMBB100/top25BlastSplit/fasta/aln/BlastOut_datasetTMB_unirefOMBB100_P24305.csv.aln
0.161
/home/user/thesis/scripts/BlastOut_datasetTMB/BlastOut_datasetTMB_unirefOMBB100/top25BlastSplit/fasta/aln/BlastOut_datasetTMB_unirefOMBB100_P30690.csv.aln
0.123
/home/user/thesis/scripts/BlastOut_datasetTMB/BlastOut_datasetTMB_unirefOMBB100/top25BlastSplit/fasta/aln/BlastOut_datasetTMB_unirefOMBB100_P35818.csv.aln
0.246
/home/user/thesis/scripts/BlastOut_datasetTMB/BlastOut_datasetTMB_unirefOMBB100/top25BlastSplit/fasta/aln/BlastOut_datasetTMB_unirefOMBB100_P46359.csv.aln
0.105
/home/user/thesis/scripts/BlastOut_datasetTMB/BlastOut_datasetTMB_unirefOMBB100/top25BlastSplit/fasta/aln/BlastOut_datasetTMB_unirefOMBB100_P69434.csv.aln
0.147
/home/user/thesis/scripts/BlastOut_datasetTMB/BlastOut_datasetTMB_unirefOMBB100/top25BlastSplit/fasta/aln/BlastOut_datasetTMB_unirefOMBB100_P69856.csv.aln
0.120
/home/user/thesis/scripts/BlastOut_datasetTMB/BlastOut_datasetTMB_unirefOMBB100/top25BlastSplit/fasta/aln/BlastOut_datasetTMB_unirefOMBB100_P69857.csv.aln
0.120
/home/user/thesis/scripts/BlastOut_datasetTMB/BlastOut_datasetTMB_unirefOMBB100/top25BlastSplit/fasta/aln/BlastOut_datasetTMB_unirefOMBB100_P69858.csv.aln
0.120
/home/user/thesis/scripts/BlastOut_datasetTMB/BlastOut_datasetTMB_unirefOMBB100/top25BlastSplit/fasta/aln/BlastOut_datasetTMB_unirefOMBB100_P76045.csv.aln
0.086
/home/user/thesis/scripts/BlastOut_datasetTMB/BlastOut_datasetTMB_unirefOMBB100/top25BlastSplit/fasta/aln/BlastOut_datasetTMB_unirefOMBB100_P77774.csv.aln
0.334
/home/user/thesis/scripts/BlastOut_datasetTMB/BlastOut_datasetTMB_unirefOMBB100/top25BlastSplit/fasta/aln/BlastOut_datasetTMB_unirefOMBB100_Q03155.csv.aln
1.248
/home/user/thesis/scripts/BlastOut_datasetTMB/BlastOut_datasetTMB_unirefOMBB100/top25BlastSplit/fasta/aln/BlastOut_datasetTMB_unirefOMBB100_Q04884.csv.aln
1.000
/home/user/thesis/scripts/BlastOut_datasetTMB/BlastOut_datasetTMB_unirefOMBB100/top25BlastSplit/fasta/aln/BlastOut_datasetTMB_unirefOMBB100_Q05098.csv.aln
0.144
/home/user/thesis/scripts/BlastOut_datasetTMB/BlastOut_datasetTMB_unirefOMBB100/top25BlastSplit/fasta/aln/BlastOut_datasetTMB_unirefOMBB100_Q45340.csv.aln
0.754
/home/user/thesis/scripts/BlastOut_datasetTMB/BlastOut_datasetTMB_unirefOMBB100/top25BlastSplit/fasta/aln/BlastOut_datasetTMB_unirefOMBB100_Q7BCK4.csv.aln
1.000
/home/user/thesis/scripts/BlastOut_datasetTMB/BlastOut_datasetTMB_unirefOMBB100/top25BlastSplit/fasta/aln/BlastOut_datasetTMB_unirefOMBB100_Q7BSW5.csv.aln
1.000
/home/user/thesis/scripts/BlastOut_datasetTMB/BlastOut_datasetTMB_unirefOMBB100/top25BlastSplit/fasta/aln/BlastOut_datasetTMB_unirefOMBB100_Q8ZRP0.csv.aln
0.482
/home/user/thesis/scripts/BlastOut_datasetTMB/BlastOut_datasetTMB_unirefOMBB100/top25BlastSplit/fasta/aln/BlastOut_datasetTMB_unirefOMBB100_Q9HVD1.csv.aln
0.142
/home/user/thesis/scripts/BlastOut_datasetTMB/BlastOut_datasetTMB_unirefOMBB100/top25BlastSplit/fasta/aln/BlastOut_datasetTMB_unirefOMBB100_Q9I5U2.csv.aln
0.552
/home/user/thesis/scripts/BlastOut_datasetTMB/BlastOut_datasetTMB_unirefOMBB100/top25BlastSplit/fasta/aln/BlastOut_datasetTMB_unirefOMBB100_Q9JZN9.csv.aln
0.184
