/home/user/thesis/scripts/BlastOut_datasetTMB/BlastOut_datasetTMB_OMPdb70/top25BlastSplit/fasta/tcoffee/BlastOut_datasetTMB_OMPdb70_A0QR29.csv.aln
0.337
/home/user/thesis/scripts/BlastOut_datasetTMB/BlastOut_datasetTMB_OMPdb70/top25BlastSplit/fasta/tcoffee/BlastOut_datasetTMB_OMPdb70_A1JUB7.csv.aln
0.456
/home/user/thesis/scripts/BlastOut_datasetTMB/BlastOut_datasetTMB_OMPdb70/top25BlastSplit/fasta/tcoffee/BlastOut_datasetTMB_OMPdb70_A5F934.csv.aln
0.840
/home/user/thesis/scripts/BlastOut_datasetTMB/BlastOut_datasetTMB_OMPdb70/top25BlastSplit/fasta/tcoffee/BlastOut_datasetTMB_OMPdb70_E3PJ86.csv.aln
0.679
/home/user/thesis/scripts/BlastOut_datasetTMB/BlastOut_datasetTMB_OMPdb70/top25BlastSplit/fasta/tcoffee/BlastOut_datasetTMB_OMPdb70_E6MXW0.csv.aln
0.877
/home/user/thesis/scripts/BlastOut_datasetTMB/BlastOut_datasetTMB_OMPdb70/top25BlastSplit/fasta/tcoffee/BlastOut_datasetTMB_OMPdb70_O33407.csv.aln
0.658
/home/user/thesis/scripts/BlastOut_datasetTMB/BlastOut_datasetTMB_OMPdb70/top25BlastSplit/fasta/tcoffee/BlastOut_datasetTMB_OMPdb70_O88093.csv.aln
0.750
/home/user/thesis/scripts/BlastOut_datasetTMB/BlastOut_datasetTMB_OMPdb70/top25BlastSplit/fasta/tcoffee/BlastOut_datasetTMB_OMPdb70_P02929.csv.aln
0.451
/home/user/thesis/scripts/BlastOut_datasetTMB/BlastOut_datasetTMB_OMPdb70/top25BlastSplit/fasta/tcoffee/BlastOut_datasetTMB_OMPdb70_P02930.csv.aln
0.660
/home/user/thesis/scripts/BlastOut_datasetTMB/BlastOut_datasetTMB_OMPdb70/top25BlastSplit/fasta/tcoffee/BlastOut_datasetTMB_OMPdb70_P02931.csv.aln
0.769
/home/user/thesis/scripts/BlastOut_datasetTMB/BlastOut_datasetTMB_OMPdb70/top25BlastSplit/fasta/tcoffee/BlastOut_datasetTMB_OMPdb70_P02932.csv.aln
0.756
/home/user/thesis/scripts/BlastOut_datasetTMB/BlastOut_datasetTMB_OMPdb70/top25BlastSplit/fasta/tcoffee/BlastOut_datasetTMB_OMPdb70_P02943.csv.aln
0.760
/home/user/thesis/scripts/BlastOut_datasetTMB/BlastOut_datasetTMB_OMPdb70/top25BlastSplit/fasta/tcoffee/BlastOut_datasetTMB_OMPdb70_P05430.csv.aln
0.858
/home/user/thesis/scripts/BlastOut_datasetTMB/BlastOut_datasetTMB_OMPdb70/top25BlastSplit/fasta/tcoffee/BlastOut_datasetTMB_OMPdb70_P05695.csv.aln
0.872
/home/user/thesis/scripts/BlastOut_datasetTMB/BlastOut_datasetTMB_OMPdb70/top25BlastSplit/fasta/tcoffee/BlastOut_datasetTMB_OMPdb70_P05825.csv.aln
0.770
/home/user/thesis/scripts/BlastOut_datasetTMB/BlastOut_datasetTMB_OMPdb70/top25BlastSplit/fasta/tcoffee/BlastOut_datasetTMB_OMPdb70_P06129.csv.aln
0.730
/home/user/thesis/scripts/BlastOut_datasetTMB/BlastOut_datasetTMB_OMPdb70/top25BlastSplit/fasta/tcoffee/BlastOut_datasetTMB_OMPdb70_P06970.csv.aln
0.778
/home/user/thesis/scripts/BlastOut_datasetTMB/BlastOut_datasetTMB_OMPdb70/top25BlastSplit/fasta/tcoffee/BlastOut_datasetTMB_OMPdb70_P06971.csv.aln
0.671
/home/user/thesis/scripts/BlastOut_datasetTMB/BlastOut_datasetTMB_OMPdb70/top25BlastSplit/fasta/tcoffee/BlastOut_datasetTMB_OMPdb70_P06996.csv.aln
0.790
/home/user/thesis/scripts/BlastOut_datasetTMB/BlastOut_datasetTMB_OMPdb70/top25BlastSplit/fasta/tcoffee/BlastOut_datasetTMB_OMPdb70_P07110.csv.aln
0.709
/home/user/thesis/scripts/BlastOut_datasetTMB/BlastOut_datasetTMB_OMPdb70/top25BlastSplit/fasta/tcoffee/BlastOut_datasetTMB_OMPdb70_P09169.csv.aln
0.605
/home/user/thesis/scripts/BlastOut_datasetTMB/BlastOut_datasetTMB_OMPdb70/top25BlastSplit/fasta/tcoffee/BlastOut_datasetTMB_OMPdb70_P0A232.csv.aln
0.733
/home/user/thesis/scripts/BlastOut_datasetTMB/BlastOut_datasetTMB_OMPdb70/top25BlastSplit/fasta/tcoffee/BlastOut_datasetTMB_OMPdb70_P0A263.csv.aln
0.737
/home/user/thesis/scripts/BlastOut_datasetTMB/BlastOut_datasetTMB_OMPdb70/top25BlastSplit/fasta/tcoffee/BlastOut_datasetTMB_OMPdb70_P0A264.csv.aln
0.737
/home/user/thesis/scripts/BlastOut_datasetTMB/BlastOut_datasetTMB_OMPdb70/top25BlastSplit/fasta/tcoffee/BlastOut_datasetTMB_OMPdb70_P0A910.csv.aln
0.729
/home/user/thesis/scripts/BlastOut_datasetTMB/BlastOut_datasetTMB_OMPdb70/top25BlastSplit/fasta/tcoffee/BlastOut_datasetTMB_OMPdb70_P0A911.csv.aln
0.729
/home/user/thesis/scripts/BlastOut_datasetTMB/BlastOut_datasetTMB_OMPdb70/top25BlastSplit/fasta/tcoffee/BlastOut_datasetTMB_OMPdb70_P0A915.csv.aln
0.578
/home/user/thesis/scripts/BlastOut_datasetTMB/BlastOut_datasetTMB_OMPdb70/top25BlastSplit/fasta/tcoffee/BlastOut_datasetTMB_OMPdb70_P0A916.csv.aln
0.578
/home/user/thesis/scripts/BlastOut_datasetTMB/BlastOut_datasetTMB_OMPdb70/top25BlastSplit/fasta/tcoffee/BlastOut_datasetTMB_OMPdb70_P0A917.csv.aln
0.678
/home/user/thesis/scripts/BlastOut_datasetTMB/BlastOut_datasetTMB_OMPdb70/top25BlastSplit/fasta/tcoffee/BlastOut_datasetTMB_OMPdb70_P0A918.csv.aln
0.678
/home/user/thesis/scripts/BlastOut_datasetTMB/BlastOut_datasetTMB_OMPdb70/top25BlastSplit/fasta/tcoffee/BlastOut_datasetTMB_OMPdb70_P0A919.csv.aln
0.678
/home/user/thesis/scripts/BlastOut_datasetTMB/BlastOut_datasetTMB_OMPdb70/top25BlastSplit/fasta/tcoffee/BlastOut_datasetTMB_OMPdb70_P0A920.csv.aln
0.678
/home/user/thesis/scripts/BlastOut_datasetTMB/BlastOut_datasetTMB_OMPdb70/top25BlastSplit/fasta/tcoffee/BlastOut_datasetTMB_OMPdb70_P0A921.csv.aln
0.740
/home/user/thesis/scripts/BlastOut_datasetTMB/BlastOut_datasetTMB_OMPdb70/top25BlastSplit/fasta/tcoffee/BlastOut_datasetTMB_OMPdb70_P0A922.csv.aln
0.740
/home/user/thesis/scripts/BlastOut_datasetTMB/BlastOut_datasetTMB_OMPdb70/top25BlastSplit/fasta/tcoffee/BlastOut_datasetTMB_OMPdb70_P0A923.csv.aln
0.740
/home/user/thesis/scripts/BlastOut_datasetTMB/BlastOut_datasetTMB_OMPdb70/top25BlastSplit/fasta/tcoffee/BlastOut_datasetTMB_OMPdb70_P0A927.csv.aln
0.694
/home/user/thesis/scripts/BlastOut_datasetTMB/BlastOut_datasetTMB_OMPdb70/top25BlastSplit/fasta/tcoffee/BlastOut_datasetTMB_OMPdb70_P0A928.csv.aln
0.694
/home/user/thesis/scripts/BlastOut_datasetTMB/BlastOut_datasetTMB_OMPdb70/top25BlastSplit/fasta/tcoffee/BlastOut_datasetTMB_OMPdb70_P0A929.csv.aln
0.694
/home/user/thesis/scripts/BlastOut_datasetTMB/BlastOut_datasetTMB_OMPdb70/top25BlastSplit/fasta/tcoffee/BlastOut_datasetTMB_OMPdb70_P0A940.csv.aln
0.651
/home/user/thesis/scripts/BlastOut_datasetTMB/BlastOut_datasetTMB_OMPdb70/top25BlastSplit/fasta/tcoffee/BlastOut_datasetTMB_OMPdb70_P0A941.csv.aln
0.651
/home/user/thesis/scripts/BlastOut_datasetTMB/BlastOut_datasetTMB_OMPdb70/top25BlastSplit/fasta/tcoffee/BlastOut_datasetTMB_OMPdb70_P0A942.csv.aln
0.651
/home/user/thesis/scripts/BlastOut_datasetTMB/BlastOut_datasetTMB_OMPdb70/top25BlastSplit/fasta/tcoffee/BlastOut_datasetTMB_OMPdb70_P0A943.csv.aln
0.651
/home/user/thesis/scripts/BlastOut_datasetTMB/BlastOut_datasetTMB_OMPdb70/top25BlastSplit/fasta/tcoffee/BlastOut_datasetTMB_OMPdb70_P0ADE4.csv.aln
0.622
/home/user/thesis/scripts/BlastOut_datasetTMB/BlastOut_datasetTMB_OMPdb70/top25BlastSplit/fasta/tcoffee/BlastOut_datasetTMB_OMPdb70_P0ADE5.csv.aln
0.622
/home/user/thesis/scripts/BlastOut_datasetTMB/BlastOut_datasetTMB_OMPdb70/top25BlastSplit/fasta/tcoffee/BlastOut_datasetTMB_OMPdb70_P0AEA2.csv.aln
0.737
/home/user/thesis/scripts/BlastOut_datasetTMB/BlastOut_datasetTMB_OMPdb70/top25BlastSplit/fasta/tcoffee/BlastOut_datasetTMB_OMPdb70_P0C2W0.csv.aln
0.481
/home/user/thesis/scripts/BlastOut_datasetTMB/BlastOut_datasetTMB_OMPdb70/top25BlastSplit/fasta/tcoffee/BlastOut_datasetTMB_OMPdb70_P0C6Q6.csv.aln
0.863
/home/user/thesis/scripts/BlastOut_datasetTMB/BlastOut_datasetTMB_OMPdb70/top25BlastSplit/fasta/tcoffee/BlastOut_datasetTMB_OMPdb70_P0DH58.csv.aln
0.873
/home/user/thesis/scripts/BlastOut_datasetTMB/BlastOut_datasetTMB_OMPdb70/top25BlastSplit/fasta/tcoffee/BlastOut_datasetTMB_OMPdb70_P10384.csv.aln
0.806
/home/user/thesis/scripts/BlastOut_datasetTMB/BlastOut_datasetTMB_OMPdb70/top25BlastSplit/fasta/tcoffee/BlastOut_datasetTMB_OMPdb70_P11922.csv.aln
0.740
/home/user/thesis/scripts/BlastOut_datasetTMB/BlastOut_datasetTMB_OMPdb70/top25BlastSplit/fasta/tcoffee/BlastOut_datasetTMB_OMPdb70_P13036.csv.aln
0.829
/home/user/thesis/scripts/BlastOut_datasetTMB/BlastOut_datasetTMB_OMPdb70/top25BlastSplit/fasta/tcoffee/BlastOut_datasetTMB_OMPdb70_P13794.csv.aln
0.740
/home/user/thesis/scripts/BlastOut_datasetTMB/BlastOut_datasetTMB_OMPdb70/top25BlastSplit/fasta/tcoffee/BlastOut_datasetTMB_OMPdb70_P16869.csv.aln
0.683
/home/user/thesis/scripts/BlastOut_datasetTMB/BlastOut_datasetTMB_OMPdb70/top25BlastSplit/fasta/tcoffee/BlastOut_datasetTMB_OMPdb70_P17315.csv.aln
0.787
/home/user/thesis/scripts/BlastOut_datasetTMB/BlastOut_datasetTMB_OMPdb70/top25BlastSplit/fasta/tcoffee/BlastOut_datasetTMB_OMPdb70_P17811.csv.aln
0.649
/home/user/thesis/scripts/BlastOut_datasetTMB/BlastOut_datasetTMB_OMPdb70/top25BlastSplit/fasta/tcoffee/BlastOut_datasetTMB_OMPdb70_P18195.csv.aln
0.862
/home/user/thesis/scripts/BlastOut_datasetTMB/BlastOut_datasetTMB_OMPdb70/top25BlastSplit/fasta/tcoffee/BlastOut_datasetTMB_OMPdb70_P18895.csv.aln
0.789
/home/user/thesis/scripts/BlastOut_datasetTMB/BlastOut_datasetTMB_OMPdb70/top25BlastSplit/fasta/tcoffee/BlastOut_datasetTMB_OMPdb70_P19809.csv.aln
0.588
/home/user/thesis/scripts/BlastOut_datasetTMB/BlastOut_datasetTMB_OMPdb70/top25BlastSplit/fasta/tcoffee/BlastOut_datasetTMB_OMPdb70_P21796.csv.aln
0.215
/home/user/thesis/scripts/BlastOut_datasetTMB/BlastOut_datasetTMB_OMPdb70/top25BlastSplit/fasta/tcoffee/BlastOut_datasetTMB_OMPdb70_P22340.csv.aln
0.739
/home/user/thesis/scripts/BlastOut_datasetTMB/BlastOut_datasetTMB_OMPdb70/top25BlastSplit/fasta/tcoffee/BlastOut_datasetTMB_OMPdb70_P24017.csv.aln
0.707
/home/user/thesis/scripts/BlastOut_datasetTMB/BlastOut_datasetTMB_OMPdb70/top25BlastSplit/fasta/tcoffee/BlastOut_datasetTMB_OMPdb70_P24305.csv.aln
0.836
/home/user/thesis/scripts/BlastOut_datasetTMB/BlastOut_datasetTMB_OMPdb70/top25BlastSplit/fasta/tcoffee/BlastOut_datasetTMB_OMPdb70_P26466.csv.aln
0.775
/home/user/thesis/scripts/BlastOut_datasetTMB/BlastOut_datasetTMB_OMPdb70/top25BlastSplit/fasta/tcoffee/BlastOut_datasetTMB_OMPdb70_P30130.csv.aln
0.725
/home/user/thesis/scripts/BlastOut_datasetTMB/BlastOut_datasetTMB_OMPdb70/top25BlastSplit/fasta/tcoffee/BlastOut_datasetTMB_OMPdb70_P30690.csv.aln
0.808
/home/user/thesis/scripts/BlastOut_datasetTMB/BlastOut_datasetTMB_OMPdb70/top25BlastSplit/fasta/tcoffee/BlastOut_datasetTMB_OMPdb70_P31243.csv.aln
0.816
/home/user/thesis/scripts/BlastOut_datasetTMB/BlastOut_datasetTMB_OMPdb70/top25BlastSplit/fasta/tcoffee/BlastOut_datasetTMB_OMPdb70_P31554.csv.aln
0.637
/home/user/thesis/scripts/BlastOut_datasetTMB/BlastOut_datasetTMB_OMPdb70/top25BlastSplit/fasta/tcoffee/BlastOut_datasetTMB_OMPdb70_P31780.csv.aln
0.810
/home/user/thesis/scripts/BlastOut_datasetTMB/BlastOut_datasetTMB_OMPdb70/top25BlastSplit/fasta/tcoffee/BlastOut_datasetTMB_OMPdb70_P32722.csv.aln
0.707
/home/user/thesis/scripts/BlastOut_datasetTMB/BlastOut_datasetTMB_OMPdb70/top25BlastSplit/fasta/tcoffee/BlastOut_datasetTMB_OMPdb70_P32977.csv.aln
0.850
/home/user/thesis/scripts/BlastOut_datasetTMB/BlastOut_datasetTMB_OMPdb70/top25BlastSplit/fasta/tcoffee/BlastOut_datasetTMB_OMPdb70_P35077.csv.aln
0.637
/home/user/thesis/scripts/BlastOut_datasetTMB/BlastOut_datasetTMB_OMPdb70/top25BlastSplit/fasta/tcoffee/BlastOut_datasetTMB_OMPdb70_P35672.csv.aln
0.793
/home/user/thesis/scripts/BlastOut_datasetTMB/BlastOut_datasetTMB_OMPdb70/top25BlastSplit/fasta/tcoffee/BlastOut_datasetTMB_OMPdb70_P35818.csv.aln
0.832
/home/user/thesis/scripts/BlastOut_datasetTMB/BlastOut_datasetTMB_OMPdb70/top25BlastSplit/fasta/tcoffee/BlastOut_datasetTMB_OMPdb70_P37001.csv.aln
0.513
/home/user/thesis/scripts/BlastOut_datasetTMB/BlastOut_datasetTMB_OMPdb70/top25BlastSplit/fasta/tcoffee/BlastOut_datasetTMB_OMPdb70_P37432.csv.aln
0.762
/home/user/thesis/scripts/BlastOut_datasetTMB/BlastOut_datasetTMB_OMPdb70/top25BlastSplit/fasta/tcoffee/BlastOut_datasetTMB_OMPdb70_P39767.csv.aln
0.805
/home/user/thesis/scripts/BlastOut_datasetTMB/BlastOut_datasetTMB_OMPdb70/top25BlastSplit/fasta/tcoffee/BlastOut_datasetTMB_OMPdb70_P42512.csv.aln
0.608
/home/user/thesis/scripts/BlastOut_datasetTMB/BlastOut_datasetTMB_OMPdb70/top25BlastSplit/fasta/tcoffee/BlastOut_datasetTMB_OMPdb70_P43261.csv.aln
0.633
/home/user/thesis/scripts/BlastOut_datasetTMB/BlastOut_datasetTMB_OMPdb70/top25BlastSplit/fasta/tcoffee/BlastOut_datasetTMB_OMPdb70_P45758.csv.aln
0.765
/home/user/thesis/scripts/BlastOut_datasetTMB/BlastOut_datasetTMB_OMPdb70/top25BlastSplit/fasta/tcoffee/BlastOut_datasetTMB_OMPdb70_P45779.csv.aln
0.501
/home/user/thesis/scripts/BlastOut_datasetTMB/BlastOut_datasetTMB_OMPdb70/top25BlastSplit/fasta/tcoffee/BlastOut_datasetTMB_OMPdb70_P46359.csv.aln
0.712
/home/user/thesis/scripts/BlastOut_datasetTMB/BlastOut_datasetTMB_OMPdb70/top25BlastSplit/fasta/tcoffee/BlastOut_datasetTMB_OMPdb70_P48632.csv.aln
0.760
/home/user/thesis/scripts/BlastOut_datasetTMB/BlastOut_datasetTMB_OMPdb70/top25BlastSplit/fasta/tcoffee/BlastOut_datasetTMB_OMPdb70_P69434.csv.aln
0.162
/home/user/thesis/scripts/BlastOut_datasetTMB/BlastOut_datasetTMB_OMPdb70/top25BlastSplit/fasta/tcoffee/BlastOut_datasetTMB_OMPdb70_P69856.csv.aln
0.560
/home/user/thesis/scripts/BlastOut_datasetTMB/BlastOut_datasetTMB_OMPdb70/top25BlastSplit/fasta/tcoffee/BlastOut_datasetTMB_OMPdb70_P69857.csv.aln
0.560
/home/user/thesis/scripts/BlastOut_datasetTMB/BlastOut_datasetTMB_OMPdb70/top25BlastSplit/fasta/tcoffee/BlastOut_datasetTMB_OMPdb70_P69858.csv.aln
0.560
/home/user/thesis/scripts/BlastOut_datasetTMB/BlastOut_datasetTMB_OMPdb70/top25BlastSplit/fasta/tcoffee/BlastOut_datasetTMB_OMPdb70_P75780.csv.aln
0.675
/home/user/thesis/scripts/BlastOut_datasetTMB/BlastOut_datasetTMB_OMPdb70/top25BlastSplit/fasta/tcoffee/BlastOut_datasetTMB_OMPdb70_P76045.csv.aln
0.339
/home/user/thesis/scripts/BlastOut_datasetTMB/BlastOut_datasetTMB_OMPdb70/top25BlastSplit/fasta/tcoffee/BlastOut_datasetTMB_OMPdb70_P77211.csv.aln
0.699
/home/user/thesis/scripts/BlastOut_datasetTMB/BlastOut_datasetTMB_OMPdb70/top25BlastSplit/fasta/tcoffee/BlastOut_datasetTMB_OMPdb70_Q03155.csv.aln
0.722
/home/user/thesis/scripts/BlastOut_datasetTMB/BlastOut_datasetTMB_OMPdb70/top25BlastSplit/fasta/tcoffee/BlastOut_datasetTMB_OMPdb70_Q04884.csv.aln
0.857
/home/user/thesis/scripts/BlastOut_datasetTMB/BlastOut_datasetTMB_OMPdb70/top25BlastSplit/fasta/tcoffee/BlastOut_datasetTMB_OMPdb70_Q05098.csv.aln
0.779
/home/user/thesis/scripts/BlastOut_datasetTMB/BlastOut_datasetTMB_OMPdb70/top25BlastSplit/fasta/tcoffee/BlastOut_datasetTMB_OMPdb70_Q45340.csv.aln
0.571
/home/user/thesis/scripts/BlastOut_datasetTMB/BlastOut_datasetTMB_OMPdb70/top25BlastSplit/fasta/tcoffee/BlastOut_datasetTMB_OMPdb70_Q48473.csv.aln
0.777
/home/user/thesis/scripts/BlastOut_datasetTMB/BlastOut_datasetTMB_OMPdb70/top25BlastSplit/fasta/tcoffee/BlastOut_datasetTMB_OMPdb70_Q51397.csv.aln
0.711
/home/user/thesis/scripts/BlastOut_datasetTMB/BlastOut_datasetTMB_OMPdb70/top25BlastSplit/fasta/tcoffee/BlastOut_datasetTMB_OMPdb70_Q51487.csv.aln
0.716
/home/user/thesis/scripts/BlastOut_datasetTMB/BlastOut_datasetTMB_OMPdb70/top25BlastSplit/fasta/tcoffee/BlastOut_datasetTMB_OMPdb70_Q60932.csv.aln
0.226
/home/user/thesis/scripts/BlastOut_datasetTMB/BlastOut_datasetTMB_OMPdb70/top25BlastSplit/fasta/tcoffee/BlastOut_datasetTMB_OMPdb70_Q7BCK4.csv.aln
0.662
/home/user/thesis/scripts/BlastOut_datasetTMB/BlastOut_datasetTMB_OMPdb70/top25BlastSplit/fasta/tcoffee/BlastOut_datasetTMB_OMPdb70_Q7BSW5.csv.aln
0.845
/home/user/thesis/scripts/BlastOut_datasetTMB/BlastOut_datasetTMB_OMPdb70/top25BlastSplit/fasta/tcoffee/BlastOut_datasetTMB_OMPdb70_Q83SQ0.csv.aln
0.635
/home/user/thesis/scripts/BlastOut_datasetTMB/BlastOut_datasetTMB_OMPdb70/top25BlastSplit/fasta/tcoffee/BlastOut_datasetTMB_OMPdb70_Q8CVI4.csv.aln
0.759
/home/user/thesis/scripts/BlastOut_datasetTMB/BlastOut_datasetTMB_OMPdb70/top25BlastSplit/fasta/tcoffee/BlastOut_datasetTMB_OMPdb70_Q8CVW1.csv.aln
0.791
/home/user/thesis/scripts/BlastOut_datasetTMB/BlastOut_datasetTMB_OMPdb70/top25BlastSplit/fasta/tcoffee/BlastOut_datasetTMB_OMPdb70_Q8ZIK3.csv.aln
0.639
/home/user/thesis/scripts/BlastOut_datasetTMB/BlastOut_datasetTMB_OMPdb70/top25BlastSplit/fasta/tcoffee/BlastOut_datasetTMB_OMPdb70_Q8ZRP0.csv.aln
0.651
/home/user/thesis/scripts/BlastOut_datasetTMB/BlastOut_datasetTMB_OMPdb70/top25BlastSplit/fasta/tcoffee/BlastOut_datasetTMB_OMPdb70_Q8ZRW0.csv.aln
0.637
/home/user/thesis/scripts/BlastOut_datasetTMB/BlastOut_datasetTMB_OMPdb70/top25BlastSplit/fasta/tcoffee/BlastOut_datasetTMB_OMPdb70_Q934G3.csv.aln
0.726
/home/user/thesis/scripts/BlastOut_datasetTMB/BlastOut_datasetTMB_OMPdb70/top25BlastSplit/fasta/tcoffee/BlastOut_datasetTMB_OMPdb70_Q9HVD1.csv.aln
0.692
/home/user/thesis/scripts/BlastOut_datasetTMB/BlastOut_datasetTMB_OMPdb70/top25BlastSplit/fasta/tcoffee/BlastOut_datasetTMB_OMPdb70_Q9I5U2.csv.aln
0.924
/home/user/thesis/scripts/BlastOut_datasetTMB/BlastOut_datasetTMB_OMPdb70/top25BlastSplit/fasta/tcoffee/BlastOut_datasetTMB_OMPdb70_Q9JZN9.csv.aln
0.830
/home/user/thesis/scripts/BlastOut_datasetTMB/BlastOut_datasetTMB_OMPdb70/top25BlastSplit/fasta/tcoffee/BlastOut_datasetTMB_OMPdb70_Q9K0U9.csv.aln
0.675
