2.852
1.253
1.006
1.113
1.829
1.000
0.952
1.963
0.177
1.174
0.989
0.828
0.757
0.524
0.779
0.874
1.000
2.770
1.167
1.441
1.000
0.874
0.761
0.777
1.265
0.749
1.015
1.091
0.995
0.726
0.692
1.484
1.082
1.057
1.760
1.000
1.000
1.223
0.953
0.953
0.838
1.000
1.000
0.570
0.570
0.950
0.950
0.950
0.950
2.675
2.675
2.675
0.772
1.000
1.000
1.000
1.000
0.572
1.000
1.968
1.968
1.523
3.023
1.585
1.113
1.074
1.054
1.132
1.122
0.996
0.635
1.024
0.782
0.765
0.785
1.487
1.086
0.670
1.517
1.000
2.577
1.000
1.657
0.972
1.000
0.778
1.091
0.276
1.000
0.745
0.973
0.513
0.450
0.736
0.980
0.923
1.000
0.817
0.867
1.164
0.877
1.006
0.922
0.825
1.386
0.932
0.932
0.932
0.816
0.859
0.674
0.893
1.000
1.258
1.310
1.051
1.439
1.277
0.686
1.033
0.761
0.767
2.253
0.776
1.000
0.517
0.926
0.877
1.000
1.000
1.000
0.943
0.878
1.000
1.000
1.000
1.000
1.000
0.946
1.279
1.209
0.972
