/home/user/thesis/scripts/BlastOut_datasetTMB/BlastOut_datasetTMB_swissprot/top25BlastSplit/fasta/aln/BlastOut_datasetTMB_swissprot_A1JUB7.csv.aln
0.394
/home/user/thesis/scripts/BlastOut_datasetTMB/BlastOut_datasetTMB_swissprot/top25BlastSplit/fasta/aln/BlastOut_datasetTMB_swissprot_A5F934.csv.aln
1.135
/home/user/thesis/scripts/BlastOut_datasetTMB/BlastOut_datasetTMB_swissprot/top25BlastSplit/fasta/aln/BlastOut_datasetTMB_swissprot_E3PJ86.csv.aln
0.769
/home/user/thesis/scripts/BlastOut_datasetTMB/BlastOut_datasetTMB_swissprot/top25BlastSplit/fasta/aln/BlastOut_datasetTMB_swissprot_O33407.csv.aln
0.971
/home/user/thesis/scripts/BlastOut_datasetTMB/BlastOut_datasetTMB_swissprot/top25BlastSplit/fasta/aln/BlastOut_datasetTMB_swissprot_O88093.csv.aln
1.019
/home/user/thesis/scripts/BlastOut_datasetTMB/BlastOut_datasetTMB_swissprot/top25BlastSplit/fasta/aln/BlastOut_datasetTMB_swissprot_P01031.csv.aln
0.862
/home/user/thesis/scripts/BlastOut_datasetTMB/BlastOut_datasetTMB_swissprot/top25BlastSplit/fasta/aln/BlastOut_datasetTMB_swissprot_P02748.csv.aln
0.733
/home/user/thesis/scripts/BlastOut_datasetTMB/BlastOut_datasetTMB_swissprot/top25BlastSplit/fasta/aln/BlastOut_datasetTMB_swissprot_P02787.csv.aln
0.857
/home/user/thesis/scripts/BlastOut_datasetTMB/BlastOut_datasetTMB_swissprot/top25BlastSplit/fasta/aln/BlastOut_datasetTMB_swissprot_P02930.csv.aln
0.238
/home/user/thesis/scripts/BlastOut_datasetTMB/BlastOut_datasetTMB_swissprot/top25BlastSplit/fasta/aln/BlastOut_datasetTMB_swissprot_P02931.csv.aln
0.754
/home/user/thesis/scripts/BlastOut_datasetTMB/BlastOut_datasetTMB_swissprot/top25BlastSplit/fasta/aln/BlastOut_datasetTMB_swissprot_P02932.csv.aln
0.768
/home/user/thesis/scripts/BlastOut_datasetTMB/BlastOut_datasetTMB_swissprot/top25BlastSplit/fasta/aln/BlastOut_datasetTMB_swissprot_P05430.csv.aln
0.301
/home/user/thesis/scripts/BlastOut_datasetTMB/BlastOut_datasetTMB_swissprot/top25BlastSplit/fasta/aln/BlastOut_datasetTMB_swissprot_P06970.csv.aln
0.526
/home/user/thesis/scripts/BlastOut_datasetTMB/BlastOut_datasetTMB_swissprot/top25BlastSplit/fasta/aln/BlastOut_datasetTMB_swissprot_P06971.csv.aln
0.514
/home/user/thesis/scripts/BlastOut_datasetTMB/BlastOut_datasetTMB_swissprot/top25BlastSplit/fasta/aln/BlastOut_datasetTMB_swissprot_P06996.csv.aln
0.833
/home/user/thesis/scripts/BlastOut_datasetTMB/BlastOut_datasetTMB_swissprot/top25BlastSplit/fasta/aln/BlastOut_datasetTMB_swissprot_P07110.csv.aln
0.503
/home/user/thesis/scripts/BlastOut_datasetTMB/BlastOut_datasetTMB_swissprot/top25BlastSplit/fasta/aln/BlastOut_datasetTMB_swissprot_P07357.csv.aln
0.761
/home/user/thesis/scripts/BlastOut_datasetTMB/BlastOut_datasetTMB_swissprot/top25BlastSplit/fasta/aln/BlastOut_datasetTMB_swissprot_P07358.csv.aln
0.735
/home/user/thesis/scripts/BlastOut_datasetTMB/BlastOut_datasetTMB_swissprot/top25BlastSplit/fasta/aln/BlastOut_datasetTMB_swissprot_P07360.csv.aln
0.640
/home/user/thesis/scripts/BlastOut_datasetTMB/BlastOut_datasetTMB_swissprot/top25BlastSplit/fasta/aln/BlastOut_datasetTMB_swissprot_P08189.csv.aln
0.540
/home/user/thesis/scripts/BlastOut_datasetTMB/BlastOut_datasetTMB_swissprot/top25BlastSplit/fasta/aln/BlastOut_datasetTMB_swissprot_P08190.csv.aln
0.411
/home/user/thesis/scripts/BlastOut_datasetTMB/BlastOut_datasetTMB_swissprot/top25BlastSplit/fasta/aln/BlastOut_datasetTMB_swissprot_P0A071.csv.aln
0.956
/home/user/thesis/scripts/BlastOut_datasetTMB/BlastOut_datasetTMB_swissprot/top25BlastSplit/fasta/aln/BlastOut_datasetTMB_swissprot_P0A074.csv.aln
0.956
/home/user/thesis/scripts/BlastOut_datasetTMB/BlastOut_datasetTMB_swissprot/top25BlastSplit/fasta/aln/BlastOut_datasetTMB_swissprot_P0A077.csv.aln
0.763
/home/user/thesis/scripts/BlastOut_datasetTMB/BlastOut_datasetTMB_swissprot/top25BlastSplit/fasta/aln/BlastOut_datasetTMB_swissprot_P0A263.csv.aln
0.817
/home/user/thesis/scripts/BlastOut_datasetTMB/BlastOut_datasetTMB_swissprot/top25BlastSplit/fasta/aln/BlastOut_datasetTMB_swissprot_P0A264.csv.aln
0.817
/home/user/thesis/scripts/BlastOut_datasetTMB/BlastOut_datasetTMB_swissprot/top25BlastSplit/fasta/aln/BlastOut_datasetTMB_swissprot_P0A910.csv.aln
0.942
/home/user/thesis/scripts/BlastOut_datasetTMB/BlastOut_datasetTMB_swissprot/top25BlastSplit/fasta/aln/BlastOut_datasetTMB_swissprot_P0A911.csv.aln
0.942
/home/user/thesis/scripts/BlastOut_datasetTMB/BlastOut_datasetTMB_swissprot/top25BlastSplit/fasta/aln/BlastOut_datasetTMB_swissprot_P0A937.csv.aln
0.476
/home/user/thesis/scripts/BlastOut_datasetTMB/BlastOut_datasetTMB_swissprot/top25BlastSplit/fasta/aln/BlastOut_datasetTMB_swissprot_P0AEA2.csv.aln
0.245
/home/user/thesis/scripts/BlastOut_datasetTMB/BlastOut_datasetTMB_swissprot/top25BlastSplit/fasta/aln/BlastOut_datasetTMB_swissprot_P0C2W0.csv.aln
0.990
/home/user/thesis/scripts/BlastOut_datasetTMB/BlastOut_datasetTMB_swissprot/top25BlastSplit/fasta/aln/BlastOut_datasetTMB_swissprot_P0C6Q6.csv.aln
1.135
/home/user/thesis/scripts/BlastOut_datasetTMB/BlastOut_datasetTMB_swissprot/top25BlastSplit/fasta/aln/BlastOut_datasetTMB_swissprot_P0DH58.csv.aln
0.396
/home/user/thesis/scripts/BlastOut_datasetTMB/BlastOut_datasetTMB_swissprot/top25BlastSplit/fasta/aln/BlastOut_datasetTMB_swissprot_P10643.csv.aln
0.741
/home/user/thesis/scripts/BlastOut_datasetTMB/BlastOut_datasetTMB_swissprot/top25BlastSplit/fasta/aln/BlastOut_datasetTMB_swissprot_P11922.csv.aln
0.352
/home/user/thesis/scripts/BlastOut_datasetTMB/BlastOut_datasetTMB_swissprot/top25BlastSplit/fasta/aln/BlastOut_datasetTMB_swissprot_P12643.csv.aln
0.944
/home/user/thesis/scripts/BlastOut_datasetTMB/BlastOut_datasetTMB_swissprot/top25BlastSplit/fasta/aln/BlastOut_datasetTMB_swissprot_P13036.csv.aln
0.831
/home/user/thesis/scripts/BlastOut_datasetTMB/BlastOut_datasetTMB_swissprot/top25BlastSplit/fasta/aln/BlastOut_datasetTMB_swissprot_P13671.csv.aln
0.752
/home/user/thesis/scripts/BlastOut_datasetTMB/BlastOut_datasetTMB_swissprot/top25BlastSplit/fasta/aln/BlastOut_datasetTMB_swissprot_P15319.csv.aln
0.670
/home/user/thesis/scripts/BlastOut_datasetTMB/BlastOut_datasetTMB_swissprot/top25BlastSplit/fasta/aln/BlastOut_datasetTMB_swissprot_P16869.csv.aln
0.524
/home/user/thesis/scripts/BlastOut_datasetTMB/BlastOut_datasetTMB_swissprot/top25BlastSplit/fasta/aln/BlastOut_datasetTMB_swissprot_P19809.csv.aln
0.418
/home/user/thesis/scripts/BlastOut_datasetTMB/BlastOut_datasetTMB_swissprot/top25BlastSplit/fasta/aln/BlastOut_datasetTMB_swissprot_P21796.csv.aln
0.616
/home/user/thesis/scripts/BlastOut_datasetTMB/BlastOut_datasetTMB_swissprot/top25BlastSplit/fasta/aln/BlastOut_datasetTMB_swissprot_P22340.csv.aln
1.357
/home/user/thesis/scripts/BlastOut_datasetTMB/BlastOut_datasetTMB_swissprot/top25BlastSplit/fasta/aln/BlastOut_datasetTMB_swissprot_P24017.csv.aln
0.691
/home/user/thesis/scripts/BlastOut_datasetTMB/BlastOut_datasetTMB_swissprot/top25BlastSplit/fasta/aln/BlastOut_datasetTMB_swissprot_P24391.csv.aln
0.294
/home/user/thesis/scripts/BlastOut_datasetTMB/BlastOut_datasetTMB_swissprot/top25BlastSplit/fasta/aln/BlastOut_datasetTMB_swissprot_P26466.csv.aln
1.000
/home/user/thesis/scripts/BlastOut_datasetTMB/BlastOut_datasetTMB_swissprot/top25BlastSplit/fasta/aln/BlastOut_datasetTMB_swissprot_P30130.csv.aln
0.374
/home/user/thesis/scripts/BlastOut_datasetTMB/BlastOut_datasetTMB_swissprot/top25BlastSplit/fasta/aln/BlastOut_datasetTMB_swissprot_P30690.csv.aln
0.362
/home/user/thesis/scripts/BlastOut_datasetTMB/BlastOut_datasetTMB_swissprot/top25BlastSplit/fasta/aln/BlastOut_datasetTMB_swissprot_P31554.csv.aln
0.820
/home/user/thesis/scripts/BlastOut_datasetTMB/BlastOut_datasetTMB_swissprot/top25BlastSplit/fasta/aln/BlastOut_datasetTMB_swissprot_P31697.csv.aln
0.599
/home/user/thesis/scripts/BlastOut_datasetTMB/BlastOut_datasetTMB_swissprot/top25BlastSplit/fasta/aln/BlastOut_datasetTMB_swissprot_P31780.csv.aln
0.877
/home/user/thesis/scripts/BlastOut_datasetTMB/BlastOut_datasetTMB_swissprot/top25BlastSplit/fasta/aln/BlastOut_datasetTMB_swissprot_P35672.csv.aln
0.470
/home/user/thesis/scripts/BlastOut_datasetTMB/BlastOut_datasetTMB_swissprot/top25BlastSplit/fasta/aln/BlastOut_datasetTMB_swissprot_P35818.csv.aln
0.676
/home/user/thesis/scripts/BlastOut_datasetTMB/BlastOut_datasetTMB_swissprot/top25BlastSplit/fasta/aln/BlastOut_datasetTMB_swissprot_P37001.csv.aln
0.791
/home/user/thesis/scripts/BlastOut_datasetTMB/BlastOut_datasetTMB_swissprot/top25BlastSplit/fasta/aln/BlastOut_datasetTMB_swissprot_P37432.csv.aln
0.763
/home/user/thesis/scripts/BlastOut_datasetTMB/BlastOut_datasetTMB_swissprot/top25BlastSplit/fasta/aln/BlastOut_datasetTMB_swissprot_P42512.csv.aln
0.626
/home/user/thesis/scripts/BlastOut_datasetTMB/BlastOut_datasetTMB_swissprot/top25BlastSplit/fasta/aln/BlastOut_datasetTMB_swissprot_P43261.csv.aln
0.419
/home/user/thesis/scripts/BlastOut_datasetTMB/BlastOut_datasetTMB_swissprot/top25BlastSplit/fasta/aln/BlastOut_datasetTMB_swissprot_P45758.csv.aln
0.756
/home/user/thesis/scripts/BlastOut_datasetTMB/BlastOut_datasetTMB_swissprot/top25BlastSplit/fasta/aln/BlastOut_datasetTMB_swissprot_P45779.csv.aln
0.813
/home/user/thesis/scripts/BlastOut_datasetTMB/BlastOut_datasetTMB_swissprot/top25BlastSplit/fasta/aln/BlastOut_datasetTMB_swissprot_P46359.csv.aln
0.575
/home/user/thesis/scripts/BlastOut_datasetTMB/BlastOut_datasetTMB_swissprot/top25BlastSplit/fasta/aln/BlastOut_datasetTMB_swissprot_P48632.csv.aln
0.568
/home/user/thesis/scripts/BlastOut_datasetTMB/BlastOut_datasetTMB_swissprot/top25BlastSplit/fasta/aln/BlastOut_datasetTMB_swissprot_P49767.csv.aln
0.813
/home/user/thesis/scripts/BlastOut_datasetTMB/BlastOut_datasetTMB_swissprot/top25BlastSplit/fasta/aln/BlastOut_datasetTMB_swissprot_P75780.csv.aln
0.575
/home/user/thesis/scripts/BlastOut_datasetTMB/BlastOut_datasetTMB_swissprot/top25BlastSplit/fasta/aln/BlastOut_datasetTMB_swissprot_P77211.csv.aln
0.411
/home/user/thesis/scripts/BlastOut_datasetTMB/BlastOut_datasetTMB_swissprot/top25BlastSplit/fasta/aln/BlastOut_datasetTMB_swissprot_P77774.csv.aln
0.400
/home/user/thesis/scripts/BlastOut_datasetTMB/BlastOut_datasetTMB_swissprot/top25BlastSplit/fasta/aln/BlastOut_datasetTMB_swissprot_Q03155.csv.aln
0.382
/home/user/thesis/scripts/BlastOut_datasetTMB/BlastOut_datasetTMB_swissprot/top25BlastSplit/fasta/aln/BlastOut_datasetTMB_swissprot_Q04884.csv.aln
0.717
/home/user/thesis/scripts/BlastOut_datasetTMB/BlastOut_datasetTMB_swissprot/top25BlastSplit/fasta/aln/BlastOut_datasetTMB_swissprot_Q16853.csv.aln
0.740
/home/user/thesis/scripts/BlastOut_datasetTMB/BlastOut_datasetTMB_swissprot/top25BlastSplit/fasta/aln/BlastOut_datasetTMB_swissprot_Q2FFA2.csv.aln
0.973
/home/user/thesis/scripts/BlastOut_datasetTMB/BlastOut_datasetTMB_swissprot/top25BlastSplit/fasta/aln/BlastOut_datasetTMB_swissprot_Q2FFA3.csv.aln
0.727
/home/user/thesis/scripts/BlastOut_datasetTMB/BlastOut_datasetTMB_swissprot/top25BlastSplit/fasta/aln/BlastOut_datasetTMB_swissprot_Q45340.csv.aln
0.462
/home/user/thesis/scripts/BlastOut_datasetTMB/BlastOut_datasetTMB_swissprot/top25BlastSplit/fasta/aln/BlastOut_datasetTMB_swissprot_Q48473.csv.aln
0.798
/home/user/thesis/scripts/BlastOut_datasetTMB/BlastOut_datasetTMB_swissprot/top25BlastSplit/fasta/aln/BlastOut_datasetTMB_swissprot_Q51397.csv.aln
0.457
/home/user/thesis/scripts/BlastOut_datasetTMB/BlastOut_datasetTMB_swissprot/top25BlastSplit/fasta/aln/BlastOut_datasetTMB_swissprot_Q51487.csv.aln
0.430
/home/user/thesis/scripts/BlastOut_datasetTMB/BlastOut_datasetTMB_swissprot/top25BlastSplit/fasta/aln/BlastOut_datasetTMB_swissprot_Q60932.csv.aln
0.625
/home/user/thesis/scripts/BlastOut_datasetTMB/BlastOut_datasetTMB_swissprot/top25BlastSplit/fasta/aln/BlastOut_datasetTMB_swissprot_Q7BSW5.csv.aln
1.017
/home/user/thesis/scripts/BlastOut_datasetTMB/BlastOut_datasetTMB_swissprot/top25BlastSplit/fasta/aln/BlastOut_datasetTMB_swissprot_Q83SQ0.csv.aln
0.821
/home/user/thesis/scripts/BlastOut_datasetTMB/BlastOut_datasetTMB_swissprot/top25BlastSplit/fasta/aln/BlastOut_datasetTMB_swissprot_Q8CVW1.csv.aln
0.792
/home/user/thesis/scripts/BlastOut_datasetTMB/BlastOut_datasetTMB_swissprot/top25BlastSplit/fasta/aln/BlastOut_datasetTMB_swissprot_Q8ZIK3.csv.aln
0.822
/home/user/thesis/scripts/BlastOut_datasetTMB/BlastOut_datasetTMB_swissprot/top25BlastSplit/fasta/aln/BlastOut_datasetTMB_swissprot_Q8ZPC9.csv.aln
1.000
/home/user/thesis/scripts/BlastOut_datasetTMB/BlastOut_datasetTMB_swissprot/top25BlastSplit/fasta/aln/BlastOut_datasetTMB_swissprot_Q8ZRW0.csv.aln
0.806
/home/user/thesis/scripts/BlastOut_datasetTMB/BlastOut_datasetTMB_swissprot/top25BlastSplit/fasta/aln/BlastOut_datasetTMB_swissprot_Q99RL1.csv.aln
0.947
/home/user/thesis/scripts/BlastOut_datasetTMB/BlastOut_datasetTMB_swissprot/top25BlastSplit/fasta/aln/BlastOut_datasetTMB_swissprot_Q9I5U2.csv.aln
0.627
/home/user/thesis/scripts/BlastOut_datasetTMB/BlastOut_datasetTMB_swissprot/top25BlastSplit/fasta/aln/BlastOut_datasetTMB_swissprot_Q9K0U9.csv.aln
1.055
/home/user/thesis/scripts/BlastOut_datasetTMB/BlastOut_datasetTMB_swissprot/top25BlastSplit/fasta/aln/BlastOut_datasetTMB_swissprot_Q9TUM0.csv.aln
0.804
