/home/user/thesis/scripts/BlastOut_datasetTMB/BlastOut_datasetTMB_swissprot/top25BlastSplit/fasta/aln/BlastOut_datasetTMB_swissprot_A1JUB7.csv.aln
0.378
/home/user/thesis/scripts/BlastOut_datasetTMB/BlastOut_datasetTMB_swissprot/top25BlastSplit/fasta/aln/BlastOut_datasetTMB_swissprot_A5F934.csv.aln
1.079
/home/user/thesis/scripts/BlastOut_datasetTMB/BlastOut_datasetTMB_swissprot/top25BlastSplit/fasta/aln/BlastOut_datasetTMB_swissprot_E3PJ86.csv.aln
0.725
/home/user/thesis/scripts/BlastOut_datasetTMB/BlastOut_datasetTMB_swissprot/top25BlastSplit/fasta/aln/BlastOut_datasetTMB_swissprot_O33407.csv.aln
0.972
/home/user/thesis/scripts/BlastOut_datasetTMB/BlastOut_datasetTMB_swissprot/top25BlastSplit/fasta/aln/BlastOut_datasetTMB_swissprot_O88093.csv.aln
0.980
/home/user/thesis/scripts/BlastOut_datasetTMB/BlastOut_datasetTMB_swissprot/top25BlastSplit/fasta/aln/BlastOut_datasetTMB_swissprot_P01031.csv.aln
0.818
/home/user/thesis/scripts/BlastOut_datasetTMB/BlastOut_datasetTMB_swissprot/top25BlastSplit/fasta/aln/BlastOut_datasetTMB_swissprot_P02748.csv.aln
0.705
/home/user/thesis/scripts/BlastOut_datasetTMB/BlastOut_datasetTMB_swissprot/top25BlastSplit/fasta/aln/BlastOut_datasetTMB_swissprot_P02787.csv.aln
0.827
/home/user/thesis/scripts/BlastOut_datasetTMB/BlastOut_datasetTMB_swissprot/top25BlastSplit/fasta/aln/BlastOut_datasetTMB_swissprot_P02930.csv.aln
0.252
/home/user/thesis/scripts/BlastOut_datasetTMB/BlastOut_datasetTMB_swissprot/top25BlastSplit/fasta/aln/BlastOut_datasetTMB_swissprot_P02931.csv.aln
0.741
/home/user/thesis/scripts/BlastOut_datasetTMB/BlastOut_datasetTMB_swissprot/top25BlastSplit/fasta/aln/BlastOut_datasetTMB_swissprot_P02932.csv.aln
0.752
/home/user/thesis/scripts/BlastOut_datasetTMB/BlastOut_datasetTMB_swissprot/top25BlastSplit/fasta/aln/BlastOut_datasetTMB_swissprot_P05430.csv.aln
0.329
/home/user/thesis/scripts/BlastOut_datasetTMB/BlastOut_datasetTMB_swissprot/top25BlastSplit/fasta/aln/BlastOut_datasetTMB_swissprot_P06970.csv.aln
0.513
/home/user/thesis/scripts/BlastOut_datasetTMB/BlastOut_datasetTMB_swissprot/top25BlastSplit/fasta/aln/BlastOut_datasetTMB_swissprot_P06971.csv.aln
0.511
/home/user/thesis/scripts/BlastOut_datasetTMB/BlastOut_datasetTMB_swissprot/top25BlastSplit/fasta/aln/BlastOut_datasetTMB_swissprot_P06996.csv.aln
0.815
/home/user/thesis/scripts/BlastOut_datasetTMB/BlastOut_datasetTMB_swissprot/top25BlastSplit/fasta/aln/BlastOut_datasetTMB_swissprot_P07110.csv.aln
0.487
/home/user/thesis/scripts/BlastOut_datasetTMB/BlastOut_datasetTMB_swissprot/top25BlastSplit/fasta/aln/BlastOut_datasetTMB_swissprot_P07357.csv.aln
0.734
/home/user/thesis/scripts/BlastOut_datasetTMB/BlastOut_datasetTMB_swissprot/top25BlastSplit/fasta/aln/BlastOut_datasetTMB_swissprot_P07358.csv.aln
0.706
/home/user/thesis/scripts/BlastOut_datasetTMB/BlastOut_datasetTMB_swissprot/top25BlastSplit/fasta/aln/BlastOut_datasetTMB_swissprot_P07360.csv.aln
0.628
/home/user/thesis/scripts/BlastOut_datasetTMB/BlastOut_datasetTMB_swissprot/top25BlastSplit/fasta/aln/BlastOut_datasetTMB_swissprot_P08189.csv.aln
0.527
/home/user/thesis/scripts/BlastOut_datasetTMB/BlastOut_datasetTMB_swissprot/top25BlastSplit/fasta/aln/BlastOut_datasetTMB_swissprot_P08190.csv.aln
0.397
/home/user/thesis/scripts/BlastOut_datasetTMB/BlastOut_datasetTMB_swissprot/top25BlastSplit/fasta/aln/BlastOut_datasetTMB_swissprot_P0A071.csv.aln
0.897
/home/user/thesis/scripts/BlastOut_datasetTMB/BlastOut_datasetTMB_swissprot/top25BlastSplit/fasta/aln/BlastOut_datasetTMB_swissprot_P0A074.csv.aln
0.897
/home/user/thesis/scripts/BlastOut_datasetTMB/BlastOut_datasetTMB_swissprot/top25BlastSplit/fasta/aln/BlastOut_datasetTMB_swissprot_P0A077.csv.aln
0.702
/home/user/thesis/scripts/BlastOut_datasetTMB/BlastOut_datasetTMB_swissprot/top25BlastSplit/fasta/aln/BlastOut_datasetTMB_swissprot_P0A263.csv.aln
0.798
/home/user/thesis/scripts/BlastOut_datasetTMB/BlastOut_datasetTMB_swissprot/top25BlastSplit/fasta/aln/BlastOut_datasetTMB_swissprot_P0A264.csv.aln
0.798
/home/user/thesis/scripts/BlastOut_datasetTMB/BlastOut_datasetTMB_swissprot/top25BlastSplit/fasta/aln/BlastOut_datasetTMB_swissprot_P0A910.csv.aln
0.899
/home/user/thesis/scripts/BlastOut_datasetTMB/BlastOut_datasetTMB_swissprot/top25BlastSplit/fasta/aln/BlastOut_datasetTMB_swissprot_P0A911.csv.aln
0.899
/home/user/thesis/scripts/BlastOut_datasetTMB/BlastOut_datasetTMB_swissprot/top25BlastSplit/fasta/aln/BlastOut_datasetTMB_swissprot_P0A937.csv.aln
0.481
/home/user/thesis/scripts/BlastOut_datasetTMB/BlastOut_datasetTMB_swissprot/top25BlastSplit/fasta/aln/BlastOut_datasetTMB_swissprot_P0AEA2.csv.aln
0.260
/home/user/thesis/scripts/BlastOut_datasetTMB/BlastOut_datasetTMB_swissprot/top25BlastSplit/fasta/aln/BlastOut_datasetTMB_swissprot_P0C2W0.csv.aln
0.937
/home/user/thesis/scripts/BlastOut_datasetTMB/BlastOut_datasetTMB_swissprot/top25BlastSplit/fasta/aln/BlastOut_datasetTMB_swissprot_P0C6Q6.csv.aln
1.079
/home/user/thesis/scripts/BlastOut_datasetTMB/BlastOut_datasetTMB_swissprot/top25BlastSplit/fasta/aln/BlastOut_datasetTMB_swissprot_P0DH58.csv.aln
0.416
/home/user/thesis/scripts/BlastOut_datasetTMB/BlastOut_datasetTMB_swissprot/top25BlastSplit/fasta/aln/BlastOut_datasetTMB_swissprot_P10643.csv.aln
0.715
/home/user/thesis/scripts/BlastOut_datasetTMB/BlastOut_datasetTMB_swissprot/top25BlastSplit/fasta/aln/BlastOut_datasetTMB_swissprot_P11922.csv.aln
0.342
/home/user/thesis/scripts/BlastOut_datasetTMB/BlastOut_datasetTMB_swissprot/top25BlastSplit/fasta/aln/BlastOut_datasetTMB_swissprot_P12643.csv.aln
0.895
/home/user/thesis/scripts/BlastOut_datasetTMB/BlastOut_datasetTMB_swissprot/top25BlastSplit/fasta/aln/BlastOut_datasetTMB_swissprot_P13036.csv.aln
0.772
/home/user/thesis/scripts/BlastOut_datasetTMB/BlastOut_datasetTMB_swissprot/top25BlastSplit/fasta/aln/BlastOut_datasetTMB_swissprot_P13671.csv.aln
0.725
/home/user/thesis/scripts/BlastOut_datasetTMB/BlastOut_datasetTMB_swissprot/top25BlastSplit/fasta/aln/BlastOut_datasetTMB_swissprot_P15319.csv.aln
0.640
/home/user/thesis/scripts/BlastOut_datasetTMB/BlastOut_datasetTMB_swissprot/top25BlastSplit/fasta/aln/BlastOut_datasetTMB_swissprot_P16869.csv.aln
0.516
/home/user/thesis/scripts/BlastOut_datasetTMB/BlastOut_datasetTMB_swissprot/top25BlastSplit/fasta/aln/BlastOut_datasetTMB_swissprot_P19809.csv.aln
0.397
/home/user/thesis/scripts/BlastOut_datasetTMB/BlastOut_datasetTMB_swissprot/top25BlastSplit/fasta/aln/BlastOut_datasetTMB_swissprot_P21796.csv.aln
0.581
/home/user/thesis/scripts/BlastOut_datasetTMB/BlastOut_datasetTMB_swissprot/top25BlastSplit/fasta/aln/BlastOut_datasetTMB_swissprot_P22340.csv.aln
1.304
/home/user/thesis/scripts/BlastOut_datasetTMB/BlastOut_datasetTMB_swissprot/top25BlastSplit/fasta/aln/BlastOut_datasetTMB_swissprot_P24017.csv.aln
0.669
/home/user/thesis/scripts/BlastOut_datasetTMB/BlastOut_datasetTMB_swissprot/top25BlastSplit/fasta/aln/BlastOut_datasetTMB_swissprot_P24391.csv.aln
0.306
/home/user/thesis/scripts/BlastOut_datasetTMB/BlastOut_datasetTMB_swissprot/top25BlastSplit/fasta/aln/BlastOut_datasetTMB_swissprot_P26466.csv.aln
1.000
/home/user/thesis/scripts/BlastOut_datasetTMB/BlastOut_datasetTMB_swissprot/top25BlastSplit/fasta/aln/BlastOut_datasetTMB_swissprot_P30130.csv.aln
0.365
/home/user/thesis/scripts/BlastOut_datasetTMB/BlastOut_datasetTMB_swissprot/top25BlastSplit/fasta/aln/BlastOut_datasetTMB_swissprot_P30690.csv.aln
0.380
/home/user/thesis/scripts/BlastOut_datasetTMB/BlastOut_datasetTMB_swissprot/top25BlastSplit/fasta/aln/BlastOut_datasetTMB_swissprot_P31554.csv.aln
0.793
/home/user/thesis/scripts/BlastOut_datasetTMB/BlastOut_datasetTMB_swissprot/top25BlastSplit/fasta/aln/BlastOut_datasetTMB_swissprot_P31697.csv.aln
0.576
/home/user/thesis/scripts/BlastOut_datasetTMB/BlastOut_datasetTMB_swissprot/top25BlastSplit/fasta/aln/BlastOut_datasetTMB_swissprot_P31780.csv.aln
0.824
/home/user/thesis/scripts/BlastOut_datasetTMB/BlastOut_datasetTMB_swissprot/top25BlastSplit/fasta/aln/BlastOut_datasetTMB_swissprot_P35672.csv.aln
0.459
/home/user/thesis/scripts/BlastOut_datasetTMB/BlastOut_datasetTMB_swissprot/top25BlastSplit/fasta/aln/BlastOut_datasetTMB_swissprot_P35818.csv.aln
0.630
/home/user/thesis/scripts/BlastOut_datasetTMB/BlastOut_datasetTMB_swissprot/top25BlastSplit/fasta/aln/BlastOut_datasetTMB_swissprot_P37001.csv.aln
0.781
/home/user/thesis/scripts/BlastOut_datasetTMB/BlastOut_datasetTMB_swissprot/top25BlastSplit/fasta/aln/BlastOut_datasetTMB_swissprot_P37432.csv.aln
0.744
/home/user/thesis/scripts/BlastOut_datasetTMB/BlastOut_datasetTMB_swissprot/top25BlastSplit/fasta/aln/BlastOut_datasetTMB_swissprot_P42512.csv.aln
0.611
/home/user/thesis/scripts/BlastOut_datasetTMB/BlastOut_datasetTMB_swissprot/top25BlastSplit/fasta/aln/BlastOut_datasetTMB_swissprot_P43261.csv.aln
0.401
/home/user/thesis/scripts/BlastOut_datasetTMB/BlastOut_datasetTMB_swissprot/top25BlastSplit/fasta/aln/BlastOut_datasetTMB_swissprot_P45758.csv.aln
0.705
/home/user/thesis/scripts/BlastOut_datasetTMB/BlastOut_datasetTMB_swissprot/top25BlastSplit/fasta/aln/BlastOut_datasetTMB_swissprot_P45779.csv.aln
0.759
/home/user/thesis/scripts/BlastOut_datasetTMB/BlastOut_datasetTMB_swissprot/top25BlastSplit/fasta/aln/BlastOut_datasetTMB_swissprot_P46359.csv.aln
0.570
/home/user/thesis/scripts/BlastOut_datasetTMB/BlastOut_datasetTMB_swissprot/top25BlastSplit/fasta/aln/BlastOut_datasetTMB_swissprot_P48632.csv.aln
0.560
/home/user/thesis/scripts/BlastOut_datasetTMB/BlastOut_datasetTMB_swissprot/top25BlastSplit/fasta/aln/BlastOut_datasetTMB_swissprot_P49767.csv.aln
0.785
/home/user/thesis/scripts/BlastOut_datasetTMB/BlastOut_datasetTMB_swissprot/top25BlastSplit/fasta/aln/BlastOut_datasetTMB_swissprot_P75780.csv.aln
0.558
/home/user/thesis/scripts/BlastOut_datasetTMB/BlastOut_datasetTMB_swissprot/top25BlastSplit/fasta/aln/BlastOut_datasetTMB_swissprot_P77211.csv.aln
0.384
/home/user/thesis/scripts/BlastOut_datasetTMB/BlastOut_datasetTMB_swissprot/top25BlastSplit/fasta/aln/BlastOut_datasetTMB_swissprot_P77774.csv.aln
0.402
/home/user/thesis/scripts/BlastOut_datasetTMB/BlastOut_datasetTMB_swissprot/top25BlastSplit/fasta/aln/BlastOut_datasetTMB_swissprot_Q03155.csv.aln
0.381
/home/user/thesis/scripts/BlastOut_datasetTMB/BlastOut_datasetTMB_swissprot/top25BlastSplit/fasta/aln/BlastOut_datasetTMB_swissprot_Q04884.csv.aln
0.708
/home/user/thesis/scripts/BlastOut_datasetTMB/BlastOut_datasetTMB_swissprot/top25BlastSplit/fasta/aln/BlastOut_datasetTMB_swissprot_Q16853.csv.aln
0.721
/home/user/thesis/scripts/BlastOut_datasetTMB/BlastOut_datasetTMB_swissprot/top25BlastSplit/fasta/aln/BlastOut_datasetTMB_swissprot_Q2FFA2.csv.aln
0.918
/home/user/thesis/scripts/BlastOut_datasetTMB/BlastOut_datasetTMB_swissprot/top25BlastSplit/fasta/aln/BlastOut_datasetTMB_swissprot_Q2FFA3.csv.aln
0.666
/home/user/thesis/scripts/BlastOut_datasetTMB/BlastOut_datasetTMB_swissprot/top25BlastSplit/fasta/aln/BlastOut_datasetTMB_swissprot_Q45340.csv.aln
0.465
/home/user/thesis/scripts/BlastOut_datasetTMB/BlastOut_datasetTMB_swissprot/top25BlastSplit/fasta/aln/BlastOut_datasetTMB_swissprot_Q48473.csv.aln
0.781
/home/user/thesis/scripts/BlastOut_datasetTMB/BlastOut_datasetTMB_swissprot/top25BlastSplit/fasta/aln/BlastOut_datasetTMB_swissprot_Q51397.csv.aln
0.430
/home/user/thesis/scripts/BlastOut_datasetTMB/BlastOut_datasetTMB_swissprot/top25BlastSplit/fasta/aln/BlastOut_datasetTMB_swissprot_Q51487.csv.aln
0.406
/home/user/thesis/scripts/BlastOut_datasetTMB/BlastOut_datasetTMB_swissprot/top25BlastSplit/fasta/aln/BlastOut_datasetTMB_swissprot_Q60932.csv.aln
0.590
/home/user/thesis/scripts/BlastOut_datasetTMB/BlastOut_datasetTMB_swissprot/top25BlastSplit/fasta/aln/BlastOut_datasetTMB_swissprot_Q7BSW5.csv.aln
0.963
/home/user/thesis/scripts/BlastOut_datasetTMB/BlastOut_datasetTMB_swissprot/top25BlastSplit/fasta/aln/BlastOut_datasetTMB_swissprot_Q83SQ0.csv.aln
0.794
/home/user/thesis/scripts/BlastOut_datasetTMB/BlastOut_datasetTMB_swissprot/top25BlastSplit/fasta/aln/BlastOut_datasetTMB_swissprot_Q8CVW1.csv.aln
0.775
/home/user/thesis/scripts/BlastOut_datasetTMB/BlastOut_datasetTMB_swissprot/top25BlastSplit/fasta/aln/BlastOut_datasetTMB_swissprot_Q8ZIK3.csv.aln
0.796
/home/user/thesis/scripts/BlastOut_datasetTMB/BlastOut_datasetTMB_swissprot/top25BlastSplit/fasta/aln/BlastOut_datasetTMB_swissprot_Q8ZPC9.csv.aln
1.000
/home/user/thesis/scripts/BlastOut_datasetTMB/BlastOut_datasetTMB_swissprot/top25BlastSplit/fasta/aln/BlastOut_datasetTMB_swissprot_Q8ZRW0.csv.aln
0.779
/home/user/thesis/scripts/BlastOut_datasetTMB/BlastOut_datasetTMB_swissprot/top25BlastSplit/fasta/aln/BlastOut_datasetTMB_swissprot_Q99RL1.csv.aln
0.886
/home/user/thesis/scripts/BlastOut_datasetTMB/BlastOut_datasetTMB_swissprot/top25BlastSplit/fasta/aln/BlastOut_datasetTMB_swissprot_Q9I5U2.csv.aln
0.609
/home/user/thesis/scripts/BlastOut_datasetTMB/BlastOut_datasetTMB_swissprot/top25BlastSplit/fasta/aln/BlastOut_datasetTMB_swissprot_Q9K0U9.csv.aln
1.009
/home/user/thesis/scripts/BlastOut_datasetTMB/BlastOut_datasetTMB_swissprot/top25BlastSplit/fasta/aln/BlastOut_datasetTMB_swissprot_Q9TUM0.csv.aln
0.775
